Using pre-set license
Built from '2022.3/staging' branch; Version is '2022.3.13f1 (5f90a5ebde0f) revision 6262949'; Using compiler version '192829333'; Build Type 'Release'
OS: 'Windows 11  (10.0.22621) 64bit Professional' Language: 'es' Physical Memory: 32694 MB
BatchMode: 1, IsHumanControllingUs: 0, StartBugReporterOnCrash: 0, Is64bit: 1, IsPro: 1

COMMAND LINE ARGUMENTS:
D:\Unity\2022.3.13f1\Editor\Unity.exe
-adb2
-batchMode
-noUpm
-name
AssetImportWorker9
-projectPath
D:/Unity/Proyectos Unity/GameStudies
-logFile
Logs/AssetImportWorker9.log
-srvPort
54585
Successfully changed project path to: D:/Unity/Proyectos Unity/GameStudies
D:/Unity/Proyectos Unity/GameStudies
[UnityMemory] Configuration Parameters - Can be set up in boot.config
    "memorysetup-bucket-allocator-granularity=16"
    "memorysetup-bucket-allocator-bucket-count=8"
    "memorysetup-bucket-allocator-block-size=33554432"
    "memorysetup-bucket-allocator-block-count=8"
    "memorysetup-main-allocator-block-size=16777216"
    "memorysetup-thread-allocator-block-size=16777216"
    "memorysetup-gfx-main-allocator-block-size=16777216"
    "memorysetup-gfx-thread-allocator-block-size=16777216"
    "memorysetup-cache-allocator-block-size=4194304"
    "memorysetup-typetree-allocator-block-size=2097152"
    "memorysetup-profiler-bucket-allocator-granularity=16"
    "memorysetup-profiler-bucket-allocator-bucket-count=8"
    "memorysetup-profiler-bucket-allocator-block-size=33554432"
    "memorysetup-profiler-bucket-allocator-block-count=8"
    "memorysetup-profiler-allocator-block-size=16777216"
    "memorysetup-profiler-editor-allocator-block-size=1048576"
    "memorysetup-temp-allocator-size-main=16777216"
    "memorysetup-job-temp-allocator-block-size=2097152"
    "memorysetup-job-temp-allocator-block-size-background=1048576"
    "memorysetup-job-temp-allocator-reduction-small-platforms=262144"
    "memorysetup-allocator-temp-initial-block-size-main=262144"
    "memorysetup-allocator-temp-initial-block-size-worker=262144"
    "memorysetup-temp-allocator-size-background-worker=32768"
    "memorysetup-temp-allocator-size-job-worker=262144"
    "memorysetup-temp-allocator-size-preload-manager=33554432"
    "memorysetup-temp-allocator-size-nav-mesh-worker=65536"
    "memorysetup-temp-allocator-size-audio-worker=65536"
    "memorysetup-temp-allocator-size-cloud-worker=32768"
    "memorysetup-temp-allocator-size-gi-baking-worker=262144"
    "memorysetup-temp-allocator-size-gfx=262144"
Player connection [2868] Host "[IP] 192.168.1.2 [Port] 0 [Flags] 2 [Guid] 913581304 [EditorId] 913581304 [Version] 1048832 [Id] WindowsEditor(7,TorreDeJuan) [Debug] 1 [PackageName] WindowsEditor [ProjectName] Editor" joined multi-casting on [225.0.0.222:54997]...

Player connection [2868] Host "[IP] 192.168.1.2 [Port] 0 [Flags] 2 [Guid] 913581304 [EditorId] 913581304 [Version] 1048832 [Id] WindowsEditor(7,TorreDeJuan) [Debug] 1 [PackageName] WindowsEditor [ProjectName] Editor" joined alternative multi-casting on [225.0.0.222:34997]...

[Physics::Module] Initialized MultithreadedJobDispatcher with 11 workers.
Refreshing native plugins compatible for Editor in 8.46 ms, found 3 plugins.
Preloading 0 native plugins for Editor in 0.00 ms.
Initialize engine version: 2022.3.13f1 (5f90a5ebde0f)
[Subsystems] Discovering subsystems at path D:/Unity/2022.3.13f1/Editor/Data/Resources/UnitySubsystems
[Subsystems] Discovering subsystems at path D:/Unity/Proyectos Unity/GameStudies/Assets
GfxDevice: creating device client; threaded=0; jobified=0
Direct3D:
    Version:  Direct3D 11.0 [level 11.1]
    Renderer: NVIDIA GeForce GTX 1660 (ID=0x2184)
    Vendor:   NVIDIA
    VRAM:     5981 MB
    Driver:   31.0.15.4601
Initialize mono
Mono path[0] = 'D:/Unity/2022.3.13f1/Editor/Data/Managed'
Mono path[1] = 'D:/Unity/2022.3.13f1/Editor/Data/MonoBleedingEdge/lib/mono/unityjit-win32'
Mono config path = 'D:/Unity/2022.3.13f1/Editor/Data/MonoBleedingEdge/etc'
Using monoOptions --debugger-agent=transport=dt_socket,embedding=1,server=y,suspend=n,address=127.0.0.1:56280
Begin MonoManager ReloadAssembly
Registering precompiled unity dll's ...
Register platform support module: D:/Unity/2022.3.13f1/Editor/Data/PlaybackEngines/WebGLSupport/UnityEditor.WebGL.Extensions.dll
Register platform support module: D:/Unity/2022.3.13f1/Editor/Data/PlaybackEngines/WindowsStandaloneSupport/UnityEditor.WindowsStandalone.Extensions.dll
Registered in 0.004896 seconds.
- Loaded All Assemblies, in  0.453 seconds
Native extension for WindowsStandalone target not found
Native extension for WebGL target not found
Mono: successfully reloaded assembly
- Finished resetting the current domain, in  0.267 seconds
Domain Reload Profiling: 720ms
	BeginReloadAssembly (141ms)
		ExecutionOrderSort (0ms)
		DisableScriptedObjects (0ms)
		BackupInstance (0ms)
		ReleaseScriptingObjects (0ms)
		CreateAndSetChildDomain (2ms)
	RebuildCommonClasses (46ms)
	RebuildNativeTypeToScriptingClass (15ms)
	initialDomainReloadingComplete (61ms)
	LoadAllAssembliesAndSetupDomain (190ms)
		LoadAssemblies (140ms)
		RebuildTransferFunctionScriptingTraits (0ms)
		AnalyzeDomain (186ms)
			TypeCache.Refresh (183ms)
				TypeCache.ScanAssembly (165ms)
			ScanForSourceGeneratedMonoScriptInfo (1ms)
			ResolveRequiredComponents (1ms)
	FinalizeReload (267ms)
		ReleaseScriptCaches (0ms)
		RebuildScriptCaches (0ms)
		SetupLoadedEditorAssemblies (195ms)
			LogAssemblyErrors (0ms)
			InitializePlatformSupportModulesInManaged (11ms)
			SetLoadedEditorAssemblies (8ms)
			RefreshPlugins (0ms)
			BeforeProcessingInitializeOnLoad (3ms)
			ProcessInitializeOnLoadAttributes (130ms)
			ProcessInitializeOnLoadMethodAttributes (43ms)
			AfterProcessingInitializeOnLoad (0ms)
			EditorAssembliesLoaded (0ms)
		ExecutionOrderSort2 (0ms)
		AwakeInstancesAfterBackupRestoration (0ms)
========================================================================
Worker process is ready to serve import requests
Begin MonoManager ReloadAssembly
- Loaded All Assemblies, in  0.608 seconds
Refreshing native plugins compatible for Editor in 3.57 ms, found 3 plugins.
Native extension for WindowsStandalone target not found
Native extension for WebGL target not found
Package Manager log level set to [2]
[Package Manager] Server::EnsureServerProcessIsRunning -- launch failed, reason: Unity was launched with the -noUpm command-line argument
[Package Manager] UpmClient::Send -- Unable to send message (not connected to UPM process).
[Package Manager] Cannot connect to Unity Package Manager local server
Mono: successfully reloaded assembly
- Finished resetting the current domain, in  0.564 seconds
Domain Reload Profiling: 1172ms
	BeginReloadAssembly (157ms)
		ExecutionOrderSort (0ms)
		DisableScriptedObjects (6ms)
		BackupInstance (0ms)
		ReleaseScriptingObjects (0ms)
		CreateAndSetChildDomain (23ms)
	RebuildCommonClasses (35ms)
	RebuildNativeTypeToScriptingClass (13ms)
	initialDomainReloadingComplete (37ms)
	LoadAllAssembliesAndSetupDomain (366ms)
		LoadAssemblies (266ms)
		RebuildTransferFunctionScriptingTraits (0ms)
		AnalyzeDomain (195ms)
			TypeCache.Refresh (172ms)
				TypeCache.ScanAssembly (158ms)
			ScanForSourceGeneratedMonoScriptInfo (16ms)
			ResolveRequiredComponents (4ms)
	FinalizeReload (564ms)
		ReleaseScriptCaches (0ms)
		RebuildScriptCaches (0ms)
		SetupLoadedEditorAssemblies (415ms)
			LogAssemblyErrors (0ms)
			InitializePlatformSupportModulesInManaged (5ms)
			SetLoadedEditorAssemblies (4ms)
			RefreshPlugins (0ms)
			BeforeProcessingInitializeOnLoad (51ms)
			ProcessInitializeOnLoadAttributes (336ms)
			ProcessInitializeOnLoadMethodAttributes (18ms)
			AfterProcessingInitializeOnLoad (2ms)
			EditorAssembliesLoaded (0ms)
		ExecutionOrderSort2 (0ms)
		AwakeInstancesAfterBackupRestoration (7ms)
Launched and connected shader compiler UnityShaderCompiler.exe after 0.04 seconds
Refreshing native plugins compatible for Editor in 2.55 ms, found 3 plugins.
Preloading 0 native plugins for Editor in 0.00 ms.
Unloading 3134 Unused Serialized files (Serialized files now loaded: 0)
Unloading 32 unused Assets / (56.8 KB). Loaded Objects now: 3597.
Memory consumption went from 136.9 MB to 136.8 MB.
Total: 2.950600 ms (FindLiveObjects: 0.325600 ms CreateObjectMapping: 0.090700 ms MarkObjects: 2.353200 ms  DeleteObjects: 0.179700 ms)

AssetImportParameters requested are different than current active one (requested -> active):
  custom:container-demuxer-ogg: 62fdf1f143b41e24485cea50d1cbac27 -> 
  custom:video-codec-MediaFoundation-h265: 746d11721c4dcdbdad8f713fa42b33f4 -> 
  custom:video-decoder-ogg-theora: a1e56fd34408186e4bbccfd4996cb3dc -> 
  custom:framework-win-MediaFoundation: 216162199b28c13a410421893ffa2e32 -> 
  custom:CustomObjectIndexerAttribute: 756ad292c208cfabdd7b50bc23989ffe -> 
  custom:container-demuxer-webm: 4f35f7cbe854078d1ac9338744f61a02 -> 
  custom:container-muxer-webm: aa71ff27fc2769a1b78a27578f13a17b -> 
  custom:video-decoder-webm-vp8: 9c59270c3fd7afecdb556c50c9e8de78 -> 
  custom:SearchIndexIgnoredProperties: e643bd26f0fe6173181afceb89e7c659 -> 
  custom:AudioImporter_EditorPlatform: d09bf68614088b80899f8185d706f6e7 -> 
  custom:video-encoder-webm-vp8: eb34c28f22e8b96e1ab97ce403110664 -> 
  custom:audio-decoder-ogg-vorbis: bf7c407c2cedff20999df2af8eb42d56 -> 
  custom:audio-encoder-webm-vorbis: bf7c407c2cedff20999df2af8eb42d56 -> 
========================================================================
Received Import Request.
  Time since last request: 9390.864433 seconds.
  path: Assets/SyntyStudios/PolygonCity/Prefabs/Props/SM_Prop_Sign_Warning_01.prefab
  artifactKey: Guid(f1754e7bc1938a64a987b1f5fa38743a) Importer(815301076,1909f56bfc062723c751e8b465ee728b)
Start importing Assets/SyntyStudios/PolygonCity/Prefabs/Props/SM_Prop_Sign_Warning_01.prefab using Guid(f1754e7bc1938a64a987b1f5fa38743a) Importer(815301076,1909f56bfc062723c751e8b465ee728b)  -> (artifact id: '96dd8338ac56977fad83bd763d457af8') in 0.163731 seconds
Number of updated asset objects reloaded before import = 0
Number of asset objects unloaded after import = 13
========================================================================
Received Import Request.
  Time since last request: 0.000031 seconds.
  path: Assets/SyntyStudios/PolygonCity/Prefabs/Props/SM_Prop_Table_02.prefab
  artifactKey: Guid(24785933d7ceaad4a800f09511c371db) Importer(815301076,1909f56bfc062723c751e8b465ee728b)
Start importing Assets/SyntyStudios/PolygonCity/Prefabs/Props/SM_Prop_Table_02.prefab using Guid(24785933d7ceaad4a800f09511c371db) Importer(815301076,1909f56bfc062723c751e8b465ee728b)  -> (artifact id: '5d5fa935a7609b4eeafa88918655c431') in 0.030676 seconds
Number of updated asset objects reloaded before import = 0
Number of asset objects unloaded after import = 20
========================================================================
Received Import Request.
  Time since last request: 0.000044 seconds.
  path: Assets/SyntyStudios/PolygonCity/Prefabs/Props/SM_Prop_Window_01.prefab
  artifactKey: Guid(dbda624de6be8fc4391bb7008161cce8) Importer(815301076,1909f56bfc062723c751e8b465ee728b)
Start importing Assets/SyntyStudios/PolygonCity/Prefabs/Props/SM_Prop_Window_01.prefab using Guid(dbda624de6be8fc4391bb7008161cce8) Importer(815301076,1909f56bfc062723c751e8b465ee728b)  -> (artifact id: '8dc317acddf882465c01fc8cfcfccad7') in 0.026838 seconds
Number of updated asset objects reloaded before import = 0
Number of asset objects unloaded after import = 14
========================================================================
Received Import Request.
  Time since last request: 0.000025 seconds.
  path: Assets/SyntyStudios/PolygonCity/Prefabs/Props/SM_Prop_Vents_End_01.prefab
  artifactKey: Guid(827ae48cedbbd6543817a37cb59dab8d) Importer(815301076,1909f56bfc062723c751e8b465ee728b)
Start importing Assets/SyntyStudios/PolygonCity/Prefabs/Props/SM_Prop_Vents_End_01.prefab using Guid(827ae48cedbbd6543817a37cb59dab8d) Importer(815301076,1909f56bfc062723c751e8b465ee728b)  -> (artifact id: 'd06ba95b37d70c7c5e211058a23b3b67') in 0.022434 seconds
Number of updated asset objects reloaded before import = 0
Number of asset objects unloaded after import = 16
========================================================================
Received Import Request.
  Time since last request: 0.000021 seconds.
  path: Assets/SyntyStudios/PolygonCity/Prefabs/Props/SM_Prop_Vents_Transition_01.prefab
  artifactKey: Guid(18b3fbedd678f2b4190c7c8649439033) Importer(815301076,1909f56bfc062723c751e8b465ee728b)
Start importing Assets/SyntyStudios/PolygonCity/Prefabs/Props/SM_Prop_Vents_Transition_01.prefab using Guid(18b3fbedd678f2b4190c7c8649439033) Importer(815301076,1909f56bfc062723c751e8b465ee728b)  -> (artifact id: 'c9432098c7297c9ca74fb017b8d37607') in 0.023241 seconds
Number of updated asset objects reloaded before import = 0
Number of asset objects unloaded after import = 20
========================================================================
Received Import Request.
  Time since last request: 0.000034 seconds.
  path: Assets/SyntyStudios/PolygonCity/Prefabs/Props/SM_Prop_Vents_Straight_01.prefab
  artifactKey: Guid(4fa42fc4cca532640a6592f05bb6414a) Importer(815301076,1909f56bfc062723c751e8b465ee728b)
Start importing Assets/SyntyStudios/PolygonCity/Prefabs/Props/SM_Prop_Vents_Straight_01.prefab using Guid(4fa42fc4cca532640a6592f05bb6414a) Importer(815301076,1909f56bfc062723c751e8b465ee728b)  -> (artifact id: 'befdd669a2db9a32a64d4dcffed011ca') in 0.024838 seconds
Number of updated asset objects reloaded before import = 0
Number of asset objects unloaded after import = 20
========================================================================
Received Import Request.
  Time since last request: 0.000020 seconds.
  path: Assets/SyntyStudios/PolygonCity/Prefabs/Props/SM_Prop_Soda_02.prefab
  artifactKey: Guid(7fcfaf911531d0f44b03917b9dc7c004) Importer(815301076,1909f56bfc062723c751e8b465ee728b)
Start importing Assets/SyntyStudios/PolygonCity/Prefabs/Props/SM_Prop_Soda_02.prefab using Guid(7fcfaf911531d0f44b03917b9dc7c004) Importer(815301076,1909f56bfc062723c751e8b465ee728b)  -> (artifact id: '207e338195bcceafc3e480bf6ccb5a11') in 0.022734 seconds
Number of updated asset objects reloaded before import = 0
Number of asset objects unloaded after import = 14
========================================================================
Received Import Request.
  Time since last request: 0.000025 seconds.
  path: Assets/SyntyStudios/PolygonCity/Prefabs/Props/SM_Prop_Soda_03.prefab
  artifactKey: Guid(8d24d6976965f01469593d7f8d11c0cc) Importer(815301076,1909f56bfc062723c751e8b465ee728b)
Start importing Assets/SyntyStudios/PolygonCity/Prefabs/Props/SM_Prop_Soda_03.prefab using Guid(8d24d6976965f01469593d7f8d11c0cc) Importer(815301076,1909f56bfc062723c751e8b465ee728b)  -> (artifact id: '7ce99234675b492535f6006b9fb96970') in 0.024597 seconds
Number of updated asset objects reloaded before import = 0
Number of asset objects unloaded after import = 14
========================================================================
Received Import Request.
  Time since last request: 3.107241 seconds.
  path: Assets/SyntyStudios/PolygonCity/Prefabs/Props/SM_Prop_Sign_Warning_01.prefab
  artifactKey: Guid(f1754e7bc1938a64a987b1f5fa38743a) Importer(815301076,1909f56bfc062723c751e8b465ee728b)
Start importing Assets/SyntyStudios/PolygonCity/Prefabs/Props/SM_Prop_Sign_Warning_01.prefab using Guid(f1754e7bc1938a64a987b1f5fa38743a) Importer(815301076,1909f56bfc062723c751e8b465ee728b)  -> (artifact id: '91f4b3c4193c039a9a94a80993548d47') in 0.032853 seconds
Number of updated asset objects reloaded before import = 0
Number of asset objects unloaded after import = 13
========================================================================
Received Import Request.
  Time since last request: 0.000026 seconds.
  path: Assets/SyntyStudios/PolygonCity/Prefabs/Props/SM_Prop_Skip_02.prefab
  artifactKey: Guid(180ae0328a9b63d4ca285487efd1305a) Importer(815301076,1909f56bfc062723c751e8b465ee728b)
Start importing Assets/SyntyStudios/PolygonCity/Prefabs/Props/SM_Prop_Skip_02.prefab using Guid(180ae0328a9b63d4ca285487efd1305a) Importer(815301076,1909f56bfc062723c751e8b465ee728b)  -> (artifact id: '61b0797ada5a9a6647fd8de40fb2f203') in 0.029898 seconds
Number of updated asset objects reloaded before import = 0
Number of asset objects unloaded after import = 14
========================================================================
Received Import Request.
  Time since last request: 0.000033 seconds.
  path: Assets/SyntyStudios/PolygonCity/Prefabs/Props/SM_Prop_Washingline_02.prefab
  artifactKey: Guid(d61e74287e66d27468f6e53ea0e0038c) Importer(815301076,1909f56bfc062723c751e8b465ee728b)
Start importing Assets/SyntyStudios/PolygonCity/Prefabs/Props/SM_Prop_Washingline_02.prefab using Guid(d61e74287e66d27468f6e53ea0e0038c) Importer(815301076,1909f56bfc062723c751e8b465ee728b)  -> (artifact id: '6503ba50fbbcecf18bfc356a4332ba21') in 0.026440 seconds
Number of updated asset objects reloaded before import = 0
Number of asset objects unloaded after import = 20
========================================================================
Received Import Request.
  Time since last request: 0.000018 seconds.
  path: Assets/SyntyStudios/PolygonCity/Prefabs/Props/SM_Prop_TrafficLight_02.prefab
  artifactKey: Guid(0ba99da88f5077845b463335f529a335) Importer(815301076,1909f56bfc062723c751e8b465ee728b)
Start importing Assets/SyntyStudios/PolygonCity/Prefabs/Props/SM_Prop_TrafficLight_02.prefab using Guid(0ba99da88f5077845b463335f529a335) Importer(815301076,1909f56bfc062723c751e8b465ee728b)  -> (artifact id: 'f24ca7dd17b89b8c23d7a63a0a07f24d') in 0.025889 seconds
Number of updated asset objects reloaded before import = 0
Number of asset objects unloaded after import = 14
========================================================================
Received Import Request.
  Time since last request: 0.000021 seconds.
  path: Assets/SyntyStudios/PolygonCity/Prefabs/Props/SM_Prop_TrashBag_03.prefab
  artifactKey: Guid(5b20f7f96ea80dc4cbd7199fbb4d4d3e) Importer(815301076,1909f56bfc062723c751e8b465ee728b)
Start importing Assets/SyntyStudios/PolygonCity/Prefabs/Props/SM_Prop_TrashBag_03.prefab using Guid(5b20f7f96ea80dc4cbd7199fbb4d4d3e) Importer(815301076,1909f56bfc062723c751e8b465ee728b)  -> (artifact id: '075985f67b2c7a45b3f616bab9201a37') in 0.027010 seconds
Number of updated asset objects reloaded before import = 0
Number of asset objects unloaded after import = 14
========================================================================
Received Import Request.
  Time since last request: 0.000017 seconds.
  path: Assets/SyntyStudios/PolygonCity/Prefabs/Props/SM_Prop_Vents_Corner_01.prefab
  artifactKey: Guid(79caabbec3979a74b929feaca606d26d) Importer(815301076,1909f56bfc062723c751e8b465ee728b)
Start importing Assets/SyntyStudios/PolygonCity/Prefabs/Props/SM_Prop_Vents_Corner_01.prefab using Guid(79caabbec3979a74b929feaca606d26d) Importer(815301076,1909f56bfc062723c751e8b465ee728b)  -> (artifact id: '9695e421e951700ed38b1e078010835a') in 0.028960 seconds
Number of updated asset objects reloaded before import = 0
Number of asset objects unloaded after import = 14
========================================================================
Received Import Request.
  Time since last request: 0.000031 seconds.
  path: Assets/SyntyStudios/PolygonCity/Prefabs/Props/SM_Prop_Vents_End_01.prefab
  artifactKey: Guid(827ae48cedbbd6543817a37cb59dab8d) Importer(815301076,1909f56bfc062723c751e8b465ee728b)
Start importing Assets/SyntyStudios/PolygonCity/Prefabs/Props/SM_Prop_Vents_End_01.prefab using Guid(827ae48cedbbd6543817a37cb59dab8d) Importer(815301076,1909f56bfc062723c751e8b465ee728b)  -> (artifact id: 'da4b21727b7d31b886e2a0078258c12a') in 0.018766 seconds
Number of updated asset objects reloaded before import = 0
Number of asset objects unloaded after import = 16
========================================================================
Received Import Request.
  Time since last request: 0.000034 seconds.
  path: Assets/SyntyStudios/PolygonCity/Prefabs/Props/SM_Prop_Vents_Transition_01.prefab
  artifactKey: Guid(18b3fbedd678f2b4190c7c8649439033) Importer(815301076,1909f56bfc062723c751e8b465ee728b)
Start importing Assets/SyntyStudios/PolygonCity/Prefabs/Props/SM_Prop_Vents_Transition_01.prefab using Guid(18b3fbedd678f2b4190c7c8649439033) Importer(815301076,1909f56bfc062723c751e8b465ee728b)  -> (artifact id: '2d888282354df889cf64263659d5cd63') in 0.017848 seconds
Number of updated asset objects reloaded before import = 0
Number of asset objects unloaded after import = 20
========================================================================
Received Import Request.
  Time since last request: 0.000019 seconds.
  path: Assets/SyntyStudios/PolygonCity/Prefabs/Props/SM_Prop_Vents_Straight_01.prefab
  artifactKey: Guid(4fa42fc4cca532640a6592f05bb6414a) Importer(815301076,1909f56bfc062723c751e8b465ee728b)
Start importing Assets/SyntyStudios/PolygonCity/Prefabs/Props/SM_Prop_Vents_Straight_01.prefab using Guid(4fa42fc4cca532640a6592f05bb6414a) Importer(815301076,1909f56bfc062723c751e8b465ee728b)  -> (artifact id: '725650576e2b5dfc6b3a0fb2886efec4') in 0.024054 seconds
Number of updated asset objects reloaded before import = 0
Number of asset objects unloaded after import = 20
========================================================================
Received Import Request.
  Time since last request: 0.000023 seconds.
  path: Assets/SyntyStudios/PolygonCity/Prefabs/Props/SM_Prop_Soda_02.prefab
  artifactKey: Guid(7fcfaf911531d0f44b03917b9dc7c004) Importer(815301076,1909f56bfc062723c751e8b465ee728b)
Start importing Assets/SyntyStudios/PolygonCity/Prefabs/Props/SM_Prop_Soda_02.prefab using Guid(7fcfaf911531d0f44b03917b9dc7c004) Importer(815301076,1909f56bfc062723c751e8b465ee728b)  -> (artifact id: '033ff81cf376b74fe8db7407b3c01aa8') in 0.022846 seconds
Number of updated asset objects reloaded before import = 0
Number of asset objects unloaded after import = 14
========================================================================
Received Import Request.
  Time since last request: 0.000020 seconds.
  path: Assets/SyntyStudios/PolygonCity/Prefabs/Props/SM_Prop_Vents_Wide_01.prefab
  artifactKey: Guid(08821b2a98c69864da45f4b353ee5bba) Importer(815301076,1909f56bfc062723c751e8b465ee728b)
Start importing Assets/SyntyStudios/PolygonCity/Prefabs/Props/SM_Prop_Vents_Wide_01.prefab using Guid(08821b2a98c69864da45f4b353ee5bba) Importer(815301076,1909f56bfc062723c751e8b465ee728b)  -> (artifact id: '7426c6f1c0c1097a729fcf362ecd3a8b') in 0.022162 seconds
Number of updated asset objects reloaded before import = 0
Number of asset objects unloaded after import = 20
========================================================================
Received Import Request.
  Time since last request: 3.770420 seconds.
  path: Assets/SyntyStudios/PolygonCity/Prefabs/Props/SM_Prop_Sign_Warning_01.prefab
  artifactKey: Guid(f1754e7bc1938a64a987b1f5fa38743a) Importer(815301076,1909f56bfc062723c751e8b465ee728b)
Start importing Assets/SyntyStudios/PolygonCity/Prefabs/Props/SM_Prop_Sign_Warning_01.prefab using Guid(f1754e7bc1938a64a987b1f5fa38743a) Importer(815301076,1909f56bfc062723c751e8b465ee728b)  -> (artifact id: '1686f19dad8a2195cebf493a944e4968') in 0.039274 seconds
Number of updated asset objects reloaded before import = 0
Number of asset objects unloaded after import = 13
========================================================================
Received Import Request.
  Time since last request: 0.000021 seconds.
  path: Assets/SyntyStudios/PolygonCity/Prefabs/Props/SM_Prop_Vents_Exhaust_01.prefab
  artifactKey: Guid(e43280ef66994c74f925cf8a64e966ed) Importer(815301076,1909f56bfc062723c751e8b465ee728b)
Start importing Assets/SyntyStudios/PolygonCity/Prefabs/Props/SM_Prop_Vents_Exhaust_01.prefab using Guid(e43280ef66994c74f925cf8a64e966ed) Importer(815301076,1909f56bfc062723c751e8b465ee728b)  -> (artifact id: 'e99438393bfec712f80d1e6f62f88209') in 0.052262 seconds
Number of updated asset objects reloaded before import = 0
Number of asset objects unloaded after import = 20
========================================================================
Received Import Request.
  Time since last request: 0.000017 seconds.
  path: Assets/SyntyStudios/PolygonCity/Prefabs/Props/SM_Prop_SmartPhone_01.prefab
  artifactKey: Guid(1b9925b02d7968d45b8d566ed8ca99b5) Importer(815301076,1909f56bfc062723c751e8b465ee728b)
Start importing Assets/SyntyStudios/PolygonCity/Prefabs/Props/SM_Prop_SmartPhone_01.prefab using Guid(1b9925b02d7968d45b8d566ed8ca99b5) Importer(815301076,1909f56bfc062723c751e8b465ee728b)  -> (artifact id: '8e84610e15de8058e15ec61d43bff783') in 0.044504 seconds
Number of updated asset objects reloaded before import = 0
Number of asset objects unloaded after import = 14
========================================================================
Received Import Request.
  Time since last request: 0.000036 seconds.
  path: Assets/SyntyStudios/PolygonCity/Prefabs/Props/SM_Prop_TrashBag_03.prefab
  artifactKey: Guid(5b20f7f96ea80dc4cbd7199fbb4d4d3e) Importer(815301076,1909f56bfc062723c751e8b465ee728b)
Start importing Assets/SyntyStudios/PolygonCity/Prefabs/Props/SM_Prop_TrashBag_03.prefab using Guid(5b20f7f96ea80dc4cbd7199fbb4d4d3e) Importer(815301076,1909f56bfc062723c751e8b465ee728b)  -> (artifact id: 'e891d8c02033c7d5c00dd02384a94982') in 0.022390 seconds
Number of updated asset objects reloaded before import = 0
Number of asset objects unloaded after import = 14
========================================================================
Received Import Request.
  Time since last request: 0.000029 seconds.
  path: Assets/SyntyStudios/PolygonCity/Prefabs/Props/SM_Prop_Vents_Corner_01.prefab
  artifactKey: Guid(79caabbec3979a74b929feaca606d26d) Importer(815301076,1909f56bfc062723c751e8b465ee728b)
Start importing Assets/SyntyStudios/PolygonCity/Prefabs/Props/SM_Prop_Vents_Corner_01.prefab using Guid(79caabbec3979a74b929feaca606d26d) Importer(815301076,1909f56bfc062723c751e8b465ee728b)  -> (artifact id: '9173f92959eaa6492eebe502f99f7543') in 0.023484 seconds
Number of updated asset objects reloaded before import = 0
Number of asset objects unloaded after import = 14
========================================================================
Received Import Request.
  Time since last request: 0.000021 seconds.
  path: Assets/SyntyStudios/PolygonCity/Prefabs/Props/SM_Prop_Washingline_04.prefab
  artifactKey: Guid(ea327a19ffc7db74385ac3d6e1899182) Importer(815301076,1909f56bfc062723c751e8b465ee728b)
Start importing Assets/SyntyStudios/PolygonCity/Prefabs/Props/SM_Prop_Washingline_04.prefab using Guid(ea327a19ffc7db74385ac3d6e1899182) Importer(815301076,1909f56bfc062723c751e8b465ee728b)  -> (artifact id: '986470aae3a80fdd0697c02ebb2a7450') in 0.022499 seconds
Number of updated asset objects reloaded before import = 0
Number of asset objects unloaded after import = 14
========================================================================
Received Import Request.
  Time since last request: 0.000028 seconds.
  path: Assets/SyntyStudios/PolygonCity/Prefabs/Props/SM_Prop_TrashCan_Lid_01.prefab
  artifactKey: Guid(34805116d018a9f4899f8ec1bb2948b3) Importer(815301076,1909f56bfc062723c751e8b465ee728b)
Start importing Assets/SyntyStudios/PolygonCity/Prefabs/Props/SM_Prop_TrashCan_Lid_01.prefab using Guid(34805116d018a9f4899f8ec1bb2948b3) Importer(815301076,1909f56bfc062723c751e8b465ee728b)  -> (artifact id: '256e0f48112ce38b8a351b623cf5a75b') in 0.015200 seconds
Number of updated asset objects reloaded before import = 0
Number of asset objects unloaded after import = 14
========================================================================
Received Import Request.
  Time since last request: 0.000021 seconds.
  path: Assets/SyntyStudios/PolygonCity/Prefabs/Props/SM_Prop_TrafficLight_03.prefab
  artifactKey: Guid(f535db8b221d73a4abbe7062e1624a15) Importer(815301076,1909f56bfc062723c751e8b465ee728b)
Start importing Assets/SyntyStudios/PolygonCity/Prefabs/Props/SM_Prop_TrafficLight_03.prefab using Guid(f535db8b221d73a4abbe7062e1624a15) Importer(815301076,1909f56bfc062723c751e8b465ee728b)  -> (artifact id: 'e7ff238bba2c25e49234839e6b5be029') in 0.021323 seconds
Number of updated asset objects reloaded before import = 0
Number of asset objects unloaded after import = 14
========================================================================
Received Import Request.
  Time since last request: 0.000026 seconds.
  path: Assets/SyntyStudios/PolygonCity/Prefabs/Props/SM_Prop_Trashbin_01.prefab
  artifactKey: Guid(008c6febfb8d88a4496fe51f2a2d409a) Importer(815301076,1909f56bfc062723c751e8b465ee728b)
Start importing Assets/SyntyStudios/PolygonCity/Prefabs/Props/SM_Prop_Trashbin_01.prefab using Guid(008c6febfb8d88a4496fe51f2a2d409a) Importer(815301076,1909f56bfc062723c751e8b465ee728b)  -> (artifact id: '639ef3e1ace6c3261a29b7428c722f93') in 0.015358 seconds
Number of updated asset objects reloaded before import = 0
Number of asset objects unloaded after import = 14
========================================================================
Received Import Request.
  Time since last request: 0.000039 seconds.
  path: Assets/SyntyStudios/PolygonCity/Prefabs/Props/SM_Prop_Vents_Wide_01.prefab
  artifactKey: Guid(08821b2a98c69864da45f4b353ee5bba) Importer(815301076,1909f56bfc062723c751e8b465ee728b)
Start importing Assets/SyntyStudios/PolygonCity/Prefabs/Props/SM_Prop_Vents_Wide_01.prefab using Guid(08821b2a98c69864da45f4b353ee5bba) Importer(815301076,1909f56bfc062723c751e8b465ee728b)  -> (artifact id: 'e9a0c1f4b4759724989430750ad17de0') in 0.013329 seconds
Number of updated asset objects reloaded before import = 0
Number of asset objects unloaded after import = 20
========================================================================
Received Import Request.
  Time since last request: 3.910962 seconds.
  path: Assets/SyntyStudios/PolygonCity/Prefabs/Props/SM_Prop_Sign_GiveWay_03.prefab
  artifactKey: Guid(37dd8e51361cbec4b9634c7b784861f5) Importer(815301076,1909f56bfc062723c751e8b465ee728b)
Start importing Assets/SyntyStudios/PolygonCity/Prefabs/Props/SM_Prop_Sign_GiveWay_03.prefab using Guid(37dd8e51361cbec4b9634c7b784861f5) Importer(815301076,1909f56bfc062723c751e8b465ee728b)  -> (artifact id: 'a5b28365083ae854fd4ad763a2cf2b2f') in 0.037877 seconds
Number of updated asset objects reloaded before import = 0
Number of asset objects unloaded after import = 18
========================================================================
Received Import Request.
  Time since last request: 0.000055 seconds.
  path: Assets/SyntyStudios/PolygonCity/Prefabs/Props/SM_Prop_Sign_Entrance_01.prefab
  artifactKey: Guid(6dbc4be7435b5fa459399f66e792055c) Importer(815301076,1909f56bfc062723c751e8b465ee728b)
Start importing Assets/SyntyStudios/PolygonCity/Prefabs/Props/SM_Prop_Sign_Entrance_01.prefab using Guid(6dbc4be7435b5fa459399f66e792055c) Importer(815301076,1909f56bfc062723c751e8b465ee728b)  -> (artifact id: 'f3f29cfd860c935c1ef545832aa81865') in 0.025180 seconds
Number of updated asset objects reloaded before import = 0
Number of asset objects unloaded after import = 13
========================================================================
Received Import Request.
  Time since last request: 0.000049 seconds.
  path: Assets/SyntyStudios/PolygonCity/Prefabs/Props/SM_Prop_Sign_Cafe_01.prefab
  artifactKey: Guid(3d8194b6a5a16e64a93a906184b2761f) Importer(815301076,1909f56bfc062723c751e8b465ee728b)
Start importing Assets/SyntyStudios/PolygonCity/Prefabs/Props/SM_Prop_Sign_Cafe_01.prefab using Guid(3d8194b6a5a16e64a93a906184b2761f) Importer(815301076,1909f56bfc062723c751e8b465ee728b)  -> (artifact id: 'a7d14c533dfe76970d0e94e14066be6d') in 0.028626 seconds
Number of updated asset objects reloaded before import = 0
Number of asset objects unloaded after import = 14
========================================================================
Received Import Request.
  Time since last request: 0.000024 seconds.
  path: Assets/SyntyStudios/PolygonCity/Prefabs/Props/SM_Prop_Sign_Stop_01.prefab
  artifactKey: Guid(f91a7b3d9aa8ad64ab1d31bb2ae7608e) Importer(815301076,1909f56bfc062723c751e8b465ee728b)
Start importing Assets/SyntyStudios/PolygonCity/Prefabs/Props/SM_Prop_Sign_Stop_01.prefab using Guid(f91a7b3d9aa8ad64ab1d31bb2ae7608e) Importer(815301076,1909f56bfc062723c751e8b465ee728b)  -> (artifact id: '6631c1a1c66832d8e7ef51a0f112a397') in 0.028439 seconds
Number of updated asset objects reloaded before import = 0
Number of asset objects unloaded after import = 18
========================================================================
Received Import Request.
  Time since last request: 0.000014 seconds.
  path: Assets/SyntyStudios/PolygonCity/Prefabs/Props/SM_Prop_Sign_GiveWay_01.prefab
  artifactKey: Guid(4170b399e985d6549a784678829905ad) Importer(815301076,1909f56bfc062723c751e8b465ee728b)
Start importing Assets/SyntyStudios/PolygonCity/Prefabs/Props/SM_Prop_Sign_GiveWay_01.prefab using Guid(4170b399e985d6549a784678829905ad) Importer(815301076,1909f56bfc062723c751e8b465ee728b)  -> (artifact id: '7d620666a0da6a6be01c541681d604bf') in 0.013822 seconds
Number of updated asset objects reloaded before import = 0
Number of asset objects unloaded after import = 18
========================================================================
Received Import Request.
  Time since last request: 0.000023 seconds.
  path: Assets/SyntyStudios/PolygonCity/Prefabs/Props/SM_Prop_Sign_Pub_01.prefab
  artifactKey: Guid(befbabd051a2d564bb1e92979527769a) Importer(815301076,1909f56bfc062723c751e8b465ee728b)
Start importing Assets/SyntyStudios/PolygonCity/Prefabs/Props/SM_Prop_Sign_Pub_01.prefab using Guid(befbabd051a2d564bb1e92979527769a) Importer(815301076,1909f56bfc062723c751e8b465ee728b)  -> (artifact id: 'b01a4e5bdef12d8768b5d55a3f6e52a0') in 0.027420 seconds
Number of updated asset objects reloaded before import = 0
Number of asset objects unloaded after import = 14
========================================================================
Received Import Request.
  Time since last request: 0.000024 seconds.
  path: Assets/SyntyStudios/PolygonCity/Prefabs/Props/SM_Prop_Sign_Hotel_01.prefab
  artifactKey: Guid(15dc232cd3fb7284497126cd68dc7ba7) Importer(815301076,1909f56bfc062723c751e8b465ee728b)
Start importing Assets/SyntyStudios/PolygonCity/Prefabs/Props/SM_Prop_Sign_Hotel_01.prefab using Guid(15dc232cd3fb7284497126cd68dc7ba7) Importer(815301076,1909f56bfc062723c751e8b465ee728b)  -> (artifact id: '0ab7fb735324c7eb8acce32e97fa3e9e') in 0.022345 seconds
Number of updated asset objects reloaded before import = 0
Number of asset objects unloaded after import = 14
========================================================================
Received Import Request.
  Time since last request: 9.749707 seconds.
  path: Assets/SyntyStudios/PolygonCity/Prefabs/Props/SM_Prop_Sidewalk_Panel_02.prefab
  artifactKey: Guid(f5d836287b731654889d5c887015e410) Importer(815301076,1909f56bfc062723c751e8b465ee728b)
Start importing Assets/SyntyStudios/PolygonCity/Prefabs/Props/SM_Prop_Sidewalk_Panel_02.prefab using Guid(f5d836287b731654889d5c887015e410) Importer(815301076,1909f56bfc062723c751e8b465ee728b)  -> (artifact id: '78d422d52ceb6e26768f5540adb6aca5') in 0.053236 seconds
Number of updated asset objects reloaded before import = 0
Number of asset objects unloaded after import = 14
========================================================================
Received Import Request.
  Time since last request: 0.000026 seconds.
  path: Assets/SyntyStudios/PolygonCity/Prefabs/Props/SM_Prop_Sign_Attachment_01.prefab
  artifactKey: Guid(5e3dc10a50a37434c9c2c84315d7df53) Importer(815301076,1909f56bfc062723c751e8b465ee728b)
Start importing Assets/SyntyStudios/PolygonCity/Prefabs/Props/SM_Prop_Sign_Attachment_01.prefab using Guid(5e3dc10a50a37434c9c2c84315d7df53) Importer(815301076,1909f56bfc062723c751e8b465ee728b)  -> (artifact id: 'bd1932615167554596b8cc1093466b89') in 0.034278 seconds
Number of updated asset objects reloaded before import = 0
Number of asset objects unloaded after import = 13
========================================================================
Received Import Request.
  Time since last request: 0.000029 seconds.
  path: Assets/SyntyStudios/PolygonCity/Prefabs/Props/SM_Prop_SidewalkPoles_02.prefab
  artifactKey: Guid(e6ccfb8197490404a970f0ff1b00c564) Importer(815301076,1909f56bfc062723c751e8b465ee728b)
Start importing Assets/SyntyStudios/PolygonCity/Prefabs/Props/SM_Prop_SidewalkPoles_02.prefab using Guid(e6ccfb8197490404a970f0ff1b00c564) Importer(815301076,1909f56bfc062723c751e8b465ee728b)  -> (artifact id: 'd74781162909494f97d24b0f24100ddc') in 0.030610 seconds
Number of updated asset objects reloaded before import = 0
Number of asset objects unloaded after import = 14
========================================================================
Received Import Request.
  Time since last request: 11.651401 seconds.
  path: Assets/SyntyStudios/PolygonCity/Prefabs/Props/SM_Prop_ShopInterior_Desk_01.prefab
  artifactKey: Guid(f6ed513feac116e41b20d43b620f8066) Importer(815301076,1909f56bfc062723c751e8b465ee728b)
Start importing Assets/SyntyStudios/PolygonCity/Prefabs/Props/SM_Prop_ShopInterior_Desk_01.prefab using Guid(f6ed513feac116e41b20d43b620f8066) Importer(815301076,1909f56bfc062723c751e8b465ee728b)  -> (artifact id: 'efd4f4c38d5dc92a4bcc99e33b89591d') in 0.018335 seconds
Number of updated asset objects reloaded before import = 0
Number of asset objects unloaded after import = 14
========================================================================
Received Import Request.
  Time since last request: 0.000019 seconds.
  path: Assets/SyntyStudios/PolygonCity/Prefabs/Props/SM_Prop_ShopInterior_Shelf_02.prefab
  artifactKey: Guid(990ca4a6ba9b900449bc9d4d1a0c0dd0) Importer(815301076,1909f56bfc062723c751e8b465ee728b)
Start importing Assets/SyntyStudios/PolygonCity/Prefabs/Props/SM_Prop_ShopInterior_Shelf_02.prefab using Guid(990ca4a6ba9b900449bc9d4d1a0c0dd0) Importer(815301076,1909f56bfc062723c751e8b465ee728b)  -> (artifact id: '3abf529f629860ae28f4479da9eb299e') in 0.017046 seconds
Number of updated asset objects reloaded before import = 0
Number of asset objects unloaded after import = 14
========================================================================
Received Import Request.
  Time since last request: 0.000016 seconds.
  path: Assets/SyntyStudios/PolygonCity/Prefabs/Props/SM_Prop_ShopInterior_Display_01.prefab
  artifactKey: Guid(e6368a4e913510c4e8f89c70757b02ef) Importer(815301076,1909f56bfc062723c751e8b465ee728b)
Start importing Assets/SyntyStudios/PolygonCity/Prefabs/Props/SM_Prop_ShopInterior_Display_01.prefab using Guid(e6368a4e913510c4e8f89c70757b02ef) Importer(815301076,1909f56bfc062723c751e8b465ee728b)  -> (artifact id: '74d7c2dd4e597b838bdcaf947ab195c4') in 0.020885 seconds
Number of updated asset objects reloaded before import = 0
Number of asset objects unloaded after import = 14
========================================================================
Received Import Request.
  Time since last request: 0.000024 seconds.
  path: Assets/SyntyStudios/PolygonCity/Prefabs/Props/SM_Prop_ShopInterior_Shelf_03.prefab
  artifactKey: Guid(ccc70d3ae8c17394f981d9af684e9312) Importer(815301076,1909f56bfc062723c751e8b465ee728b)
Start importing Assets/SyntyStudios/PolygonCity/Prefabs/Props/SM_Prop_ShopInterior_Shelf_03.prefab using Guid(ccc70d3ae8c17394f981d9af684e9312) Importer(815301076,1909f56bfc062723c751e8b465ee728b)  -> (artifact id: '4b0b13a92a2e6ae807bc45c6bcd60c4c') in 0.011658 seconds
Number of updated asset objects reloaded before import = 0
Number of asset objects unloaded after import = 14
========================================================================
Received Import Request.
  Time since last request: 0.167751 seconds.
  path: Assets/SyntyStudios/PolygonCity/Prefabs/Props/SM_Prop_Power_Cables_03.prefab
  artifactKey: Guid(239828adc5be7214c8fa4d6fe7dd6aff) Importer(815301076,1909f56bfc062723c751e8b465ee728b)
Start importing Assets/SyntyStudios/PolygonCity/Prefabs/Props/SM_Prop_Power_Cables_03.prefab using Guid(239828adc5be7214c8fa4d6fe7dd6aff) Importer(815301076,1909f56bfc062723c751e8b465ee728b)  -> (artifact id: 'c27ad1950e71b38b2e45855c1a68a3e0') in 0.028239 seconds
Number of updated asset objects reloaded before import = 0
Number of asset objects unloaded after import = 12
========================================================================
Received Import Request.
  Time since last request: 0.000105 seconds.
  path: Assets/SyntyStudios/PolygonCity/Prefabs/Props/SM_Prop_ShopInterior_Cafe_01.prefab
  artifactKey: Guid(dd3f8232b06f14c4f8785c787dc44fde) Importer(815301076,1909f56bfc062723c751e8b465ee728b)
Start importing Assets/SyntyStudios/PolygonCity/Prefabs/Props/SM_Prop_ShopInterior_Cafe_01.prefab using Guid(dd3f8232b06f14c4f8785c787dc44fde) Importer(815301076,1909f56bfc062723c751e8b465ee728b)  -> (artifact id: 'aef24247e127a7f4101f148e9488985c') in 0.018966 seconds
Number of updated asset objects reloaded before import = 0
Number of asset objects unloaded after import = 14
========================================================================
Received Import Request.
  Time since last request: 0.000019 seconds.
  path: Assets/SyntyStudios/PolygonCity/Prefabs/Props/SM_Prop_SecurityCamera_Arm_01.prefab
  artifactKey: Guid(928a99e5a0200f24fb2084c90b0b88c4) Importer(815301076,1909f56bfc062723c751e8b465ee728b)
Start importing Assets/SyntyStudios/PolygonCity/Prefabs/Props/SM_Prop_SecurityCamera_Arm_01.prefab using Guid(928a99e5a0200f24fb2084c90b0b88c4) Importer(815301076,1909f56bfc062723c751e8b465ee728b)  -> (artifact id: '229b371568a4cf98e3d030a1d20c6fc2') in 0.023807 seconds
Number of updated asset objects reloaded before import = 0
Number of asset objects unloaded after import = 25
========================================================================
Received Import Request.
  Time since last request: 0.279678 seconds.
  path: Assets/SyntyStudios/PolygonCity/Prefabs/Props/SM_Prop_PlanterWindow_02.prefab
  artifactKey: Guid(385e440e39a69044bbd3453c1caa8158) Importer(815301076,1909f56bfc062723c751e8b465ee728b)
Start importing Assets/SyntyStudios/PolygonCity/Prefabs/Props/SM_Prop_PlanterWindow_02.prefab using Guid(385e440e39a69044bbd3453c1caa8158) Importer(815301076,1909f56bfc062723c751e8b465ee728b)  -> (artifact id: '54dff32522ee11598d3c6da555347f4f') in 0.027135 seconds
Number of updated asset objects reloaded before import = 0
Number of asset objects unloaded after import = 14
========================================================================
Received Import Request.
  Time since last request: 0.000029 seconds.
  path: Assets/SyntyStudios/PolygonCity/Prefabs/Props/SM_Prop_Poster_02.prefab
  artifactKey: Guid(c99eeb7bcbfd04041a72322e1dbdb2c6) Importer(815301076,1909f56bfc062723c751e8b465ee728b)
Start importing Assets/SyntyStudios/PolygonCity/Prefabs/Props/SM_Prop_Poster_02.prefab using Guid(c99eeb7bcbfd04041a72322e1dbdb2c6) Importer(815301076,1909f56bfc062723c751e8b465ee728b)  -> (artifact id: 'ad630d2c71f747bf0c13f831f5a4bb7a') in 0.019823 seconds
Number of updated asset objects reloaded before import = 0
Number of asset objects unloaded after import = 10
========================================================================
Received Import Request.
  Time since last request: 0.000021 seconds.
  path: Assets/SyntyStudios/PolygonCity/Prefabs/Props/SM_Prop_PotPlant_02.prefab
  artifactKey: Guid(31fa0b36e57a33f44ae905116d606e3a) Importer(815301076,1909f56bfc062723c751e8b465ee728b)
Start importing Assets/SyntyStudios/PolygonCity/Prefabs/Props/SM_Prop_PotPlant_02.prefab using Guid(31fa0b36e57a33f44ae905116d606e3a) Importer(815301076,1909f56bfc062723c751e8b465ee728b)  -> (artifact id: 'b0173584b649798c6a88b166170719dc') in 0.014783 seconds
Number of updated asset objects reloaded before import = 0
Number of asset objects unloaded after import = 14
========================================================================
Received Import Request.
  Time since last request: 1.136258 seconds.
  path: Assets/SyntyStudios/PolygonCity/Prefabs/Props/SM_Prop_Pipe_Part_Straight_01.prefab
  artifactKey: Guid(42e94ce5732df054f8a422b0b283aef8) Importer(815301076,1909f56bfc062723c751e8b465ee728b)
Start importing Assets/SyntyStudios/PolygonCity/Prefabs/Props/SM_Prop_Pipe_Part_Straight_01.prefab using Guid(42e94ce5732df054f8a422b0b283aef8) Importer(815301076,1909f56bfc062723c751e8b465ee728b)  -> (artifact id: '28ac7ce39b973e6f6f9250c8f9a92a49') in 0.027876 seconds
Number of updated asset objects reloaded before import = 0
Number of asset objects unloaded after import = 14
========================================================================
Received Import Request.
  Time since last request: 0.000030 seconds.
  path: Assets/SyntyStudios/PolygonCity/Prefabs/Props/SM_Prop_Pipe_Small_01.prefab
  artifactKey: Guid(4af8e3852964a684f83e8632aa1b0201) Importer(815301076,1909f56bfc062723c751e8b465ee728b)
Start importing Assets/SyntyStudios/PolygonCity/Prefabs/Props/SM_Prop_Pipe_Small_01.prefab using Guid(4af8e3852964a684f83e8632aa1b0201) Importer(815301076,1909f56bfc062723c751e8b465ee728b)  -> (artifact id: '9e706e737be51232cd6d0d3266f52afb') in 0.024299 seconds
Number of updated asset objects reloaded before import = 0
Number of asset objects unloaded after import = 14
========================================================================
Received Import Request.
  Time since last request: 0.000077 seconds.
  path: Assets/SyntyStudios/PolygonCity/Prefabs/Props/SM_Prop_Pipe_Preset_01.prefab
  artifactKey: Guid(e3b7b99f57ac49441bd8040382e6736c) Importer(815301076,1909f56bfc062723c751e8b465ee728b)
Start importing Assets/SyntyStudios/PolygonCity/Prefabs/Props/SM_Prop_Pipe_Preset_01.prefab using Guid(e3b7b99f57ac49441bd8040382e6736c) Importer(815301076,1909f56bfc062723c751e8b465ee728b)  -> (artifact id: 'ded83af04bddb993578c9489f91c507e') in 0.023610 seconds
Number of updated asset objects reloaded before import = 0
Number of asset objects unloaded after import = 14
========================================================================
Received Import Request.
  Time since last request: 0.016534 seconds.
  path: Assets/SyntyStudios/PolygonCity/Prefabs/Props/SM_Prop_Paper_03.prefab
  artifactKey: Guid(97d18204e4538e64f9bdf47d8db7c5e5) Importer(815301076,1909f56bfc062723c751e8b465ee728b)
Start importing Assets/SyntyStudios/PolygonCity/Prefabs/Props/SM_Prop_Paper_03.prefab using Guid(97d18204e4538e64f9bdf47d8db7c5e5) Importer(815301076,1909f56bfc062723c751e8b465ee728b)  -> (artifact id: '19d4500a3f2246c5bd8eb188d74459fa') in 0.021091 seconds
Number of updated asset objects reloaded before import = 0
Number of asset objects unloaded after import = 13
========================================================================
Received Import Request.
  Time since last request: 0.000019 seconds.
  path: Assets/SyntyStudios/PolygonCity/Prefabs/Props/SM_Prop_ParkingMeter_02.prefab
  artifactKey: Guid(94a7e311b5cf22f4898fa342bfef126e) Importer(815301076,1909f56bfc062723c751e8b465ee728b)
Start importing Assets/SyntyStudios/PolygonCity/Prefabs/Props/SM_Prop_ParkingMeter_02.prefab using Guid(94a7e311b5cf22f4898fa342bfef126e) Importer(815301076,1909f56bfc062723c751e8b465ee728b)  -> (artifact id: '880249b3ec5930beeae1df0700ebc746') in 0.023571 seconds
Number of updated asset objects reloaded before import = 0
Number of asset objects unloaded after import = 14
========================================================================
Received Import Request.
  Time since last request: 0.000017 seconds.
  path: Assets/SyntyStudios/PolygonCity/Prefabs/Props/SM_Prop_ParkBench_01.prefab
  artifactKey: Guid(29c6f824a8087b549a0a0b68c7810a06) Importer(815301076,1909f56bfc062723c751e8b465ee728b)
Start importing Assets/SyntyStudios/PolygonCity/Prefabs/Props/SM_Prop_ParkBench_01.prefab using Guid(29c6f824a8087b549a0a0b68c7810a06) Importer(815301076,1909f56bfc062723c751e8b465ee728b)  -> (artifact id: '080c6174a8ac37c5e425550414d456aa') in 0.020573 seconds
Number of updated asset objects reloaded before import = 0
Number of asset objects unloaded after import = 20
========================================================================
Received Import Request.
  Time since last request: 0.000017 seconds.
  path: Assets/SyntyStudios/PolygonCity/Prefabs/Props/SM_Prop_PicnicTable_01.prefab
  artifactKey: Guid(41513fd395dbe4942ae6a147484bc996) Importer(815301076,1909f56bfc062723c751e8b465ee728b)
Start importing Assets/SyntyStudios/PolygonCity/Prefabs/Props/SM_Prop_PicnicTable_01.prefab using Guid(41513fd395dbe4942ae6a147484bc996) Importer(815301076,1909f56bfc062723c751e8b465ee728b)  -> (artifact id: 'e4437c5e3eb4e4f8b763c4b12a79a485') in 0.016483 seconds
Number of updated asset objects reloaded before import = 0
Number of asset objects unloaded after import = 20
========================================================================
Received Import Request.
  Time since last request: 0.295434 seconds.
  path: Assets/SyntyStudios/PolygonCity/Prefabs/Props/SM_Prop_LightPole_Lights_01.prefab
  artifactKey: Guid(13026bf5e083f114ba55f67e99392514) Importer(815301076,1909f56bfc062723c751e8b465ee728b)
Start importing Assets/SyntyStudios/PolygonCity/Prefabs/Props/SM_Prop_LightPole_Lights_01.prefab using Guid(13026bf5e083f114ba55f67e99392514) Importer(815301076,1909f56bfc062723c751e8b465ee728b)  -> (artifact id: 'ffb4445d887279a60e21ed720723b56d') in 0.029604 seconds
Number of updated asset objects reloaded before import = 0
Number of asset objects unloaded after import = 20
========================================================================
Received Import Request.
  Time since last request: 0.000034 seconds.
  path: Assets/SyntyStudios/PolygonCity/Prefabs/Props/SM_Prop_Newspaper_02.prefab
  artifactKey: Guid(fbd2941af06c48e4cbb32be48b18d045) Importer(815301076,1909f56bfc062723c751e8b465ee728b)
Start importing Assets/SyntyStudios/PolygonCity/Prefabs/Props/SM_Prop_Newspaper_02.prefab using Guid(fbd2941af06c48e4cbb32be48b18d045) Importer(815301076,1909f56bfc062723c751e8b465ee728b)  -> (artifact id: '741e09f6602128e61a4acd35d12ead35') in 0.023288 seconds
Number of updated asset objects reloaded before import = 0
Number of asset objects unloaded after import = 14
========================================================================
Received Import Request.
  Time since last request: 0.000057 seconds.
  path: Assets/SyntyStudios/PolygonCity/Prefabs/Props/SM_Prop_Mailbox_01.prefab
  artifactKey: Guid(17fd2c85588a1954eb295a34c9775577) Importer(815301076,1909f56bfc062723c751e8b465ee728b)
Start importing Assets/SyntyStudios/PolygonCity/Prefabs/Props/SM_Prop_Mailbox_01.prefab using Guid(17fd2c85588a1954eb295a34c9775577) Importer(815301076,1909f56bfc062723c751e8b465ee728b)  -> (artifact id: 'c0386dd3735b167ef870f25788ae05ad') in 0.023545 seconds
Number of updated asset objects reloaded before import = 0
Number of asset objects unloaded after import = 14
========================================================================
Received Import Request.
  Time since last request: 0.074815 seconds.
  path: Assets/SyntyStudios/PolygonCity/Prefabs/Props/SM_Prop_LargeSign_Popcorn_01.prefab
  artifactKey: Guid(44cce66fc039e314183f60c57567cd3c) Importer(815301076,1909f56bfc062723c751e8b465ee728b)
Start importing Assets/SyntyStudios/PolygonCity/Prefabs/Props/SM_Prop_LargeSign_Popcorn_01.prefab using Guid(44cce66fc039e314183f60c57567cd3c) Importer(815301076,1909f56bfc062723c751e8b465ee728b)  -> (artifact id: 'd806ea1ef40c7ebcb98cd983b1945e43') in 0.021059 seconds
Number of updated asset objects reloaded before import = 0
Number of asset objects unloaded after import = 14
========================================================================
Received Import Request.
  Time since last request: 0.000025 seconds.
  path: Assets/SyntyStudios/PolygonCity/Prefabs/Props/SM_Prop_LightPole_Base_01.prefab
  artifactKey: Guid(06a9858b4309bcf4cbe7ef09ae436c1d) Importer(815301076,1909f56bfc062723c751e8b465ee728b)
Start importing Assets/SyntyStudios/PolygonCity/Prefabs/Props/SM_Prop_LightPole_Base_01.prefab using Guid(06a9858b4309bcf4cbe7ef09ae436c1d) Importer(815301076,1909f56bfc062723c751e8b465ee728b)  -> (artifact id: 'aef0689b425654af43f0762979766e76') in 0.020373 seconds
Number of updated asset objects reloaded before import = 0
Number of asset objects unloaded after import = 16
========================================================================
Received Import Request.
  Time since last request: 0.000019 seconds.
  path: Assets/SyntyStudios/PolygonCity/Prefabs/Props/SM_Prop_LightPole_Arm_01.prefab
  artifactKey: Guid(f43449709203fee4f94622bc446866d8) Importer(815301076,1909f56bfc062723c751e8b465ee728b)
Start importing Assets/SyntyStudios/PolygonCity/Prefabs/Props/SM_Prop_LightPole_Arm_01.prefab using Guid(f43449709203fee4f94622bc446866d8) Importer(815301076,1909f56bfc062723c751e8b465ee728b)  -> (artifact id: 'df0824d693f30f2066fabde5f78761b9') in 0.020998 seconds
Number of updated asset objects reloaded before import = 0
Number of asset objects unloaded after import = 14
========================================================================
Received Import Request.
  Time since last request: 0.358865 seconds.
  path: Assets/SyntyStudios/PolygonCity/Prefabs/Props/SM_Prop_LargeSign_Burger_01.prefab
  artifactKey: Guid(c4dc818a3d0107c43a6ad73bdfca8766) Importer(815301076,1909f56bfc062723c751e8b465ee728b)
Start importing Assets/SyntyStudios/PolygonCity/Prefabs/Props/SM_Prop_LargeSign_Burger_01.prefab using Guid(c4dc818a3d0107c43a6ad73bdfca8766) Importer(815301076,1909f56bfc062723c751e8b465ee728b)  -> (artifact id: 'b49877bbda530b255de5de7c94cb2036') in 0.029799 seconds
Number of updated asset objects reloaded before import = 0
Number of asset objects unloaded after import = 14
========================================================================
Received Import Request.
  Time since last request: 0.000023 seconds.
  path: Assets/SyntyStudios/PolygonCity/Prefabs/Props/SM_Prop_Cone_02.prefab
  artifactKey: Guid(b1f0fb7fede614d45a9666d2629c2716) Importer(815301076,1909f56bfc062723c751e8b465ee728b)
Start importing Assets/SyntyStudios/PolygonCity/Prefabs/Props/SM_Prop_Cone_02.prefab using Guid(b1f0fb7fede614d45a9666d2629c2716) Importer(815301076,1909f56bfc062723c751e8b465ee728b)  -> (artifact id: 'aa3308d3a4125a76de3ee246489ea45d') in 0.023581 seconds
Number of updated asset objects reloaded before import = 0
Number of asset objects unloaded after import = 14
========================================================================
Received Import Request.
  Time since last request: 0.000018 seconds.
  path: Assets/SyntyStudios/PolygonCity/Prefabs/Props/SM_Prop_LargeSign_Milkshake_01.prefab
  artifactKey: Guid(6f80e919ce3f15944905cac373e3b447) Importer(815301076,1909f56bfc062723c751e8b465ee728b)
Start importing Assets/SyntyStudios/PolygonCity/Prefabs/Props/SM_Prop_LargeSign_Milkshake_01.prefab using Guid(6f80e919ce3f15944905cac373e3b447) Importer(815301076,1909f56bfc062723c751e8b465ee728b)  -> (artifact id: '8ca5e52aeb262b943819b4a144b0a947') in 0.024714 seconds
Number of updated asset objects reloaded before import = 0
Number of asset objects unloaded after import = 14
========================================================================
Received Import Request.
  Time since last request: 0.000015 seconds.
  path: Assets/SyntyStudios/PolygonCity/Prefabs/Props/SM_Prop_Deckchair_01.prefab
  artifactKey: Guid(a04f6e9f627e52c4ab26cb420ab6401f) Importer(815301076,1909f56bfc062723c751e8b465ee728b)
Start importing Assets/SyntyStudios/PolygonCity/Prefabs/Props/SM_Prop_Deckchair_01.prefab using Guid(a04f6e9f627e52c4ab26cb420ab6401f) Importer(815301076,1909f56bfc062723c751e8b465ee728b)  -> (artifact id: '6325f0cf402b5900030d40e8f51cbe7e') in 0.020046 seconds
Number of updated asset objects reloaded before import = 0
Number of asset objects unloaded after import = 20
========================================================================
Received Import Request.
  Time since last request: 0.000016 seconds.
  path: Assets/SyntyStudios/PolygonCity/Prefabs/Props/SM_Prop_Door_01.prefab
  artifactKey: Guid(47455669544a7614fb1944943e4fdcbd) Importer(815301076,1909f56bfc062723c751e8b465ee728b)
Start importing Assets/SyntyStudios/PolygonCity/Prefabs/Props/SM_Prop_Door_01.prefab using Guid(47455669544a7614fb1944943e4fdcbd) Importer(815301076,1909f56bfc062723c751e8b465ee728b)  -> (artifact id: '7bc50b9a677ad8409b87b654a50655a7') in 0.020899 seconds
Number of updated asset objects reloaded before import = 0
Number of asset objects unloaded after import = 14
========================================================================
Received Import Request.
  Time since last request: 0.000017 seconds.
  path: Assets/SyntyStudios/PolygonCity/Prefabs/Props/SM_Prop_LargeSign_Hotdog_01.prefab
  artifactKey: Guid(f52a5629a2062924bafe8d5ad7a3c5f5) Importer(815301076,1909f56bfc062723c751e8b465ee728b)
Start importing Assets/SyntyStudios/PolygonCity/Prefabs/Props/SM_Prop_LargeSign_Hotdog_01.prefab using Guid(f52a5629a2062924bafe8d5ad7a3c5f5) Importer(815301076,1909f56bfc062723c751e8b465ee728b)  -> (artifact id: 'a5df6a21a9101c49c074bf4bc051ece9') in 0.020519 seconds
Number of updated asset objects reloaded before import = 0
Number of asset objects unloaded after import = 14
========================================================================
Received Import Request.
  Time since last request: 0.368991 seconds.
  path: Assets/SyntyStudios/PolygonCity/Prefabs/Props/SM_Prop_Billboard_Sign_06.prefab
  artifactKey: Guid(f7538ab1dc37c8e49b7d76fd462c53eb) Importer(815301076,1909f56bfc062723c751e8b465ee728b)
Start importing Assets/SyntyStudios/PolygonCity/Prefabs/Props/SM_Prop_Billboard_Sign_06.prefab using Guid(f7538ab1dc37c8e49b7d76fd462c53eb) Importer(815301076,1909f56bfc062723c751e8b465ee728b)  -> (artifact id: 'c5c26919ef732018dfbfec87443fb352') in 0.020560 seconds
Number of updated asset objects reloaded before import = 0
Number of asset objects unloaded after import = 10
========================================================================
Received Import Request.
  Time since last request: 0.000017 seconds.
  path: Assets/SyntyStudios/PolygonCity/Prefabs/Props/SM_Prop_Burger_01.prefab
  artifactKey: Guid(a4a36f473384c3c489b6458561ff07ac) Importer(815301076,1909f56bfc062723c751e8b465ee728b)
Start importing Assets/SyntyStudios/PolygonCity/Prefabs/Props/SM_Prop_Burger_01.prefab using Guid(a4a36f473384c3c489b6458561ff07ac) Importer(815301076,1909f56bfc062723c751e8b465ee728b)  -> (artifact id: '24af97d190e6e77e9818188b109ae3ff') in 0.018120 seconds
Number of updated asset objects reloaded before import = 0
Number of asset objects unloaded after import = 14
========================================================================
Received Import Request.
  Time since last request: 0.000021 seconds.
  path: Assets/SyntyStudios/PolygonCity/Prefabs/Props/SM_Prop_CardboardBox_03.prefab
  artifactKey: Guid(0aec61f3a3bdb4a438a673a2ab728ce8) Importer(815301076,1909f56bfc062723c751e8b465ee728b)
Start importing Assets/SyntyStudios/PolygonCity/Prefabs/Props/SM_Prop_CardboardBox_03.prefab using Guid(0aec61f3a3bdb4a438a673a2ab728ce8) Importer(815301076,1909f56bfc062723c751e8b465ee728b)  -> (artifact id: '97bac22ebcec2b826376c7229f6bda35') in 0.021608 seconds
Number of updated asset objects reloaded before import = 0
Number of asset objects unloaded after import = 14
========================================================================
Received Import Request.
  Time since last request: 0.176032 seconds.
  path: Assets/SyntyStudios/PolygonCity/Prefabs/Props/SM_Prop_ATM_01.prefab
  artifactKey: Guid(78393129033e7904a9479b03588cd8aa) Importer(815301076,1909f56bfc062723c751e8b465ee728b)
Start importing Assets/SyntyStudios/PolygonCity/Prefabs/Props/SM_Prop_ATM_01.prefab using Guid(78393129033e7904a9479b03588cd8aa) Importer(815301076,1909f56bfc062723c751e8b465ee728b)  -> (artifact id: '448dc2ae4d0a91ad403ec500179d821a') in 0.030162 seconds
Number of updated asset objects reloaded before import = 0
Number of asset objects unloaded after import = 14
========================================================================
Received Import Request.
  Time since last request: 0.000025 seconds.
  path: Assets/SyntyStudios/PolygonCity/Prefabs/Props/SM_Prop_Billboard_01.prefab
  artifactKey: Guid(cba063d2715f7a345b1c64609f0e864e) Importer(815301076,1909f56bfc062723c751e8b465ee728b)
Start importing Assets/SyntyStudios/PolygonCity/Prefabs/Props/SM_Prop_Billboard_01.prefab using Guid(cba063d2715f7a345b1c64609f0e864e) Importer(815301076,1909f56bfc062723c751e8b465ee728b)  -> (artifact id: '928704c0dfba246feb4e0adbcbf45155') in 0.028306 seconds
Number of updated asset objects reloaded before import = 0
Number of asset objects unloaded after import = 14
========================================================================
Received Import Request.
  Time since last request: 0.000074 seconds.
  path: Assets/SyntyStudios/PolygonCity/Prefabs/Props/SM_Prop_Billboard_Sign_04.prefab
  artifactKey: Guid(430345e20ddf842489bc80fba96a0edd) Importer(815301076,1909f56bfc062723c751e8b465ee728b)
Start importing Assets/SyntyStudios/PolygonCity/Prefabs/Props/SM_Prop_Billboard_Sign_04.prefab using Guid(430345e20ddf842489bc80fba96a0edd) Importer(815301076,1909f56bfc062723c751e8b465ee728b)  -> (artifact id: 'fa94d1a9c53b4d8f63a30b4279c923c1') in 0.018417 seconds
Number of updated asset objects reloaded before import = 0
Number of asset objects unloaded after import = 10
Editor requested this worker to shutdown with reason: Scaling down because of idle timeout
TcpMessagingSession - receive error: operation aborted. errorcode: 995, details: La operacin de E/S se anul por una salida de subproceso o por una solicitud de aplicacin.
AssetImportWorker is now disconnected from the server
Process exiting
Exiting without the bug reporter. Application will terminate with return code 0