Using pre-set license
Built from '2022.3/staging' branch; Version is '2022.3.13f1 (5f90a5ebde0f) revision 6262949'; Using compiler version '192829333'; Build Type 'Release'
OS: 'Windows 11  (10.0.22621) 64bit Professional' Language: 'es' Physical Memory: 32694 MB
BatchMode: 1, IsHumanControllingUs: 0, StartBugReporterOnCrash: 0, Is64bit: 1, IsPro: 1

COMMAND LINE ARGUMENTS:
D:\Unity\2022.3.13f1\Editor\Unity.exe
-adb2
-batchMode
-noUpm
-name
AssetImportWorker1
-projectPath
D:/Unity/Proyectos Unity/GameStudies
-logFile
Logs/AssetImportWorker1.log
-srvPort
54585
Successfully changed project path to: D:/Unity/Proyectos Unity/GameStudies
D:/Unity/Proyectos Unity/GameStudies
[UnityMemory] Configuration Parameters - Can be set up in boot.config
    "memorysetup-bucket-allocator-granularity=16"
    "memorysetup-bucket-allocator-bucket-count=8"
    "memorysetup-bucket-allocator-block-size=33554432"
    "memorysetup-bucket-allocator-block-count=8"
    "memorysetup-main-allocator-block-size=16777216"
    "memorysetup-thread-allocator-block-size=16777216"
    "memorysetup-gfx-main-allocator-block-size=16777216"
    "memorysetup-gfx-thread-allocator-block-size=16777216"
    "memorysetup-cache-allocator-block-size=4194304"
    "memorysetup-typetree-allocator-block-size=2097152"
    "memorysetup-profiler-bucket-allocator-granularity=16"
    "memorysetup-profiler-bucket-allocator-bucket-count=8"
    "memorysetup-profiler-bucket-allocator-block-size=33554432"
    "memorysetup-profiler-bucket-allocator-block-count=8"
    "memorysetup-profiler-allocator-block-size=16777216"
    "memorysetup-profiler-editor-allocator-block-size=1048576"
    "memorysetup-temp-allocator-size-main=16777216"
    "memorysetup-job-temp-allocator-block-size=2097152"
    "memorysetup-job-temp-allocator-block-size-background=1048576"
    "memorysetup-job-temp-allocator-reduction-small-platforms=262144"
    "memorysetup-allocator-temp-initial-block-size-main=262144"
    "memorysetup-allocator-temp-initial-block-size-worker=262144"
    "memorysetup-temp-allocator-size-background-worker=32768"
    "memorysetup-temp-allocator-size-job-worker=262144"
    "memorysetup-temp-allocator-size-preload-manager=33554432"
    "memorysetup-temp-allocator-size-nav-mesh-worker=65536"
    "memorysetup-temp-allocator-size-audio-worker=65536"
    "memorysetup-temp-allocator-size-cloud-worker=32768"
    "memorysetup-temp-allocator-size-gi-baking-worker=262144"
    "memorysetup-temp-allocator-size-gfx=262144"
Player connection [22704] Host "[IP] 192.168.1.2 [Port] 0 [Flags] 2 [Guid] 54310326 [EditorId] 54310326 [Version] 1048832 [Id] WindowsEditor(7,TorreDeJuan) [Debug] 1 [PackageName] WindowsEditor [ProjectName] Editor" joined multi-casting on [225.0.0.222:54997]...

Player connection [22704] Host "[IP] 192.168.1.2 [Port] 0 [Flags] 2 [Guid] 54310326 [EditorId] 54310326 [Version] 1048832 [Id] WindowsEditor(7,TorreDeJuan) [Debug] 1 [PackageName] WindowsEditor [ProjectName] Editor" joined alternative multi-casting on [225.0.0.222:34997]...

[Physics::Module] Initialized MultithreadedJobDispatcher with 11 workers.
Refreshing native plugins compatible for Editor in 8.04 ms, found 3 plugins.
Preloading 0 native plugins for Editor in 0.00 ms.
Initialize engine version: 2022.3.13f1 (5f90a5ebde0f)
[Subsystems] Discovering subsystems at path D:/Unity/2022.3.13f1/Editor/Data/Resources/UnitySubsystems
[Subsystems] Discovering subsystems at path D:/Unity/Proyectos Unity/GameStudies/Assets
GfxDevice: creating device client; threaded=0; jobified=0
Direct3D:
    Version:  Direct3D 11.0 [level 11.1]
    Renderer: NVIDIA GeForce GTX 1660 (ID=0x2184)
    Vendor:   NVIDIA
    VRAM:     5981 MB
    Driver:   31.0.15.4601
Initialize mono
Mono path[0] = 'D:/Unity/2022.3.13f1/Editor/Data/Managed'
Mono path[1] = 'D:/Unity/2022.3.13f1/Editor/Data/MonoBleedingEdge/lib/mono/unityjit-win32'
Mono config path = 'D:/Unity/2022.3.13f1/Editor/Data/MonoBleedingEdge/etc'
Using monoOptions --debugger-agent=transport=dt_socket,embedding=1,server=y,suspend=n,address=127.0.0.1:56216
Begin MonoManager ReloadAssembly
Registering precompiled unity dll's ...
Register platform support module: D:/Unity/2022.3.13f1/Editor/Data/PlaybackEngines/WebGLSupport/UnityEditor.WebGL.Extensions.dll
Register platform support module: D:/Unity/2022.3.13f1/Editor/Data/PlaybackEngines/WindowsStandaloneSupport/UnityEditor.WindowsStandalone.Extensions.dll
Registered in 0.004241 seconds.
- Loaded All Assemblies, in  0.411 seconds
Native extension for WindowsStandalone target not found
Native extension for WebGL target not found
Mono: successfully reloaded assembly
- Finished resetting the current domain, in  0.289 seconds
Domain Reload Profiling: 700ms
	BeginReloadAssembly (127ms)
		ExecutionOrderSort (0ms)
		DisableScriptedObjects (0ms)
		BackupInstance (0ms)
		ReleaseScriptingObjects (0ms)
		CreateAndSetChildDomain (1ms)
	RebuildCommonClasses (42ms)
	RebuildNativeTypeToScriptingClass (17ms)
	initialDomainReloadingComplete (55ms)
	LoadAllAssembliesAndSetupDomain (171ms)
		LoadAssemblies (126ms)
		RebuildTransferFunctionScriptingTraits (0ms)
		AnalyzeDomain (168ms)
			TypeCache.Refresh (166ms)
				TypeCache.ScanAssembly (149ms)
			ScanForSourceGeneratedMonoScriptInfo (0ms)
			ResolveRequiredComponents (1ms)
	FinalizeReload (289ms)
		ReleaseScriptCaches (0ms)
		RebuildScriptCaches (0ms)
		SetupLoadedEditorAssemblies (220ms)
			LogAssemblyErrors (0ms)
			InitializePlatformSupportModulesInManaged (10ms)
			SetLoadedEditorAssemblies (6ms)
			RefreshPlugins (0ms)
			BeforeProcessingInitializeOnLoad (2ms)
			ProcessInitializeOnLoadAttributes (149ms)
			ProcessInitializeOnLoadMethodAttributes (53ms)
			AfterProcessingInitializeOnLoad (0ms)
			EditorAssembliesLoaded (0ms)
		ExecutionOrderSort2 (0ms)
		AwakeInstancesAfterBackupRestoration (0ms)
========================================================================
Worker process is ready to serve import requests
Begin MonoManager ReloadAssembly
- Loaded All Assemblies, in  0.683 seconds
Refreshing native plugins compatible for Editor in 3.53 ms, found 3 plugins.
Native extension for WindowsStandalone target not found
Native extension for WebGL target not found
Package Manager log level set to [2]
[Package Manager] Server::EnsureServerProcessIsRunning -- launch failed, reason: Unity was launched with the -noUpm command-line argument
[Package Manager] UpmClient::Send -- Unable to send message (not connected to UPM process).
[Package Manager] Cannot connect to Unity Package Manager local server
Mono: successfully reloaded assembly
- Finished resetting the current domain, in  0.624 seconds
Domain Reload Profiling: 1308ms
	BeginReloadAssembly (183ms)
		ExecutionOrderSort (0ms)
		DisableScriptedObjects (7ms)
		BackupInstance (0ms)
		ReleaseScriptingObjects (0ms)
		CreateAndSetChildDomain (25ms)
	RebuildCommonClasses (47ms)
	RebuildNativeTypeToScriptingClass (15ms)
	initialDomainReloadingComplete (45ms)
	LoadAllAssembliesAndSetupDomain (393ms)
		LoadAssemblies (305ms)
		RebuildTransferFunctionScriptingTraits (0ms)
		AnalyzeDomain (198ms)
			TypeCache.Refresh (177ms)
				TypeCache.ScanAssembly (162ms)
			ScanForSourceGeneratedMonoScriptInfo (14ms)
			ResolveRequiredComponents (5ms)
	FinalizeReload (625ms)
		ReleaseScriptCaches (0ms)
		RebuildScriptCaches (0ms)
		SetupLoadedEditorAssemblies (467ms)
			LogAssemblyErrors (0ms)
			InitializePlatformSupportModulesInManaged (5ms)
			SetLoadedEditorAssemblies (3ms)
			RefreshPlugins (0ms)
			BeforeProcessingInitializeOnLoad (61ms)
			ProcessInitializeOnLoadAttributes (373ms)
			ProcessInitializeOnLoadMethodAttributes (22ms)
			AfterProcessingInitializeOnLoad (2ms)
			EditorAssembliesLoaded (0ms)
		ExecutionOrderSort2 (0ms)
		AwakeInstancesAfterBackupRestoration (8ms)
Launched and connected shader compiler UnityShaderCompiler.exe after 0.04 seconds
Refreshing native plugins compatible for Editor in 3.06 ms, found 3 plugins.
Preloading 0 native plugins for Editor in 0.00 ms.
Unloading 3134 Unused Serialized files (Serialized files now loaded: 0)
Unloading 32 unused Assets / (56.8 KB). Loaded Objects now: 3597.
Memory consumption went from 136.7 MB to 136.6 MB.
Total: 3.853700 ms (FindLiveObjects: 0.351100 ms CreateObjectMapping: 0.080000 ms MarkObjects: 3.245200 ms  DeleteObjects: 0.174900 ms)

AssetImportParameters requested are different than current active one (requested -> active):
  custom:container-demuxer-ogg: 62fdf1f143b41e24485cea50d1cbac27 -> 
  custom:video-codec-MediaFoundation-h265: 746d11721c4dcdbdad8f713fa42b33f4 -> 
  custom:video-decoder-ogg-theora: a1e56fd34408186e4bbccfd4996cb3dc -> 
  custom:framework-win-MediaFoundation: 216162199b28c13a410421893ffa2e32 -> 
  custom:CustomObjectIndexerAttribute: 756ad292c208cfabdd7b50bc23989ffe -> 
  custom:container-demuxer-webm: 4f35f7cbe854078d1ac9338744f61a02 -> 
  custom:container-muxer-webm: aa71ff27fc2769a1b78a27578f13a17b -> 
  custom:video-decoder-webm-vp8: 9c59270c3fd7afecdb556c50c9e8de78 -> 
  custom:SearchIndexIgnoredProperties: e643bd26f0fe6173181afceb89e7c659 -> 
  custom:AudioImporter_EditorPlatform: d09bf68614088b80899f8185d706f6e7 -> 
  custom:video-encoder-webm-vp8: eb34c28f22e8b96e1ab97ce403110664 -> 
  custom:audio-decoder-ogg-vorbis: bf7c407c2cedff20999df2af8eb42d56 -> 
  custom:audio-encoder-webm-vorbis: bf7c407c2cedff20999df2af8eb42d56 -> 
========================================================================
Received Import Request.
  Time since last request: 7209.310633 seconds.
  path: Assets/SyntyStudios/PolygonCity/Models/SM_Prop_ShopInterior_Cafe_01.fbx
  artifactKey: Guid(5c109fd8e0291834eae9ccbb4f4c649b) Importer(815301076,1909f56bfc062723c751e8b465ee728b)
Start importing Assets/SyntyStudios/PolygonCity/Models/SM_Prop_ShopInterior_Cafe_01.fbx using Guid(5c109fd8e0291834eae9ccbb4f4c649b) Importer(815301076,1909f56bfc062723c751e8b465ee728b)  -> (artifact id: '52fad77ed39b2cbcfcddc9f04e442739') in 0.139219 seconds
Number of updated asset objects reloaded before import = 0
Number of asset objects unloaded after import = 7
========================================================================
Received Import Request.
  Time since last request: 0.000031 seconds.
  path: Assets/SyntyStudios/PolygonCity/Models/SM_Prop_Power_Cables_02.fbx
  artifactKey: Guid(d4acc74b0392b0b4693d11ba9b047397) Importer(815301076,1909f56bfc062723c751e8b465ee728b)
Start importing Assets/SyntyStudios/PolygonCity/Models/SM_Prop_Power_Cables_02.fbx using Guid(d4acc74b0392b0b4693d11ba9b047397) Importer(815301076,1909f56bfc062723c751e8b465ee728b)  -> (artifact id: '364c2eae33c01bc9786972f609933d86') in 0.015331 seconds
Number of updated asset objects reloaded before import = 0
Number of asset objects unloaded after import = 7
========================================================================
Received Import Request.
  Time since last request: 0.000017 seconds.
  path: Assets/SyntyStudios/PolygonCity/Models/SM_Prop_PowerBox_01.fbx
  artifactKey: Guid(ef227fb11c3c27d4bbc32bbc1f58d552) Importer(815301076,1909f56bfc062723c751e8b465ee728b)
Start importing Assets/SyntyStudios/PolygonCity/Models/SM_Prop_PowerBox_01.fbx using Guid(ef227fb11c3c27d4bbc32bbc1f58d552) Importer(815301076,1909f56bfc062723c751e8b465ee728b)  -> (artifact id: '8da1ea02f6b7fba50c7f03a634b4ce6f') in 0.017492 seconds
Number of updated asset objects reloaded before import = 0
Number of asset objects unloaded after import = 7
========================================================================
Received Import Request.
  Time since last request: 0.000024 seconds.
  path: Assets/SyntyStudios/PolygonCity/Models/SM_Prop_Roof_Aircon_02.fbx
  artifactKey: Guid(d29064c7c70e71a478765437ee714c29) Importer(815301076,1909f56bfc062723c751e8b465ee728b)
Start importing Assets/SyntyStudios/PolygonCity/Models/SM_Prop_Roof_Aircon_02.fbx using Guid(d29064c7c70e71a478765437ee714c29) Importer(815301076,1909f56bfc062723c751e8b465ee728b)  -> (artifact id: 'b89b89157e83af5df2fa0080fcb3fcad') in 0.024505 seconds
Number of updated asset objects reloaded before import = 0
Number of asset objects unloaded after import = 7
========================================================================
Received Import Request.
  Time since last request: 0.000018 seconds.
  path: Assets/SyntyStudios/PolygonCity/Models/SM_Prop_Roof_Aircon_03.fbx
  artifactKey: Guid(ceb1d031ed4bfa74294360bded2096b7) Importer(815301076,1909f56bfc062723c751e8b465ee728b)
Start importing Assets/SyntyStudios/PolygonCity/Models/SM_Prop_Roof_Aircon_03.fbx using Guid(ceb1d031ed4bfa74294360bded2096b7) Importer(815301076,1909f56bfc062723c751e8b465ee728b)  -> (artifact id: '2d4dfcef68f265857522807b424dc69b') in 0.021076 seconds
Number of updated asset objects reloaded before import = 0
Number of asset objects unloaded after import = 7
========================================================================
Received Import Request.
  Time since last request: 0.000019 seconds.
  path: Assets/SyntyStudios/PolygonCity/Models/SM_Prop_Pipe_Small_01.fbx
  artifactKey: Guid(555faddb0f4f8a64f942ddd15e67af9c) Importer(815301076,1909f56bfc062723c751e8b465ee728b)
Start importing Assets/SyntyStudios/PolygonCity/Models/SM_Prop_Pipe_Small_01.fbx using Guid(555faddb0f4f8a64f942ddd15e67af9c) Importer(815301076,1909f56bfc062723c751e8b465ee728b)  -> (artifact id: '95035a7ed7769fa7ff0f4c32ea8dc3cc') in 0.019224 seconds
Number of updated asset objects reloaded before import = 0
Number of asset objects unloaded after import = 7
========================================================================
Received Import Request.
  Time since last request: 0.000017 seconds.
  path: Assets/SyntyStudios/PolygonCity/Models/SM_Prop_ShopInterior_Display_01.fbx
  artifactKey: Guid(4b4dda27c09854041851fab1b2e17354) Importer(815301076,1909f56bfc062723c751e8b465ee728b)
Start importing Assets/SyntyStudios/PolygonCity/Models/SM_Prop_ShopInterior_Display_01.fbx using Guid(4b4dda27c09854041851fab1b2e17354) Importer(815301076,1909f56bfc062723c751e8b465ee728b)  -> (artifact id: '610ed619a20215a651229b41101eb0b4') in 0.017011 seconds
Number of updated asset objects reloaded before import = 0
Number of asset objects unloaded after import = 7
========================================================================
Received Import Request.
  Time since last request: 0.000030 seconds.
  path: Assets/SyntyStudios/PolygonCity/Models/SM_Prop_Pipe_Present_02.fbx
  artifactKey: Guid(c084014e6a6351043b5aa8fe936eacf6) Importer(815301076,1909f56bfc062723c751e8b465ee728b)
Start importing Assets/SyntyStudios/PolygonCity/Models/SM_Prop_Pipe_Present_02.fbx using Guid(c084014e6a6351043b5aa8fe936eacf6) Importer(815301076,1909f56bfc062723c751e8b465ee728b)  -> (artifact id: '6c54808e181306d1d853b8ff34291a8a') in 0.018910 seconds
Number of updated asset objects reloaded before import = 0
Number of asset objects unloaded after import = 7
========================================================================
Received Import Request.
  Time since last request: 0.000021 seconds.
  path: Assets/SyntyStudios/PolygonCity/Models/SM_Prop_ShopInterior_Shelf_02.fbx
  artifactKey: Guid(059ca0c42d405144ca917f8427c95c78) Importer(815301076,1909f56bfc062723c751e8b465ee728b)
Start importing Assets/SyntyStudios/PolygonCity/Models/SM_Prop_ShopInterior_Shelf_02.fbx using Guid(059ca0c42d405144ca917f8427c95c78) Importer(815301076,1909f56bfc062723c751e8b465ee728b)  -> (artifact id: 'f1d02131267d177db2577bc240824f82') in 0.017980 seconds
Number of updated asset objects reloaded before import = 0
Number of asset objects unloaded after import = 7
========================================================================
Received Import Request.
  Time since last request: 0.000018 seconds.
  path: Assets/SyntyStudios/PolygonCity/Models/SM_Prop_Power_Cables_01.fbx
  artifactKey: Guid(8ec5564ba55652046b25d9dd810e5313) Importer(815301076,1909f56bfc062723c751e8b465ee728b)
Start importing Assets/SyntyStudios/PolygonCity/Models/SM_Prop_Power_Cables_01.fbx using Guid(8ec5564ba55652046b25d9dd810e5313) Importer(815301076,1909f56bfc062723c751e8b465ee728b)  -> (artifact id: '4982d1d56c31dfdf0fc6009fe3182e18') in 0.017662 seconds
Number of updated asset objects reloaded before import = 0
Number of asset objects unloaded after import = 7
========================================================================
Received Import Request.
  Time since last request: 0.000017 seconds.
  path: Assets/SyntyStudios/PolygonCity/Models/SM_Prop_Police_Baton_01.fbx
  artifactKey: Guid(282879460138be34ead82c2c30d4b091) Importer(815301076,1909f56bfc062723c751e8b465ee728b)
Start importing Assets/SyntyStudios/PolygonCity/Models/SM_Prop_Police_Baton_01.fbx using Guid(282879460138be34ead82c2c30d4b091) Importer(815301076,1909f56bfc062723c751e8b465ee728b)  -> (artifact id: 'e872d6039638e7cb37da40add359c54a') in 0.016388 seconds
Number of updated asset objects reloaded before import = 0
Number of asset objects unloaded after import = 7
========================================================================
Received Import Request.
  Time since last request: 0.000017 seconds.
  path: Assets/SyntyStudios/PolygonCity/Models/SM_Prop_Pipe_Part_Straight_01.fbx
  artifactKey: Guid(1a0e9ff6b887f2a48a1b1ed08dd3ade1) Importer(815301076,1909f56bfc062723c751e8b465ee728b)
Start importing Assets/SyntyStudios/PolygonCity/Models/SM_Prop_Pipe_Part_Straight_01.fbx using Guid(1a0e9ff6b887f2a48a1b1ed08dd3ade1) Importer(815301076,1909f56bfc062723c751e8b465ee728b)  -> (artifact id: '427a134bb4020da36d0bc0e7db154edb') in 0.015161 seconds
Number of updated asset objects reloaded before import = 0
Number of asset objects unloaded after import = 7
========================================================================
Received Import Request.
  Time since last request: 0.000021 seconds.
  path: Assets/SyntyStudios/PolygonCity/Models/SM_Prop_Planter_02.fbx
  artifactKey: Guid(c37665b78a5f59049a1b29a6129213f8) Importer(815301076,1909f56bfc062723c751e8b465ee728b)
Start importing Assets/SyntyStudios/PolygonCity/Models/SM_Prop_Planter_02.fbx using Guid(c37665b78a5f59049a1b29a6129213f8) Importer(815301076,1909f56bfc062723c751e8b465ee728b)  -> (artifact id: '66e02adb548f1e1a957b6d9c076c57d3') in 0.017496 seconds
Number of updated asset objects reloaded before import = 0
Number of asset objects unloaded after import = 7
========================================================================
Received Import Request.
  Time since last request: 0.000031 seconds.
  path: Assets/SyntyStudios/PolygonCity/Models/SM_Prop_Phones_01.fbx
  artifactKey: Guid(55f6c07f374ffc04581eba7291c2d62e) Importer(815301076,1909f56bfc062723c751e8b465ee728b)
Start importing Assets/SyntyStudios/PolygonCity/Models/SM_Prop_Phones_01.fbx using Guid(55f6c07f374ffc04581eba7291c2d62e) Importer(815301076,1909f56bfc062723c751e8b465ee728b)  -> (artifact id: '45b3e0307870e67a873cfceec8ac0367') in 0.015909 seconds
Number of updated asset objects reloaded before import = 0
Number of asset objects unloaded after import = 7
========================================================================
Received Import Request.
  Time since last request: 0.000021 seconds.
  path: Assets/SyntyStudios/PolygonCity/Models/SM_Prop_ParkingMeter_02.fbx
  artifactKey: Guid(99c3dab35e27907458574549ef734d03) Importer(815301076,1909f56bfc062723c751e8b465ee728b)
Start importing Assets/SyntyStudios/PolygonCity/Models/SM_Prop_ParkingMeter_02.fbx using Guid(99c3dab35e27907458574549ef734d03) Importer(815301076,1909f56bfc062723c751e8b465ee728b)  -> (artifact id: '106952fd21f786ce4fe4e349d3fcebaa') in 0.018330 seconds
Number of updated asset objects reloaded before import = 0
Number of asset objects unloaded after import = 7
========================================================================
Received Import Request.
  Time since last request: 0.000021 seconds.
  path: Assets/SyntyStudios/PolygonCity/Models/SM_Prop_Pipe_Part_Connect_01.fbx
  artifactKey: Guid(efde0704c0b00d74eaa18692b18b3253) Importer(815301076,1909f56bfc062723c751e8b465ee728b)
Start importing Assets/SyntyStudios/PolygonCity/Models/SM_Prop_Pipe_Part_Connect_01.fbx using Guid(efde0704c0b00d74eaa18692b18b3253) Importer(815301076,1909f56bfc062723c751e8b465ee728b)  -> (artifact id: '2ff08b2d239282340ef72df8f6cc7208') in 0.017093 seconds
Number of updated asset objects reloaded before import = 0
Number of asset objects unloaded after import = 7
========================================================================
Received Import Request.
  Time since last request: 0.000022 seconds.
  path: Assets/SyntyStudios/PolygonCity/Models/SM_Prop_ParkBench_01.fbx
  artifactKey: Guid(6080e80bbc45a324b832aec3f4cef3ad) Importer(815301076,1909f56bfc062723c751e8b465ee728b)
Start importing Assets/SyntyStudios/PolygonCity/Models/SM_Prop_ParkBench_01.fbx using Guid(6080e80bbc45a324b832aec3f4cef3ad) Importer(815301076,1909f56bfc062723c751e8b465ee728b)  -> (artifact id: '30ee073f06fe81a75738a7c032ce25dd') in 0.017686 seconds
Number of updated asset objects reloaded before import = 0
Number of asset objects unloaded after import = 7
========================================================================
Received Import Request.
  Time since last request: 0.000015 seconds.
  path: Assets/SyntyStudios/PolygonCity/Models/SM_Prop_ShopInterior_Desk_02.fbx
  artifactKey: Guid(f5a8dfd8843722a4ea0e48980bed3b4f) Importer(815301076,1909f56bfc062723c751e8b465ee728b)
Start importing Assets/SyntyStudios/PolygonCity/Models/SM_Prop_ShopInterior_Desk_02.fbx using Guid(f5a8dfd8843722a4ea0e48980bed3b4f) Importer(815301076,1909f56bfc062723c751e8b465ee728b)  -> (artifact id: '77e60861702db402c28344e909313e06') in 0.015359 seconds
Number of updated asset objects reloaded before import = 0
Number of asset objects unloaded after import = 7
========================================================================
Received Import Request.
  Time since last request: 1.512740 seconds.
  path: Assets/SyntyStudios/PolygonCity/Models/SM_Prop_ShopInterior_Table_01.fbx
  artifactKey: Guid(013bc7eb7c48f3e459b5a5b5ef95d33d) Importer(815301076,1909f56bfc062723c751e8b465ee728b)
Start importing Assets/SyntyStudios/PolygonCity/Models/SM_Prop_ShopInterior_Table_01.fbx using Guid(013bc7eb7c48f3e459b5a5b5ef95d33d) Importer(815301076,1909f56bfc062723c751e8b465ee728b)  -> (artifact id: '0110016e2a1d960bc5ec686eee82c8fc') in 0.036099 seconds
Number of updated asset objects reloaded before import = 0
Number of asset objects unloaded after import = 7
========================================================================
Received Import Request.
  Time since last request: 0.000024 seconds.
  path: Assets/SyntyStudios/PolygonCity/Models/SM_Prop_Sidewalk_Panel_01.fbx
  artifactKey: Guid(2e4cb62a3cd1c914eb9b837f091bb73d) Importer(815301076,1909f56bfc062723c751e8b465ee728b)
Start importing Assets/SyntyStudios/PolygonCity/Models/SM_Prop_Sidewalk_Panel_01.fbx using Guid(2e4cb62a3cd1c914eb9b837f091bb73d) Importer(815301076,1909f56bfc062723c751e8b465ee728b)  -> (artifact id: '614971ade5e942be0c6fa2bfc08e24b7') in 0.021404 seconds
Number of updated asset objects reloaded before import = 0
Number of asset objects unloaded after import = 7
========================================================================
Received Import Request.
  Time since last request: 0.000031 seconds.
  path: Assets/SyntyStudios/PolygonCity/Models/SM_Prop_Sidewalk_Panel_05.fbx
  artifactKey: Guid(af74b6415b060174cadca0c21bb0a02c) Importer(815301076,1909f56bfc062723c751e8b465ee728b)
Start importing Assets/SyntyStudios/PolygonCity/Models/SM_Prop_Sidewalk_Panel_05.fbx using Guid(af74b6415b060174cadca0c21bb0a02c) Importer(815301076,1909f56bfc062723c751e8b465ee728b)  -> (artifact id: 'd9f8dae404d9fc8952aab519f1ebfe11') in 0.017695 seconds
Number of updated asset objects reloaded before import = 0
Number of asset objects unloaded after import = 7
========================================================================
Received Import Request.
  Time since last request: 0.617584 seconds.
  path: Assets/SyntyStudios/PolygonCity/Models/SM_Prop_Sign_Attachment_02.fbx
  artifactKey: Guid(64e18860e16121e45bfcbe99d6d39ff1) Importer(815301076,1909f56bfc062723c751e8b465ee728b)
Start importing Assets/SyntyStudios/PolygonCity/Models/SM_Prop_Sign_Attachment_02.fbx using Guid(64e18860e16121e45bfcbe99d6d39ff1) Importer(815301076,1909f56bfc062723c751e8b465ee728b)  -> (artifact id: 'ad145125c5b12c7608ea05e3309aa672') in 0.018517 seconds
Number of updated asset objects reloaded before import = 0
Number of asset objects unloaded after import = 7
========================================================================
Received Import Request.
  Time since last request: 0.000093 seconds.
  path: Assets/SyntyStudios/PolygonCity/Models/SM_Prop_Sign_Bar_01.fbx
  artifactKey: Guid(ab4e26262ea1f6b48a853aea6db0dba5) Importer(815301076,1909f56bfc062723c751e8b465ee728b)
Start importing Assets/SyntyStudios/PolygonCity/Models/SM_Prop_Sign_Bar_01.fbx using Guid(ab4e26262ea1f6b48a853aea6db0dba5) Importer(815301076,1909f56bfc062723c751e8b465ee728b)  -> (artifact id: '10ce3df92ee255afefdc2a10eaa1c5a2') in 0.018717 seconds
Number of updated asset objects reloaded before import = 0
Number of asset objects unloaded after import = 7
========================================================================
Received Import Request.
  Time since last request: 0.000019 seconds.
  path: Assets/SyntyStudios/PolygonCity/Models/SM_Prop_Sign_DeliPizza_01.fbx
  artifactKey: Guid(0ae31783a812174488ad65c99a69b4c7) Importer(815301076,1909f56bfc062723c751e8b465ee728b)
Start importing Assets/SyntyStudios/PolygonCity/Models/SM_Prop_Sign_DeliPizza_01.fbx using Guid(0ae31783a812174488ad65c99a69b4c7) Importer(815301076,1909f56bfc062723c751e8b465ee728b)  -> (artifact id: '396802ff6e0e2c57d574004a68fefeaa') in 0.017764 seconds
Number of updated asset objects reloaded before import = 0
Number of asset objects unloaded after import = 7
========================================================================
Received Import Request.
  Time since last request: 0.000018 seconds.
  path: Assets/SyntyStudios/PolygonCity/Models/SM_Prop_Sign_GiveWay_02.fbx
  artifactKey: Guid(de2e9c076df30a943a2b7ecd0d1972f9) Importer(815301076,1909f56bfc062723c751e8b465ee728b)
Start importing Assets/SyntyStudios/PolygonCity/Models/SM_Prop_Sign_GiveWay_02.fbx using Guid(de2e9c076df30a943a2b7ecd0d1972f9) Importer(815301076,1909f56bfc062723c751e8b465ee728b)  -> (artifact id: 'b7705320f20c42914bc8c8be4a82248d') in 0.017473 seconds
Number of updated asset objects reloaded before import = 0
Number of asset objects unloaded after import = 7
========================================================================
Received Import Request.
  Time since last request: 0.000017 seconds.
  path: Assets/SyntyStudios/PolygonCity/Models/SM_Prop_Sign_Entrance_01.fbx
  artifactKey: Guid(e338455ceb4877e4298ad3f8118338b9) Importer(815301076,1909f56bfc062723c751e8b465ee728b)
Start importing Assets/SyntyStudios/PolygonCity/Models/SM_Prop_Sign_Entrance_01.fbx using Guid(e338455ceb4877e4298ad3f8118338b9) Importer(815301076,1909f56bfc062723c751e8b465ee728b)  -> (artifact id: '2be73789d4394130f13d043d77a3dfd4') in 0.015835 seconds
Number of updated asset objects reloaded before import = 0
Number of asset objects unloaded after import = 7
========================================================================
Received Import Request.
  Time since last request: 0.000018 seconds.
  path: Assets/SyntyStudios/PolygonCity/Models/SM_Prop_Sign_Hospital_01.fbx
  artifactKey: Guid(ccf486970e7b564458fa149b4aba482e) Importer(815301076,1909f56bfc062723c751e8b465ee728b)
Start importing Assets/SyntyStudios/PolygonCity/Models/SM_Prop_Sign_Hospital_01.fbx using Guid(ccf486970e7b564458fa149b4aba482e) Importer(815301076,1909f56bfc062723c751e8b465ee728b)  -> (artifact id: '635f4699ce3c9070953fd30c6b94bcee') in 0.016384 seconds
Number of updated asset objects reloaded before import = 0
Number of asset objects unloaded after import = 7
========================================================================
Received Import Request.
  Time since last request: 0.000017 seconds.
  path: Assets/SyntyStudios/PolygonCity/Models/SM_Prop_Sign_Police_01.fbx
  artifactKey: Guid(d9cd651e881b90348ba24b8288a19c40) Importer(815301076,1909f56bfc062723c751e8b465ee728b)
Start importing Assets/SyntyStudios/PolygonCity/Models/SM_Prop_Sign_Police_01.fbx using Guid(d9cd651e881b90348ba24b8288a19c40) Importer(815301076,1909f56bfc062723c751e8b465ee728b)  -> (artifact id: 'd5a46f52176399e8b93cfe593c22279a') in 0.016388 seconds
Number of updated asset objects reloaded before import = 0
Number of asset objects unloaded after import = 7
========================================================================
Received Import Request.
  Time since last request: 0.895921 seconds.
  path: Assets/SyntyStudios/PolygonCity/Models/SM_Prop_Sign_Street_01.fbx
  artifactKey: Guid(97261735532c28545b8ff375dcacffc5) Importer(815301076,1909f56bfc062723c751e8b465ee728b)
Start importing Assets/SyntyStudios/PolygonCity/Models/SM_Prop_Sign_Street_01.fbx using Guid(97261735532c28545b8ff375dcacffc5) Importer(815301076,1909f56bfc062723c751e8b465ee728b)  -> (artifact id: '89767a20495545c0443b7bc6c8d72c1f') in 0.023617 seconds
Number of updated asset objects reloaded before import = 0
Number of asset objects unloaded after import = 7
========================================================================
Received Import Request.
  Time since last request: 0.000020 seconds.
  path: Assets/SyntyStudios/PolygonCity/Models/SM_Prop_Sign_Street_02.fbx
  artifactKey: Guid(be1390febd9d41b47943619472f54bd8) Importer(815301076,1909f56bfc062723c751e8b465ee728b)
Start importing Assets/SyntyStudios/PolygonCity/Models/SM_Prop_Sign_Street_02.fbx using Guid(be1390febd9d41b47943619472f54bd8) Importer(815301076,1909f56bfc062723c751e8b465ee728b)  -> (artifact id: '7f0db99df5d3fcd789bff38feccdbee7') in 0.015419 seconds
Number of updated asset objects reloaded before import = 0
Number of asset objects unloaded after import = 7
========================================================================
Received Import Request.
  Time since last request: 0.000016 seconds.
  path: Assets/SyntyStudios/PolygonCity/Models/SM_Prop_Skip_01.fbx
  artifactKey: Guid(7d7d28af9afa8d241ab34047420b9aa9) Importer(815301076,1909f56bfc062723c751e8b465ee728b)
Start importing Assets/SyntyStudios/PolygonCity/Models/SM_Prop_Skip_01.fbx using Guid(7d7d28af9afa8d241ab34047420b9aa9) Importer(815301076,1909f56bfc062723c751e8b465ee728b)  -> (artifact id: 'ffd35d084124693f660b0450a06f4eab') in 0.020483 seconds
Number of updated asset objects reloaded before import = 0
Number of asset objects unloaded after import = 7
========================================================================
Received Import Request.
  Time since last request: 0.000019 seconds.
  path: Assets/SyntyStudios/PolygonCity/Models/SM_Prop_SmartPhone_01.fbx
  artifactKey: Guid(22ee60c0d728bce448ea6c935f8fc1a3) Importer(815301076,1909f56bfc062723c751e8b465ee728b)
Start importing Assets/SyntyStudios/PolygonCity/Models/SM_Prop_SmartPhone_01.fbx using Guid(22ee60c0d728bce448ea6c935f8fc1a3) Importer(815301076,1909f56bfc062723c751e8b465ee728b)  -> (artifact id: '599380a1d5bd4be6b51347f5e76e24f1') in 0.019173 seconds
Number of updated asset objects reloaded before import = 0
Number of asset objects unloaded after import = 7
========================================================================
Received Import Request.
  Time since last request: 0.323709 seconds.
  path: Assets/SyntyStudios/PolygonCity/Models/SM_Prop_Soda_03.fbx
  artifactKey: Guid(a8122e449c8c032449b43a121b66a11b) Importer(815301076,1909f56bfc062723c751e8b465ee728b)
Start importing Assets/SyntyStudios/PolygonCity/Models/SM_Prop_Soda_03.fbx using Guid(a8122e449c8c032449b43a121b66a11b) Importer(815301076,1909f56bfc062723c751e8b465ee728b)  -> (artifact id: 'd1576727029e5711173c7e74580a9d33') in 0.023448 seconds
Number of updated asset objects reloaded before import = 0
Number of asset objects unloaded after import = 7
========================================================================
Received Import Request.
  Time since last request: 0.000018 seconds.
  path: Assets/SyntyStudios/PolygonCity/Models/SM_Prop_TrashBag_03.fbx
  artifactKey: Guid(29d37754f17cfed4c9b307c246461f87) Importer(815301076,1909f56bfc062723c751e8b465ee728b)
Start importing Assets/SyntyStudios/PolygonCity/Models/SM_Prop_TrashBag_03.fbx using Guid(29d37754f17cfed4c9b307c246461f87) Importer(815301076,1909f56bfc062723c751e8b465ee728b)  -> (artifact id: '9b81cfec896676cbf6993cd121bbcd73') in 0.021676 seconds
Number of updated asset objects reloaded before import = 0
Number of asset objects unloaded after import = 7
========================================================================
Received Import Request.
  Time since last request: 0.000018 seconds.
  path: Assets/SyntyStudios/PolygonCity/Models/SM_Prop_TrafficLight_03.fbx
  artifactKey: Guid(6631bb6f34c942344946843a32d0bc5c) Importer(815301076,1909f56bfc062723c751e8b465ee728b)
Start importing Assets/SyntyStudios/PolygonCity/Models/SM_Prop_TrafficLight_03.fbx using Guid(6631bb6f34c942344946843a32d0bc5c) Importer(815301076,1909f56bfc062723c751e8b465ee728b)  -> (artifact id: '018f622623b880d2fc10aefb94a3dfbf') in 0.020195 seconds
Number of updated asset objects reloaded before import = 0
Number of asset objects unloaded after import = 7
========================================================================
Received Import Request.
  Time since last request: 0.000017 seconds.
  path: Assets/SyntyStudios/PolygonCity/Models/SM_Prop_Umbrella_01.fbx
  artifactKey: Guid(10ee53383b5f58b419286fb9a9b63476) Importer(815301076,1909f56bfc062723c751e8b465ee728b)
Start importing Assets/SyntyStudios/PolygonCity/Models/SM_Prop_Umbrella_01.fbx using Guid(10ee53383b5f58b419286fb9a9b63476) Importer(815301076,1909f56bfc062723c751e8b465ee728b)  -> (artifact id: 'eb40863f6f26cdeaf5dc5e847d724a5b') in 0.016755 seconds
Number of updated asset objects reloaded before import = 0
Number of asset objects unloaded after import = 7
========================================================================
Received Import Request.
  Time since last request: 0.000018 seconds.
  path: Assets/SyntyStudios/PolygonCity/Models/SM_Prop_Vents_Corner_02.fbx
  artifactKey: Guid(c4e1a30c7ce3cd04ba3678daa1921e3b) Importer(815301076,1909f56bfc062723c751e8b465ee728b)
Start importing Assets/SyntyStudios/PolygonCity/Models/SM_Prop_Vents_Corner_02.fbx using Guid(c4e1a30c7ce3cd04ba3678daa1921e3b) Importer(815301076,1909f56bfc062723c751e8b465ee728b)  -> (artifact id: 'a68e60a2ecdbaf35ee2d653059e491d0') in 0.018049 seconds
Number of updated asset objects reloaded before import = 0
Number of asset objects unloaded after import = 7
========================================================================
Received Import Request.
  Time since last request: 0.000019 seconds.
  path: Assets/SyntyStudios/PolygonCity/Models/SM_Prop_Trashbin_02.fbx
  artifactKey: Guid(e072638a7adf61048bf7387ac8ee0a28) Importer(815301076,1909f56bfc062723c751e8b465ee728b)
Start importing Assets/SyntyStudios/PolygonCity/Models/SM_Prop_Trashbin_02.fbx using Guid(e072638a7adf61048bf7387ac8ee0a28) Importer(815301076,1909f56bfc062723c751e8b465ee728b)  -> (artifact id: '7afcb07b968524bc6169aff7beee835e') in 0.017848 seconds
Number of updated asset objects reloaded before import = 0
Number of asset objects unloaded after import = 7
========================================================================
Received Import Request.
  Time since last request: 0.000019 seconds.
  path: Assets/SyntyStudios/PolygonCity/Models/SM_Prop_Vents_Corner_01.fbx
  artifactKey: Guid(02fe97327541e744b86ecc4fdc0c6629) Importer(815301076,1909f56bfc062723c751e8b465ee728b)
Start importing Assets/SyntyStudios/PolygonCity/Models/SM_Prop_Vents_Corner_01.fbx using Guid(02fe97327541e744b86ecc4fdc0c6629) Importer(815301076,1909f56bfc062723c751e8b465ee728b)  -> (artifact id: '0955ac7112a93004381033b187d4d351') in 0.016461 seconds
Number of updated asset objects reloaded before import = 0
Number of asset objects unloaded after import = 7
========================================================================
Received Import Request.
  Time since last request: 7.390372 seconds.
  path: Assets/SyntyStudios/PolygonCity/Models/SM_Prop_Washingline_01.fbx
  artifactKey: Guid(b0956b19562cba94ea7fe3436c24a94d) Importer(815301076,1909f56bfc062723c751e8b465ee728b)
Start importing Assets/SyntyStudios/PolygonCity/Models/SM_Prop_Washingline_01.fbx using Guid(b0956b19562cba94ea7fe3436c24a94d) Importer(815301076,1909f56bfc062723c751e8b465ee728b)  -> (artifact id: '68b0fd142a32ee595a703b6a3943f415') in 0.017991 seconds
Number of updated asset objects reloaded before import = 0
Number of asset objects unloaded after import = 7
========================================================================
Received Import Request.
  Time since last request: 0.000057 seconds.
  path: Assets/SyntyStudios/PolygonCity/Models/SM_Prop_Washingline_02.fbx
  artifactKey: Guid(3d9641d680aa93b42944fdafeae2cccf) Importer(815301076,1909f56bfc062723c751e8b465ee728b)
Start importing Assets/SyntyStudios/PolygonCity/Models/SM_Prop_Washingline_02.fbx using Guid(3d9641d680aa93b42944fdafeae2cccf) Importer(815301076,1909f56bfc062723c751e8b465ee728b)  -> (artifact id: '69b22323cc3d8330926c0855c687168e') in 0.022109 seconds
Number of updated asset objects reloaded before import = 0
Number of asset objects unloaded after import = 7
========================================================================
Received Import Request.
  Time since last request: 0.000017 seconds.
  path: Assets/SyntyStudios/PolygonCity/Models/SM_Veh_Car_Muscle_01.fbx
  artifactKey: Guid(823ed423ae6ba0d4589ddb8fe51e7f14) Importer(815301076,1909f56bfc062723c751e8b465ee728b)
Start importing Assets/SyntyStudios/PolygonCity/Models/SM_Veh_Car_Muscle_01.fbx using Guid(823ed423ae6ba0d4589ddb8fe51e7f14) Importer(815301076,1909f56bfc062723c751e8b465ee728b)  -> (artifact id: 'cc922c72ff07d020c834ff561b02decc') in 0.074707 seconds
Number of updated asset objects reloaded before import = 0
Number of asset objects unloaded after import = 42
========================================================================
Received Import Request.
  Time since last request: 0.000017 seconds.
  path: Assets/SyntyStudios/PolygonCity/Models/SM_Prop_Washingline_04.fbx
  artifactKey: Guid(dfe820b365191534d8aadfc08238cfd0) Importer(815301076,1909f56bfc062723c751e8b465ee728b)
Start importing Assets/SyntyStudios/PolygonCity/Models/SM_Prop_Washingline_04.fbx using Guid(dfe820b365191534d8aadfc08238cfd0) Importer(815301076,1909f56bfc062723c751e8b465ee728b)  -> (artifact id: '22dad8f05b0b8a7ff0a925c847bf83c7') in 0.016200 seconds
Number of updated asset objects reloaded before import = 0
Number of asset objects unloaded after import = 7
========================================================================
Received Import Request.
  Time since last request: 0.000017 seconds.
  path: Assets/SyntyStudios/PolygonCity/Models/SM_Veh_Steering_Wheel_01.fbx
  artifactKey: Guid(3664edb90975474449e99fc37279544a) Importer(815301076,1909f56bfc062723c751e8b465ee728b)
Start importing Assets/SyntyStudios/PolygonCity/Models/SM_Veh_Steering_Wheel_01.fbx using Guid(3664edb90975474449e99fc37279544a) Importer(815301076,1909f56bfc062723c751e8b465ee728b)  -> (artifact id: '91b0833a362b4f0eca13b99b1aee6c16') in 0.016136 seconds
Number of updated asset objects reloaded before import = 0
Number of asset objects unloaded after import = 7
========================================================================
Received Import Request.
  Time since last request: 0.000019 seconds.
  path: Assets/SyntyStudios/PolygonCity/Models/SM_Prop_Window_01.fbx
  artifactKey: Guid(f4a376bce1d8c3842bda863d13d9711e) Importer(815301076,1909f56bfc062723c751e8b465ee728b)
Start importing Assets/SyntyStudios/PolygonCity/Models/SM_Prop_Window_01.fbx using Guid(f4a376bce1d8c3842bda863d13d9711e) Importer(815301076,1909f56bfc062723c751e8b465ee728b)  -> (artifact id: '15a544f6284e1c2c8a667717f1b6ebac') in 0.016066 seconds
Number of updated asset objects reloaded before import = 0
Number of asset objects unloaded after import = 7
========================================================================
Received Import Request.
  Time since last request: 0.000022 seconds.
  path: Assets/SyntyStudios/PolygonCity/Models/SM_Prop_Water_Tower_01.fbx
  artifactKey: Guid(1752fd9a5846d8941b89c3f290d0f2e7) Importer(815301076,1909f56bfc062723c751e8b465ee728b)
Start importing Assets/SyntyStudios/PolygonCity/Models/SM_Prop_Water_Tower_01.fbx using Guid(1752fd9a5846d8941b89c3f290d0f2e7) Importer(815301076,1909f56bfc062723c751e8b465ee728b)  -> (artifact id: 'ab98e8afdda8c6c8a65c01768444a8b5') in 0.018432 seconds
Number of updated asset objects reloaded before import = 0
Number of asset objects unloaded after import = 7
========================================================================
Received Import Request.
  Time since last request: 0.000030 seconds.
  path: Assets/SyntyStudios/PolygonCity/Models/SM_Veh_Car_Sedan_01.fbx
  artifactKey: Guid(2dfd189627cfe43479265db2e35e552c) Importer(815301076,1909f56bfc062723c751e8b465ee728b)
Start importing Assets/SyntyStudios/PolygonCity/Models/SM_Veh_Car_Sedan_01.fbx using Guid(2dfd189627cfe43479265db2e35e552c) Importer(815301076,1909f56bfc062723c751e8b465ee728b)  -> (artifact id: '63a808b2947e7770cbca4473ebf527d3') in 0.076033 seconds
Number of updated asset objects reloaded before import = 0
Number of asset objects unloaded after import = 47
Editor requested this worker to shutdown with reason: Scaling down because of idle timeout
TcpMessagingSession - receive error: operation aborted. errorcode: 995, details: La operación de E/S se anuló por una salida de subproceso o por una solicitud de aplicación.
AssetImportWorker is now disconnected from the server
Process exiting
Exiting without the bug reporter. Application will terminate with return code 0