Using pre-set license
Built from '2022.3/staging' branch; Version is '2022.3.13f1 (5f90a5ebde0f) revision 6262949'; Using compiler version '192829333'; Build Type 'Release'
OS: 'Windows 11  (10.0.22621) 64bit Professional' Language: 'es' Physical Memory: 32694 MB
BatchMode: 1, IsHumanControllingUs: 0, StartBugReporterOnCrash: 0, Is64bit: 1, IsPro: 1

COMMAND LINE ARGUMENTS:
D:\Unity\2022.3.13f1\Editor\Unity.exe
-adb2
-batchMode
-noUpm
-name
AssetImportWorker6
-projectPath
D:/Unity/Proyectos Unity/GameStudies
-logFile
Logs/AssetImportWorker6.log
-srvPort
52674
Successfully changed project path to: D:/Unity/Proyectos Unity/GameStudies
D:/Unity/Proyectos Unity/GameStudies
[UnityMemory] Configuration Parameters - Can be set up in boot.config
    "memorysetup-bucket-allocator-granularity=16"
    "memorysetup-bucket-allocator-bucket-count=8"
    "memorysetup-bucket-allocator-block-size=33554432"
    "memorysetup-bucket-allocator-block-count=8"
    "memorysetup-main-allocator-block-size=16777216"
    "memorysetup-thread-allocator-block-size=16777216"
    "memorysetup-gfx-main-allocator-block-size=16777216"
    "memorysetup-gfx-thread-allocator-block-size=16777216"
    "memorysetup-cache-allocator-block-size=4194304"
    "memorysetup-typetree-allocator-block-size=2097152"
    "memorysetup-profiler-bucket-allocator-granularity=16"
    "memorysetup-profiler-bucket-allocator-bucket-count=8"
    "memorysetup-profiler-bucket-allocator-block-size=33554432"
    "memorysetup-profiler-bucket-allocator-block-count=8"
    "memorysetup-profiler-allocator-block-size=16777216"
    "memorysetup-profiler-editor-allocator-block-size=1048576"
    "memorysetup-temp-allocator-size-main=16777216"
    "memorysetup-job-temp-allocator-block-size=2097152"
    "memorysetup-job-temp-allocator-block-size-background=1048576"
    "memorysetup-job-temp-allocator-reduction-small-platforms=262144"
    "memorysetup-allocator-temp-initial-block-size-main=262144"
    "memorysetup-allocator-temp-initial-block-size-worker=262144"
    "memorysetup-temp-allocator-size-background-worker=32768"
    "memorysetup-temp-allocator-size-job-worker=262144"
    "memorysetup-temp-allocator-size-preload-manager=33554432"
    "memorysetup-temp-allocator-size-nav-mesh-worker=65536"
    "memorysetup-temp-allocator-size-audio-worker=65536"
    "memorysetup-temp-allocator-size-cloud-worker=32768"
    "memorysetup-temp-allocator-size-gi-baking-worker=262144"
    "memorysetup-temp-allocator-size-gfx=262144"
Player connection [9032] Host "[IP] 192.168.1.2 [Port] 0 [Flags] 2 [Guid] 659306184 [EditorId] 659306184 [Version] 1048832 [Id] WindowsEditor(7,TorreDeJuan) [Debug] 1 [PackageName] WindowsEditor [ProjectName] Editor" joined multi-casting on [225.0.0.222:54997]...

Player connection [9032] Host "[IP] 192.168.1.2 [Port] 0 [Flags] 2 [Guid] 659306184 [EditorId] 659306184 [Version] 1048832 [Id] WindowsEditor(7,TorreDeJuan) [Debug] 1 [PackageName] WindowsEditor [ProjectName] Editor" joined alternative multi-casting on [225.0.0.222:34997]...

[Physics::Module] Initialized MultithreadedJobDispatcher with 11 workers.
Refreshing native plugins compatible for Editor in 6.98 ms, found 3 plugins.
Preloading 0 native plugins for Editor in 0.00 ms.
Initialize engine version: 2022.3.13f1 (5f90a5ebde0f)
[Subsystems] Discovering subsystems at path D:/Unity/2022.3.13f1/Editor/Data/Resources/UnitySubsystems
[Subsystems] Discovering subsystems at path D:/Unity/Proyectos Unity/GameStudies/Assets
GfxDevice: creating device client; threaded=0; jobified=0
Direct3D:
    Version:  Direct3D 11.0 [level 11.1]
    Renderer: NVIDIA GeForce GTX 1660 (ID=0x2184)
    Vendor:   NVIDIA
    VRAM:     5981 MB
    Driver:   31.0.15.4601
Initialize mono
Mono path[0] = 'D:/Unity/2022.3.13f1/Editor/Data/Managed'
Mono path[1] = 'D:/Unity/2022.3.13f1/Editor/Data/MonoBleedingEdge/lib/mono/unityjit-win32'
Mono config path = 'D:/Unity/2022.3.13f1/Editor/Data/MonoBleedingEdge/etc'
Using monoOptions --debugger-agent=transport=dt_socket,embedding=1,server=y,suspend=n,address=127.0.0.1:56432
Begin MonoManager ReloadAssembly
Registering precompiled unity dll's ...
Register platform support module: D:/Unity/2022.3.13f1/Editor/Data/PlaybackEngines/WebGLSupport/UnityEditor.WebGL.Extensions.dll
Register platform support module: D:/Unity/2022.3.13f1/Editor/Data/PlaybackEngines/WindowsStandaloneSupport/UnityEditor.WindowsStandalone.Extensions.dll
Registered in 0.003862 seconds.
- Loaded All Assemblies, in  0.400 seconds
Native extension for WindowsStandalone target not found
Native extension for WebGL target not found
Mono: successfully reloaded assembly
- Finished resetting the current domain, in  0.251 seconds
Domain Reload Profiling: 651ms
	BeginReloadAssembly (133ms)
		ExecutionOrderSort (0ms)
		DisableScriptedObjects (0ms)
		BackupInstance (0ms)
		ReleaseScriptingObjects (0ms)
		CreateAndSetChildDomain (1ms)
	RebuildCommonClasses (49ms)
	RebuildNativeTypeToScriptingClass (11ms)
	initialDomainReloadingComplete (46ms)
	LoadAllAssembliesAndSetupDomain (161ms)
		LoadAssemblies (133ms)
		RebuildTransferFunctionScriptingTraits (0ms)
		AnalyzeDomain (158ms)
			TypeCache.Refresh (157ms)
				TypeCache.ScanAssembly (140ms)
			ScanForSourceGeneratedMonoScriptInfo (0ms)
			ResolveRequiredComponents (1ms)
	FinalizeReload (252ms)
		ReleaseScriptCaches (0ms)
		RebuildScriptCaches (0ms)
		SetupLoadedEditorAssemblies (175ms)
			LogAssemblyErrors (0ms)
			InitializePlatformSupportModulesInManaged (7ms)
			SetLoadedEditorAssemblies (5ms)
			RefreshPlugins (0ms)
			BeforeProcessingInitializeOnLoad (2ms)
			ProcessInitializeOnLoadAttributes (116ms)
			ProcessInitializeOnLoadMethodAttributes (45ms)
			AfterProcessingInitializeOnLoad (0ms)
			EditorAssembliesLoaded (0ms)
		ExecutionOrderSort2 (0ms)
		AwakeInstancesAfterBackupRestoration (0ms)
========================================================================
Worker process is ready to serve import requests
Begin MonoManager ReloadAssembly
- Loaded All Assemblies, in  0.608 seconds
Refreshing native plugins compatible for Editor in 2.58 ms, found 3 plugins.
Native extension for WindowsStandalone target not found
Native extension for WebGL target not found
Package Manager log level set to [2]
[Package Manager] Server::EnsureServerProcessIsRunning -- launch failed, reason: Unity was launched with the -noUpm command-line argument
[Package Manager] UpmClient::Send -- Unable to send message (not connected to UPM process).
[Package Manager] Cannot connect to Unity Package Manager local server
Mono: successfully reloaded assembly
- Finished resetting the current domain, in  0.510 seconds
Domain Reload Profiling: 1118ms
	BeginReloadAssembly (166ms)
		ExecutionOrderSort (0ms)
		DisableScriptedObjects (5ms)
		BackupInstance (0ms)
		ReleaseScriptingObjects (0ms)
		CreateAndSetChildDomain (20ms)
	RebuildCommonClasses (33ms)
	RebuildNativeTypeToScriptingClass (12ms)
	initialDomainReloadingComplete (39ms)
	LoadAllAssembliesAndSetupDomain (357ms)
		LoadAssemblies (277ms)
		RebuildTransferFunctionScriptingTraits (0ms)
		AnalyzeDomain (175ms)
			TypeCache.Refresh (155ms)
				TypeCache.ScanAssembly (141ms)
			ScanForSourceGeneratedMonoScriptInfo (15ms)
			ResolveRequiredComponents (4ms)
	FinalizeReload (510ms)
		ReleaseScriptCaches (0ms)
		RebuildScriptCaches (0ms)
		SetupLoadedEditorAssemblies (375ms)
			LogAssemblyErrors (0ms)
			InitializePlatformSupportModulesInManaged (7ms)
			SetLoadedEditorAssemblies (3ms)
			RefreshPlugins (0ms)
			BeforeProcessingInitializeOnLoad (46ms)
			ProcessInitializeOnLoadAttributes (298ms)
			ProcessInitializeOnLoadMethodAttributes (19ms)
			AfterProcessingInitializeOnLoad (2ms)
			EditorAssembliesLoaded (0ms)
		ExecutionOrderSort2 (0ms)
		AwakeInstancesAfterBackupRestoration (6ms)
Launched and connected shader compiler UnityShaderCompiler.exe after 0.05 seconds
Refreshing native plugins compatible for Editor in 2.46 ms, found 3 plugins.
Preloading 0 native plugins for Editor in 0.00 ms.
Unloading 3134 Unused Serialized files (Serialized files now loaded: 0)
Unloading 32 unused Assets / (57.4 KB). Loaded Objects now: 3597.
Memory consumption went from 136.7 MB to 136.6 MB.
Total: 2.902700 ms (FindLiveObjects: 0.255700 ms CreateObjectMapping: 0.074100 ms MarkObjects: 2.464900 ms  DeleteObjects: 0.106400 ms)

AssetImportParameters requested are different than current active one (requested -> active):
  custom:container-demuxer-ogg: 62fdf1f143b41e24485cea50d1cbac27 -> 
  custom:video-codec-MediaFoundation-h265: 746d11721c4dcdbdad8f713fa42b33f4 -> 
  custom:video-decoder-ogg-theora: a1e56fd34408186e4bbccfd4996cb3dc -> 
  custom:framework-win-MediaFoundation: 216162199b28c13a410421893ffa2e32 -> 
  custom:scripting/monoscript/fileName/NewBehaviourScript.cs: b21687ddb03d73bd9f0c1daecb9714de -> 
  custom:CustomObjectIndexerAttribute: 756ad292c208cfabdd7b50bc23989ffe -> 
  custom:container-demuxer-webm: 4f35f7cbe854078d1ac9338744f61a02 -> 
  custom:container-muxer-webm: aa71ff27fc2769a1b78a27578f13a17b -> 
  custom:video-decoder-webm-vp8: 9c59270c3fd7afecdb556c50c9e8de78 -> 
  custom:SearchIndexIgnoredProperties: e643bd26f0fe6173181afceb89e7c659 -> 
  custom:AudioImporter_EditorPlatform: d09bf68614088b80899f8185d706f6e7 -> 
  custom:video-encoder-webm-vp8: eb34c28f22e8b96e1ab97ce403110664 -> 
  custom:audio-decoder-ogg-vorbis: bf7c407c2cedff20999df2af8eb42d56 -> 
  custom:audio-encoder-webm-vorbis: bf7c407c2cedff20999df2af8eb42d56 -> 
========================================================================
Received Import Request.
  Time since last request: 6000.909888 seconds.
  path: Assets/SyntyStudios/PolygonCity/Models/SM_Env_Road_Median_02.fbx
  artifactKey: Guid(ed2d91b1266839b41affc271ccea1efe) Importer(815301076,1909f56bfc062723c751e8b465ee728b)
Start importing Assets/SyntyStudios/PolygonCity/Models/SM_Env_Road_Median_02.fbx using Guid(ed2d91b1266839b41affc271ccea1efe) Importer(815301076,1909f56bfc062723c751e8b465ee728b)  -> (artifact id: 'f1aa6618c2df793244fd4554110d16c5') in 0.151217 seconds
Number of updated asset objects reloaded before import = 0
Number of asset objects unloaded after import = 7
========================================================================
Received Import Request.
  Time since last request: 0.099928 seconds.
  path: Assets/SyntyStudios/PolygonCity/Models/SM_Env_Road_YellowLines_01.fbx
  artifactKey: Guid(7f48c615b634ed7429117e0361e155e1) Importer(815301076,1909f56bfc062723c751e8b465ee728b)
Start importing Assets/SyntyStudios/PolygonCity/Models/SM_Env_Road_YellowLines_01.fbx using Guid(7f48c615b634ed7429117e0361e155e1) Importer(815301076,1909f56bfc062723c751e8b465ee728b)  -> (artifact id: 'b2196c98c71c2d1e107c57a88d5a1813') in 0.017210 seconds
Number of updated asset objects reloaded before import = 0
Number of asset objects unloaded after import = 7
========================================================================
Received Import Request.
  Time since last request: 0.000023 seconds.
  path: Assets/SyntyStudios/PolygonCity/Models/SM_Env_Sidewalk_Corner_01.fbx
  artifactKey: Guid(b0169016a10de9443a766b1871fecda8) Importer(815301076,1909f56bfc062723c751e8b465ee728b)
Start importing Assets/SyntyStudios/PolygonCity/Models/SM_Env_Sidewalk_Corner_01.fbx using Guid(b0169016a10de9443a766b1871fecda8) Importer(815301076,1909f56bfc062723c751e8b465ee728b)  -> (artifact id: 'ba3609059a1f8aba93cb23ba26ab3375') in 0.019136 seconds
Number of updated asset objects reloaded before import = 0
Number of asset objects unloaded after import = 7
========================================================================
Received Import Request.
  Time since last request: 0.001629 seconds.
  path: Assets/SyntyStudios/PolygonCity/Models/SM_Env_Sidewalk_Dip_01.fbx
  artifactKey: Guid(334d1ea7958acde4083941927e6e1d78) Importer(815301076,1909f56bfc062723c751e8b465ee728b)
Start importing Assets/SyntyStudios/PolygonCity/Models/SM_Env_Sidewalk_Dip_01.fbx using Guid(334d1ea7958acde4083941927e6e1d78) Importer(815301076,1909f56bfc062723c751e8b465ee728b)  -> (artifact id: 'c91195ed0fcfbd53ad3f51f9930c0b76') in 0.019249 seconds
Number of updated asset objects reloaded before import = 0
Number of asset objects unloaded after import = 7
========================================================================
Received Import Request.
  Time since last request: 0.000019 seconds.
  path: Assets/SyntyStudios/PolygonCity/Models/SM_Env_Sidewalk_Grate_02.fbx
  artifactKey: Guid(f72df1571ad339d418e328df7696f923) Importer(815301076,1909f56bfc062723c751e8b465ee728b)
Start importing Assets/SyntyStudios/PolygonCity/Models/SM_Env_Sidewalk_Grate_02.fbx using Guid(f72df1571ad339d418e328df7696f923) Importer(815301076,1909f56bfc062723c751e8b465ee728b)  -> (artifact id: 'fdfde7fc68cc93ccfe2f15ec9f2f148a') in 0.016948 seconds
Number of updated asset objects reloaded before import = 0
Number of asset objects unloaded after import = 7
========================================================================
Received Import Request.
  Time since last request: 0.000018 seconds.
  path: Assets/SyntyStudios/PolygonCity/Models/SM_Env_Sidewalk_Merger_01.fbx
  artifactKey: Guid(c28304d03e853774d9b89119d5a2d014) Importer(815301076,1909f56bfc062723c751e8b465ee728b)
Start importing Assets/SyntyStudios/PolygonCity/Models/SM_Env_Sidewalk_Merger_01.fbx using Guid(c28304d03e853774d9b89119d5a2d014) Importer(815301076,1909f56bfc062723c751e8b465ee728b)  -> (artifact id: '68f6ed812835a22c18a65cc8f7f9b81b') in 0.037602 seconds
Number of updated asset objects reloaded before import = 0
Number of asset objects unloaded after import = 7
========================================================================
Received Import Request.
  Time since last request: 0.152792 seconds.
  path: Assets/SyntyStudios/PolygonCity/Models/SM_Env_Sidewalk_Straight_02.fbx
  artifactKey: Guid(323f8b248f4b18d42b053591f1627fe4) Importer(815301076,1909f56bfc062723c751e8b465ee728b)
Start importing Assets/SyntyStudios/PolygonCity/Models/SM_Env_Sidewalk_Straight_02.fbx using Guid(323f8b248f4b18d42b053591f1627fe4) Importer(815301076,1909f56bfc062723c751e8b465ee728b)  -> (artifact id: 'cbf2089bb489442c151e0752101b3c1e') in 0.023779 seconds
Number of updated asset objects reloaded before import = 0
Number of asset objects unloaded after import = 7
========================================================================
Received Import Request.
  Time since last request: 0.000018 seconds.
  path: Assets/SyntyStudios/PolygonCity/Models/SM_Env_Street_Divider_02.fbx
  artifactKey: Guid(4a1c11546ef36ec4daffee523cdf5ba5) Importer(815301076,1909f56bfc062723c751e8b465ee728b)
Start importing Assets/SyntyStudios/PolygonCity/Models/SM_Env_Street_Divider_02.fbx using Guid(4a1c11546ef36ec4daffee523cdf5ba5) Importer(815301076,1909f56bfc062723c751e8b465ee728b)  -> (artifact id: '41eb73a854d3c69c42165f16bdf5ad1a') in 0.023873 seconds
Number of updated asset objects reloaded before import = 0
Number of asset objects unloaded after import = 7
========================================================================
Received Import Request.
  Time since last request: 0.000020 seconds.
  path: Assets/SyntyStudios/PolygonCity/Models/SM_Env_Tree_02.fbx
  artifactKey: Guid(488874bf1c20e624f8e81079f86b26ba) Importer(815301076,1909f56bfc062723c751e8b465ee728b)
Start importing Assets/SyntyStudios/PolygonCity/Models/SM_Env_Tree_02.fbx using Guid(488874bf1c20e624f8e81079f86b26ba) Importer(815301076,1909f56bfc062723c751e8b465ee728b)  -> (artifact id: '0374ee2e02474863ca2d6c034390fd4d') in 0.023393 seconds
Number of updated asset objects reloaded before import = 0
Number of asset objects unloaded after import = 7
========================================================================
Received Import Request.
  Time since last request: 0.000022 seconds.
  path: Assets/SyntyStudios/PolygonCity/Models/SM_Env_Tree_01.fbx
  artifactKey: Guid(7099dfc2c2c03224387983f7ba0a1ec2) Importer(815301076,1909f56bfc062723c751e8b465ee728b)
Start importing Assets/SyntyStudios/PolygonCity/Models/SM_Env_Tree_01.fbx using Guid(7099dfc2c2c03224387983f7ba0a1ec2) Importer(815301076,1909f56bfc062723c751e8b465ee728b)  -> (artifact id: 'ba1122550dc1651cbfe596a027d96719') in 0.022211 seconds
Number of updated asset objects reloaded before import = 0
Number of asset objects unloaded after import = 7
========================================================================
Received Import Request.
  Time since last request: 0.000036 seconds.
  path: Assets/SyntyStudios/PolygonCity/Models/SM_Env_SubwayEntrance_01.fbx
  artifactKey: Guid(8bfbd72541b8c314d98c45881b486f0a) Importer(815301076,1909f56bfc062723c751e8b465ee728b)
Start importing Assets/SyntyStudios/PolygonCity/Models/SM_Env_SubwayEntrance_01.fbx using Guid(8bfbd72541b8c314d98c45881b486f0a) Importer(815301076,1909f56bfc062723c751e8b465ee728b)  -> (artifact id: 'b4eecda53795a772a54a509efbc1f03e') in 0.023883 seconds
Number of updated asset objects reloaded before import = 0
Number of asset objects unloaded after import = 12
========================================================================
Received Import Request.
  Time since last request: 0.123236 seconds.
  path: Assets/SyntyStudios/PolygonCity/Models/SM_Env_WaterEdge_Rock_01.fbx
  artifactKey: Guid(27bf65190db556643904ee371814b40c) Importer(815301076,1909f56bfc062723c751e8b465ee728b)
Start importing Assets/SyntyStudios/PolygonCity/Models/SM_Env_WaterEdge_Rock_01.fbx using Guid(27bf65190db556643904ee371814b40c) Importer(815301076,1909f56bfc062723c751e8b465ee728b)  -> (artifact id: '316be411c3186e29be7171afc37ad633') in 0.017905 seconds
Number of updated asset objects reloaded before import = 0
Number of asset objects unloaded after import = 7
========================================================================
Received Import Request.
  Time since last request: 0.000019 seconds.
  path: Assets/SyntyStudios/PolygonCity/Models/SM_Prop_Aircon_01.fbx
  artifactKey: Guid(3bc7921a1cf70574d8375ed93a8c0abf) Importer(815301076,1909f56bfc062723c751e8b465ee728b)
Start importing Assets/SyntyStudios/PolygonCity/Models/SM_Prop_Aircon_01.fbx using Guid(3bc7921a1cf70574d8375ed93a8c0abf) Importer(815301076,1909f56bfc062723c751e8b465ee728b)  -> (artifact id: 'fc8cb6cc824f09766d37ce18e4bf9fcf') in 0.016029 seconds
Number of updated asset objects reloaded before import = 0
Number of asset objects unloaded after import = 7
========================================================================
Received Import Request.
  Time since last request: 0.004234 seconds.
  path: Assets/SyntyStudios/PolygonCity/Models/SM_Prop_ATM_01.fbx
  artifactKey: Guid(1a0516c444e57d74ead8cdd2fad24c3c) Importer(815301076,1909f56bfc062723c751e8b465ee728b)
Start importing Assets/SyntyStudios/PolygonCity/Models/SM_Prop_ATM_01.fbx using Guid(1a0516c444e57d74ead8cdd2fad24c3c) Importer(815301076,1909f56bfc062723c751e8b465ee728b)  -> (artifact id: '1b06744d62d8ae82bf9c13e8e3320732') in 0.018596 seconds
Number of updated asset objects reloaded before import = 0
Number of asset objects unloaded after import = 7
========================================================================
Received Import Request.
  Time since last request: 0.000017 seconds.
  path: Assets/SyntyStudios/PolygonCity/Models/SM_Prop_Billboard_Pole_01.fbx
  artifactKey: Guid(47eddd61ef5afcc4dbe6950be753f229) Importer(815301076,1909f56bfc062723c751e8b465ee728b)
Start importing Assets/SyntyStudios/PolygonCity/Models/SM_Prop_Billboard_Pole_01.fbx using Guid(47eddd61ef5afcc4dbe6950be753f229) Importer(815301076,1909f56bfc062723c751e8b465ee728b)  -> (artifact id: 'dbb1ee502e790bfdaead874bebb63e95') in 0.018130 seconds
Number of updated asset objects reloaded before import = 0
Number of asset objects unloaded after import = 7
========================================================================
Received Import Request.
  Time since last request: 0.000027 seconds.
  path: Assets/SyntyStudios/PolygonCity/Models/SM_Prop_Billboard_Sign_03.fbx
  artifactKey: Guid(3f5b541fabe8ff346b2597b1e81e3f06) Importer(815301076,1909f56bfc062723c751e8b465ee728b)
Start importing Assets/SyntyStudios/PolygonCity/Models/SM_Prop_Billboard_Sign_03.fbx using Guid(3f5b541fabe8ff346b2597b1e81e3f06) Importer(815301076,1909f56bfc062723c751e8b465ee728b)  -> (artifact id: '0e96916c111b82834b2ae8a6d7b81a0a') in 0.012136 seconds
Number of updated asset objects reloaded before import = 0
Number of asset objects unloaded after import = 7
========================================================================
Received Import Request.
  Time since last request: 0.174355 seconds.
  path: Assets/SyntyStudios/PolygonCity/Models/SM_Prop_Billboard_Sign_06.fbx
  artifactKey: Guid(0dbccc3738da3a543a017b523898229c) Importer(815301076,1909f56bfc062723c751e8b465ee728b)
Start importing Assets/SyntyStudios/PolygonCity/Models/SM_Prop_Billboard_Sign_06.fbx using Guid(0dbccc3738da3a543a017b523898229c) Importer(815301076,1909f56bfc062723c751e8b465ee728b)  -> (artifact id: '30cde8666d3883a27d5eb9bfa7f79c48') in 0.014562 seconds
Number of updated asset objects reloaded before import = 0
Number of asset objects unloaded after import = 7
========================================================================
Received Import Request.
  Time since last request: 0.000018 seconds.
  path: Assets/SyntyStudios/PolygonCity/Models/SM_Prop_BusStop_01.fbx
  artifactKey: Guid(1beca94c7e191af4da3b42a4db6c20ae) Importer(815301076,1909f56bfc062723c751e8b465ee728b)
Start importing Assets/SyntyStudios/PolygonCity/Models/SM_Prop_BusStop_01.fbx using Guid(1beca94c7e191af4da3b42a4db6c20ae) Importer(815301076,1909f56bfc062723c751e8b465ee728b)  -> (artifact id: '477d2969c0d677f9afea29e6a697407f') in 0.033960 seconds
Number of updated asset objects reloaded before import = 0
Number of asset objects unloaded after import = 12
========================================================================
Received Import Request.
  Time since last request: 0.000027 seconds.
  path: Assets/SyntyStudios/PolygonCity/Models/SM_Prop_CarboardBox_04.fbx
  artifactKey: Guid(85d7bb05d092af74db07798e0264e75e) Importer(815301076,1909f56bfc062723c751e8b465ee728b)
Start importing Assets/SyntyStudios/PolygonCity/Models/SM_Prop_CarboardBox_04.fbx using Guid(85d7bb05d092af74db07798e0264e75e) Importer(815301076,1909f56bfc062723c751e8b465ee728b)  -> (artifact id: '486be403d86e571ac335e94f01970dd8') in 0.063759 seconds
Number of updated asset objects reloaded before import = 0
Number of asset objects unloaded after import = 7
========================================================================
Received Import Request.
  Time since last request: 0.000034 seconds.
  path: Assets/SyntyStudios/PolygonCity/Models/SM_Prop_Cone_02.fbx
  artifactKey: Guid(8e297347e62e2944d9c28275a136ac24) Importer(815301076,1909f56bfc062723c751e8b465ee728b)
Start importing Assets/SyntyStudios/PolygonCity/Models/SM_Prop_Cone_02.fbx using Guid(8e297347e62e2944d9c28275a136ac24) Importer(815301076,1909f56bfc062723c751e8b465ee728b)  -> (artifact id: '5867e2908682ca29ec51fd21c05e5395') in 0.019218 seconds
Number of updated asset objects reloaded before import = 0
Number of asset objects unloaded after import = 7
========================================================================
Received Import Request.
  Time since last request: 0.000018 seconds.
  path: Assets/SyntyStudios/PolygonCity/Models/SM_Prop_Door_02.fbx
  artifactKey: Guid(29e5eda72fa200c4b88f59745735bd5a) Importer(815301076,1909f56bfc062723c751e8b465ee728b)
Start importing Assets/SyntyStudios/PolygonCity/Models/SM_Prop_Door_02.fbx using Guid(29e5eda72fa200c4b88f59745735bd5a) Importer(815301076,1909f56bfc062723c751e8b465ee728b)  -> (artifact id: '209547ac8bec7d8c99a260ba722d8912') in 0.021537 seconds
Number of updated asset objects reloaded before import = 0
Number of asset objects unloaded after import = 7
========================================================================
Received Import Request.
  Time since last request: 0.321708 seconds.
  path: Assets/SyntyStudios/PolygonCity/Models/SM_Prop_Hydrant_01.fbx
  artifactKey: Guid(5d9585ddf62280a47a3f3b307292f21e) Importer(815301076,1909f56bfc062723c751e8b465ee728b)
Start importing Assets/SyntyStudios/PolygonCity/Models/SM_Prop_Hydrant_01.fbx using Guid(5d9585ddf62280a47a3f3b307292f21e) Importer(815301076,1909f56bfc062723c751e8b465ee728b)  -> (artifact id: '7f621fb63fbc156e2d1ea52460831f32') in 0.027077 seconds
Number of updated asset objects reloaded before import = 0
Number of asset objects unloaded after import = 7
========================================================================
Received Import Request.
  Time since last request: 0.000020 seconds.
  path: Assets/SyntyStudios/PolygonCity/Models/SM_Prop_LargeSign_BowlingBall_01.fbx
  artifactKey: Guid(c7c278fb7b6a90243b01eaf42a855c62) Importer(815301076,1909f56bfc062723c751e8b465ee728b)
Start importing Assets/SyntyStudios/PolygonCity/Models/SM_Prop_LargeSign_BowlingBall_01.fbx using Guid(c7c278fb7b6a90243b01eaf42a855c62) Importer(815301076,1909f56bfc062723c751e8b465ee728b)  -> (artifact id: '6e29370c1a20785dc1df7e5d6393e778') in 0.026799 seconds
Number of updated asset objects reloaded before import = 0
Number of asset objects unloaded after import = 7
========================================================================
Received Import Request.
  Time since last request: 0.000023 seconds.
  path: Assets/SyntyStudios/PolygonCity/Models/SM_Prop_LargeSign_Donut_01.fbx
  artifactKey: Guid(ad3742527981bcd4ea197974c7711d95) Importer(815301076,1909f56bfc062723c751e8b465ee728b)
Start importing Assets/SyntyStudios/PolygonCity/Models/SM_Prop_LargeSign_Donut_01.fbx using Guid(ad3742527981bcd4ea197974c7711d95) Importer(815301076,1909f56bfc062723c751e8b465ee728b)  -> (artifact id: '331f5aa0d28d54c1d37f07af5cbe1af1') in 0.021406 seconds
Number of updated asset objects reloaded before import = 0
Number of asset objects unloaded after import = 7
========================================================================
Received Import Request.
  Time since last request: 0.000033 seconds.
  path: Assets/SyntyStudios/PolygonCity/Models/SM_Prop_LargeSign_Hotdog_01.fbx
  artifactKey: Guid(49babb1ffc0fd7d41a6254a9a6ea6d03) Importer(815301076,1909f56bfc062723c751e8b465ee728b)
Start importing Assets/SyntyStudios/PolygonCity/Models/SM_Prop_LargeSign_Hotdog_01.fbx using Guid(49babb1ffc0fd7d41a6254a9a6ea6d03) Importer(815301076,1909f56bfc062723c751e8b465ee728b)  -> (artifact id: 'b3723fec542b6c860b427f620061ec8a') in 0.022974 seconds
Number of updated asset objects reloaded before import = 0
Number of asset objects unloaded after import = 7
========================================================================
Received Import Request.
  Time since last request: 0.192641 seconds.
  path: Assets/SyntyStudios/PolygonCity/Models/SM_Prop_LargeSign_Milkshake_01.fbx
  artifactKey: Guid(84246483d39d37a45a763afb9bd56849) Importer(815301076,1909f56bfc062723c751e8b465ee728b)
Start importing Assets/SyntyStudios/PolygonCity/Models/SM_Prop_LargeSign_Milkshake_01.fbx using Guid(84246483d39d37a45a763afb9bd56849) Importer(815301076,1909f56bfc062723c751e8b465ee728b)  -> (artifact id: '4621e964ade1f5c939c63189b43043aa') in 0.021967 seconds
Number of updated asset objects reloaded before import = 0
Number of asset objects unloaded after import = 7
========================================================================
Received Import Request.
  Time since last request: 0.000018 seconds.
  path: Assets/SyntyStudios/PolygonCity/Models/SM_Prop_LargeSign_Popcorn_01.fbx
  artifactKey: Guid(c2db775d9aea9744ba5bf12c09480b1c) Importer(815301076,1909f56bfc062723c751e8b465ee728b)
Start importing Assets/SyntyStudios/PolygonCity/Models/SM_Prop_LargeSign_Popcorn_01.fbx using Guid(c2db775d9aea9744ba5bf12c09480b1c) Importer(815301076,1909f56bfc062723c751e8b465ee728b)  -> (artifact id: '75fe562e7ce58f0127b27ff976fb5e90') in 0.027464 seconds
Number of updated asset objects reloaded before import = 0
Number of asset objects unloaded after import = 7
========================================================================
Received Import Request.
  Time since last request: 0.000021 seconds.
  path: Assets/SyntyStudios/PolygonCity/Models/SM_Prop_LargeSign_Taco_01.fbx
  artifactKey: Guid(45611d1f4c3c1ac4d9835ef85919eb8e) Importer(815301076,1909f56bfc062723c751e8b465ee728b)
Start importing Assets/SyntyStudios/PolygonCity/Models/SM_Prop_LargeSign_Taco_01.fbx using Guid(45611d1f4c3c1ac4d9835ef85919eb8e) Importer(815301076,1909f56bfc062723c751e8b465ee728b)  -> (artifact id: '08a9050860ae3c0c682d4252b1ab520d') in 0.019322 seconds
Number of updated asset objects reloaded before import = 0
Number of asset objects unloaded after import = 7
========================================================================
Received Import Request.
  Time since last request: 0.000022 seconds.
  path: Assets/SyntyStudios/PolygonCity/Models/SM_Prop_LightPole_Base_01.fbx
  artifactKey: Guid(4f59a66caa51dd342a8ba246d9d0264f) Importer(815301076,1909f56bfc062723c751e8b465ee728b)
Start importing Assets/SyntyStudios/PolygonCity/Models/SM_Prop_LightPole_Base_01.fbx using Guid(4f59a66caa51dd342a8ba246d9d0264f) Importer(815301076,1909f56bfc062723c751e8b465ee728b)  -> (artifact id: '4ef8e790d7ace6d2dad345ebfdcbfc17') in 0.021316 seconds
Number of updated asset objects reloaded before import = 0
Number of asset objects unloaded after import = 7
========================================================================
Received Import Request.
  Time since last request: 1.237357 seconds.
  path: Assets/SyntyStudios/PolygonCity/Models/SM_Prop_LightPole_CrossLights_01.fbx
  artifactKey: Guid(3f89b1171e621dd4f99699d16c50e9bb) Importer(815301076,1909f56bfc062723c751e8b465ee728b)
Start importing Assets/SyntyStudios/PolygonCity/Models/SM_Prop_LightPole_CrossLights_01.fbx using Guid(3f89b1171e621dd4f99699d16c50e9bb) Importer(815301076,1909f56bfc062723c751e8b465ee728b)  -> (artifact id: '1b832ebaa764ca6b601a8bbcce7a990b') in 0.022095 seconds
Number of updated asset objects reloaded before import = 0
Number of asset objects unloaded after import = 7
========================================================================
Received Import Request.
  Time since last request: 0.000015 seconds.
  path: Assets/SyntyStudios/PolygonCity/Models/SM_Prop_Manhole_01.fbx
  artifactKey: Guid(dbbca7773291a2647aea17a83e39720a) Importer(815301076,1909f56bfc062723c751e8b465ee728b)
Start importing Assets/SyntyStudios/PolygonCity/Models/SM_Prop_Manhole_01.fbx using Guid(dbbca7773291a2647aea17a83e39720a) Importer(815301076,1909f56bfc062723c751e8b465ee728b)  -> (artifact id: '26aa07a440c04a3a44b72a95c8ca7906') in 0.022885 seconds
Number of updated asset objects reloaded before import = 0
Number of asset objects unloaded after import = 7
========================================================================
Received Import Request.
  Time since last request: 0.000013 seconds.
  path: Assets/SyntyStudios/PolygonCity/Models/SM_Prop_Paper_01.fbx
  artifactKey: Guid(53e09b135ce4f8d41a77e2e4d426e29a) Importer(815301076,1909f56bfc062723c751e8b465ee728b)
Start importing Assets/SyntyStudios/PolygonCity/Models/SM_Prop_Paper_01.fbx using Guid(53e09b135ce4f8d41a77e2e4d426e29a) Importer(815301076,1909f56bfc062723c751e8b465ee728b)  -> (artifact id: '9c75fbc3aad0bcf496540b7800c185e7') in 0.022940 seconds
Number of updated asset objects reloaded before import = 0
Number of asset objects unloaded after import = 7
========================================================================
Received Import Request.
  Time since last request: 0.000032 seconds.
  path: Assets/SyntyStudios/PolygonCity/Models/SM_Prop_Pallet_01.fbx
  artifactKey: Guid(e23d4b62aad159148848bd34bcb3a354) Importer(815301076,1909f56bfc062723c751e8b465ee728b)
Start importing Assets/SyntyStudios/PolygonCity/Models/SM_Prop_Pallet_01.fbx using Guid(e23d4b62aad159148848bd34bcb3a354) Importer(815301076,1909f56bfc062723c751e8b465ee728b)  -> (artifact id: 'fc9b793533b71be9128137abd3cf9de8') in 0.015578 seconds
Number of updated asset objects reloaded before import = 0
Number of asset objects unloaded after import = 7
Editor requested this worker to shutdown with reason: Scaling down because of idle timeout
TcpMessagingSession - receive error: operation aborted. errorcode: 995, details: La operación de E/S se anuló por una salida de subproceso o por una solicitud de aplicación.
AssetImportWorker is now disconnected from the server
Process exiting
Exiting without the bug reporter. Application will terminate with return code 0