Using pre-set license
Built from '2022.3/staging' branch; Version is '2022.3.13f1 (5f90a5ebde0f) revision 6262949'; Using compiler version '192829333'; Build Type 'Release'
OS: 'Windows 11  (10.0.22621) 64bit Professional' Language: 'es' Physical Memory: 32694 MB
BatchMode: 1, IsHumanControllingUs: 0, StartBugReporterOnCrash: 0, Is64bit: 1, IsPro: 1

COMMAND LINE ARGUMENTS:
D:\Unity\2022.3.13f1\Editor\Unity.exe
-adb2
-batchMode
-noUpm
-name
AssetImportWorker4
-projectPath
D:/Unity/Proyectos Unity/GameStudies
-logFile
Logs/AssetImportWorker4.log
-srvPort
53652
Successfully changed project path to: D:/Unity/Proyectos Unity/GameStudies
D:/Unity/Proyectos Unity/GameStudies
[UnityMemory] Configuration Parameters - Can be set up in boot.config
    "memorysetup-bucket-allocator-granularity=16"
    "memorysetup-bucket-allocator-bucket-count=8"
    "memorysetup-bucket-allocator-block-size=33554432"
    "memorysetup-bucket-allocator-block-count=8"
    "memorysetup-main-allocator-block-size=16777216"
    "memorysetup-thread-allocator-block-size=16777216"
    "memorysetup-gfx-main-allocator-block-size=16777216"
    "memorysetup-gfx-thread-allocator-block-size=16777216"
    "memorysetup-cache-allocator-block-size=4194304"
    "memorysetup-typetree-allocator-block-size=2097152"
    "memorysetup-profiler-bucket-allocator-granularity=16"
    "memorysetup-profiler-bucket-allocator-bucket-count=8"
    "memorysetup-profiler-bucket-allocator-block-size=33554432"
    "memorysetup-profiler-bucket-allocator-block-count=8"
    "memorysetup-profiler-allocator-block-size=16777216"
    "memorysetup-profiler-editor-allocator-block-size=1048576"
    "memorysetup-temp-allocator-size-main=16777216"
    "memorysetup-job-temp-allocator-block-size=2097152"
    "memorysetup-job-temp-allocator-block-size-background=1048576"
    "memorysetup-job-temp-allocator-reduction-small-platforms=262144"
    "memorysetup-allocator-temp-initial-block-size-main=262144"
    "memorysetup-allocator-temp-initial-block-size-worker=262144"
    "memorysetup-temp-allocator-size-background-worker=32768"
    "memorysetup-temp-allocator-size-job-worker=262144"
    "memorysetup-temp-allocator-size-preload-manager=33554432"
    "memorysetup-temp-allocator-size-nav-mesh-worker=65536"
    "memorysetup-temp-allocator-size-audio-worker=65536"
    "memorysetup-temp-allocator-size-cloud-worker=32768"
    "memorysetup-temp-allocator-size-gi-baking-worker=262144"
    "memorysetup-temp-allocator-size-gfx=262144"
Player connection [23096] Host "[IP] 192.168.1.2 [Port] 0 [Flags] 2 [Guid] 3381281849 [EditorId] 3381281849 [Version] 1048832 [Id] WindowsEditor(7,TorreDeJuan) [Debug] 1 [PackageName] WindowsEditor [ProjectName] Editor" joined multi-casting on [225.0.0.222:54997]...

Player connection [23096] Host "[IP] 192.168.1.2 [Port] 0 [Flags] 2 [Guid] 3381281849 [EditorId] 3381281849 [Version] 1048832 [Id] WindowsEditor(7,TorreDeJuan) [Debug] 1 [PackageName] WindowsEditor [ProjectName] Editor" joined alternative multi-casting on [225.0.0.222:34997]...

[Physics::Module] Initialized MultithreadedJobDispatcher with 11 workers.
Refreshing native plugins compatible for Editor in 7.52 ms, found 3 plugins.
Preloading 0 native plugins for Editor in 0.00 ms.
Initialize engine version: 2022.3.13f1 (5f90a5ebde0f)
[Subsystems] Discovering subsystems at path D:/Unity/2022.3.13f1/Editor/Data/Resources/UnitySubsystems
[Subsystems] Discovering subsystems at path D:/Unity/Proyectos Unity/GameStudies/Assets
GfxDevice: creating device client; threaded=0; jobified=0
Direct3D:
    Version:  Direct3D 11.0 [level 11.1]
    Renderer: NVIDIA GeForce GTX 1660 (ID=0x2184)
    Vendor:   NVIDIA
    VRAM:     5981 MB
    Driver:   31.0.15.4601
Initialize mono
Mono path[0] = 'D:/Unity/2022.3.13f1/Editor/Data/Managed'
Mono path[1] = 'D:/Unity/2022.3.13f1/Editor/Data/MonoBleedingEdge/lib/mono/unityjit-win32'
Mono config path = 'D:/Unity/2022.3.13f1/Editor/Data/MonoBleedingEdge/etc'
Using monoOptions --debugger-agent=transport=dt_socket,embedding=1,server=y,suspend=n,address=127.0.0.1:56776
Begin MonoManager ReloadAssembly
Registering precompiled unity dll's ...
Register platform support module: D:/Unity/2022.3.13f1/Editor/Data/PlaybackEngines/WebGLSupport/UnityEditor.WebGL.Extensions.dll
Register platform support module: D:/Unity/2022.3.13f1/Editor/Data/PlaybackEngines/WindowsStandaloneSupport/UnityEditor.WindowsStandalone.Extensions.dll
Registered in 0.003715 seconds.
- Loaded All Assemblies, in  0.366 seconds
Native extension for WindowsStandalone target not found
Native extension for WebGL target not found
Mono: successfully reloaded assembly
- Finished resetting the current domain, in  0.237 seconds
Domain Reload Profiling: 603ms
	BeginReloadAssembly (118ms)
		ExecutionOrderSort (0ms)
		DisableScriptedObjects (0ms)
		BackupInstance (0ms)
		ReleaseScriptingObjects (0ms)
		CreateAndSetChildDomain (1ms)
	RebuildCommonClasses (34ms)
	RebuildNativeTypeToScriptingClass (11ms)
	initialDomainReloadingComplete (45ms)
	LoadAllAssembliesAndSetupDomain (157ms)
		LoadAssemblies (118ms)
		RebuildTransferFunctionScriptingTraits (0ms)
		AnalyzeDomain (155ms)
			TypeCache.Refresh (153ms)
				TypeCache.ScanAssembly (137ms)
			ScanForSourceGeneratedMonoScriptInfo (1ms)
			ResolveRequiredComponents (1ms)
	FinalizeReload (237ms)
		ReleaseScriptCaches (0ms)
		RebuildScriptCaches (0ms)
		SetupLoadedEditorAssemblies (175ms)
			LogAssemblyErrors (0ms)
			InitializePlatformSupportModulesInManaged (10ms)
			SetLoadedEditorAssemblies (6ms)
			RefreshPlugins (0ms)
			BeforeProcessingInitializeOnLoad (2ms)
			ProcessInitializeOnLoadAttributes (114ms)
			ProcessInitializeOnLoadMethodAttributes (43ms)
			AfterProcessingInitializeOnLoad (0ms)
			EditorAssembliesLoaded (0ms)
		ExecutionOrderSort2 (0ms)
		AwakeInstancesAfterBackupRestoration (0ms)
========================================================================
Worker process is ready to serve import requests
Begin MonoManager ReloadAssembly
- Loaded All Assemblies, in  0.555 seconds
Refreshing native plugins compatible for Editor in 2.60 ms, found 3 plugins.
Native extension for WindowsStandalone target not found
Native extension for WebGL target not found
Package Manager log level set to [2]
[Package Manager] Server::EnsureServerProcessIsRunning -- launch failed, reason: Unity was launched with the -noUpm command-line argument
[Package Manager] UpmClient::Send -- Unable to send message (not connected to UPM process).
[Package Manager] Cannot connect to Unity Package Manager local server
Mono: successfully reloaded assembly
- Finished resetting the current domain, in  0.466 seconds
Domain Reload Profiling: 1022ms
	BeginReloadAssembly (139ms)
		ExecutionOrderSort (0ms)
		DisableScriptedObjects (5ms)
		BackupInstance (0ms)
		ReleaseScriptingObjects (0ms)
		CreateAndSetChildDomain (19ms)
	RebuildCommonClasses (32ms)
	RebuildNativeTypeToScriptingClass (12ms)
	initialDomainReloadingComplete (32ms)
	LoadAllAssembliesAndSetupDomain (339ms)
		LoadAssemblies (254ms)
		RebuildTransferFunctionScriptingTraits (0ms)
		AnalyzeDomain (171ms)
			TypeCache.Refresh (150ms)
				TypeCache.ScanAssembly (136ms)
			ScanForSourceGeneratedMonoScriptInfo (16ms)
			ResolveRequiredComponents (4ms)
	FinalizeReload (467ms)
		ReleaseScriptCaches (0ms)
		RebuildScriptCaches (0ms)
		SetupLoadedEditorAssemblies (345ms)
			LogAssemblyErrors (0ms)
			InitializePlatformSupportModulesInManaged (4ms)
			SetLoadedEditorAssemblies (3ms)
			RefreshPlugins (0ms)
			BeforeProcessingInitializeOnLoad (44ms)
			ProcessInitializeOnLoadAttributes (274ms)
			ProcessInitializeOnLoadMethodAttributes (17ms)
			AfterProcessingInitializeOnLoad (2ms)
			EditorAssembliesLoaded (0ms)
		ExecutionOrderSort2 (0ms)
		AwakeInstancesAfterBackupRestoration (5ms)
Launched and connected shader compiler UnityShaderCompiler.exe after 0.04 seconds
Refreshing native plugins compatible for Editor in 3.73 ms, found 3 plugins.
Preloading 0 native plugins for Editor in 0.00 ms.
Unloading 3133 Unused Serialized files (Serialized files now loaded: 0)
Unloading 32 unused Assets / (56.9 KB). Loaded Objects now: 3596.
Memory consumption went from 136.6 MB to 136.6 MB.
Total: 3.982100 ms (FindLiveObjects: 0.337600 ms CreateObjectMapping: 0.105200 ms MarkObjects: 3.399300 ms  DeleteObjects: 0.138800 ms)

AssetImportParameters requested are different than current active one (requested -> active):
  custom:container-demuxer-ogg: 62fdf1f143b41e24485cea50d1cbac27 -> 
  custom:video-codec-MediaFoundation-h265: 746d11721c4dcdbdad8f713fa42b33f4 -> 
  custom:video-decoder-ogg-theora: a1e56fd34408186e4bbccfd4996cb3dc -> 
  custom:framework-win-MediaFoundation: 216162199b28c13a410421893ffa2e32 -> 
  custom:CustomObjectIndexerAttribute: 756ad292c208cfabdd7b50bc23989ffe -> 
  custom:container-demuxer-webm: 4f35f7cbe854078d1ac9338744f61a02 -> 
  custom:container-muxer-webm: aa71ff27fc2769a1b78a27578f13a17b -> 
  custom:video-decoder-webm-vp8: 9c59270c3fd7afecdb556c50c9e8de78 -> 
  custom:SearchIndexIgnoredProperties: e643bd26f0fe6173181afceb89e7c659 -> 
  custom:AudioImporter_EditorPlatform: d09bf68614088b80899f8185d706f6e7 -> 
  custom:video-encoder-webm-vp8: eb34c28f22e8b96e1ab97ce403110664 -> 
  custom:audio-decoder-ogg-vorbis: bf7c407c2cedff20999df2af8eb42d56 -> 
  custom:audio-encoder-webm-vorbis: bf7c407c2cedff20999df2af8eb42d56 -> 
========================================================================
Received Import Request.
  Time since last request: 13531.031270 seconds.
  path: Assets/2D Platformer Tileset/Simple UI Pack/Sprites/Buttons/Control
  artifactKey: Guid(4b642f5aaaa5b834b84852cd62fcdc02) Importer(815301076,1909f56bfc062723c751e8b465ee728b)
Start importing Assets/2D Platformer Tileset/Simple UI Pack/Sprites/Buttons/Control using Guid(4b642f5aaaa5b834b84852cd62fcdc02) Importer(815301076,1909f56bfc062723c751e8b465ee728b)  -> (artifact id: '42e4129ec722526434613af18e697dce') in 0.002841 seconds
Number of updated asset objects reloaded before import = 0
Number of asset objects unloaded after import = 0
========================================================================
Received Import Request.
  Time since last request: 0.089979 seconds.
  path: Assets/2D Platformer Tileset/Simple UI Pack/Sprites/Buttons/Control/button_attack.png
  artifactKey: Guid(6f4372aaa66abf544a782bc52cd70b65) Importer(815301076,1909f56bfc062723c751e8b465ee728b)
Start importing Assets/2D Platformer Tileset/Simple UI Pack/Sprites/Buttons/Control/button_attack.png using Guid(6f4372aaa66abf544a782bc52cd70b65) Importer(815301076,1909f56bfc062723c751e8b465ee728b)  -> (artifact id: 'fc4a4ebcdac4d323a34d3f076c3418f5') in 0.102164 seconds
Number of updated asset objects reloaded before import = 0
Number of asset objects unloaded after import = 3
========================================================================
Received Import Request.
  Time since last request: 16.864496 seconds.
  path: Assets/Juego/Assets/Botones
  artifactKey: Guid(d24b0b1789a0c954aa773f25d4ac9785) Importer(815301076,1909f56bfc062723c751e8b465ee728b)
Start importing Assets/Juego/Assets/Botones using Guid(d24b0b1789a0c954aa773f25d4ac9785) Importer(815301076,1909f56bfc062723c751e8b465ee728b)  -> (artifact id: '71ac965d3f963da63002063d7315e2d5') in 0.000474 seconds
Number of updated asset objects reloaded before import = 0
Number of asset objects unloaded after import = 0
========================================================================
Received Import Request.
  Time since last request: 0.979956 seconds.
  path: Assets/Juego/Assets/Botones
  artifactKey: Guid(d24b0b1789a0c954aa773f25d4ac9785) Importer(2089858483,0ecaa5967403d082aa24f35e1b516d23)
Start importing Assets/Juego/Assets/Botones using Guid(d24b0b1789a0c954aa773f25d4ac9785) Importer(2089858483,0ecaa5967403d082aa24f35e1b516d23) Generated GUIDs only implemented for interfaces!
 -> (artifact id: '52db8521ee6f504e4d9006cf1dccb1c4') in 0.055762 seconds
Number of updated asset objects reloaded before import = 0
Number of asset objects unloaded after import = 1
========================================================================
Received Import Request.
  Time since last request: 1.098637 seconds.
  path: Assets/Juego/Assets/Botones/button_color_blue.png
  artifactKey: Guid(9840b12018273e34985ea55bd329cc49) Importer(815301076,1909f56bfc062723c751e8b465ee728b)
Start importing Assets/Juego/Assets/Botones/button_color_blue.png using Guid(9840b12018273e34985ea55bd329cc49) Importer(815301076,1909f56bfc062723c751e8b465ee728b)  -> (artifact id: 'd5db4bd3b7ffebac07e500986fcba9c6') in 0.011388 seconds
Number of updated asset objects reloaded before import = 0
Number of asset objects unloaded after import = 3
========================================================================
Received Import Request.
  Time since last request: 0.950822 seconds.
  path: Assets/Juego/Assets/Botones/button_color_blue.png
  artifactKey: Guid(9840b12018273e34985ea55bd329cc49) Importer(2089858483,0ecaa5967403d082aa24f35e1b516d23)
Start importing Assets/Juego/Assets/Botones/button_color_blue.png using Guid(9840b12018273e34985ea55bd329cc49) Importer(2089858483,0ecaa5967403d082aa24f35e1b516d23) Generated GUIDs only implemented for interfaces!
 -> (artifact id: '97930ef955bff11902cb4399da6c0407') in 0.087436 seconds
Number of updated asset objects reloaded before import = 0
Number of asset objects unloaded after import = 3
========================================================================
Received Import Request.
  Time since last request: 9.930255 seconds.
  path: Assets/TextMesh Pro/Examples & Extras/Resources/Fonts & Materials/Bangers SDF.asset
  artifactKey: Guid(125cb55b44b24c4393181402bc6200e6) Importer(815301076,1909f56bfc062723c751e8b465ee728b)
Start importing Assets/TextMesh Pro/Examples & Extras/Resources/Fonts & Materials/Bangers SDF.asset using Guid(125cb55b44b24c4393181402bc6200e6) Importer(815301076,1909f56bfc062723c751e8b465ee728b)  -> (artifact id: 'c7665e4d2ad4162b9ce43ec29d2b6f8f') in 0.094140 seconds
Number of updated asset objects reloaded before import = 0
Number of asset objects unloaded after import = 6
========================================================================
Received Import Request.
  Time since last request: 21.448411 seconds.
  path: Assets/Juego/Assets/Fuentes
  artifactKey: Guid(3f7f4963f53611f4a8cb9ce07ec62655) Importer(815301076,1909f56bfc062723c751e8b465ee728b)
Start importing Assets/Juego/Assets/Fuentes using Guid(3f7f4963f53611f4a8cb9ce07ec62655) Importer(815301076,1909f56bfc062723c751e8b465ee728b)  -> (artifact id: 'ef50dc7ece5475ee5ffc67f064346b4f') in 0.000489 seconds
Number of updated asset objects reloaded before import = 0
Number of asset objects unloaded after import = 0
========================================================================
Received Import Request.
  Time since last request: 0.979884 seconds.
  path: Assets/Juego/Assets/Fuentes
  artifactKey: Guid(3f7f4963f53611f4a8cb9ce07ec62655) Importer(2089858483,0ecaa5967403d082aa24f35e1b516d23)
Start importing Assets/Juego/Assets/Fuentes using Guid(3f7f4963f53611f4a8cb9ce07ec62655) Importer(2089858483,0ecaa5967403d082aa24f35e1b516d23) Generated GUIDs only implemented for interfaces!
 -> (artifact id: '3f7ffd17a9ba1e8b85619a483755b53a') in 0.007817 seconds
Number of updated asset objects reloaded before import = 0
Number of asset objects unloaded after import = 1
========================================================================
Received Import Request.
  Time since last request: 0.761636 seconds.
  path: Assets/Juego/Assets/Fuentes/Font
  artifactKey: Guid(1a06c034fbe069749818342f3d0f0975) Importer(815301076,1909f56bfc062723c751e8b465ee728b)
Start importing Assets/Juego/Assets/Fuentes/Font using Guid(1a06c034fbe069749818342f3d0f0975) Importer(815301076,1909f56bfc062723c751e8b465ee728b)  -> (artifact id: 'b553bba6b22612485f8602729ea34219') in 0.000455 seconds
Number of updated asset objects reloaded before import = 0
Number of asset objects unloaded after import = 0
========================================================================
Received Import Request.
  Time since last request: 0.969599 seconds.
  path: Assets/Juego/Assets/Fuentes/Font
  artifactKey: Guid(1a06c034fbe069749818342f3d0f0975) Importer(2089858483,0ecaa5967403d082aa24f35e1b516d23)
Start importing Assets/Juego/Assets/Fuentes/Font using Guid(1a06c034fbe069749818342f3d0f0975) Importer(2089858483,0ecaa5967403d082aa24f35e1b516d23) Generated GUIDs only implemented for interfaces!
 -> (artifact id: 'e2abacece0e967c1c7a2478032299a63') in 0.007793 seconds
Number of updated asset objects reloaded before import = 0
Number of asset objects unloaded after import = 1
========================================================================
Received Import Request.
  Time since last request: 2.175085 seconds.
  path: Assets/Juego/Assets/Fuentes/Font/Acme-Regular.ttf
  artifactKey: Guid(117bc158651de7a4c8197fa9644a0d54) Importer(815301076,1909f56bfc062723c751e8b465ee728b)
Start importing Assets/Juego/Assets/Fuentes/Font/Acme-Regular.ttf using Guid(117bc158651de7a4c8197fa9644a0d54) Importer(815301076,1909f56bfc062723c751e8b465ee728b)  -> (artifact id: 'ab5af3ee8cf7c9058f7ee16bedb45870') in 0.010697 seconds
Number of updated asset objects reloaded before import = 0
Number of asset objects unloaded after import = 4
========================================================================
Received Import Request.
  Time since last request: 3.304326 seconds.
  path: Assets/Juego/Assets/Fuentes/Acme-Regular.ttf
  artifactKey: Guid(117bc158651de7a4c8197fa9644a0d54) Importer(2089858483,0ecaa5967403d082aa24f35e1b516d23)
Start importing Assets/Juego/Assets/Fuentes/Acme-Regular.ttf using Guid(117bc158651de7a4c8197fa9644a0d54) Importer(2089858483,0ecaa5967403d082aa24f35e1b516d23) Generated GUIDs only implemented for interfaces!
 -> (artifact id: 'a55316886476ed311c18f69db4ce23bf') in 0.016045 seconds
Number of updated asset objects reloaded before import = 0
Number of asset objects unloaded after import = 3
========================================================================
Received Import Request.
  Time since last request: 81.813024 seconds.
  path: Assets/2D Platformer Tileset/Sprites/NPC/NPC_Blacksmith/Action_1/action1_00.png
  artifactKey: Guid(bb925e90a3c2e2a45a345be882fbb43f) Importer(815301076,1909f56bfc062723c751e8b465ee728b)
Start importing Assets/2D Platformer Tileset/Sprites/NPC/NPC_Blacksmith/Action_1/action1_00.png using Guid(bb925e90a3c2e2a45a345be882fbb43f) Importer(815301076,1909f56bfc062723c751e8b465ee728b)  -> (artifact id: '2cc2804d520a2c7159b2e3e7f6a188e6') in 0.021048 seconds
Number of updated asset objects reloaded before import = 0
Number of asset objects unloaded after import = 3
========================================================================
Received Import Request.
  Time since last request: 0.000021 seconds.
  path: Assets/2D Platformer Tileset/Sprites/NPC/NPC_Blacksmith/Action_1/action1_03.png
  artifactKey: Guid(feedea97652160943a9f633a7d919f4d) Importer(815301076,1909f56bfc062723c751e8b465ee728b)
Start importing Assets/2D Platformer Tileset/Sprites/NPC/NPC_Blacksmith/Action_1/action1_03.png using Guid(feedea97652160943a9f633a7d919f4d) Importer(815301076,1909f56bfc062723c751e8b465ee728b)  -> (artifact id: '918d1df329ae1f3688c91edd42395b55') in 0.020618 seconds
Number of updated asset objects reloaded before import = 0
Number of asset objects unloaded after import = 3
========================================================================
Received Import Request.
  Time since last request: 0.000018 seconds.
  path: Assets/2D Platformer Tileset/Sprites/NPC/NPC_Blacksmith/Action_1/action1_05.png
  artifactKey: Guid(fd0d3ad4767235448aa7191e8b64b630) Importer(815301076,1909f56bfc062723c751e8b465ee728b)
Start importing Assets/2D Platformer Tileset/Sprites/NPC/NPC_Blacksmith/Action_1/action1_05.png using Guid(fd0d3ad4767235448aa7191e8b64b630) Importer(815301076,1909f56bfc062723c751e8b465ee728b)  -> (artifact id: '60d67769071e7e06a1b2f082b4b98bc8') in 0.017747 seconds
Number of updated asset objects reloaded before import = 0
Number of asset objects unloaded after import = 3
========================================================================
Received Import Request.
  Time since last request: 0.000018 seconds.
  path: Assets/2D Platformer Tileset/Sprites/NPC/NPC_Blacksmith/Action_1/action1_06.png
  artifactKey: Guid(4e62a25cffff09148a5cfee50cfa08c2) Importer(815301076,1909f56bfc062723c751e8b465ee728b)
Start importing Assets/2D Platformer Tileset/Sprites/NPC/NPC_Blacksmith/Action_1/action1_06.png using Guid(4e62a25cffff09148a5cfee50cfa08c2) Importer(815301076,1909f56bfc062723c751e8b465ee728b)  -> (artifact id: '99710d48e9805e01e7aeb9237d34d4b5') in 0.016069 seconds
Number of updated asset objects reloaded before import = 0
Number of asset objects unloaded after import = 3
========================================================================
Received Import Request.
  Time since last request: 124.130918 seconds.
  path: Assets/TextMesh Pro/Examples & Extras/Resources/Fonts & Materials/Anton SDF.asset
  artifactKey: Guid(8a89fa14b10d46a99122fd4f73fca9a2) Importer(815301076,1909f56bfc062723c751e8b465ee728b)
Start importing Assets/TextMesh Pro/Examples & Extras/Resources/Fonts & Materials/Anton SDF.asset using Guid(8a89fa14b10d46a99122fd4f73fca9a2) Importer(815301076,1909f56bfc062723c751e8b465ee728b)  -> (artifact id: '4fe7713f649d8d05fa9448eaf3bc8466') in 0.018564 seconds
Number of updated asset objects reloaded before import = 0
Number of asset objects unloaded after import = 6
========================================================================
Received Import Request.
  Time since last request: 224.697234 seconds.
  path: Assets/Juego/Assets/Fuentes/Ghost Stories Deluxe.ttf
  artifactKey: Guid(f8f51da67b87e6147b3f5a942d2581e6) Importer(815301076,1909f56bfc062723c751e8b465ee728b)
Start importing Assets/Juego/Assets/Fuentes/Ghost Stories Deluxe.ttf using Guid(f8f51da67b87e6147b3f5a942d2581e6) Importer(815301076,1909f56bfc062723c751e8b465ee728b)  -> (artifact id: '6248646eafbad133c9aa733bf46be3c4') in 0.014128 seconds
Number of updated asset objects reloaded before import = 0
Number of asset objects unloaded after import = 4
========================================================================
Received Import Request.
  Time since last request: 0.968089 seconds.
  path: Assets/Juego/Assets/Fuentes/Ghost Stories Deluxe Italic.ttf
  artifactKey: Guid(028e1637e6b86a843af772be6345a5e3) Importer(2089858483,0ecaa5967403d082aa24f35e1b516d23)
Start importing Assets/Juego/Assets/Fuentes/Ghost Stories Deluxe Italic.ttf using Guid(028e1637e6b86a843af772be6345a5e3) Importer(2089858483,0ecaa5967403d082aa24f35e1b516d23) Generated GUIDs only implemented for interfaces!
 -> (artifact id: '58ec591c7d123a2498f7c796f9fc3eb8') in 0.012992 seconds
Number of updated asset objects reloaded before import = 0
Number of asset objects unloaded after import = 3
========================================================================
Received Import Request.
  Time since last request: 44.043047 seconds.
  path: Assets/Juego/Assets/Fuentes/Ghost Stories Deluxe Italic SDF.asset
  artifactKey: Guid(769c5727104391f47a895364100e8d97) Importer(815301076,1909f56bfc062723c751e8b465ee728b)
Start importing Assets/Juego/Assets/Fuentes/Ghost Stories Deluxe Italic SDF.asset using Guid(769c5727104391f47a895364100e8d97) Importer(815301076,1909f56bfc062723c751e8b465ee728b)  -> (artifact id: 'ec9af23660e1429ca5238b7f20849f08') in 0.071795 seconds
Number of updated asset objects reloaded before import = 0
Number of asset objects unloaded after import = 6
========================================================================
Received Import Request.
  Time since last request: 0.911224 seconds.
  path: Assets/Juego/Assets/Fuentes/Ghost Stories Deluxe SDF.asset
  artifactKey: Guid(0871a11476d30b94db43c7d235dc6367) Importer(2089858483,0ecaa5967403d082aa24f35e1b516d23)
Start importing Assets/Juego/Assets/Fuentes/Ghost Stories Deluxe SDF.asset using Guid(0871a11476d30b94db43c7d235dc6367) Importer(2089858483,0ecaa5967403d082aa24f35e1b516d23) Generated GUIDs only implemented for interfaces!
 -> (artifact id: '20f2406f452f7de29c6220e9344fe867') in 0.027473 seconds
Number of updated asset objects reloaded before import = 0
Number of asset objects unloaded after import = 5
========================================================================
Received Import Request.
  Time since last request: 190.348399 seconds.
  path: Assets/2D Platformer Tileset/Sprites/Objects/Vegetations/bush_3.png
  artifactKey: Guid(63389edad4ad4f24db8bf4c0cefb0aa6) Importer(815301076,1909f56bfc062723c751e8b465ee728b)
Start importing Assets/2D Platformer Tileset/Sprites/Objects/Vegetations/bush_3.png using Guid(63389edad4ad4f24db8bf4c0cefb0aa6) Importer(815301076,1909f56bfc062723c751e8b465ee728b)  -> (artifact id: '05c93615ca47afbf30034353bc6ad2e4') in 0.018520 seconds
Number of updated asset objects reloaded before import = 0
Number of asset objects unloaded after import = 3
========================================================================
Received Import Request.
  Time since last request: 0.197913 seconds.
  path: Assets/2D Platformer Tileset/Sprites/Objects/Vegetations/bush.png
  artifactKey: Guid(2585d20d18ff0014bae9d6a3823150f2) Importer(815301076,1909f56bfc062723c751e8b465ee728b)
Start importing Assets/2D Platformer Tileset/Sprites/Objects/Vegetations/bush.png using Guid(2585d20d18ff0014bae9d6a3823150f2) Importer(815301076,1909f56bfc062723c751e8b465ee728b)  -> (artifact id: '3c0fcf1f64b22f314328e310b3d10aa0') in 0.021703 seconds
Number of updated asset objects reloaded before import = 0
Number of asset objects unloaded after import = 3
========================================================================
Received Import Request.
  Time since last request: 0.000015 seconds.
  path: Assets/2D Platformer Tileset/Sprites/Objects/bulletin_board.png
  artifactKey: Guid(10d6c2129710ab342ac9c3ba1b5a4cd9) Importer(815301076,1909f56bfc062723c751e8b465ee728b)
Start importing Assets/2D Platformer Tileset/Sprites/Objects/bulletin_board.png using Guid(10d6c2129710ab342ac9c3ba1b5a4cd9) Importer(815301076,1909f56bfc062723c751e8b465ee728b)  -> (artifact id: '0d11b235da15a930987549c5b10902c5') in 0.021930 seconds
Number of updated asset objects reloaded before import = 0
Number of asset objects unloaded after import = 3
========================================================================
Received Import Request.
  Time since last request: 0.011854 seconds.
  path: Assets/2D Platformer Tileset/Sprites/Objects/bridge_support_left.png
  artifactKey: Guid(88e416621b196fc4f89a658b4a788ef6) Importer(815301076,1909f56bfc062723c751e8b465ee728b)
Start importing Assets/2D Platformer Tileset/Sprites/Objects/bridge_support_left.png using Guid(88e416621b196fc4f89a658b4a788ef6) Importer(815301076,1909f56bfc062723c751e8b465ee728b)  -> (artifact id: '4423e849198ad3b1a7fb328e72291e23') in 0.022379 seconds
Number of updated asset objects reloaded before import = 0
Number of asset objects unloaded after import = 3
========================================================================
Received Import Request.
  Time since last request: 0.013899 seconds.
  path: Assets/2D Platformer Tileset/Sprites/Objects/Dungeon_Props/bricks_3.png
  artifactKey: Guid(2d19cc383a34949489315a9400b50b49) Importer(815301076,1909f56bfc062723c751e8b465ee728b)
Start importing Assets/2D Platformer Tileset/Sprites/Objects/Dungeon_Props/bricks_3.png using Guid(2d19cc383a34949489315a9400b50b49) Importer(815301076,1909f56bfc062723c751e8b465ee728b)  -> (artifact id: '3a0e994dbe2874d0732114c51119b408') in 0.019432 seconds
Number of updated asset objects reloaded before import = 0
Number of asset objects unloaded after import = 3
========================================================================
Received Import Request.
  Time since last request: 0.145639 seconds.
  path: Assets/2D Platformer Tileset/Sprites/Objects/Dungeon_Props/bricks_1.png
  artifactKey: Guid(322e66e3f3c47694c80cbdd04b676369) Importer(815301076,1909f56bfc062723c751e8b465ee728b)
Start importing Assets/2D Platformer Tileset/Sprites/Objects/Dungeon_Props/bricks_1.png using Guid(322e66e3f3c47694c80cbdd04b676369) Importer(815301076,1909f56bfc062723c751e8b465ee728b)  -> (artifact id: '30ea5fdca085de35f84de60d7e567dfe') in 0.016060 seconds
Number of updated asset objects reloaded before import = 0
Number of asset objects unloaded after import = 3
========================================================================
Received Import Request.
  Time since last request: 0.015478 seconds.
  path: Assets/2D Platformer Tileset/Sprites/Animations/Barrel/break_08.png
  artifactKey: Guid(362ed62e2fafd404aae4435ab288f1d4) Importer(815301076,1909f56bfc062723c751e8b465ee728b)
Start importing Assets/2D Platformer Tileset/Sprites/Animations/Barrel/break_08.png using Guid(362ed62e2fafd404aae4435ab288f1d4) Importer(815301076,1909f56bfc062723c751e8b465ee728b)  -> (artifact id: 'f0dca49d9427918170b1b3b374ef9748') in 0.019382 seconds
Number of updated asset objects reloaded before import = 0
Number of asset objects unloaded after import = 3
========================================================================
Received Import Request.
  Time since last request: 0.015866 seconds.
  path: Assets/2D Platformer Tileset/Sprites/Animations/Barrel/break_07.png
  artifactKey: Guid(4f3a5ab4725ff4741b08e13f88eb3fbd) Importer(815301076,1909f56bfc062723c751e8b465ee728b)
Start importing Assets/2D Platformer Tileset/Sprites/Animations/Barrel/break_07.png using Guid(4f3a5ab4725ff4741b08e13f88eb3fbd) Importer(815301076,1909f56bfc062723c751e8b465ee728b)  -> (artifact id: 'bf1f6f8927fede74ed0e7d747d58cdb7') in 0.015425 seconds
Number of updated asset objects reloaded before import = 0
Number of asset objects unloaded after import = 3
========================================================================
Received Import Request.
  Time since last request: 158.266268 seconds.
  path: Assets/SyntyStudios/PolygonCity/Materials
  artifactKey: Guid(d83f616908a7ed8429a9b97d5c7c3859) Importer(815301076,1909f56bfc062723c751e8b465ee728b)
Start importing Assets/SyntyStudios/PolygonCity/Materials using Guid(d83f616908a7ed8429a9b97d5c7c3859) Importer(815301076,1909f56bfc062723c751e8b465ee728b)  -> (artifact id: 'd1c31940037b63e6c5a67376d5116462') in 0.000548 seconds
Number of updated asset objects reloaded before import = 0
Number of asset objects unloaded after import = 0
========================================================================
Received Import Request.
  Time since last request: 0.062097 seconds.
  path: Assets/SyntyStudios/PolygonCity/Materials/Billboard_Mat.mat
  artifactKey: Guid(53cf5c0ff424ff9458c56526516b63ec) Importer(815301076,1909f56bfc062723c751e8b465ee728b)
Start importing Assets/SyntyStudios/PolygonCity/Materials/Billboard_Mat.mat using Guid(53cf5c0ff424ff9458c56526516b63ec) Importer(815301076,1909f56bfc062723c751e8b465ee728b)  -> (artifact id: '0c329ea2b3c02064c0a995eef97081ba') in 0.225189 seconds
Number of updated asset objects reloaded before import = 0
Number of asset objects unloaded after import = 2
========================================================================
Received Import Request.
  Time since last request: 0.000019 seconds.
  path: Assets/SyntyStudios/PolygonCity/Materials/PolygonCity_Mat_Road_04.mat
  artifactKey: Guid(02e41622a0206f742af528cdf0da7485) Importer(815301076,1909f56bfc062723c751e8b465ee728b)
Start importing Assets/SyntyStudios/PolygonCity/Materials/PolygonCity_Mat_Road_04.mat using Guid(02e41622a0206f742af528cdf0da7485) Importer(815301076,1909f56bfc062723c751e8b465ee728b)  -> (artifact id: '4cf5174cdb7a9d3b54854187bbf12a3e') in 0.217086 seconds
Number of updated asset objects reloaded before import = 0
Number of asset objects unloaded after import = 3
========================================================================
Received Import Request.
  Time since last request: 0.000026 seconds.
  path: Assets/SyntyStudios/PolygonCity/Materials/PolygonCity_Mat_03_C.mat
  artifactKey: Guid(ac4517348fefb604bbf10afeb378a491) Importer(815301076,1909f56bfc062723c751e8b465ee728b)
Start importing Assets/SyntyStudios/PolygonCity/Materials/PolygonCity_Mat_03_C.mat using Guid(ac4517348fefb604bbf10afeb378a491) Importer(815301076,1909f56bfc062723c751e8b465ee728b)  -> (artifact id: 'b2edf5ba866174e6c993d396e9f7a2ce') in 0.224356 seconds
Number of updated asset objects reloaded before import = 0
Number of asset objects unloaded after import = 4
========================================================================
Received Import Request.
  Time since last request: 0.000023 seconds.
  path: Assets/SyntyStudios/PolygonCity/Materials/PolygonCity_Mat_01_C.mat
  artifactKey: Guid(c01b7c8cb1175b54aab24b670c2d58dd) Importer(815301076,1909f56bfc062723c751e8b465ee728b)
Start importing Assets/SyntyStudios/PolygonCity/Materials/PolygonCity_Mat_01_C.mat using Guid(c01b7c8cb1175b54aab24b670c2d58dd) Importer(815301076,1909f56bfc062723c751e8b465ee728b)  -> (artifact id: '4ebfd76c60c3a0c5dac0e7babe5c40e9') in 0.018852 seconds
Number of updated asset objects reloaded before import = 0
Number of asset objects unloaded after import = 4
========================================================================
Received Import Request.
  Time since last request: 0.000029 seconds.
  path: Assets/SyntyStudios/PolygonCity/Materials/PolygonCity_Mat_Road_03.mat
  artifactKey: Guid(832e3d44954de9c408d5cdcafc05fc9e) Importer(815301076,1909f56bfc062723c751e8b465ee728b)
Start importing Assets/SyntyStudios/PolygonCity/Materials/PolygonCity_Mat_Road_03.mat using Guid(832e3d44954de9c408d5cdcafc05fc9e) Importer(815301076,1909f56bfc062723c751e8b465ee728b)  -> (artifact id: '23f2ad90f002a0092492fb8a33ae2c76') in 0.014029 seconds
Number of updated asset objects reloaded before import = 0
Number of asset objects unloaded after import = 3
========================================================================
Received Import Request.
  Time since last request: 0.000022 seconds.
  path: Assets/SyntyStudios/PolygonCity/Materials/PolygonCity_Mat_02_A.mat
  artifactKey: Guid(49ef76ea47782eb4b93ac08b234fd6c3) Importer(815301076,1909f56bfc062723c751e8b465ee728b)
Start importing Assets/SyntyStudios/PolygonCity/Materials/PolygonCity_Mat_02_A.mat using Guid(49ef76ea47782eb4b93ac08b234fd6c3) Importer(815301076,1909f56bfc062723c751e8b465ee728b)  -> (artifact id: 'b0da1388cfda4f43da4c9333c874531d') in 0.018668 seconds
Number of updated asset objects reloaded before import = 0
Number of asset objects unloaded after import = 5
========================================================================
Received Import Request.
  Time since last request: 0.000026 seconds.
  path: Assets/SyntyStudios/PolygonCity/Materials/PolygonCity_Mat_03_A.mat
  artifactKey: Guid(97942cb5527e6f24eb8b8f5c86f8744d) Importer(815301076,1909f56bfc062723c751e8b465ee728b)
Start importing Assets/SyntyStudios/PolygonCity/Materials/PolygonCity_Mat_03_A.mat using Guid(97942cb5527e6f24eb8b8f5c86f8744d) Importer(815301076,1909f56bfc062723c751e8b465ee728b)  -> (artifact id: 'e47568648dbc78577e511ab104fac50e') in 0.019451 seconds
Number of updated asset objects reloaded before import = 0
Number of asset objects unloaded after import = 5
========================================================================
Received Import Request.
  Time since last request: 0.000016 seconds.
  path: Assets/SyntyStudios/PolygonCity/Materials/PolygonCity_Mat_01_B.mat
  artifactKey: Guid(a8e32d2cd442e564aa46c99f0ae7c0c8) Importer(815301076,1909f56bfc062723c751e8b465ee728b)
Start importing Assets/SyntyStudios/PolygonCity/Materials/PolygonCity_Mat_01_B.mat using Guid(a8e32d2cd442e564aa46c99f0ae7c0c8) Importer(815301076,1909f56bfc062723c751e8b465ee728b)  -> (artifact id: 'ab2c17300257655fc007b1d684466a7a') in 0.017520 seconds
Number of updated asset objects reloaded before import = 0
Number of asset objects unloaded after import = 4
========================================================================
Received Import Request.
  Time since last request: 0.000019 seconds.
  path: Assets/SyntyStudios/PolygonCity/Materials/PolygonCity_Glass_Veh_Mat.mat
  artifactKey: Guid(2d4d2ed696e5ade49ae50d4e19151de5) Importer(815301076,1909f56bfc062723c751e8b465ee728b)
Start importing Assets/SyntyStudios/PolygonCity/Materials/PolygonCity_Glass_Veh_Mat.mat using Guid(2d4d2ed696e5ade49ae50d4e19151de5) Importer(815301076,1909f56bfc062723c751e8b465ee728b)  -> (artifact id: '05449be8e36fd529906f53660034c746') in 0.197900 seconds
Number of updated asset objects reloaded before import = 0
Number of asset objects unloaded after import = 1
========================================================================
Received Import Request.
  Time since last request: 0.673060 seconds.
  path: Assets/SyntyStudios/PolygonCity/Models
  artifactKey: Guid(cca6ae8fbde694d4c8c7749e73ff2487) Importer(815301076,1909f56bfc062723c751e8b465ee728b)
Start importing Assets/SyntyStudios/PolygonCity/Models using Guid(cca6ae8fbde694d4c8c7749e73ff2487) Importer(815301076,1909f56bfc062723c751e8b465ee728b)  -> (artifact id: 'abe16ad05830a35a59fb4e40ef47cb30') in 0.000438 seconds
Number of updated asset objects reloaded before import = 0
Number of asset objects unloaded after import = 0
========================================================================
Received Import Request.
  Time since last request: 0.087942 seconds.
  path: Assets/SyntyStudios/PolygonCity/Models/Characters.fbx
  artifactKey: Guid(897b34267f422c1499700402763d096e) Importer(815301076,1909f56bfc062723c751e8b465ee728b)
Start importing Assets/SyntyStudios/PolygonCity/Models/Characters.fbx using Guid(897b34267f422c1499700402763d096e) Importer(815301076,1909f56bfc062723c751e8b465ee728b)  -> (artifact id: '4dca95f387fc797b3518439ab52e823b') in 0.245779 seconds
Number of updated asset objects reloaded before import = 0
Number of asset objects unloaded after import = 142
========================================================================
Received Import Request.
  Time since last request: 0.000068 seconds.
  path: Assets/SyntyStudios/PolygonCity/Models/SM_Bld_Apartment_Stairs_Planter_02.fbx
  artifactKey: Guid(ea6e40021f37f144fa8e4f7e623b42dc) Importer(815301076,1909f56bfc062723c751e8b465ee728b)
Start importing Assets/SyntyStudios/PolygonCity/Models/SM_Bld_Apartment_Stairs_Planter_02.fbx using Guid(ea6e40021f37f144fa8e4f7e623b42dc) Importer(815301076,1909f56bfc062723c751e8b465ee728b)  -> (artifact id: '1c8f12c3288c7b5cd036c29cce28e000') in 0.015867 seconds
Number of updated asset objects reloaded before import = 0
Number of asset objects unloaded after import = 7
========================================================================
Received Import Request.
  Time since last request: 0.000026 seconds.
  path: Assets/SyntyStudios/PolygonCity/Models/SM_Bld_OfficeOld_Large_Floor_01.fbx
  artifactKey: Guid(67df907a56f352442ad399bd23d94faf) Importer(815301076,1909f56bfc062723c751e8b465ee728b)
Start importing Assets/SyntyStudios/PolygonCity/Models/SM_Bld_OfficeOld_Large_Floor_01.fbx using Guid(67df907a56f352442ad399bd23d94faf) Importer(815301076,1909f56bfc062723c751e8b465ee728b)  -> (artifact id: 'ac229fda9810ef20e493ee5d3fb3c817') in 0.015319 seconds
Number of updated asset objects reloaded before import = 0
Number of asset objects unloaded after import = 7
========================================================================
Received Import Request.
  Time since last request: 0.000016 seconds.
  path: Assets/SyntyStudios/PolygonCity/Models/SM_Bld_Spire_01.fbx
  artifactKey: Guid(5aa957f68d38ec446a4d583b0fec6f60) Importer(815301076,1909f56bfc062723c751e8b465ee728b)
Start importing Assets/SyntyStudios/PolygonCity/Models/SM_Bld_Spire_01.fbx using Guid(5aa957f68d38ec446a4d583b0fec6f60) Importer(815301076,1909f56bfc062723c751e8b465ee728b)  -> (artifact id: 'd6d11ba21ffc1e72c9ec861cc22f7960') in 0.014105 seconds
Number of updated asset objects reloaded before import = 0
Number of asset objects unloaded after import = 7
========================================================================
Received Import Request.
  Time since last request: 0.000023 seconds.
  path: Assets/SyntyStudios/PolygonCity/Models/SM_Bld_Apartment_Roof_Corner_03.fbx
  artifactKey: Guid(d538fa79d8588ee42ab4601b7d0dfa49) Importer(815301076,1909f56bfc062723c751e8b465ee728b)
Start importing Assets/SyntyStudios/PolygonCity/Models/SM_Bld_Apartment_Roof_Corner_03.fbx using Guid(d538fa79d8588ee42ab4601b7d0dfa49) Importer(815301076,1909f56bfc062723c751e8b465ee728b)  -> (artifact id: '9e7463745227c765eef2e579630a8743') in 0.016501 seconds
Number of updated asset objects reloaded before import = 0
Number of asset objects unloaded after import = 7
========================================================================
Received Import Request.
  Time since last request: 0.000022 seconds.
  path: Assets/SyntyStudios/PolygonCity/Models/SM_Bld_Apartment_Stairs_01.fbx
  artifactKey: Guid(0beaec8e55b5039469901d884770d7e2) Importer(815301076,1909f56bfc062723c751e8b465ee728b)
Start importing Assets/SyntyStudios/PolygonCity/Models/SM_Bld_Apartment_Stairs_01.fbx using Guid(0beaec8e55b5039469901d884770d7e2) Importer(815301076,1909f56bfc062723c751e8b465ee728b)  -> (artifact id: '64d269caaf58300c966830eadd45c45a') in 0.018843 seconds
Number of updated asset objects reloaded before import = 0
Number of asset objects unloaded after import = 7
========================================================================
Received Import Request.
  Time since last request: 0.000025 seconds.
  path: Assets/SyntyStudios/PolygonCity/Models/SM_Env_Bridge_Edge_01.fbx
  artifactKey: Guid(be785ecb1f2526b4086b9ec3b75481f2) Importer(815301076,1909f56bfc062723c751e8b465ee728b)
Start importing Assets/SyntyStudios/PolygonCity/Models/SM_Env_Bridge_Edge_01.fbx using Guid(be785ecb1f2526b4086b9ec3b75481f2) Importer(815301076,1909f56bfc062723c751e8b465ee728b)  -> (artifact id: '977d61a4fed11006f6d586becf584477') in 0.019060 seconds
Number of updated asset objects reloaded before import = 0
Number of asset objects unloaded after import = 7
========================================================================
Received Import Request.
  Time since last request: 0.000018 seconds.
  path: Assets/SyntyStudios/PolygonCity/Models/SM_Bld_OfficeSquare_03.fbx
  artifactKey: Guid(445a221c4fea9cf4296c5bedd40aa0ba) Importer(815301076,1909f56bfc062723c751e8b465ee728b)
Start importing Assets/SyntyStudios/PolygonCity/Models/SM_Bld_OfficeSquare_03.fbx using Guid(445a221c4fea9cf4296c5bedd40aa0ba) Importer(815301076,1909f56bfc062723c751e8b465ee728b)  -> (artifact id: '4fc8423f85ff210446c67e8e96a52d58') in 0.016647 seconds
Number of updated asset objects reloaded before import = 0
Number of asset objects unloaded after import = 7
========================================================================
Received Import Request.
  Time since last request: 0.000019 seconds.
  path: Assets/SyntyStudios/PolygonCity/Models/SM_Bld_Apartment_Roof_Corner_01.fbx
  artifactKey: Guid(bbde8de1b2547d54cb932fa9ac4ce702) Importer(815301076,1909f56bfc062723c751e8b465ee728b)
Start importing Assets/SyntyStudios/PolygonCity/Models/SM_Bld_Apartment_Roof_Corner_01.fbx using Guid(bbde8de1b2547d54cb932fa9ac4ce702) Importer(815301076,1909f56bfc062723c751e8b465ee728b)  -> (artifact id: '5190ac8ae5eb82742319e7b4033cc8a0') in 0.017227 seconds
Number of updated asset objects reloaded before import = 0
Number of asset objects unloaded after import = 7
========================================================================
Received Import Request.
  Time since last request: 0.000017 seconds.
  path: Assets/SyntyStudios/PolygonCity/Models/SM_Bld_Shop_Cover_02.fbx
  artifactKey: Guid(1ff02d60dcd4dc84ab0232c49a6bceb7) Importer(815301076,1909f56bfc062723c751e8b465ee728b)
Start importing Assets/SyntyStudios/PolygonCity/Models/SM_Bld_Shop_Cover_02.fbx using Guid(1ff02d60dcd4dc84ab0232c49a6bceb7) Importer(815301076,1909f56bfc062723c751e8b465ee728b)  -> (artifact id: 'c7d45f056fafe4118a82b6889c01864b') in 0.014384 seconds
Number of updated asset objects reloaded before import = 0
Number of asset objects unloaded after import = 7
========================================================================
Received Import Request.
  Time since last request: 0.000024 seconds.
  path: Assets/SyntyStudios/PolygonCity/Models/SM_Bld_Shop_Cover_05.fbx
  artifactKey: Guid(7527607bd8ad1944f8b80bdd85fecab6) Importer(815301076,1909f56bfc062723c751e8b465ee728b)
Start importing Assets/SyntyStudios/PolygonCity/Models/SM_Bld_Shop_Cover_05.fbx using Guid(7527607bd8ad1944f8b80bdd85fecab6) Importer(815301076,1909f56bfc062723c751e8b465ee728b)  -> (artifact id: 'e91598ce7c90c39a837555914d98db18') in 0.013477 seconds
Number of updated asset objects reloaded before import = 0
Number of asset objects unloaded after import = 7
========================================================================
Received Import Request.
  Time since last request: 0.000026 seconds.
  path: Assets/SyntyStudios/PolygonCity/Models/SM_Bld_Shop_06.fbx
  artifactKey: Guid(c618fb9b55da6284a8d11a0498208066) Importer(815301076,1909f56bfc062723c751e8b465ee728b)
Start importing Assets/SyntyStudios/PolygonCity/Models/SM_Bld_Shop_06.fbx using Guid(c618fb9b55da6284a8d11a0498208066) Importer(815301076,1909f56bfc062723c751e8b465ee728b)  -> (artifact id: '5a440c83ffc3f61aae1b6c5b8a7e679d') in 0.014091 seconds
Number of updated asset objects reloaded before import = 0
Number of asset objects unloaded after import = 7
========================================================================
Received Import Request.
  Time since last request: 0.000017 seconds.
  path: Assets/SyntyStudios/PolygonCity/Models/SM_Bld_Shop_Corner_02.fbx
  artifactKey: Guid(1e49b63f0f0c0864e997789a8d3d01be) Importer(815301076,1909f56bfc062723c751e8b465ee728b)
Start importing Assets/SyntyStudios/PolygonCity/Models/SM_Bld_Shop_Corner_02.fbx using Guid(1e49b63f0f0c0864e997789a8d3d01be) Importer(815301076,1909f56bfc062723c751e8b465ee728b)  -> (artifact id: '004dfa8931a9e917c356ead100b89692') in 0.023147 seconds
Number of updated asset objects reloaded before import = 0
Number of asset objects unloaded after import = 12
========================================================================
Received Import Request.
  Time since last request: 0.000017 seconds.
  path: Assets/SyntyStudios/PolygonCity/Models/SM_Bld_Apartment_Corner_01.fbx
  artifactKey: Guid(06d3ff1c6175c8447aef8efdf3667d75) Importer(815301076,1909f56bfc062723c751e8b465ee728b)
Start importing Assets/SyntyStudios/PolygonCity/Models/SM_Bld_Apartment_Corner_01.fbx using Guid(06d3ff1c6175c8447aef8efdf3667d75) Importer(815301076,1909f56bfc062723c751e8b465ee728b)  -> (artifact id: '5799d90a230cb095287878d24aea20d2') in 0.014796 seconds
Number of updated asset objects reloaded before import = 0
Number of asset objects unloaded after import = 7
========================================================================
Received Import Request.
  Time since last request: 0.000021 seconds.
  path: Assets/SyntyStudios/PolygonCity/Models/SM_Bld_Shop_02.fbx
  artifactKey: Guid(88e975ccc0a823e45881be9718fd83de) Importer(815301076,1909f56bfc062723c751e8b465ee728b)
Start importing Assets/SyntyStudios/PolygonCity/Models/SM_Bld_Shop_02.fbx using Guid(88e975ccc0a823e45881be9718fd83de) Importer(815301076,1909f56bfc062723c751e8b465ee728b)  -> (artifact id: 'd309574d8e802f9eb11c31c63f78a8be') in 0.020559 seconds
Number of updated asset objects reloaded before import = 0
Number of asset objects unloaded after import = 12
========================================================================
Received Import Request.
  Time since last request: 0.000023 seconds.
  path: Assets/SyntyStudios/PolygonCity/Models/SM_Bld_Apartment_02.fbx
  artifactKey: Guid(7e542005a33c314419c59e77105281fe) Importer(815301076,1909f56bfc062723c751e8b465ee728b)
Start importing Assets/SyntyStudios/PolygonCity/Models/SM_Bld_Apartment_02.fbx using Guid(7e542005a33c314419c59e77105281fe) Importer(815301076,1909f56bfc062723c751e8b465ee728b)  -> (artifact id: 'b844d75d7c7332aba242261a7cd66428') in 0.015265 seconds
Number of updated asset objects reloaded before import = 0
Number of asset objects unloaded after import = 7
========================================================================
Received Import Request.
  Time since last request: 0.000023 seconds.
  path: Assets/SyntyStudios/PolygonCity/Models/SM_Bld_OfficeRound_04.fbx
  artifactKey: Guid(d827d378d5e2eba45a6867d7348f22f3) Importer(815301076,1909f56bfc062723c751e8b465ee728b)
Start importing Assets/SyntyStudios/PolygonCity/Models/SM_Bld_OfficeRound_04.fbx using Guid(d827d378d5e2eba45a6867d7348f22f3) Importer(815301076,1909f56bfc062723c751e8b465ee728b)  -> (artifact id: '49e3e4dd226a899646d478a6665fe30d') in 0.013444 seconds
Number of updated asset objects reloaded before import = 0
Number of asset objects unloaded after import = 7
========================================================================
Received Import Request.
  Time since last request: 0.000015 seconds.
  path: Assets/SyntyStudios/PolygonCity/Models/SM_Bld_Apartment_Stairs_Planter_01.fbx
  artifactKey: Guid(ff5cbf6f60105054b93e3851b435ab4b) Importer(815301076,1909f56bfc062723c751e8b465ee728b)
Start importing Assets/SyntyStudios/PolygonCity/Models/SM_Bld_Apartment_Stairs_Planter_01.fbx using Guid(ff5cbf6f60105054b93e3851b435ab4b) Importer(815301076,1909f56bfc062723c751e8b465ee728b)  -> (artifact id: 'f875d74b7603ae88fee0043f06f8e6d2') in 0.016560 seconds
Number of updated asset objects reloaded before import = 0
Number of asset objects unloaded after import = 7
========================================================================
Received Import Request.
  Time since last request: 0.000017 seconds.
  path: Assets/SyntyStudios/PolygonCity/Models/SM_Bld_OfficeOld_Large_Roof_01.fbx
  artifactKey: Guid(bdc3503f533aa6f459eaa8ec14ede7f1) Importer(815301076,1909f56bfc062723c751e8b465ee728b)
Start importing Assets/SyntyStudios/PolygonCity/Models/SM_Bld_OfficeOld_Large_Roof_01.fbx using Guid(bdc3503f533aa6f459eaa8ec14ede7f1) Importer(815301076,1909f56bfc062723c751e8b465ee728b)  -> (artifact id: 'fc92833c75a7ed5c353dda3bcf47b258') in 0.015106 seconds
Number of updated asset objects reloaded before import = 0
Number of asset objects unloaded after import = 7
========================================================================
Received Import Request.
  Time since last request: 0.000017 seconds.
  path: Assets/SyntyStudios/PolygonCity/Models/SM_Bld_Apartment_Stairs_Corner_01.fbx
  artifactKey: Guid(35bc2f51d3d7aae41adf7ae636dbd289) Importer(815301076,1909f56bfc062723c751e8b465ee728b)
Start importing Assets/SyntyStudios/PolygonCity/Models/SM_Bld_Apartment_Stairs_Corner_01.fbx using Guid(35bc2f51d3d7aae41adf7ae636dbd289) Importer(815301076,1909f56bfc062723c751e8b465ee728b)  -> (artifact id: 'ea992d79ce47499d208b461a9dbf2c6a') in 0.013869 seconds
Number of updated asset objects reloaded before import = 0
Number of asset objects unloaded after import = 7
========================================================================
Received Import Request.
  Time since last request: 0.000017 seconds.
  path: Assets/SyntyStudios/PolygonCity/Models/SM_Bld_Apartment_Stairs_03.fbx
  artifactKey: Guid(8ed874164139d9e44b53c643fb440d7b) Importer(815301076,1909f56bfc062723c751e8b465ee728b)
Start importing Assets/SyntyStudios/PolygonCity/Models/SM_Bld_Apartment_Stairs_03.fbx using Guid(8ed874164139d9e44b53c643fb440d7b) Importer(815301076,1909f56bfc062723c751e8b465ee728b)  -> (artifact id: '7ec4f3f3a1944dd5c5cff7dff558649e') in 0.016651 seconds
Number of updated asset objects reloaded before import = 0
Number of asset objects unloaded after import = 7
========================================================================
Received Import Request.
  Time since last request: 0.000021 seconds.
  path: Assets/SyntyStudios/PolygonCity/Models/SM_Bld_Shop_Cover_03.fbx
  artifactKey: Guid(39fd12d83ae175a40bf1b85cd999bd1a) Importer(815301076,1909f56bfc062723c751e8b465ee728b)
Start importing Assets/SyntyStudios/PolygonCity/Models/SM_Bld_Shop_Cover_03.fbx using Guid(39fd12d83ae175a40bf1b85cd999bd1a) Importer(815301076,1909f56bfc062723c751e8b465ee728b)  -> (artifact id: '4bef86ae03794c33fb49de6d0dcfa4e8') in 0.016588 seconds
Number of updated asset objects reloaded before import = 0
Number of asset objects unloaded after import = 7
========================================================================
Received Import Request.
  Time since last request: 0.000019 seconds.
  path: Assets/SyntyStudios/PolygonCity/Models/SM_Bld_OfficeRound_Roof_01.fbx
  artifactKey: Guid(64d51cb3a511a9d4282ca944fdc00faa) Importer(815301076,1909f56bfc062723c751e8b465ee728b)
Start importing Assets/SyntyStudios/PolygonCity/Models/SM_Bld_OfficeRound_Roof_01.fbx using Guid(64d51cb3a511a9d4282ca944fdc00faa) Importer(815301076,1909f56bfc062723c751e8b465ee728b)  -> (artifact id: '1106b1cc73fe66a8cf81465f205349d5') in 0.015831 seconds
Number of updated asset objects reloaded before import = 0
Number of asset objects unloaded after import = 7
========================================================================
Received Import Request.
  Time since last request: 0.000026 seconds.
  path: Assets/SyntyStudios/PolygonCity/Models/SM_Bld_OfficeOld_Large_02.fbx
  artifactKey: Guid(478293f9216023149a616987abc93aa7) Importer(815301076,1909f56bfc062723c751e8b465ee728b)
Start importing Assets/SyntyStudios/PolygonCity/Models/SM_Bld_OfficeOld_Large_02.fbx using Guid(478293f9216023149a616987abc93aa7) Importer(815301076,1909f56bfc062723c751e8b465ee728b)  -> (artifact id: '890a5f9d2eaaffa401ac7a04bb110d2c') in 0.015764 seconds
Number of updated asset objects reloaded before import = 0
Number of asset objects unloaded after import = 7
========================================================================
Received Import Request.
  Time since last request: 0.000019 seconds.
  path: Assets/SyntyStudios/PolygonCity/Models/SM_Bld_Apartment_Roof_02.fbx
  artifactKey: Guid(099ca36ee26636c4594f1f502ff193b5) Importer(815301076,1909f56bfc062723c751e8b465ee728b)
Start importing Assets/SyntyStudios/PolygonCity/Models/SM_Bld_Apartment_Roof_02.fbx using Guid(099ca36ee26636c4594f1f502ff193b5) Importer(815301076,1909f56bfc062723c751e8b465ee728b)  -> (artifact id: '0a4ce3cd33c218c823722045ae2aee27') in 0.015005 seconds
Number of updated asset objects reloaded before import = 0
Number of asset objects unloaded after import = 7
========================================================================
Received Import Request.
  Time since last request: 0.000017 seconds.
  path: Assets/SyntyStudios/PolygonCity/Models/SM_Bld_Apartment_Door_Corner_01.fbx
  artifactKey: Guid(f35208ca6691ecf4a8d08eeaaa90beda) Importer(815301076,1909f56bfc062723c751e8b465ee728b)
Start importing Assets/SyntyStudios/PolygonCity/Models/SM_Bld_Apartment_Door_Corner_01.fbx using Guid(f35208ca6691ecf4a8d08eeaaa90beda) Importer(815301076,1909f56bfc062723c751e8b465ee728b)  -> (artifact id: '17bc181d36bd388d8d3624d873877f04') in 0.016548 seconds
Number of updated asset objects reloaded before import = 0
Number of asset objects unloaded after import = 7
========================================================================
Received Import Request.
  Time since last request: 0.000027 seconds.
  path: Assets/SyntyStudios/PolygonCity/Models/SM_Bld_Shop_Cover_04.fbx
  artifactKey: Guid(8039f4a8add4c31439927020a862d765) Importer(815301076,1909f56bfc062723c751e8b465ee728b)
Start importing Assets/SyntyStudios/PolygonCity/Models/SM_Bld_Shop_Cover_04.fbx using Guid(8039f4a8add4c31439927020a862d765) Importer(815301076,1909f56bfc062723c751e8b465ee728b)  -> (artifact id: 'b2083ec791bd67edd8fb6887ee426294') in 0.016648 seconds
Number of updated asset objects reloaded before import = 0
Number of asset objects unloaded after import = 7
========================================================================
Received Import Request.
  Time since last request: 0.000020 seconds.
  path: Assets/SyntyStudios/PolygonCity/Models/SM_Bld_Apartment_Roof_03.fbx
  artifactKey: Guid(1680ed3bbc402e245983636443985aff) Importer(815301076,1909f56bfc062723c751e8b465ee728b)
Start importing Assets/SyntyStudios/PolygonCity/Models/SM_Bld_Apartment_Roof_03.fbx using Guid(1680ed3bbc402e245983636443985aff) Importer(815301076,1909f56bfc062723c751e8b465ee728b)  -> (artifact id: '2fbc16e8a5571ec0f5a381df688b50cf') in 0.016207 seconds
Number of updated asset objects reloaded before import = 0
Number of asset objects unloaded after import = 7
========================================================================
Received Import Request.
  Time since last request: 0.000021 seconds.
  path: Assets/SyntyStudios/PolygonCity/Models/SM_Env_Bridge_Pillar_01.fbx
  artifactKey: Guid(c192f5bb29ae7ce4f881593bb1968c80) Importer(815301076,1909f56bfc062723c751e8b465ee728b)
Start importing Assets/SyntyStudios/PolygonCity/Models/SM_Env_Bridge_Pillar_01.fbx using Guid(c192f5bb29ae7ce4f881593bb1968c80) Importer(815301076,1909f56bfc062723c751e8b465ee728b)  -> (artifact id: '2b2d1981c360bb8f532730b503e25e6e') in 0.015551 seconds
Number of updated asset objects reloaded before import = 0
Number of asset objects unloaded after import = 7
========================================================================
Received Import Request.
  Time since last request: 0.000027 seconds.
  path: Assets/SyntyStudios/PolygonCity/Models/SM_Bld_OfficeRound_03.fbx
  artifactKey: Guid(ee06d42c7e708844c9442c11a25d3a0c) Importer(815301076,1909f56bfc062723c751e8b465ee728b)
Start importing Assets/SyntyStudios/PolygonCity/Models/SM_Bld_OfficeRound_03.fbx using Guid(ee06d42c7e708844c9442c11a25d3a0c) Importer(815301076,1909f56bfc062723c751e8b465ee728b)  -> (artifact id: 'd9d920b2a97cd5aeab249158187201a2') in 0.014345 seconds
Number of updated asset objects reloaded before import = 0
Number of asset objects unloaded after import = 7
========================================================================
Received Import Request.
  Time since last request: 0.000018 seconds.
  path: Assets/SyntyStudios/PolygonCity/Models/SM_Bld_OfficeOld_Small_Floor_01.fbx
  artifactKey: Guid(0b7e3566e3869724ca4b6d9e449e2e8f) Importer(815301076,1909f56bfc062723c751e8b465ee728b)
Start importing Assets/SyntyStudios/PolygonCity/Models/SM_Bld_OfficeOld_Small_Floor_01.fbx using Guid(0b7e3566e3869724ca4b6d9e449e2e8f) Importer(815301076,1909f56bfc062723c751e8b465ee728b)  -> (artifact id: '3446702fee93cd705453b22abc1e31ec') in 0.015606 seconds
Number of updated asset objects reloaded before import = 0
Number of asset objects unloaded after import = 7
========================================================================
Received Import Request.
  Time since last request: 0.000017 seconds.
  path: Assets/SyntyStudios/PolygonCity/Models/SM_Bld_Apartment_Corner_02.fbx
  artifactKey: Guid(7d25cfa8321eccd438d23d1194e46bd9) Importer(815301076,1909f56bfc062723c751e8b465ee728b)
Start importing Assets/SyntyStudios/PolygonCity/Models/SM_Bld_Apartment_Corner_02.fbx using Guid(7d25cfa8321eccd438d23d1194e46bd9) Importer(815301076,1909f56bfc062723c751e8b465ee728b)  -> (artifact id: '40f152eb6287999f815967f8aa96ccfd') in 0.016097 seconds
Number of updated asset objects reloaded before import = 0
Number of asset objects unloaded after import = 7
========================================================================
Received Import Request.
  Time since last request: 0.000028 seconds.
  path: Assets/SyntyStudios/PolygonCity/Models/SM_Bld_Apartment_Stack_02.fbx
  artifactKey: Guid(9722dd2ac8fdbbb4aa8de708ed3effa5) Importer(815301076,1909f56bfc062723c751e8b465ee728b)
Start importing Assets/SyntyStudios/PolygonCity/Models/SM_Bld_Apartment_Stack_02.fbx using Guid(9722dd2ac8fdbbb4aa8de708ed3effa5) Importer(815301076,1909f56bfc062723c751e8b465ee728b)  -> (artifact id: '1557322d0c6401a2894c05a0d7d190b6') in 0.015534 seconds
Number of updated asset objects reloaded before import = 0
Number of asset objects unloaded after import = 7
========================================================================
Received Import Request.
  Time since last request: 0.000015 seconds.
  path: Assets/SyntyStudios/PolygonCity/Models/SM_Bld_OfficeOctagon_Roof_01.fbx
  artifactKey: Guid(208b49ebb94e8974ebc6f5df383f73c3) Importer(815301076,1909f56bfc062723c751e8b465ee728b)
Start importing Assets/SyntyStudios/PolygonCity/Models/SM_Bld_OfficeOctagon_Roof_01.fbx using Guid(208b49ebb94e8974ebc6f5df383f73c3) Importer(815301076,1909f56bfc062723c751e8b465ee728b)  -> (artifact id: 'c77a9f39f2e840b3b1fa8ec0935f33cf') in 0.015090 seconds
Number of updated asset objects reloaded before import = 0
Number of asset objects unloaded after import = 7
========================================================================
Received Import Request.
  Time since last request: 0.000019 seconds.
  path: Assets/SyntyStudios/PolygonCity/Models/SM_Bld_OfficeSquare_Roof_01.fbx
  artifactKey: Guid(846da82b18a9c344e81e6d8ff9f4c204) Importer(815301076,1909f56bfc062723c751e8b465ee728b)
Start importing Assets/SyntyStudios/PolygonCity/Models/SM_Bld_OfficeSquare_Roof_01.fbx using Guid(846da82b18a9c344e81e6d8ff9f4c204) Importer(815301076,1909f56bfc062723c751e8b465ee728b)  -> (artifact id: '86f9b78f2e3c3f7df00defab270c95f6') in 0.014981 seconds
Number of updated asset objects reloaded before import = 0
Number of asset objects unloaded after import = 7
========================================================================
Received Import Request.
  Time since last request: 0.000017 seconds.
  path: Assets/SyntyStudios/PolygonCity/Models/SM_Bld_FireEscape_03.fbx
  artifactKey: Guid(59006a4f2d7571643a502d2171ef2eff) Importer(815301076,1909f56bfc062723c751e8b465ee728b)
Start importing Assets/SyntyStudios/PolygonCity/Models/SM_Bld_FireEscape_03.fbx using Guid(59006a4f2d7571643a502d2171ef2eff) Importer(815301076,1909f56bfc062723c751e8b465ee728b)  -> (artifact id: 'a4ef162fa7546f52c5c8a2a70dc5b101') in 0.015890 seconds
Number of updated asset objects reloaded before import = 0
Number of asset objects unloaded after import = 7
========================================================================
Received Import Request.
  Time since last request: 0.000054 seconds.
  path: Assets/SyntyStudios/PolygonCity/Models/SM_Bld_Apartment_Door_01.fbx
  artifactKey: Guid(b4e92f91613439040b43108a49a4f3b3) Importer(815301076,1909f56bfc062723c751e8b465ee728b)
Start importing Assets/SyntyStudios/PolygonCity/Models/SM_Bld_Apartment_Door_01.fbx using Guid(b4e92f91613439040b43108a49a4f3b3) Importer(815301076,1909f56bfc062723c751e8b465ee728b)  -> (artifact id: '4a33ba67b25a3386874448dd4be5456c') in 0.015437 seconds
Number of updated asset objects reloaded before import = 0
Number of asset objects unloaded after import = 7
========================================================================
Received Import Request.
  Time since last request: 0.000019 seconds.
  path: Assets/SyntyStudios/PolygonCity/Models/SM_Bld_Apartment_Stack_01.fbx
  artifactKey: Guid(702411931968ddf488d1b4a073900bce) Importer(815301076,1909f56bfc062723c751e8b465ee728b)
Start importing Assets/SyntyStudios/PolygonCity/Models/SM_Bld_Apartment_Stack_01.fbx using Guid(702411931968ddf488d1b4a073900bce) Importer(815301076,1909f56bfc062723c751e8b465ee728b)  -> (artifact id: 'e8a44e1d9071fd382fb3747fa7a4a4af') in 0.015364 seconds
Number of updated asset objects reloaded before import = 0
Number of asset objects unloaded after import = 7
========================================================================
Received Import Request.
  Time since last request: 0.000020 seconds.
  path: Assets/SyntyStudios/PolygonCity/Models/SM_Bld_Apartment_Door_02.fbx
  artifactKey: Guid(f48e21b468431224285ea1023b046d10) Importer(815301076,1909f56bfc062723c751e8b465ee728b)
Start importing Assets/SyntyStudios/PolygonCity/Models/SM_Bld_Apartment_Door_02.fbx using Guid(f48e21b468431224285ea1023b046d10) Importer(815301076,1909f56bfc062723c751e8b465ee728b)  -> (artifact id: '3a45c565dbc2b4162c7497e2f1c827b2') in 0.015495 seconds
Number of updated asset objects reloaded before import = 0
Number of asset objects unloaded after import = 7
========================================================================
Received Import Request.
  Time since last request: 0.000019 seconds.
  path: Assets/SyntyStudios/PolygonCity/Models/SM_Bld_OfficeOld_Small_01.fbx
  artifactKey: Guid(fcdaf2910a36e674c91140e32f4bb4ba) Importer(815301076,1909f56bfc062723c751e8b465ee728b)
Start importing Assets/SyntyStudios/PolygonCity/Models/SM_Bld_OfficeOld_Small_01.fbx using Guid(fcdaf2910a36e674c91140e32f4bb4ba) Importer(815301076,1909f56bfc062723c751e8b465ee728b)  -> (artifact id: 'd62ee4b5ea4b2522afc56de1ef113274') in 0.015181 seconds
Number of updated asset objects reloaded before import = 0
Number of asset objects unloaded after import = 7
========================================================================
Received Import Request.
  Time since last request: 0.000017 seconds.
  path: Assets/SyntyStudios/PolygonCity/Models/SM_Bld_Station_01.fbx
  artifactKey: Guid(26af0a0b3f41b964f81f83742925c1e9) Importer(815301076,1909f56bfc062723c751e8b465ee728b)
Start importing Assets/SyntyStudios/PolygonCity/Models/SM_Bld_Station_01.fbx using Guid(26af0a0b3f41b964f81f83742925c1e9) Importer(815301076,1909f56bfc062723c751e8b465ee728b)  -> (artifact id: '7b242d24b68d8adc8b41ea8a4f49e3fe') in 0.013439 seconds
Number of updated asset objects reloaded before import = 0
Number of asset objects unloaded after import = 7
========================================================================
Received Import Request.
  Time since last request: 0.000016 seconds.
  path: Assets/SyntyStudios/PolygonCity/Models/SM_Bld_Shop_03.fbx
  artifactKey: Guid(cabf262b9c587ab4cb3cb6dae282959b) Importer(815301076,1909f56bfc062723c751e8b465ee728b)
Start importing Assets/SyntyStudios/PolygonCity/Models/SM_Bld_Shop_03.fbx using Guid(cabf262b9c587ab4cb3cb6dae282959b) Importer(815301076,1909f56bfc062723c751e8b465ee728b)  -> (artifact id: '0b0befe04728cef71d8cadaa5a97fdba') in 0.021345 seconds
Number of updated asset objects reloaded before import = 0
Number of asset objects unloaded after import = 12
========================================================================
Received Import Request.
  Time since last request: 0.000021 seconds.
  path: Assets/SyntyStudios/PolygonCity/Models/SM_Bld_OfficeOld_Small_Base_01.fbx
  artifactKey: Guid(12484a3c17bc7e341b87d12282794c63) Importer(815301076,1909f56bfc062723c751e8b465ee728b)
Start importing Assets/SyntyStudios/PolygonCity/Models/SM_Bld_OfficeOld_Small_Base_01.fbx using Guid(12484a3c17bc7e341b87d12282794c63) Importer(815301076,1909f56bfc062723c751e8b465ee728b)  -> (artifact id: 'bf58b35d7d89599e25cd63335a2c73c6') in 0.016715 seconds
Number of updated asset objects reloaded before import = 0
Number of asset objects unloaded after import = 7
========================================================================
Received Import Request.
  Time since last request: 2.070534 seconds.
  path: Assets/SyntyStudios/PolygonCity/Prefabs
  artifactKey: Guid(719f0ae4e975aeb47af8210fbafd273a) Importer(815301076,1909f56bfc062723c751e8b465ee728b)
Start importing Assets/SyntyStudios/PolygonCity/Prefabs using Guid(719f0ae4e975aeb47af8210fbafd273a) Importer(815301076,1909f56bfc062723c751e8b465ee728b)  -> (artifact id: '168f2f99ca414ca8841e0aa04ebfed33') in 0.000634 seconds
Number of updated asset objects reloaded before import = 0
Number of asset objects unloaded after import = 0
========================================================================
Received Import Request.
  Time since last request: 8.698281 seconds.
  path: Assets/2D Platformer Tileset/Sprites/Beckgrounds
  artifactKey: Guid(fd3fe8283cad15d4dbb24594a56ff912) Importer(815301076,1909f56bfc062723c751e8b465ee728b)
Start importing Assets/2D Platformer Tileset/Sprites/Beckgrounds using Guid(fd3fe8283cad15d4dbb24594a56ff912) Importer(815301076,1909f56bfc062723c751e8b465ee728b)  -> (artifact id: '5a9481255c27029395c51a7a24d8a645') in 0.000467 seconds
Number of updated asset objects reloaded before import = 0
Number of asset objects unloaded after import = 0
========================================================================
Received Import Request.
  Time since last request: 1.001738 seconds.
  path: Assets/2D Platformer Tileset/Sprites/Beckgrounds/Cave_Background
  artifactKey: Guid(889b6d2fbef58d648b5d1a90eee6ca1b) Importer(815301076,1909f56bfc062723c751e8b465ee728b)
Start importing Assets/2D Platformer Tileset/Sprites/Beckgrounds/Cave_Background using Guid(889b6d2fbef58d648b5d1a90eee6ca1b) Importer(815301076,1909f56bfc062723c751e8b465ee728b)  -> (artifact id: '54c3432205d96e8c43622fb016375ef6') in 0.000445 seconds
Number of updated asset objects reloaded before import = 0
Number of asset objects unloaded after import = 0
========================================================================
Received Import Request.
  Time since last request: 1.027260 seconds.
  path: Assets/2D Platformer Tileset/Sprites/Beckgrounds/Forest_Background
  artifactKey: Guid(cda2c97a80c1e3548aa0a36d3c2a1937) Importer(815301076,1909f56bfc062723c751e8b465ee728b)
Start importing Assets/2D Platformer Tileset/Sprites/Beckgrounds/Forest_Background using Guid(cda2c97a80c1e3548aa0a36d3c2a1937) Importer(815301076,1909f56bfc062723c751e8b465ee728b)  -> (artifact id: '6f74df12cf65ff506ef86900ec985b39') in 0.000530 seconds
Number of updated asset objects reloaded before import = 0
Number of asset objects unloaded after import = 0
========================================================================
Received Import Request.
  Time since last request: 0.212527 seconds.
  path: Assets/2D Platformer Tileset/Sprites/Beckgrounds/Forest_Background/bg_forest_1.png
  artifactKey: Guid(04ebfb6d0a38150469c02ff0ff3bd62f) Importer(815301076,1909f56bfc062723c751e8b465ee728b)
Start importing Assets/2D Platformer Tileset/Sprites/Beckgrounds/Forest_Background/bg_forest_1.png using Guid(04ebfb6d0a38150469c02ff0ff3bd62f) Importer(815301076,1909f56bfc062723c751e8b465ee728b)  -> (artifact id: '4445a412bb1b6f37bf3dda53c719817c') in 0.021257 seconds
Number of updated asset objects reloaded before import = 0
Number of asset objects unloaded after import = 3
========================================================================
Received Import Request.
  Time since last request: 0.000019 seconds.
  path: Assets/2D Platformer Tileset/Sprites/Beckgrounds/Forest_Background/bg_forest_4.png
  artifactKey: Guid(34d06cf3f1cb85745a06b8dc375713a9) Importer(815301076,1909f56bfc062723c751e8b465ee728b)
Start importing Assets/2D Platformer Tileset/Sprites/Beckgrounds/Forest_Background/bg_forest_4.png using Guid(34d06cf3f1cb85745a06b8dc375713a9) Importer(815301076,1909f56bfc062723c751e8b465ee728b)  -> (artifact id: '8c9aa0726812b3b5000b6550ee07f8ff') in 0.020276 seconds
Number of updated asset objects reloaded before import = 0
Number of asset objects unloaded after import = 3
========================================================================
Received Import Request.
  Time since last request: 2.225589 seconds.
  path: Assets/2D Platformer Tileset/Sprites/Beckgrounds/Snow_Background
  artifactKey: Guid(633b316f62de65e4395ba9030f1359c7) Importer(815301076,1909f56bfc062723c751e8b465ee728b)
Start importing Assets/2D Platformer Tileset/Sprites/Beckgrounds/Snow_Background using Guid(633b316f62de65e4395ba9030f1359c7) Importer(815301076,1909f56bfc062723c751e8b465ee728b)  -> (artifact id: '6329b38c9d3c525522a9826ceba1b0ac') in 0.000505 seconds
Number of updated asset objects reloaded before import = 0
Number of asset objects unloaded after import = 0
========================================================================
Received Import Request.
  Time since last request: 0.073431 seconds.
  path: Assets/2D Platformer Tileset/Sprites/Beckgrounds/Snow_Background/bg_snow_1.png
  artifactKey: Guid(92c1acb1606f4ec4c87af621e20065cd) Importer(815301076,1909f56bfc062723c751e8b465ee728b)
Start importing Assets/2D Platformer Tileset/Sprites/Beckgrounds/Snow_Background/bg_snow_1.png using Guid(92c1acb1606f4ec4c87af621e20065cd) Importer(815301076,1909f56bfc062723c751e8b465ee728b)  -> (artifact id: '4ac0d166b519ca4ed908e68323b6f5a0') in 0.018795 seconds
Number of updated asset objects reloaded before import = 0
Number of asset objects unloaded after import = 3
========================================================================
Received Import Request.
  Time since last request: 0.000016 seconds.
  path: Assets/2D Platformer Tileset/Sprites/Beckgrounds/Snow_Background/bg_snow_5.png
  artifactKey: Guid(f60c645e8fe55954eb6e442d8fe0f42f) Importer(815301076,1909f56bfc062723c751e8b465ee728b)
Start importing Assets/2D Platformer Tileset/Sprites/Beckgrounds/Snow_Background/bg_snow_5.png using Guid(f60c645e8fe55954eb6e442d8fe0f42f) Importer(815301076,1909f56bfc062723c751e8b465ee728b)  -> (artifact id: '1de0d347b5d551536b7a34f1d0ee0810') in 0.015459 seconds
Number of updated asset objects reloaded before import = 0
Number of asset objects unloaded after import = 3
========================================================================
Received Import Request.
  Time since last request: 1.733893 seconds.
  path: Assets/2D Platformer Tileset/Sprites/Main_Character
  artifactKey: Guid(502486000b9b8b14886c4c531f06e8e6) Importer(815301076,1909f56bfc062723c751e8b465ee728b)
Start importing Assets/2D Platformer Tileset/Sprites/Main_Character using Guid(502486000b9b8b14886c4c531f06e8e6) Importer(815301076,1909f56bfc062723c751e8b465ee728b)  -> (artifact id: '485602ef2bf5c9fe76c851ee241a4955') in 0.000522 seconds
Number of updated asset objects reloaded before import = 0
Number of asset objects unloaded after import = 0
========================================================================
Received Import Request.
  Time since last request: 2.922751 seconds.
  path: Assets/2D Platformer Tileset/Sprites/Objects
  artifactKey: Guid(43c05224c2338c64db7763ec2fb798d7) Importer(815301076,1909f56bfc062723c751e8b465ee728b)
Start importing Assets/2D Platformer Tileset/Sprites/Objects using Guid(43c05224c2338c64db7763ec2fb798d7) Importer(815301076,1909f56bfc062723c751e8b465ee728b)  -> (artifact id: '4b2842510661c094861c5545e7f73e2d') in 0.000456 seconds
Number of updated asset objects reloaded before import = 0
Number of asset objects unloaded after import = 0
========================================================================
Received Import Request.
  Time since last request: 343.664663 seconds.
  path: Assets/Juego/Assets/Fuentes/Ghost Stories Deluxe SDF.asset
  artifactKey: Guid(0871a11476d30b94db43c7d235dc6367) Importer(2089858483,0ecaa5967403d082aa24f35e1b516d23)
Start importing Assets/Juego/Assets/Fuentes/Ghost Stories Deluxe SDF.asset using Guid(0871a11476d30b94db43c7d235dc6367) Importer(2089858483,0ecaa5967403d082aa24f35e1b516d23) Generated GUIDs only implemented for interfaces!
 -> (artifact id: 'a606254affc9c24cb399e941bdd22f66') in 0.031260 seconds
Number of updated asset objects reloaded before import = 0
Number of asset objects unloaded after import = 5
========================================================================
Received Import Request.
  Time since last request: 0.000025 seconds.
  path: Assets/Juego/Scenes/MenuPrincipal.unity
  artifactKey: Guid(9fc0d4010bbf28b4594072e72b8655ab) Importer(2089858483,0ecaa5967403d082aa24f35e1b516d23)
Start importing Assets/Juego/Scenes/MenuPrincipal.unity using Guid(9fc0d4010bbf28b4594072e72b8655ab) Importer(2089858483,0ecaa5967403d082aa24f35e1b516d23) Generated GUIDs only implemented for interfaces!
 -> (artifact id: '127dd6c0c4ad0e50ef35d4573b7bc906') in 0.009409 seconds
Number of updated asset objects reloaded before import = 0
Number of asset objects unloaded after import = 1
========================================================================
Received Import Request.
  Time since last request: 185.994632 seconds.
  path: Assets/Juego/Scenes/MenuPrincipal.unity
  artifactKey: Guid(9fc0d4010bbf28b4594072e72b8655ab) Importer(2089858483,0ecaa5967403d082aa24f35e1b516d23)
Start importing Assets/Juego/Scenes/MenuPrincipal.unity using Guid(9fc0d4010bbf28b4594072e72b8655ab) Importer(2089858483,0ecaa5967403d082aa24f35e1b516d23) Generated GUIDs only implemented for interfaces!
 -> (artifact id: 'ca433fad5b59447be214fade0d021dc0') in 0.008807 seconds
Number of updated asset objects reloaded before import = 0
Number of asset objects unloaded after import = 1
========================================================================
Received Import Request.
  Time since last request: 16.844027 seconds.
  path: Assets/Juego/Scripts
  artifactKey: Guid(31bc7b32572854b4f8570ffb5ad96f3b) Importer(815301076,1909f56bfc062723c751e8b465ee728b)
Start importing Assets/Juego/Scripts using Guid(31bc7b32572854b4f8570ffb5ad96f3b) Importer(815301076,1909f56bfc062723c751e8b465ee728b)  -> (artifact id: 'ce4b141816bd72440a640c4b1411246b') in 0.000481 seconds
Number of updated asset objects reloaded before import = 0
Number of asset objects unloaded after import = 0
========================================================================
Received Import Request.
  Time since last request: 0.978776 seconds.
  path: Assets/Juego/Scripts
  artifactKey: Guid(31bc7b32572854b4f8570ffb5ad96f3b) Importer(2089858483,0ecaa5967403d082aa24f35e1b516d23)
Start importing Assets/Juego/Scripts using Guid(31bc7b32572854b4f8570ffb5ad96f3b) Importer(2089858483,0ecaa5967403d082aa24f35e1b516d23) Generated GUIDs only implemented for interfaces!
 -> (artifact id: 'b8ff3acc5a125d1a1cc46466dde59a4f') in 0.008779 seconds
Number of updated asset objects reloaded before import = 0
Number of asset objects unloaded after import = 1
========================================================================
Received Import Request.
  Time since last request: 14.264752 seconds.
  path: Assets/Juego/Scripts/Menu.cs
  artifactKey: Guid(e736a7da3ca42694592c3fc859cca12c) Importer(815301076,1909f56bfc062723c751e8b465ee728b)
Start importing Assets/Juego/Scripts/Menu.cs using Guid(e736a7da3ca42694592c3fc859cca12c) Importer(815301076,1909f56bfc062723c751e8b465ee728b)  -> (artifact id: '0a107f51a1439287a892cb37072d3f63') in 0.000532 seconds
Number of updated asset objects reloaded before import = 0
Number of asset objects unloaded after import = 0
========================================================================
Received Import Request.
  Time since last request: 0.656680 seconds.
  path: Assets/Juego/Scripts/Menu.cs
  artifactKey: Guid(e736a7da3ca42694592c3fc859cca12c) Importer(2089858483,0ecaa5967403d082aa24f35e1b516d23)
Start importing Assets/Juego/Scripts/Menu.cs using Guid(e736a7da3ca42694592c3fc859cca12c) Importer(2089858483,0ecaa5967403d082aa24f35e1b516d23) Generated GUIDs only implemented for interfaces!
 -> (artifact id: 'e3346b2285adc23b41aa02869a73af57') in 0.008730 seconds
Number of updated asset objects reloaded before import = 0
Number of asset objects unloaded after import = 1
========================================================================
Received Prepare
Begin MonoManager ReloadAssembly
- Loaded All Assemblies, in  0.429 seconds
Refreshing native plugins compatible for Editor in 2.97 ms, found 3 plugins.
Native extension for WindowsStandalone target not found
Native extension for WebGL target not found
[Package Manager] Server::EnsureServerProcessIsRunning -- launch failed, reason: Unity was launched with the -noUpm command-line argument
[Package Manager] UpmClient::Send -- Unable to send message (not connected to UPM process).
[Package Manager] Cannot connect to Unity Package Manager local server
Mono: successfully reloaded assembly
- Finished resetting the current domain, in  0.844 seconds
Domain Reload Profiling: 1273ms
	BeginReloadAssembly (162ms)
		ExecutionOrderSort (0ms)
		DisableScriptedObjects (5ms)
		BackupInstance (0ms)
		ReleaseScriptingObjects (0ms)
		CreateAndSetChildDomain (35ms)
	RebuildCommonClasses (37ms)
	RebuildNativeTypeToScriptingClass (12ms)
	initialDomainReloadingComplete (26ms)
	LoadAllAssembliesAndSetupDomain (192ms)
		LoadAssemblies (266ms)
		RebuildTransferFunctionScriptingTraits (0ms)
		AnalyzeDomain (21ms)
			TypeCache.Refresh (9ms)
				TypeCache.ScanAssembly (1ms)
			ScanForSourceGeneratedMonoScriptInfo (6ms)
			ResolveRequiredComponents (4ms)
	FinalizeReload (845ms)
		ReleaseScriptCaches (0ms)
		RebuildScriptCaches (0ms)
		SetupLoadedEditorAssemblies (335ms)
			LogAssemblyErrors (0ms)
			InitializePlatformSupportModulesInManaged (5ms)
			SetLoadedEditorAssemblies (3ms)
			RefreshPlugins (0ms)
			BeforeProcessingInitializeOnLoad (53ms)
			ProcessInitializeOnLoadAttributes (253ms)
			ProcessInitializeOnLoadMethodAttributes (19ms)
			AfterProcessingInitializeOnLoad (2ms)
			EditorAssembliesLoaded (0ms)
		ExecutionOrderSort2 (0ms)
		AwakeInstancesAfterBackupRestoration (7ms)
Refreshing native plugins compatible for Editor in 2.96 ms, found 3 plugins.
Preloading 0 native plugins for Editor in 0.00 ms.
Unloading 3109 Unused Serialized files (Serialized files now loaded: 0)
Unloading 22 unused Assets / (30.3 KB). Loaded Objects now: 3672.
Memory consumption went from 139.0 MB to 139.0 MB.
Total: 3.185400 ms (FindLiveObjects: 0.358900 ms CreateObjectMapping: 0.086800 ms MarkObjects: 2.688300 ms  DeleteObjects: 0.049900 ms)

Prepare: number of updated asset objects reloaded= 0
AssetImportParameters requested are different than current active one (requested -> active):
  custom:container-demuxer-ogg: 62fdf1f143b41e24485cea50d1cbac27 -> 
  custom:video-codec-MediaFoundation-h265: 746d11721c4dcdbdad8f713fa42b33f4 -> 
  custom:video-decoder-ogg-theora: a1e56fd34408186e4bbccfd4996cb3dc -> 
  custom:framework-win-MediaFoundation: 216162199b28c13a410421893ffa2e32 -> 
  custom:CustomObjectIndexerAttribute: 756ad292c208cfabdd7b50bc23989ffe -> 
  custom:container-demuxer-webm: 4f35f7cbe854078d1ac9338744f61a02 -> 
  custom:container-muxer-webm: aa71ff27fc2769a1b78a27578f13a17b -> 
  custom:video-decoder-webm-vp8: 9c59270c3fd7afecdb556c50c9e8de78 -> 
  custom:SearchIndexIgnoredProperties: e643bd26f0fe6173181afceb89e7c659 -> 
  custom:AudioImporter_EditorPlatform: d09bf68614088b80899f8185d706f6e7 -> 
  custom:video-encoder-webm-vp8: eb34c28f22e8b96e1ab97ce403110664 -> 
  custom:audio-decoder-ogg-vorbis: bf7c407c2cedff20999df2af8eb42d56 -> 
  custom:audio-encoder-webm-vorbis: bf7c407c2cedff20999df2af8eb42d56 -> 
========================================================================
Received Import Request.
  Time since last request: 5.633214 seconds.
  path: Assets/Juego/Scripts/Menu.cs
  artifactKey: Guid(e736a7da3ca42694592c3fc859cca12c) Importer(815301076,1909f56bfc062723c751e8b465ee728b)
Start importing Assets/Juego/Scripts/Menu.cs using Guid(e736a7da3ca42694592c3fc859cca12c) Importer(815301076,1909f56bfc062723c751e8b465ee728b)  -> (artifact id: 'e506c0bd9612756de355ab995feb497f') in 0.002997 seconds
Number of updated asset objects reloaded before import = 0
Number of asset objects unloaded after import = 0
========================================================================
Received Import Request.
  Time since last request: 16.455222 seconds.
  path: Assets/Juego/Scripts/Script_Menu.cs
  artifactKey: Guid(e736a7da3ca42694592c3fc859cca12c) Importer(815301076,1909f56bfc062723c751e8b465ee728b)
Start importing Assets/Juego/Scripts/Script_Menu.cs using Guid(e736a7da3ca42694592c3fc859cca12c) Importer(815301076,1909f56bfc062723c751e8b465ee728b)  -> (artifact id: '16a94d57957dd0b4232f72af8ebb429e') in 0.000583 seconds
Number of updated asset objects reloaded before import = 0
Number of asset objects unloaded after import = 0
========================================================================
Received Prepare
Begin MonoManager ReloadAssembly
- Loaded All Assemblies, in  0.406 seconds
Refreshing native plugins compatible for Editor in 2.35 ms, found 3 plugins.
Native extension for WindowsStandalone target not found
Native extension for WebGL target not found
[Package Manager] Server::EnsureServerProcessIsRunning -- launch failed, reason: Unity was launched with the -noUpm command-line argument
[Package Manager] UpmClient::Send -- Unable to send message (not connected to UPM process).
[Package Manager] Cannot connect to Unity Package Manager local server
Mono: successfully reloaded assembly
- Finished resetting the current domain, in  0.789 seconds
Domain Reload Profiling: 1194ms
	BeginReloadAssembly (165ms)
		ExecutionOrderSort (0ms)
		DisableScriptedObjects (5ms)
		BackupInstance (0ms)
		ReleaseScriptingObjects (0ms)
		CreateAndSetChildDomain (37ms)
	RebuildCommonClasses (31ms)
	RebuildNativeTypeToScriptingClass (11ms)
	initialDomainReloadingComplete (24ms)
	LoadAllAssembliesAndSetupDomain (173ms)
		LoadAssemblies (250ms)
		RebuildTransferFunctionScriptingTraits (0ms)
		AnalyzeDomain (19ms)
			TypeCache.Refresh (8ms)
				TypeCache.ScanAssembly (1ms)
			ScanForSourceGeneratedMonoScriptInfo (6ms)
			ResolveRequiredComponents (4ms)
	FinalizeReload (789ms)
		ReleaseScriptCaches (0ms)
		RebuildScriptCaches (0ms)
		SetupLoadedEditorAssemblies (322ms)
			LogAssemblyErrors (0ms)
			InitializePlatformSupportModulesInManaged (5ms)
			SetLoadedEditorAssemblies (3ms)
			RefreshPlugins (0ms)
			BeforeProcessingInitializeOnLoad (47ms)
			ProcessInitializeOnLoadAttributes (248ms)
			ProcessInitializeOnLoadMethodAttributes (18ms)
			AfterProcessingInitializeOnLoad (2ms)
			EditorAssembliesLoaded (0ms)
		ExecutionOrderSort2 (0ms)
		AwakeInstancesAfterBackupRestoration (7ms)
Refreshing native plugins compatible for Editor in 2.67 ms, found 3 plugins.
Preloading 0 native plugins for Editor in 0.00 ms.
Unloading 3109 Unused Serialized files (Serialized files now loaded: 0)
Unloading 22 unused Assets / (30.3 KB). Loaded Objects now: 3675.
Memory consumption went from 140.9 MB to 140.9 MB.
Total: 3.081400 ms (FindLiveObjects: 0.341600 ms CreateObjectMapping: 0.113400 ms MarkObjects: 2.570600 ms  DeleteObjects: 0.054700 ms)

Prepare: number of updated asset objects reloaded= 0
AssetImportParameters requested are different than current active one (requested -> active):
  custom:container-demuxer-ogg: 62fdf1f143b41e24485cea50d1cbac27 -> 
  custom:video-codec-MediaFoundation-h265: 746d11721c4dcdbdad8f713fa42b33f4 -> 
  custom:video-decoder-ogg-theora: a1e56fd34408186e4bbccfd4996cb3dc -> 
  custom:framework-win-MediaFoundation: 216162199b28c13a410421893ffa2e32 -> 
  custom:CustomObjectIndexerAttribute: 756ad292c208cfabdd7b50bc23989ffe -> 
  custom:container-demuxer-webm: 4f35f7cbe854078d1ac9338744f61a02 -> 
  custom:container-muxer-webm: aa71ff27fc2769a1b78a27578f13a17b -> 
  custom:video-decoder-webm-vp8: 9c59270c3fd7afecdb556c50c9e8de78 -> 
  custom:SearchIndexIgnoredProperties: e643bd26f0fe6173181afceb89e7c659 -> 
  custom:AudioImporter_EditorPlatform: d09bf68614088b80899f8185d706f6e7 -> 
  custom:video-encoder-webm-vp8: eb34c28f22e8b96e1ab97ce403110664 -> 
  custom:audio-decoder-ogg-vorbis: bf7c407c2cedff20999df2af8eb42d56 -> 
  custom:audio-encoder-webm-vorbis: bf7c407c2cedff20999df2af8eb42d56 -> 
========================================================================
Received Import Request.
  Time since last request: 55.949266 seconds.
  path: Assets/Juego/Scripts/Script_Menu.cs
  artifactKey: Guid(e736a7da3ca42694592c3fc859cca12c) Importer(815301076,1909f56bfc062723c751e8b465ee728b)
Start importing Assets/Juego/Scripts/Script_Menu.cs using Guid(e736a7da3ca42694592c3fc859cca12c) Importer(815301076,1909f56bfc062723c751e8b465ee728b)  -> (artifact id: '2b31fd897e2521154180024c5ead5813') in 0.002568 seconds
Number of updated asset objects reloaded before import = 0
Number of asset objects unloaded after import = 0
