Using pre-set license
Built from '2022.3/staging' branch; Version is '2022.3.13f1 (5f90a5ebde0f) revision 6262949'; Using compiler version '192829333'; Build Type 'Release'
OS: 'Windows 11  (10.0.22621) 64bit Professional' Language: 'es' Physical Memory: 32694 MB
BatchMode: 1, IsHumanControllingUs: 0, StartBugReporterOnCrash: 0, Is64bit: 1, IsPro: 1

COMMAND LINE ARGUMENTS:
D:\Unity\2022.3.13f1\Editor\Unity.exe
-adb2
-batchMode
-noUpm
-name
AssetImportWorker4
-projectPath
D:/Unity/Proyectos Unity/GameStudies
-logFile
Logs/AssetImportWorker4.log
-srvPort
54585
Successfully changed project path to: D:/Unity/Proyectos Unity/GameStudies
D:/Unity/Proyectos Unity/GameStudies
[UnityMemory] Configuration Parameters - Can be set up in boot.config
    "memorysetup-bucket-allocator-granularity=16"
    "memorysetup-bucket-allocator-bucket-count=8"
    "memorysetup-bucket-allocator-block-size=33554432"
    "memorysetup-bucket-allocator-block-count=8"
    "memorysetup-main-allocator-block-size=16777216"
    "memorysetup-thread-allocator-block-size=16777216"
    "memorysetup-gfx-main-allocator-block-size=16777216"
    "memorysetup-gfx-thread-allocator-block-size=16777216"
    "memorysetup-cache-allocator-block-size=4194304"
    "memorysetup-typetree-allocator-block-size=2097152"
    "memorysetup-profiler-bucket-allocator-granularity=16"
    "memorysetup-profiler-bucket-allocator-bucket-count=8"
    "memorysetup-profiler-bucket-allocator-block-size=33554432"
    "memorysetup-profiler-bucket-allocator-block-count=8"
    "memorysetup-profiler-allocator-block-size=16777216"
    "memorysetup-profiler-editor-allocator-block-size=1048576"
    "memorysetup-temp-allocator-size-main=16777216"
    "memorysetup-job-temp-allocator-block-size=2097152"
    "memorysetup-job-temp-allocator-block-size-background=1048576"
    "memorysetup-job-temp-allocator-reduction-small-platforms=262144"
    "memorysetup-allocator-temp-initial-block-size-main=262144"
    "memorysetup-allocator-temp-initial-block-size-worker=262144"
    "memorysetup-temp-allocator-size-background-worker=32768"
    "memorysetup-temp-allocator-size-job-worker=262144"
    "memorysetup-temp-allocator-size-preload-manager=33554432"
    "memorysetup-temp-allocator-size-nav-mesh-worker=65536"
    "memorysetup-temp-allocator-size-audio-worker=65536"
    "memorysetup-temp-allocator-size-cloud-worker=32768"
    "memorysetup-temp-allocator-size-gi-baking-worker=262144"
    "memorysetup-temp-allocator-size-gfx=262144"
Player connection [27828] Host "[IP] 192.168.1.2 [Port] 0 [Flags] 2 [Guid] 425049707 [EditorId] 425049707 [Version] 1048832 [Id] WindowsEditor(7,TorreDeJuan) [Debug] 1 [PackageName] WindowsEditor [ProjectName] Editor" joined multi-casting on [225.0.0.222:54997]...

Player connection [27828] Host "[IP] 192.168.1.2 [Port] 0 [Flags] 2 [Guid] 425049707 [EditorId] 425049707 [Version] 1048832 [Id] WindowsEditor(7,TorreDeJuan) [Debug] 1 [PackageName] WindowsEditor [ProjectName] Editor" joined alternative multi-casting on [225.0.0.222:34997]...

[Physics::Module] Initialized MultithreadedJobDispatcher with 11 workers.
Refreshing native plugins compatible for Editor in 7.17 ms, found 3 plugins.
Preloading 0 native plugins for Editor in 0.00 ms.
Initialize engine version: 2022.3.13f1 (5f90a5ebde0f)
[Subsystems] Discovering subsystems at path D:/Unity/2022.3.13f1/Editor/Data/Resources/UnitySubsystems
[Subsystems] Discovering subsystems at path D:/Unity/Proyectos Unity/GameStudies/Assets
GfxDevice: creating device client; threaded=0; jobified=0
Direct3D:
    Version:  Direct3D 11.0 [level 11.1]
    Renderer: NVIDIA GeForce GTX 1660 (ID=0x2184)
    Vendor:   NVIDIA
    VRAM:     5981 MB
    Driver:   31.0.15.4601
Initialize mono
Mono path[0] = 'D:/Unity/2022.3.13f1/Editor/Data/Managed'
Mono path[1] = 'D:/Unity/2022.3.13f1/Editor/Data/MonoBleedingEdge/lib/mono/unityjit-win32'
Mono config path = 'D:/Unity/2022.3.13f1/Editor/Data/MonoBleedingEdge/etc'
Using monoOptions --debugger-agent=transport=dt_socket,embedding=1,server=y,suspend=n,address=127.0.0.1:56576
Begin MonoManager ReloadAssembly
Registering precompiled unity dll's ...
Register platform support module: D:/Unity/2022.3.13f1/Editor/Data/PlaybackEngines/WebGLSupport/UnityEditor.WebGL.Extensions.dll
Register platform support module: D:/Unity/2022.3.13f1/Editor/Data/PlaybackEngines/WindowsStandaloneSupport/UnityEditor.WindowsStandalone.Extensions.dll
Registered in 0.003887 seconds.
- Loaded All Assemblies, in  0.329 seconds
Native extension for WindowsStandalone target not found
Native extension for WebGL target not found
Mono: successfully reloaded assembly
- Finished resetting the current domain, in  0.238 seconds
Domain Reload Profiling: 567ms
	BeginReloadAssembly (104ms)
		ExecutionOrderSort (0ms)
		DisableScriptedObjects (0ms)
		BackupInstance (0ms)
		ReleaseScriptingObjects (0ms)
		CreateAndSetChildDomain (1ms)
	RebuildCommonClasses (33ms)
	RebuildNativeTypeToScriptingClass (13ms)
	initialDomainReloadingComplete (47ms)
	LoadAllAssembliesAndSetupDomain (132ms)
		LoadAssemblies (104ms)
		RebuildTransferFunctionScriptingTraits (0ms)
		AnalyzeDomain (130ms)
			TypeCache.Refresh (128ms)
				TypeCache.ScanAssembly (115ms)
			ScanForSourceGeneratedMonoScriptInfo (0ms)
			ResolveRequiredComponents (1ms)
	FinalizeReload (238ms)
		ReleaseScriptCaches (0ms)
		RebuildScriptCaches (0ms)
		SetupLoadedEditorAssemblies (180ms)
			LogAssemblyErrors (0ms)
			InitializePlatformSupportModulesInManaged (8ms)
			SetLoadedEditorAssemblies (4ms)
			RefreshPlugins (0ms)
			BeforeProcessingInitializeOnLoad (2ms)
			ProcessInitializeOnLoadAttributes (120ms)
			ProcessInitializeOnLoadMethodAttributes (46ms)
			AfterProcessingInitializeOnLoad (0ms)
			EditorAssembliesLoaded (0ms)
		ExecutionOrderSort2 (0ms)
		AwakeInstancesAfterBackupRestoration (0ms)
========================================================================
Worker process is ready to serve import requests
Begin MonoManager ReloadAssembly
- Loaded All Assemblies, in  0.540 seconds
Refreshing native plugins compatible for Editor in 2.64 ms, found 3 plugins.
Native extension for WindowsStandalone target not found
Native extension for WebGL target not found
Package Manager log level set to [2]
[Package Manager] Server::EnsureServerProcessIsRunning -- launch failed, reason: Unity was launched with the -noUpm command-line argument
[Package Manager] UpmClient::Send -- Unable to send message (not connected to UPM process).
[Package Manager] Cannot connect to Unity Package Manager local server
Mono: successfully reloaded assembly
- Finished resetting the current domain, in  0.654 seconds
Domain Reload Profiling: 1194ms
	BeginReloadAssembly (163ms)
		ExecutionOrderSort (0ms)
		DisableScriptedObjects (7ms)
		BackupInstance (0ms)
		ReleaseScriptingObjects (0ms)
		CreateAndSetChildDomain (24ms)
	RebuildCommonClasses (31ms)
	RebuildNativeTypeToScriptingClass (11ms)
	initialDomainReloadingComplete (32ms)
	LoadAllAssembliesAndSetupDomain (302ms)
		LoadAssemblies (246ms)
		RebuildTransferFunctionScriptingTraits (0ms)
		AnalyzeDomain (152ms)
			TypeCache.Refresh (134ms)
				TypeCache.ScanAssembly (121ms)
			ScanForSourceGeneratedMonoScriptInfo (12ms)
			ResolveRequiredComponents (4ms)
	FinalizeReload (655ms)
		ReleaseScriptCaches (0ms)
		RebuildScriptCaches (0ms)
		SetupLoadedEditorAssemblies (501ms)
			LogAssemblyErrors (0ms)
			InitializePlatformSupportModulesInManaged (5ms)
			SetLoadedEditorAssemblies (3ms)
			RefreshPlugins (0ms)
			BeforeProcessingInitializeOnLoad (66ms)
			ProcessInitializeOnLoadAttributes (397ms)
			ProcessInitializeOnLoadMethodAttributes (27ms)
			AfterProcessingInitializeOnLoad (3ms)
			EditorAssembliesLoaded (0ms)
		ExecutionOrderSort2 (0ms)
		AwakeInstancesAfterBackupRestoration (7ms)
Launched and connected shader compiler UnityShaderCompiler.exe after 0.04 seconds
Refreshing native plugins compatible for Editor in 2.46 ms, found 3 plugins.
Preloading 0 native plugins for Editor in 0.00 ms.
Unloading 3134 Unused Serialized files (Serialized files now loaded: 0)
Unloading 32 unused Assets / (56.8 KB). Loaded Objects now: 3597.
Memory consumption went from 136.7 MB to 136.6 MB.
Total: 2.801800 ms (FindLiveObjects: 0.276000 ms CreateObjectMapping: 0.086800 ms MarkObjects: 2.338700 ms  DeleteObjects: 0.098600 ms)

AssetImportParameters requested are different than current active one (requested -> active):
  custom:container-demuxer-ogg: 62fdf1f143b41e24485cea50d1cbac27 -> 
  custom:video-codec-MediaFoundation-h265: 746d11721c4dcdbdad8f713fa42b33f4 -> 
  custom:video-decoder-ogg-theora: a1e56fd34408186e4bbccfd4996cb3dc -> 
  custom:framework-win-MediaFoundation: 216162199b28c13a410421893ffa2e32 -> 
  custom:CustomObjectIndexerAttribute: 756ad292c208cfabdd7b50bc23989ffe -> 
  custom:container-demuxer-webm: 4f35f7cbe854078d1ac9338744f61a02 -> 
  custom:container-muxer-webm: aa71ff27fc2769a1b78a27578f13a17b -> 
  custom:video-decoder-webm-vp8: 9c59270c3fd7afecdb556c50c9e8de78 -> 
  custom:SearchIndexIgnoredProperties: e643bd26f0fe6173181afceb89e7c659 -> 
  custom:AudioImporter_EditorPlatform: d09bf68614088b80899f8185d706f6e7 -> 
  custom:video-encoder-webm-vp8: eb34c28f22e8b96e1ab97ce403110664 -> 
  custom:audio-decoder-ogg-vorbis: bf7c407c2cedff20999df2af8eb42d56 -> 
  custom:audio-encoder-webm-vorbis: bf7c407c2cedff20999df2af8eb42d56 -> 
========================================================================
Received Import Request.
  Time since last request: 7426.408017 seconds.
  path: Assets/SyntyStudios/PolygonCity/Prefabs/Props/SM_Prop_LightPole_Lights_01.prefab
  artifactKey: Guid(13026bf5e083f114ba55f67e99392514) Importer(815301076,1909f56bfc062723c751e8b465ee728b)
Start importing Assets/SyntyStudios/PolygonCity/Prefabs/Props/SM_Prop_LightPole_Lights_01.prefab using Guid(13026bf5e083f114ba55f67e99392514) Importer(815301076,1909f56bfc062723c751e8b465ee728b)  -> (artifact id: '46abdd900ee7f8c780d5bb17b3e7b345') in 0.170381 seconds
Number of updated asset objects reloaded before import = 0
Number of asset objects unloaded after import = 20
========================================================================
Received Import Request.
  Time since last request: 0.000037 seconds.
  path: Assets/SyntyStudios/PolygonCity/Prefabs/Props/SM_Prop_Planter_01.prefab
  artifactKey: Guid(79d39b0d041480b479fb5cc05284aa87) Importer(815301076,1909f56bfc062723c751e8b465ee728b)
Start importing Assets/SyntyStudios/PolygonCity/Prefabs/Props/SM_Prop_Planter_01.prefab using Guid(79d39b0d041480b479fb5cc05284aa87) Importer(815301076,1909f56bfc062723c751e8b465ee728b)  -> (artifact id: '9227c91dcb85dfc184a1eabab36a6f64') in 0.038544 seconds
Number of updated asset objects reloaded before import = 0
Number of asset objects unloaded after import = 14
========================================================================
Received Import Request.
  Time since last request: 0.000025 seconds.
  path: Assets/SyntyStudios/PolygonCity/Prefabs/Props/SM_Prop_Newspaper_01.prefab
  artifactKey: Guid(d0a449419dc6e404d94d5081fa710767) Importer(815301076,1909f56bfc062723c751e8b465ee728b)
Start importing Assets/SyntyStudios/PolygonCity/Prefabs/Props/SM_Prop_Newspaper_01.prefab using Guid(d0a449419dc6e404d94d5081fa710767) Importer(815301076,1909f56bfc062723c751e8b465ee728b)  -> (artifact id: '0b636e1c79e56c62670ba9f2f7578ba1') in 0.030465 seconds
Number of updated asset objects reloaded before import = 0
Number of asset objects unloaded after import = 13
========================================================================
Received Import Request.
  Time since last request: 0.000016 seconds.
  path: Assets/SyntyStudios/PolygonCity/Prefabs/Props/SM_Prop_Paper_04.prefab
  artifactKey: Guid(1bc6dc700e247464a9f5a53bd3213bea) Importer(815301076,1909f56bfc062723c751e8b465ee728b)
Start importing Assets/SyntyStudios/PolygonCity/Prefabs/Props/SM_Prop_Paper_04.prefab using Guid(1bc6dc700e247464a9f5a53bd3213bea) Importer(815301076,1909f56bfc062723c751e8b465ee728b)  -> (artifact id: 'd843e61708447166cf92e1ea0c83a9fa') in 0.022812 seconds
Number of updated asset objects reloaded before import = 0
Number of asset objects unloaded after import = 13
========================================================================
Received Import Request.
  Time since last request: 0.000018 seconds.
  path: Assets/SyntyStudios/PolygonCity/Prefabs/Props/SM_Prop_ParkBench_01.prefab
  artifactKey: Guid(29c6f824a8087b549a0a0b68c7810a06) Importer(815301076,1909f56bfc062723c751e8b465ee728b)
Start importing Assets/SyntyStudios/PolygonCity/Prefabs/Props/SM_Prop_ParkBench_01.prefab using Guid(29c6f824a8087b549a0a0b68c7810a06) Importer(815301076,1909f56bfc062723c751e8b465ee728b)  -> (artifact id: '49727acc0e5aced20f54f73b7f1c670e') in 0.033249 seconds
Number of updated asset objects reloaded before import = 0
Number of asset objects unloaded after import = 20
========================================================================
Received Import Request.
  Time since last request: 0.000016 seconds.
  path: Assets/SyntyStudios/PolygonCity/Prefabs/Props/SM_Prop_Pipe_Part_Straight_01.prefab
  artifactKey: Guid(42e94ce5732df054f8a422b0b283aef8) Importer(815301076,1909f56bfc062723c751e8b465ee728b)
Start importing Assets/SyntyStudios/PolygonCity/Prefabs/Props/SM_Prop_Pipe_Part_Straight_01.prefab using Guid(42e94ce5732df054f8a422b0b283aef8) Importer(815301076,1909f56bfc062723c751e8b465ee728b)  -> (artifact id: '6ff7c74cf8b23a95f025ead420e9a3fd') in 0.026875 seconds
Number of updated asset objects reloaded before import = 0
Number of asset objects unloaded after import = 14
========================================================================
Received Import Request.
  Time since last request: 0.000015 seconds.
  path: Assets/SyntyStudios/PolygonCity/Prefabs/Props/SM_Prop_Manhole_02.prefab
  artifactKey: Guid(12633cd99f9582a49a33e00103daf054) Importer(815301076,1909f56bfc062723c751e8b465ee728b)
Start importing Assets/SyntyStudios/PolygonCity/Prefabs/Props/SM_Prop_Manhole_02.prefab using Guid(12633cd99f9582a49a33e00103daf054) Importer(815301076,1909f56bfc062723c751e8b465ee728b)  -> (artifact id: '43eb6adca4c077b5c0236d247483e860') in 0.026110 seconds
Number of updated asset objects reloaded before import = 0
Number of asset objects unloaded after import = 14
========================================================================
Received Import Request.
  Time since last request: 7.334428 seconds.
  path: Assets/SyntyStudios/PolygonCity/Prefabs/Characters
  artifactKey: Guid(3057162e47aef7a4a9ba89964c82facb) Importer(815301076,1909f56bfc062723c751e8b465ee728b)
Start importing Assets/SyntyStudios/PolygonCity/Prefabs/Characters using Guid(3057162e47aef7a4a9ba89964c82facb) Importer(815301076,1909f56bfc062723c751e8b465ee728b)  -> (artifact id: '0ef1bb21414845a18e8c9c358b4cc901') in 0.000570 seconds
Number of updated asset objects reloaded before import = 0
Number of asset objects unloaded after import = 0
========================================================================
Received Import Request.
  Time since last request: 0.061375 seconds.
  path: Assets/SyntyStudios/PolygonCity/Prefabs/Characters/Character_BusinessMan_Shirt_01.prefab
  artifactKey: Guid(5e488cfd825ce044395037d93a9d8eb6) Importer(815301076,1909f56bfc062723c751e8b465ee728b)
Start importing Assets/SyntyStudios/PolygonCity/Prefabs/Characters/Character_BusinessMan_Shirt_01.prefab using Guid(5e488cfd825ce044395037d93a9d8eb6) Importer(815301076,1909f56bfc062723c751e8b465ee728b)  -> (artifact id: 'b066dfd40d278f7cdfc943d9016e730a') in 0.054595 seconds
Number of updated asset objects reloaded before import = 0
Number of asset objects unloaded after import = 145
========================================================================
Received Import Request.
  Time since last request: 0.000025 seconds.
  path: Assets/SyntyStudios/PolygonCity/Prefabs/Characters/Character_Female_Police_01.prefab
  artifactKey: Guid(adad89669382b0743a2c2f162c9601b0) Importer(815301076,1909f56bfc062723c751e8b465ee728b)
Start importing Assets/SyntyStudios/PolygonCity/Prefabs/Characters/Character_Female_Police_01.prefab using Guid(adad89669382b0743a2c2f162c9601b0) Importer(815301076,1909f56bfc062723c751e8b465ee728b)  -> (artifact id: '4ad1df6b8029bd90968931263e249ded') in 0.044857 seconds
Number of updated asset objects reloaded before import = 0
Number of asset objects unloaded after import = 145
========================================================================
Received Import Request.
  Time since last request: 0.000020 seconds.
  path: Assets/SyntyStudios/PolygonCity/Prefabs/Characters/Character_Female_Jacket_01.prefab
  artifactKey: Guid(841e8e4f1a54c754396b7559d1cc6fad) Importer(815301076,1909f56bfc062723c751e8b465ee728b)
Start importing Assets/SyntyStudios/PolygonCity/Prefabs/Characters/Character_Female_Jacket_01.prefab using Guid(841e8e4f1a54c754396b7559d1cc6fad) Importer(815301076,1909f56bfc062723c751e8b465ee728b)  -> (artifact id: '77c4b4a4b5cc25e5bc5374313a9cc70a') in 0.030543 seconds
Number of updated asset objects reloaded before import = 0
Number of asset objects unloaded after import = 145
========================================================================
Received Import Request.
  Time since last request: 23.144236 seconds.
  path: Assets/SyntyStudios/PolygonCity/Prefabs/Environments/SM_Env_Street_Divider_01.prefab
  artifactKey: Guid(1a66f016bbb06824eb345102a2831977) Importer(815301076,1909f56bfc062723c751e8b465ee728b)
Start importing Assets/SyntyStudios/PolygonCity/Prefabs/Environments/SM_Env_Street_Divider_01.prefab using Guid(1a66f016bbb06824eb345102a2831977) Importer(815301076,1909f56bfc062723c751e8b465ee728b)  -> (artifact id: '5b009fc5e47576918a61eb9596079789') in 0.028251 seconds
Number of updated asset objects reloaded before import = 0
Number of asset objects unloaded after import = 13
========================================================================
Received Import Request.
  Time since last request: 0.000021 seconds.
  path: Assets/SyntyStudios/PolygonCity/Prefabs/Environments/SM_Env_WaterEdge_Corner_01.prefab
  artifactKey: Guid(91023e8405ce7764eb845f4aa7f5ca0e) Importer(815301076,1909f56bfc062723c751e8b465ee728b)
Start importing Assets/SyntyStudios/PolygonCity/Prefabs/Environments/SM_Env_WaterEdge_Corner_01.prefab using Guid(91023e8405ce7764eb845f4aa7f5ca0e) Importer(815301076,1909f56bfc062723c751e8b465ee728b)  -> (artifact id: '979612932b47bcb2d4d383d3f66e699c') in 0.031350 seconds
Number of updated asset objects reloaded before import = 0
Number of asset objects unloaded after import = 20
========================================================================
Received Import Request.
  Time since last request: 0.000075 seconds.
  path: Assets/SyntyStudios/PolygonCity/Prefabs/Environments/SM_Env_Tree_03.prefab
  artifactKey: Guid(c50789636e1fc5c4b8a37e2700e4a3c1) Importer(815301076,1909f56bfc062723c751e8b465ee728b)
Start importing Assets/SyntyStudios/PolygonCity/Prefabs/Environments/SM_Env_Tree_03.prefab using Guid(c50789636e1fc5c4b8a37e2700e4a3c1) Importer(815301076,1909f56bfc062723c751e8b465ee728b)  -> (artifact id: '628bcda7f674cda78a98afe9a1c59d77') in 0.032068 seconds
Number of updated asset objects reloaded before import = 0
Number of asset objects unloaded after import = 18
========================================================================
Received Import Request.
  Time since last request: 0.000021 seconds.
  path: Assets/SyntyStudios/PolygonCity/Prefabs/Environments/SM_Env_WaterEdge_Straight_01.prefab
  artifactKey: Guid(91ccf0d6e58213544b5f911bb77f24c0) Importer(815301076,1909f56bfc062723c751e8b465ee728b)
Start importing Assets/SyntyStudios/PolygonCity/Prefabs/Environments/SM_Env_WaterEdge_Straight_01.prefab using Guid(91ccf0d6e58213544b5f911bb77f24c0) Importer(815301076,1909f56bfc062723c751e8b465ee728b)  -> (artifact id: 'e6d547d72ac45f1d5463baa197458f6c') in 0.027719 seconds
Number of updated asset objects reloaded before import = 0
Number of asset objects unloaded after import = 20
========================================================================
Received Import Request.
  Time since last request: 0.002609 seconds.
  path: Assets/SyntyStudios/PolygonCity/Prefabs/Environments/SM_Env_WaterEdge_Straight_02.prefab
  artifactKey: Guid(005add2e805dff846a22a816bce2f715) Importer(815301076,1909f56bfc062723c751e8b465ee728b)
Start importing Assets/SyntyStudios/PolygonCity/Prefabs/Environments/SM_Env_WaterEdge_Straight_02.prefab using Guid(005add2e805dff846a22a816bce2f715) Importer(815301076,1909f56bfc062723c751e8b465ee728b)  -> (artifact id: 'fab02156ab8bec61f63f06f321a52bad') in 0.025167 seconds
Number of updated asset objects reloaded before import = 0
Number of asset objects unloaded after import = 20
========================================================================
Received Import Request.
  Time since last request: 15.538368 seconds.
  path: Assets/SyntyStudios/PolygonCity/Prefabs/Buildings/Custom
  artifactKey: Guid(d789ca295cb4a814290fc1c4b7f3f8bd) Importer(815301076,1909f56bfc062723c751e8b465ee728b)
Start importing Assets/SyntyStudios/PolygonCity/Prefabs/Buildings/Custom using Guid(d789ca295cb4a814290fc1c4b7f3f8bd) Importer(815301076,1909f56bfc062723c751e8b465ee728b)  -> (artifact id: '0637cd90779a8015c0c0d70b12280d61') in 0.000611 seconds
Number of updated asset objects reloaded before import = 0
Number of asset objects unloaded after import = 0
========================================================================
Received Import Request.
  Time since last request: 0.076919 seconds.
  path: Assets/SyntyStudios/PolygonCity/Prefabs/Buildings/Custom/SM_Bld_Apartment_Stairs_Corner_01.prefab
  artifactKey: Guid(0b1f3d2a6e07d63448f8399665932fcc) Importer(815301076,1909f56bfc062723c751e8b465ee728b)
Start importing Assets/SyntyStudios/PolygonCity/Prefabs/Buildings/Custom/SM_Bld_Apartment_Stairs_Corner_01.prefab using Guid(0b1f3d2a6e07d63448f8399665932fcc) Importer(815301076,1909f56bfc062723c751e8b465ee728b)  -> (artifact id: '45070f740f401688fb366ec628f3a256') in 0.028643 seconds
Number of updated asset objects reloaded before import = 0
Number of asset objects unloaded after import = 14
========================================================================
Received Import Request.
  Time since last request: 112.001998 seconds.
  path: Assets/SyntyStudios/PolygonCity/Prefabs/Buildings/SM_Bld_OfficeOctagon_Base_01.prefab
  artifactKey: Guid(a5aca9c9ef39b0a49835b3ee43077679) Importer(815301076,1909f56bfc062723c751e8b465ee728b)
Start importing Assets/SyntyStudios/PolygonCity/Prefabs/Buildings/SM_Bld_OfficeOctagon_Base_01.prefab using Guid(a5aca9c9ef39b0a49835b3ee43077679) Importer(815301076,1909f56bfc062723c751e8b465ee728b)  -> (artifact id: '63a9c807af215febfb9674aa95e6dd51') in 0.021150 seconds
Number of updated asset objects reloaded before import = 0
Number of asset objects unloaded after import = 22
========================================================================
Received Import Request.
  Time since last request: 20.002433 seconds.
  path: Assets/SyntyStudios/PolygonCity/Prefabs/Buildings/SM_Bld_OfficeSquare_Base_01.prefab
  artifactKey: Guid(e2b1e7ce58c743c4d8d59a66eec6422b) Importer(815301076,1909f56bfc062723c751e8b465ee728b)
Start importing Assets/SyntyStudios/PolygonCity/Prefabs/Buildings/SM_Bld_OfficeSquare_Base_01.prefab using Guid(e2b1e7ce58c743c4d8d59a66eec6422b) Importer(815301076,1909f56bfc062723c751e8b465ee728b)  -> (artifact id: '233d03e51d57d2369c534f4d09c23c72') in 0.024092 seconds
Number of updated asset objects reloaded before import = 0
Number of asset objects unloaded after import = 19
========================================================================
Received Import Request.
  Time since last request: 0.000019 seconds.
  path: Assets/SyntyStudios/PolygonCity/Prefabs/Buildings/SM_Bld_Shop_02.prefab
  artifactKey: Guid(694588147c2fd7e41b0105d7054a7f1a) Importer(815301076,1909f56bfc062723c751e8b465ee728b)
Start importing Assets/SyntyStudios/PolygonCity/Prefabs/Buildings/SM_Bld_Shop_02.prefab using Guid(694588147c2fd7e41b0105d7054a7f1a) Importer(815301076,1909f56bfc062723c751e8b465ee728b)  -> (artifact id: '02a116f9c86ce69d29295e850af24098') in 0.014461 seconds
Number of updated asset objects reloaded before import = 0
Number of asset objects unloaded after import = 22
========================================================================
Received Import Request.
  Time since last request: 0.001542 seconds.
  path: Assets/SyntyStudios/PolygonCity/Prefabs/Buildings/SM_Bld_Shop_04.prefab
  artifactKey: Guid(6e1b6bb6069c8c446bf14668e5eda0b4) Importer(815301076,1909f56bfc062723c751e8b465ee728b)
Start importing Assets/SyntyStudios/PolygonCity/Prefabs/Buildings/SM_Bld_Shop_04.prefab using Guid(6e1b6bb6069c8c446bf14668e5eda0b4) Importer(815301076,1909f56bfc062723c751e8b465ee728b)  -> (artifact id: 'dbf9f3b3ffb84fb6b472124ac46b4fc5') in 0.013646 seconds
Number of updated asset objects reloaded before import = 0
Number of asset objects unloaded after import = 22
========================================================================
Received Import Request.
  Time since last request: 0.000018 seconds.
  path: Assets/SyntyStudios/PolygonCity/Prefabs/Buildings/SM_Bld_Shop_Corner_02.prefab
  artifactKey: Guid(6c5d6f00dd2f1d34e8b206b956e60329) Importer(815301076,1909f56bfc062723c751e8b465ee728b)
Start importing Assets/SyntyStudios/PolygonCity/Prefabs/Buildings/SM_Bld_Shop_Corner_02.prefab using Guid(6c5d6f00dd2f1d34e8b206b956e60329) Importer(815301076,1909f56bfc062723c751e8b465ee728b)  -> (artifact id: '0fb446d8f8ab0f8875b9a12cb6a55c50') in 0.014748 seconds
Number of updated asset objects reloaded before import = 0
Number of asset objects unloaded after import = 22
========================================================================
Received Import Request.
  Time since last request: 20.115014 seconds.
  path: Assets/2D Platformer Tileset/Simple UI Pack/PSD
  artifactKey: Guid(1995953375160304794954d92366369f) Importer(815301076,1909f56bfc062723c751e8b465ee728b)
Start importing Assets/2D Platformer Tileset/Simple UI Pack/PSD using Guid(1995953375160304794954d92366369f) Importer(815301076,1909f56bfc062723c751e8b465ee728b)  -> (artifact id: '1fcfc2a1ac0a98d8dd95f0e14ff79cba') in 0.000693 seconds
Number of updated asset objects reloaded before import = 0
Number of asset objects unloaded after import = 0
========================================================================
Received Import Request.
  Time since last request: 0.056866 seconds.
  path: Assets/2D Platformer Tileset/Simple UI Pack/PSD/Defeat.psd
  artifactKey: Guid(4e0e928e3d08c654a942b3c6e8042875) Importer(815301076,1909f56bfc062723c751e8b465ee728b)
Start importing Assets/2D Platformer Tileset/Simple UI Pack/PSD/Defeat.psd using Guid(4e0e928e3d08c654a942b3c6e8042875) Importer(815301076,1909f56bfc062723c751e8b465ee728b)  -> (artifact id: '9ef2db3667c081d09da43e6132c00a9c') in 0.046569 seconds
Number of updated asset objects reloaded before import = 0
Number of asset objects unloaded after import = 3
========================================================================
Received Import Request.
  Time since last request: 0.000022 seconds.
  path: Assets/2D Platformer Tileset/Simple UI Pack/PSD/Pause.psd
  artifactKey: Guid(53430bfc765bc22459dfef8296b6f343) Importer(815301076,1909f56bfc062723c751e8b465ee728b)
Start importing Assets/2D Platformer Tileset/Simple UI Pack/PSD/Pause.psd using Guid(53430bfc765bc22459dfef8296b6f343) Importer(815301076,1909f56bfc062723c751e8b465ee728b)  -> (artifact id: 'f3bd5f673b7b1afb14b5834182f406c3') in 0.030635 seconds
Number of updated asset objects reloaded before import = 0
Number of asset objects unloaded after import = 3
========================================================================
Received Import Request.
  Time since last request: 0.000020 seconds.
  path: Assets/2D Platformer Tileset/Simple UI Pack/PSD/Quit.psd
  artifactKey: Guid(3d97dd74e47ca4a4384bf14ef4dc872d) Importer(815301076,1909f56bfc062723c751e8b465ee728b)
Start importing Assets/2D Platformer Tileset/Simple UI Pack/PSD/Quit.psd using Guid(3d97dd74e47ca4a4384bf14ef4dc872d) Importer(815301076,1909f56bfc062723c751e8b465ee728b)  -> (artifact id: '98556cde1df97c709dc2fcaf8f0eeace') in 0.025611 seconds
Number of updated asset objects reloaded before import = 0
Number of asset objects unloaded after import = 3
========================================================================
Received Import Request.
  Time since last request: 40.113917 seconds.
  path: Assets/SyntyStudios/PolygonCity/Prefabs/Environments/SM_Env_Road_01.prefab
  artifactKey: Guid(fa07ca939fb86614e840203d85f23f08) Importer(815301076,1909f56bfc062723c751e8b465ee728b)
Start importing Assets/SyntyStudios/PolygonCity/Prefabs/Environments/SM_Env_Road_01.prefab using Guid(fa07ca939fb86614e840203d85f23f08) Importer(815301076,1909f56bfc062723c751e8b465ee728b)  -> (artifact id: 'fa6f27dbbbf667cc09ae5364bcf466f4') in 0.022730 seconds
Number of updated asset objects reloaded before import = 0
Number of asset objects unloaded after import = 11
========================================================================
Received Import Request.
  Time since last request: 0.000021 seconds.
  path: Assets/SyntyStudios/PolygonCity/Prefabs/Environments/SM_Env_Road_Bare_01.prefab
  artifactKey: Guid(dab5db0c0226560499e1021898aafb64) Importer(815301076,1909f56bfc062723c751e8b465ee728b)
Start importing Assets/SyntyStudios/PolygonCity/Prefabs/Environments/SM_Env_Road_Bare_01.prefab using Guid(dab5db0c0226560499e1021898aafb64) Importer(815301076,1909f56bfc062723c751e8b465ee728b)  -> (artifact id: 'f9922ac3efbd57a19c34148e22a4a4af') in 0.013980 seconds
Number of updated asset objects reloaded before import = 0
Number of asset objects unloaded after import = 11
========================================================================
Received Import Request.
  Time since last request: 0.000014 seconds.
  path: Assets/SyntyStudios/PolygonCity/Prefabs/Environments/SM_Env_Road_YellowLines_01.prefab
  artifactKey: Guid(7e547ff22275ff24389c0fcbaf1f0afc) Importer(815301076,1909f56bfc062723c751e8b465ee728b)
Start importing Assets/SyntyStudios/PolygonCity/Prefabs/Environments/SM_Env_Road_YellowLines_01.prefab using Guid(7e547ff22275ff24389c0fcbaf1f0afc) Importer(815301076,1909f56bfc062723c751e8b465ee728b)  -> (artifact id: 'f016a01c2900c7f49457497c8a25da5f') in 0.012084 seconds
Number of updated asset objects reloaded before import = 0
Number of asset objects unloaded after import = 11
========================================================================
Received Import Request.
  Time since last request: 0.000020 seconds.
  path: Assets/SyntyStudios/PolygonCity/Prefabs/Environments/SM_Env_Road_Arrow_01.prefab
  artifactKey: Guid(4c588df48d373f5448513a886280f4af) Importer(815301076,1909f56bfc062723c751e8b465ee728b)
Start importing Assets/SyntyStudios/PolygonCity/Prefabs/Environments/SM_Env_Road_Arrow_01.prefab using Guid(4c588df48d373f5448513a886280f4af) Importer(815301076,1909f56bfc062723c751e8b465ee728b)  -> (artifact id: '6229d8de5331724e9b004220d33b1ecd') in 0.022628 seconds
Number of updated asset objects reloaded before import = 0
Number of asset objects unloaded after import = 11
========================================================================
Received Import Request.
  Time since last request: 0.000018 seconds.
  path: Assets/SyntyStudios/PolygonCity/Prefabs/Environments/SM_Env_Road_Arrow_02.prefab
  artifactKey: Guid(7cbed2c339c8db94cb05278ed2f7e14b) Importer(815301076,1909f56bfc062723c751e8b465ee728b)
Start importing Assets/SyntyStudios/PolygonCity/Prefabs/Environments/SM_Env_Road_Arrow_02.prefab using Guid(7cbed2c339c8db94cb05278ed2f7e14b) Importer(815301076,1909f56bfc062723c751e8b465ee728b)  -> (artifact id: '312c64a0243833d5dee99b865a0dbaf7') in 0.013855 seconds
Number of updated asset objects reloaded before import = 0
Number of asset objects unloaded after import = 11
========================================================================
Received Import Request.
  Time since last request: 0.000017 seconds.
  path: Assets/SyntyStudios/PolygonCity/Prefabs/Environments/SM_Env_Road_Median_02.prefab
  artifactKey: Guid(44ca69f08a790524aaed2c2ad405a1b9) Importer(815301076,1909f56bfc062723c751e8b465ee728b)
Start importing Assets/SyntyStudios/PolygonCity/Prefabs/Environments/SM_Env_Road_Median_02.prefab using Guid(44ca69f08a790524aaed2c2ad405a1b9) Importer(815301076,1909f56bfc062723c751e8b465ee728b)  -> (artifact id: 'afd71ba0db8d8bd43a9bdc0b7543aff9') in 0.007958 seconds
Number of updated asset objects reloaded before import = 0
Number of asset objects unloaded after import = 11
========================================================================
Received Import Request.
  Time since last request: 0.000017 seconds.
  path: Assets/SyntyStudios/PolygonCity/Prefabs/Environments/SM_Env_Road_Lines_02.prefab
  artifactKey: Guid(d2b133bd1e0723046a270de71e937731) Importer(815301076,1909f56bfc062723c751e8b465ee728b)
Start importing Assets/SyntyStudios/PolygonCity/Prefabs/Environments/SM_Env_Road_Lines_02.prefab using Guid(d2b133bd1e0723046a270de71e937731) Importer(815301076,1909f56bfc062723c751e8b465ee728b)  -> (artifact id: 'e2feddc122fc718ac700342d429200bf') in 0.008717 seconds
Number of updated asset objects reloaded before import = 0
Number of asset objects unloaded after import = 11
========================================================================
Received Import Request.
  Time since last request: 20.005938 seconds.
  path: Assets/Juego/Assets/Calles
  artifactKey: Guid(4fe49e957845be44bb5b9ad6aec342f3) Importer(815301076,1909f56bfc062723c751e8b465ee728b)
Start importing Assets/Juego/Assets/Calles using Guid(4fe49e957845be44bb5b9ad6aec342f3) Importer(815301076,1909f56bfc062723c751e8b465ee728b)  -> (artifact id: '33cc58ccdd45509a607af285958d7055') in 0.000582 seconds
Number of updated asset objects reloaded before import = 0
Number of asset objects unloaded after import = 0
========================================================================
Received Import Request.
  Time since last request: 2.610094 seconds.
  path: Assets/Juego/Assets/Calles/SM_Env_Road_YellowLines_01.prefab
  artifactKey: Guid(dc69326a9ebc895478f9023a59fdf2a5) Importer(815301076,1909f56bfc062723c751e8b465ee728b)
Start importing Assets/Juego/Assets/Calles/SM_Env_Road_YellowLines_01.prefab using Guid(dc69326a9ebc895478f9023a59fdf2a5) Importer(815301076,1909f56bfc062723c751e8b465ee728b)  -> (artifact id: '063a2e310ab68407ca4580e82992756b') in 0.006938 seconds
Number of updated asset objects reloaded before import = 0
Number of asset objects unloaded after import = 11
========================================================================
Received Import Request.
  Time since last request: 0.016926 seconds.
  path: Assets/Juego/Assets/Calles/SM_Env_Road_YellowLines_02.prefab
  artifactKey: Guid(a32dfb64aa9468d4296d5808100b3594) Importer(815301076,1909f56bfc062723c751e8b465ee728b)
Start importing Assets/Juego/Assets/Calles/SM_Env_Road_YellowLines_02.prefab using Guid(a32dfb64aa9468d4296d5808100b3594) Importer(815301076,1909f56bfc062723c751e8b465ee728b)  -> (artifact id: 'bf2d7695c4377a19e2d4bc31cb292835') in 0.008096 seconds
Number of updated asset objects reloaded before import = 0
Number of asset objects unloaded after import = 11
========================================================================
Received Import Request.
  Time since last request: 615.785684 seconds.
  path: Assets/SyntyStudios/PolygonCity/Materials/PolygonCity_Glass_Mat.mat
  artifactKey: Guid(c29d9dff2056b1543bbb70ec32427a62) Importer(815301076,1909f56bfc062723c751e8b465ee728b)
Start importing Assets/SyntyStudios/PolygonCity/Materials/PolygonCity_Glass_Mat.mat using Guid(c29d9dff2056b1543bbb70ec32427a62) Importer(815301076,1909f56bfc062723c751e8b465ee728b)  -> (artifact id: 'f35f1cab4d0453b7a4b854528f094019') in 0.042954 seconds
Number of updated asset objects reloaded before import = 0
Number of asset objects unloaded after import = 3
========================================================================
Received Import Request.
  Time since last request: 0.000026 seconds.
  path: Assets/SyntyStudios/PolygonCity/Materials/PolygonCity_Mat_Road_01.mat
  artifactKey: Guid(9415d5fbf987e4d47b3c90bea3a0d824) Importer(815301076,1909f56bfc062723c751e8b465ee728b)
Start importing Assets/SyntyStudios/PolygonCity/Materials/PolygonCity_Mat_Road_01.mat using Guid(9415d5fbf987e4d47b3c90bea3a0d824) Importer(815301076,1909f56bfc062723c751e8b465ee728b)  -> (artifact id: 'c0d664600fab8dd2c8cfb2d10b860f6a') in 0.016550 seconds
Number of updated asset objects reloaded before import = 0
Number of asset objects unloaded after import = 3
========================================================================
Received Import Request.
  Time since last request: 88.964025 seconds.
  path: Assets/Juego/Assets/New Folder
  artifactKey: Guid(bbc44bf9a1b0ced45a216fba1b6b9deb) Importer(815301076,1909f56bfc062723c751e8b465ee728b)
Start importing Assets/Juego/Assets/New Folder using Guid(bbc44bf9a1b0ced45a216fba1b6b9deb) Importer(815301076,1909f56bfc062723c751e8b465ee728b)  -> (artifact id: 'e7f7482a0db796fc1f1836ff457ff4f2') in 0.000593 seconds
Number of updated asset objects reloaded before import = 0
Number of asset objects unloaded after import = 0
========================================================================
Received Import Request.
  Time since last request: 68.324875 seconds.
  path: Assets/Juego/Assets/Parque
  artifactKey: Guid(bbc44bf9a1b0ced45a216fba1b6b9deb) Importer(815301076,1909f56bfc062723c751e8b465ee728b)
Start importing Assets/Juego/Assets/Parque using Guid(bbc44bf9a1b0ced45a216fba1b6b9deb) Importer(815301076,1909f56bfc062723c751e8b465ee728b)  -> (artifact id: 'a08750da9e5c09e0c8bcb1d9ef1af829') in 0.000534 seconds
Number of updated asset objects reloaded before import = 0
Number of asset objects unloaded after import = 0
========================================================================
Received Import Request.
  Time since last request: 19.064542 seconds.
  path: Assets/Juego/Assets/Parque/SM_Env_Grass_01.prefab
  artifactKey: Guid(793ec8766496f004c920f4d09aceb207) Importer(815301076,1909f56bfc062723c751e8b465ee728b)
Start importing Assets/Juego/Assets/Parque/SM_Env_Grass_01.prefab using Guid(793ec8766496f004c920f4d09aceb207) Importer(815301076,1909f56bfc062723c751e8b465ee728b)  -> (artifact id: 'f27b2e176ef6cee8055e4943000687d8') in 0.012976 seconds
Number of updated asset objects reloaded before import = 0
Number of asset objects unloaded after import = 13
========================================================================
Received Import Request.
  Time since last request: 0.002533 seconds.
  path: Assets/Juego/Assets/Parque/SM_Env_GrassPath_Corner_01.prefab
  artifactKey: Guid(28c2684ea0fa03c478f84f4af887fb2d) Importer(815301076,1909f56bfc062723c751e8b465ee728b)
Start importing Assets/Juego/Assets/Parque/SM_Env_GrassPath_Corner_01.prefab using Guid(28c2684ea0fa03c478f84f4af887fb2d) Importer(815301076,1909f56bfc062723c751e8b465ee728b)  -> (artifact id: '54b5ad4c605b626e79df372a14331566') in 0.024817 seconds
Number of updated asset objects reloaded before import = 0
Number of asset objects unloaded after import = 13
========================================================================
Received Import Request.
  Time since last request: 0.000036 seconds.
  path: Assets/Juego/Assets/Parque/SM_Env_GrassPath_T_01.prefab
  artifactKey: Guid(4c2382e6de35d2d4bb08f1f6bc565453) Importer(815301076,1909f56bfc062723c751e8b465ee728b)
Start importing Assets/Juego/Assets/Parque/SM_Env_GrassPath_T_01.prefab using Guid(4c2382e6de35d2d4bb08f1f6bc565453) Importer(815301076,1909f56bfc062723c751e8b465ee728b)  -> (artifact id: 'e98f303394f55bbd3ab898defb34179d') in 0.029576 seconds
Number of updated asset objects reloaded before import = 0
Number of asset objects unloaded after import = 13
========================================================================
Received Import Request.
  Time since last request: 12.191402 seconds.
  path: Assets/Juego/Assets/Parque/SM_Env_Grass_01.prefab
  artifactKey: Guid(793ec8766496f004c920f4d09aceb207) Importer(815301076,1909f56bfc062723c751e8b465ee728b)
Start importing Assets/Juego/Assets/Parque/SM_Env_Grass_01.prefab using Guid(793ec8766496f004c920f4d09aceb207) Importer(815301076,1909f56bfc062723c751e8b465ee728b)  -> (artifact id: 'b3b1e98532a57de3ab4e0ad763a83ba1') in 0.029455 seconds
Number of updated asset objects reloaded before import = 0
Number of asset objects unloaded after import = 13
========================================================================
Received Import Request.
  Time since last request: 0.000015 seconds.
  path: Assets/Juego/Assets/Parque/SM_Env_GrassPath_Straight_01.prefab
  artifactKey: Guid(36abd69633155274db6056b7ac044508) Importer(815301076,1909f56bfc062723c751e8b465ee728b)
Start importing Assets/Juego/Assets/Parque/SM_Env_GrassPath_Straight_01.prefab using Guid(36abd69633155274db6056b7ac044508) Importer(815301076,1909f56bfc062723c751e8b465ee728b)  -> (artifact id: 'ee4ec45cca984f452721476555edaee2') in 0.020934 seconds
Number of updated asset objects reloaded before import = 0
Number of asset objects unloaded after import = 13
========================================================================
Received Import Request.
  Time since last request: 0.000019 seconds.
  path: Assets/Juego/Assets/Parque/SM_Env_GrassPath_Junction_01.prefab
  artifactKey: Guid(17f5aaf38fcbbc64b8f3b831e2c840f4) Importer(815301076,1909f56bfc062723c751e8b465ee728b)
Start importing Assets/Juego/Assets/Parque/SM_Env_GrassPath_Junction_01.prefab using Guid(17f5aaf38fcbbc64b8f3b831e2c840f4) Importer(815301076,1909f56bfc062723c751e8b465ee728b)  -> (artifact id: '768fdfb43c14e3a153c8a22e75ce0797') in 0.021730 seconds
Number of updated asset objects reloaded before import = 0
Number of asset objects unloaded after import = 13
========================================================================
Received Import Request.
  Time since last request: 1.631938 seconds.
  path: Assets/Juego/Assets/Parque/SM_Env_Grass_01.prefab
  artifactKey: Guid(793ec8766496f004c920f4d09aceb207) Importer(815301076,1909f56bfc062723c751e8b465ee728b)
Start importing Assets/Juego/Assets/Parque/SM_Env_Grass_01.prefab using Guid(793ec8766496f004c920f4d09aceb207) Importer(815301076,1909f56bfc062723c751e8b465ee728b)  -> (artifact id: '7733764894f4b43b080ae57f8198bb54') in 0.014534 seconds
Number of updated asset objects reloaded before import = 0
Number of asset objects unloaded after import = 13
========================================================================
Received Import Request.
  Time since last request: 0.000018 seconds.
  path: Assets/Juego/Assets/Parque/SM_Env_GrassPath_T_01.prefab
  artifactKey: Guid(4c2382e6de35d2d4bb08f1f6bc565453) Importer(815301076,1909f56bfc062723c751e8b465ee728b)
Start importing Assets/Juego/Assets/Parque/SM_Env_GrassPath_T_01.prefab using Guid(4c2382e6de35d2d4bb08f1f6bc565453) Importer(815301076,1909f56bfc062723c751e8b465ee728b)  -> (artifact id: '5c2c2fa3f090ccc4e98797c4225dc820') in 0.015505 seconds
Number of updated asset objects reloaded before import = 0
Number of asset objects unloaded after import = 13
========================================================================
Received Import Request.
  Time since last request: 0.000019 seconds.
  path: Assets/Juego/Assets/Parque/SM_Env_GrassPath_Junction_01.prefab
  artifactKey: Guid(17f5aaf38fcbbc64b8f3b831e2c840f4) Importer(815301076,1909f56bfc062723c751e8b465ee728b)
Start importing Assets/Juego/Assets/Parque/SM_Env_GrassPath_Junction_01.prefab using Guid(17f5aaf38fcbbc64b8f3b831e2c840f4) Importer(815301076,1909f56bfc062723c751e8b465ee728b)  -> (artifact id: '8ecf3bbc0a72d574d312c561f6475b51') in 0.011758 seconds
Number of updated asset objects reloaded before import = 0
Number of asset objects unloaded after import = 13
========================================================================
Received Import Request.
  Time since last request: 602.654619 seconds.
  path: Assets/SyntyStudios/PolygonCity/Prefabs/Props/SM_Prop_BusStop_01.prefab
  artifactKey: Guid(02569c08ab29ca94481dbec225d65225) Importer(815301076,1909f56bfc062723c751e8b465ee728b)
Start importing Assets/SyntyStudios/PolygonCity/Prefabs/Props/SM_Prop_BusStop_01.prefab using Guid(02569c08ab29ca94481dbec225d65225) Importer(815301076,1909f56bfc062723c751e8b465ee728b)  -> (artifact id: 'dd8a7d9e6c80984032da4eb779ff2cfe') in 0.042872 seconds
Number of updated asset objects reloaded before import = 0
Number of asset objects unloaded after import = 22
========================================================================
Received Import Request.
  Time since last request: 12.580159 seconds.
  path: Assets/SyntyStudios/PolygonCity/Prefabs/Environments/SM_Env_Ocean_Tile_01.prefab
  artifactKey: Guid(60d3688bc6832bf45ac9ea2bf1c8ab03) Importer(815301076,1909f56bfc062723c751e8b465ee728b)
Start importing Assets/SyntyStudios/PolygonCity/Prefabs/Environments/SM_Env_Ocean_Tile_01.prefab using Guid(60d3688bc6832bf45ac9ea2bf1c8ab03) Importer(815301076,1909f56bfc062723c751e8b465ee728b)  -> (artifact id: '500ac365a0d1116d8563f71374023865') in 0.024173 seconds
Number of updated asset objects reloaded before import = 0
Number of asset objects unloaded after import = 8
========================================================================
Received Import Request.
  Time since last request: 16.740842 seconds.
  path: Assets/SyntyStudios/PolygonCity/Prefabs/Environments/SM_Env_Tree_01.prefab
  artifactKey: Guid(ee6af68a3d2c1864ebc6cfc3be82d851) Importer(815301076,1909f56bfc062723c751e8b465ee728b)
Start importing Assets/SyntyStudios/PolygonCity/Prefabs/Environments/SM_Env_Tree_01.prefab using Guid(ee6af68a3d2c1864ebc6cfc3be82d851) Importer(815301076,1909f56bfc062723c751e8b465ee728b)  -> (artifact id: 'e22e95db98e72e24f7441b4bd1b7bd2f') in 0.029892 seconds
Number of updated asset objects reloaded before import = 0
Number of asset objects unloaded after import = 20
========================================================================
Received Import Request.
  Time since last request: 1.439980 seconds.
  path: Assets/SyntyStudios/PolygonCity/Prefabs/Environments/SM_Env_Tree_01.prefab
  artifactKey: Guid(ee6af68a3d2c1864ebc6cfc3be82d851) Importer(815301076,1909f56bfc062723c751e8b465ee728b)
Start importing Assets/SyntyStudios/PolygonCity/Prefabs/Environments/SM_Env_Tree_01.prefab using Guid(ee6af68a3d2c1864ebc6cfc3be82d851) Importer(815301076,1909f56bfc062723c751e8b465ee728b)  -> (artifact id: '7665e95099619238dd6bae63e96409e5') in 0.024363 seconds
Number of updated asset objects reloaded before import = 0
Number of asset objects unloaded after import = 20
========================================================================
Received Import Request.
  Time since last request: 2.111836 seconds.
  path: Assets/SyntyStudios/PolygonCity/Prefabs/Environments/SM_Env_Tree_01.prefab
  artifactKey: Guid(ee6af68a3d2c1864ebc6cfc3be82d851) Importer(815301076,1909f56bfc062723c751e8b465ee728b)
Start importing Assets/SyntyStudios/PolygonCity/Prefabs/Environments/SM_Env_Tree_01.prefab using Guid(ee6af68a3d2c1864ebc6cfc3be82d851) Importer(815301076,1909f56bfc062723c751e8b465ee728b)  -> (artifact id: '1d97c1c78aa58c359d78b3fb4dc0e50c') in 0.020111 seconds
Number of updated asset objects reloaded before import = 0
Number of asset objects unloaded after import = 20
========================================================================
Received Import Request.
  Time since last request: 0.000022 seconds.
  path: Assets/SyntyStudios/PolygonCity/Prefabs/Environments/SM_Env_Tree_03.prefab
  artifactKey: Guid(c50789636e1fc5c4b8a37e2700e4a3c1) Importer(815301076,1909f56bfc062723c751e8b465ee728b)
Start importing Assets/SyntyStudios/PolygonCity/Prefabs/Environments/SM_Env_Tree_03.prefab using Guid(c50789636e1fc5c4b8a37e2700e4a3c1) Importer(815301076,1909f56bfc062723c751e8b465ee728b)  -> (artifact id: '0f324b5dd49f8b17583deaf04ce55f16') in 0.018480 seconds
Number of updated asset objects reloaded before import = 0
Number of asset objects unloaded after import = 18
========================================================================
Received Import Request.
  Time since last request: 8.205821 seconds.
  path: Assets/SyntyStudios/PolygonCity/Prefabs/Environments/SM_Env_Tree_01.prefab
  artifactKey: Guid(ee6af68a3d2c1864ebc6cfc3be82d851) Importer(815301076,1909f56bfc062723c751e8b465ee728b)
Start importing Assets/SyntyStudios/PolygonCity/Prefabs/Environments/SM_Env_Tree_01.prefab using Guid(ee6af68a3d2c1864ebc6cfc3be82d851) Importer(815301076,1909f56bfc062723c751e8b465ee728b)  -> (artifact id: '7d8e4660154be1520cbc5bf6e73fc574') in 0.014197 seconds
Number of updated asset objects reloaded before import = 0
Number of asset objects unloaded after import = 20
========================================================================
Received Import Request.
  Time since last request: 0.011815 seconds.
  path: Assets/SyntyStudios/PolygonCity/Prefabs/Environments/SM_Env_Tree_02.prefab
  artifactKey: Guid(d93817f79a1e01242b20f7081cbfa384) Importer(815301076,1909f56bfc062723c751e8b465ee728b)
Start importing Assets/SyntyStudios/PolygonCity/Prefabs/Environments/SM_Env_Tree_02.prefab using Guid(d93817f79a1e01242b20f7081cbfa384) Importer(815301076,1909f56bfc062723c751e8b465ee728b)  -> (artifact id: '29d65dae4b542c5a5d42e39b19f4a6d3') in 0.014399 seconds
Number of updated asset objects reloaded before import = 0
Number of asset objects unloaded after import = 20
========================================================================
Received Import Request.
  Time since last request: 21.833296 seconds.
  path: Assets/SyntyStudios/PolygonCity/Prefabs/Vehicles/SM_Veh_Car_Ambo_01.prefab
  artifactKey: Guid(416c46ca128db5f4bb76f235b4f991d5) Importer(815301076,1909f56bfc062723c751e8b465ee728b)
Start importing Assets/SyntyStudios/PolygonCity/Prefabs/Vehicles/SM_Veh_Car_Ambo_01.prefab using Guid(416c46ca128db5f4bb76f235b4f991d5) Importer(815301076,1909f56bfc062723c751e8b465ee728b)  -> (artifact id: '741d7072298cdd2280d09c31a2c8142b') in 0.040692 seconds
Number of updated asset objects reloaded before import = 0
Number of asset objects unloaded after import = 73
========================================================================
Received Import Request.
  Time since last request: 0.000019 seconds.
  path: Assets/SyntyStudios/PolygonCity/Prefabs/Vehicles/SM_Veh_Car_Muscle_01.prefab
  artifactKey: Guid(edf6cb56e12fba648b2cf1e7dfa5bf88) Importer(815301076,1909f56bfc062723c751e8b465ee728b)
Start importing Assets/SyntyStudios/PolygonCity/Prefabs/Vehicles/SM_Veh_Car_Muscle_01.prefab using Guid(edf6cb56e12fba648b2cf1e7dfa5bf88) Importer(815301076,1909f56bfc062723c751e8b465ee728b)  -> (artifact id: '2332a87b19bb8c89bf1a954c7fe302b9') in 0.029505 seconds
Number of updated asset objects reloaded before import = 0
Number of asset objects unloaded after import = 53
========================================================================
Received Import Request.
  Time since last request: 0.000024 seconds.
  path: Assets/SyntyStudios/PolygonCity/Prefabs/Vehicles/SM_Veh_Car_Van_01.prefab
  artifactKey: Guid(94469aeaca2d49442af381840b70bb6c) Importer(815301076,1909f56bfc062723c751e8b465ee728b)
Start importing Assets/SyntyStudios/PolygonCity/Prefabs/Vehicles/SM_Veh_Car_Van_01.prefab using Guid(94469aeaca2d49442af381840b70bb6c) Importer(815301076,1909f56bfc062723c751e8b465ee728b)  -> (artifact id: '5c8e173b75516626a7c0a12afae05a85') in 0.026770 seconds
Number of updated asset objects reloaded before import = 0
Number of asset objects unloaded after import = 73
========================================================================
Received Import Request.
  Time since last request: 0.000024 seconds.
  path: Assets/SyntyStudios/PolygonCity/Prefabs/Vehicles/SM_Veh_Car_Small_01.prefab
  artifactKey: Guid(0383b854a926f1643b20f9c7cdb2e4de) Importer(815301076,1909f56bfc062723c751e8b465ee728b)
Start importing Assets/SyntyStudios/PolygonCity/Prefabs/Vehicles/SM_Veh_Car_Small_01.prefab using Guid(0383b854a926f1643b20f9c7cdb2e4de) Importer(815301076,1909f56bfc062723c751e8b465ee728b)  -> (artifact id: '43277bf70c5003be3f853e29c0434ad0') in 0.015835 seconds
Number of updated asset objects reloaded before import = 0
Number of asset objects unloaded after import = 53
========================================================================
Received Import Request.
  Time since last request: 0.000019 seconds.
  path: Assets/SyntyStudios/PolygonCity/Prefabs/Vehicles/SM_Veh_Car_Sedan_01.prefab
  artifactKey: Guid(85ac88d7c46e0ea4583870a98cc13580) Importer(815301076,1909f56bfc062723c751e8b465ee728b)
Start importing Assets/SyntyStudios/PolygonCity/Prefabs/Vehicles/SM_Veh_Car_Sedan_01.prefab using Guid(85ac88d7c46e0ea4583870a98cc13580) Importer(815301076,1909f56bfc062723c751e8b465ee728b)  -> (artifact id: 'c49f07abbb6965bc8eba7433f9c81f5d') in 0.028858 seconds
Number of updated asset objects reloaded before import = 0
Number of asset objects unloaded after import = 58
========================================================================
Received Import Request.
  Time since last request: 134.787485 seconds.
  path: Assets/SyntyStudios/PolygonCity/Prefabs/Environments/SM_Env_WaterEdge_Pipe_01.prefab
  artifactKey: Guid(31bea3e529df47e4eaa3fad5fda198b2) Importer(815301076,1909f56bfc062723c751e8b465ee728b)
Start importing Assets/SyntyStudios/PolygonCity/Prefabs/Environments/SM_Env_WaterEdge_Pipe_01.prefab using Guid(31bea3e529df47e4eaa3fad5fda198b2) Importer(815301076,1909f56bfc062723c751e8b465ee728b)  -> (artifact id: '23474edbe0619341db73de7c18f8aec1') in 0.022568 seconds
Number of updated asset objects reloaded before import = 0
Number of asset objects unloaded after import = 20
========================================================================
Received Import Request.
  Time since last request: 0.007487 seconds.
  path: Assets/SyntyStudios/PolygonCity/Prefabs/Environments/SM_Env_Road_Lines_02.prefab
  artifactKey: Guid(d2b133bd1e0723046a270de71e937731) Importer(815301076,1909f56bfc062723c751e8b465ee728b)
Start importing Assets/SyntyStudios/PolygonCity/Prefabs/Environments/SM_Env_Road_Lines_02.prefab using Guid(d2b133bd1e0723046a270de71e937731) Importer(815301076,1909f56bfc062723c751e8b465ee728b)  -> (artifact id: '6b0ba3dbb785a798afb203ce5343942e') in 0.007908 seconds
Number of updated asset objects reloaded before import = 0
Number of asset objects unloaded after import = 11
========================================================================
Received Import Request.
  Time since last request: 0.006294 seconds.
  path: Assets/SyntyStudios/PolygonCity/Prefabs/Environments/SM_Env_Road_Patch_01.prefab
  artifactKey: Guid(430d14b744769134e831183525387e01) Importer(815301076,1909f56bfc062723c751e8b465ee728b)
Start importing Assets/SyntyStudios/PolygonCity/Prefabs/Environments/SM_Env_Road_Patch_01.prefab using Guid(430d14b744769134e831183525387e01) Importer(815301076,1909f56bfc062723c751e8b465ee728b)  -> (artifact id: 'e4ae8b4957fd2e0004697d4d191b99ce') in 0.031788 seconds
Number of updated asset objects reloaded before import = 0
Number of asset objects unloaded after import = 13
========================================================================
Received Import Request.
  Time since last request: 0.000022 seconds.
  path: Assets/SyntyStudios/PolygonCity/Prefabs/Environments/SM_Env_Street_Divider_02.prefab
  artifactKey: Guid(189a6283bd4925841bbf41d7c5919bff) Importer(815301076,1909f56bfc062723c751e8b465ee728b)
Start importing Assets/SyntyStudios/PolygonCity/Prefabs/Environments/SM_Env_Street_Divider_02.prefab using Guid(189a6283bd4925841bbf41d7c5919bff) Importer(815301076,1909f56bfc062723c751e8b465ee728b)  -> (artifact id: '5aaaa71dccd7965321011b21224e71e5') in 0.029266 seconds
Number of updated asset objects reloaded before import = 0
Number of asset objects unloaded after import = 13
========================================================================
Received Import Request.
  Time since last request: 0.000025 seconds.
  path: Assets/SyntyStudios/PolygonCity/Prefabs/Environments/SM_Env_Street_Divider_01.prefab
  artifactKey: Guid(1a66f016bbb06824eb345102a2831977) Importer(815301076,1909f56bfc062723c751e8b465ee728b)
Start importing Assets/SyntyStudios/PolygonCity/Prefabs/Environments/SM_Env_Street_Divider_01.prefab using Guid(1a66f016bbb06824eb345102a2831977) Importer(815301076,1909f56bfc062723c751e8b465ee728b)  -> (artifact id: '35c697b488290ce1a3eef538286922da') in 0.013666 seconds
Number of updated asset objects reloaded before import = 0
Number of asset objects unloaded after import = 13
========================================================================
Received Import Request.
  Time since last request: 0.000022 seconds.
  path: Assets/SyntyStudios/PolygonCity/Prefabs/Environments/SM_Env_Sidewalk_Panel_01.prefab
  artifactKey: Guid(3411beaa9a128784baf5d279eb959b9d) Importer(815301076,1909f56bfc062723c751e8b465ee728b)
Start importing Assets/SyntyStudios/PolygonCity/Prefabs/Environments/SM_Env_Sidewalk_Panel_01.prefab using Guid(3411beaa9a128784baf5d279eb959b9d) Importer(815301076,1909f56bfc062723c751e8b465ee728b)  -> (artifact id: '4bb907c33ac7f31032ccdc1d516384a3') in 0.020573 seconds
Number of updated asset objects reloaded before import = 0
Number of asset objects unloaded after import = 13
========================================================================
Received Import Request.
  Time since last request: 0.000024 seconds.
  path: Assets/SyntyStudios/PolygonCity/Prefabs/Environments/SM_Env_WaterEdge_Straight_03.prefab
  artifactKey: Guid(412e629bc1aeba94f84bc67e32a5cc7f) Importer(815301076,1909f56bfc062723c751e8b465ee728b)
Start importing Assets/SyntyStudios/PolygonCity/Prefabs/Environments/SM_Env_WaterEdge_Straight_03.prefab using Guid(412e629bc1aeba94f84bc67e32a5cc7f) Importer(815301076,1909f56bfc062723c751e8b465ee728b)  -> (artifact id: 'b1ef114282d89044764399350d8ade08') in 0.023837 seconds
Number of updated asset objects reloaded before import = 0
Number of asset objects unloaded after import = 20
========================================================================
Received Import Request.
  Time since last request: 0.000031 seconds.
  path: Assets/SyntyStudios/PolygonCity/Prefabs/Environments/SM_Env_Sidewalk_01.prefab
  artifactKey: Guid(260ea4bf1ba71314c9c3833b491586bc) Importer(815301076,1909f56bfc062723c751e8b465ee728b)
Start importing Assets/SyntyStudios/PolygonCity/Prefabs/Environments/SM_Env_Sidewalk_01.prefab using Guid(260ea4bf1ba71314c9c3833b491586bc) Importer(815301076,1909f56bfc062723c751e8b465ee728b)  -> (artifact id: '9e49530fe00150471766b1395449086f') in 0.017264 seconds
Number of updated asset objects reloaded before import = 0
Number of asset objects unloaded after import = 13
========================================================================
Received Import Request.
  Time since last request: 0.000626 seconds.
  path: Assets/SyntyStudios/PolygonCity/Prefabs/Environments/SM_Env_WaterEdge_Corner_01.prefab
  artifactKey: Guid(91023e8405ce7764eb845f4aa7f5ca0e) Importer(815301076,1909f56bfc062723c751e8b465ee728b)
Start importing Assets/SyntyStudios/PolygonCity/Prefabs/Environments/SM_Env_WaterEdge_Corner_01.prefab using Guid(91023e8405ce7764eb845f4aa7f5ca0e) Importer(815301076,1909f56bfc062723c751e8b465ee728b)  -> (artifact id: 'a0d9064a4c2e22464465ade86a6d666a') in 0.014265 seconds
Number of updated asset objects reloaded before import = 0
Number of asset objects unloaded after import = 20
========================================================================
Received Import Request.
  Time since last request: 0.000021 seconds.
  path: Assets/SyntyStudios/PolygonCity/Prefabs/Environments/SM_Env_Sidewalk_Grate_02.prefab
  artifactKey: Guid(8bb0b83b7824d964fa1d723d2bddb75e) Importer(815301076,1909f56bfc062723c751e8b465ee728b)
Start importing Assets/SyntyStudios/PolygonCity/Prefabs/Environments/SM_Env_Sidewalk_Grate_02.prefab using Guid(8bb0b83b7824d964fa1d723d2bddb75e) Importer(815301076,1909f56bfc062723c751e8b465ee728b)  -> (artifact id: 'd34260ac8c90b1ede942349e5062c2f4') in 0.035315 seconds
Number of updated asset objects reloaded before import = 0
Number of asset objects unloaded after import = 13
========================================================================
Received Import Request.
  Time since last request: 0.000028 seconds.
  path: Assets/SyntyStudios/PolygonCity/Prefabs/Environments/SM_Env_Road_YellowLines_01.prefab
  artifactKey: Guid(7e547ff22275ff24389c0fcbaf1f0afc) Importer(815301076,1909f56bfc062723c751e8b465ee728b)
Start importing Assets/SyntyStudios/PolygonCity/Prefabs/Environments/SM_Env_Road_YellowLines_01.prefab using Guid(7e547ff22275ff24389c0fcbaf1f0afc) Importer(815301076,1909f56bfc062723c751e8b465ee728b)  -> (artifact id: 'c4eacaa87ece3d5b19574728f4f8a6fc') in 0.015719 seconds
Number of updated asset objects reloaded before import = 0
Number of asset objects unloaded after import = 11
========================================================================
Received Import Request.
  Time since last request: 0.000022 seconds.
  path: Assets/SyntyStudios/PolygonCity/Prefabs/Environments/SM_Env_WaterEdge_Straight_02.prefab
  artifactKey: Guid(005add2e805dff846a22a816bce2f715) Importer(815301076,1909f56bfc062723c751e8b465ee728b)
Start importing Assets/SyntyStudios/PolygonCity/Prefabs/Environments/SM_Env_WaterEdge_Straight_02.prefab using Guid(005add2e805dff846a22a816bce2f715) Importer(815301076,1909f56bfc062723c751e8b465ee728b)  -> (artifact id: 'f62b863653f6007aabab9adda09af459') in 0.025014 seconds
Number of updated asset objects reloaded before import = 0
Number of asset objects unloaded after import = 20
========================================================================
Received Import Request.
  Time since last request: 0.000025 seconds.
  path: Assets/SyntyStudios/PolygonCity/Prefabs/Environments/SM_Env_Sidewalk_Corner_01.prefab
  artifactKey: Guid(022ffec03fad20a44bfd7a0026ee101a) Importer(815301076,1909f56bfc062723c751e8b465ee728b)
Start importing Assets/SyntyStudios/PolygonCity/Prefabs/Environments/SM_Env_Sidewalk_Corner_01.prefab using Guid(022ffec03fad20a44bfd7a0026ee101a) Importer(815301076,1909f56bfc062723c751e8b465ee728b)  -> (artifact id: '863bc81d28f3e8286db31d832182db45') in 0.024198 seconds
Number of updated asset objects reloaded before import = 0
Number of asset objects unloaded after import = 13
========================================================================
Received Import Request.
  Time since last request: 0.000029 seconds.
  path: Assets/SyntyStudios/PolygonCity/Prefabs/Environments/SM_Env_Sidewalk_Dip_01.prefab
  artifactKey: Guid(d8e7bc81108d6df4f9af32b0399eb064) Importer(815301076,1909f56bfc062723c751e8b465ee728b)
Start importing Assets/SyntyStudios/PolygonCity/Prefabs/Environments/SM_Env_Sidewalk_Dip_01.prefab using Guid(d8e7bc81108d6df4f9af32b0399eb064) Importer(815301076,1909f56bfc062723c751e8b465ee728b)  -> (artifact id: '35cdd6c205ad7e0815a323696e5be00e') in 0.014468 seconds
Number of updated asset objects reloaded before import = 0
Number of asset objects unloaded after import = 13
========================================================================
Received Import Request.
  Time since last request: 0.000029 seconds.
  path: Assets/SyntyStudios/PolygonCity/Prefabs/Environments/SM_Env_Road_Median_02.prefab
  artifactKey: Guid(44ca69f08a790524aaed2c2ad405a1b9) Importer(815301076,1909f56bfc062723c751e8b465ee728b)
Start importing Assets/SyntyStudios/PolygonCity/Prefabs/Environments/SM_Env_Road_Median_02.prefab using Guid(44ca69f08a790524aaed2c2ad405a1b9) Importer(815301076,1909f56bfc062723c751e8b465ee728b)  -> (artifact id: 'f92ead6d1aacf5f97624fa404524bdf7') in 0.018061 seconds
Number of updated asset objects reloaded before import = 0
Number of asset objects unloaded after import = 11
========================================================================
Received Import Request.
  Time since last request: 0.000023 seconds.
  path: Assets/SyntyStudios/PolygonCity/Prefabs/Environments/SM_Env_WaterEdge_Rock_01.prefab
  artifactKey: Guid(b408ff046e97d28428f851dbcce2f2d5) Importer(815301076,1909f56bfc062723c751e8b465ee728b)
Start importing Assets/SyntyStudios/PolygonCity/Prefabs/Environments/SM_Env_WaterEdge_Rock_01.prefab using Guid(b408ff046e97d28428f851dbcce2f2d5) Importer(815301076,1909f56bfc062723c751e8b465ee728b)  -> (artifact id: '0cacf794d74668c563203b2c0b22dcb4') in 0.018222 seconds
Number of updated asset objects reloaded before import = 0
Number of asset objects unloaded after import = 20
========================================================================
Received Import Request.
  Time since last request: 0.000033 seconds.
  path: Assets/SyntyStudios/PolygonCity/Prefabs/Environments/SM_Env_Sidewalk_Grate_01.prefab
  artifactKey: Guid(35d21aaf608eba24285e42aad64a70a8) Importer(815301076,1909f56bfc062723c751e8b465ee728b)
Start importing Assets/SyntyStudios/PolygonCity/Prefabs/Environments/SM_Env_Sidewalk_Grate_01.prefab using Guid(35d21aaf608eba24285e42aad64a70a8) Importer(815301076,1909f56bfc062723c751e8b465ee728b)  -> (artifact id: 'a71e35ab2a9221d3c30b85b7a072c8ea') in 0.011178 seconds
Number of updated asset objects reloaded before import = 0
Number of asset objects unloaded after import = 13
========================================================================
Received Import Request.
  Time since last request: 0.000016 seconds.
  path: Assets/SyntyStudios/PolygonCity/Prefabs/Environments/SM_Env_Sidewalk_Gutter_01.prefab
  artifactKey: Guid(ed8c62e1e1e0ce744a951227804b2bec) Importer(815301076,1909f56bfc062723c751e8b465ee728b)
Start importing Assets/SyntyStudios/PolygonCity/Prefabs/Environments/SM_Env_Sidewalk_Gutter_01.prefab using Guid(ed8c62e1e1e0ce744a951227804b2bec) Importer(815301076,1909f56bfc062723c751e8b465ee728b)  -> (artifact id: '9f4098e7d22cee38f086a8b97690db9c') in 0.016465 seconds
Number of updated asset objects reloaded before import = 0
Number of asset objects unloaded after import = 13
========================================================================
Received Import Request.
  Time since last request: 11.871047 seconds.
  path: Assets/SyntyStudios/PolygonCity/Prefabs/Environments/SM_Env_Path_Straight_01.prefab
  artifactKey: Guid(3c75fe85eb37f5843976b233e951a756) Importer(815301076,1909f56bfc062723c751e8b465ee728b)
Start importing Assets/SyntyStudios/PolygonCity/Prefabs/Environments/SM_Env_Path_Straight_01.prefab using Guid(3c75fe85eb37f5843976b233e951a756) Importer(815301076,1909f56bfc062723c751e8b465ee728b)  -> (artifact id: '79d1b6797a1309d43e2ab94535647d69') in 0.024847 seconds
Number of updated asset objects reloaded before import = 0
Number of asset objects unloaded after import = 13
========================================================================
Received Import Request.
  Time since last request: 0.000023 seconds.
  path: Assets/SyntyStudios/PolygonCity/Prefabs/Environments/SM_Env_Road_Bare_01.prefab
  artifactKey: Guid(dab5db0c0226560499e1021898aafb64) Importer(815301076,1909f56bfc062723c751e8b465ee728b)
Start importing Assets/SyntyStudios/PolygonCity/Prefabs/Environments/SM_Env_Road_Bare_01.prefab using Guid(dab5db0c0226560499e1021898aafb64) Importer(815301076,1909f56bfc062723c751e8b465ee728b)  -> (artifact id: '6e05d4c26ec4320d94480fd12785b99b') in 0.011410 seconds
Number of updated asset objects reloaded before import = 0
Number of asset objects unloaded after import = 11
========================================================================
Received Import Request.
  Time since last request: 0.000017 seconds.
  path: Assets/SyntyStudios/PolygonCity/Prefabs/Environments/SM_Env_Road_Arrow_01.prefab
  artifactKey: Guid(4c588df48d373f5448513a886280f4af) Importer(815301076,1909f56bfc062723c751e8b465ee728b)
Start importing Assets/SyntyStudios/PolygonCity/Prefabs/Environments/SM_Env_Road_Arrow_01.prefab using Guid(4c588df48d373f5448513a886280f4af) Importer(815301076,1909f56bfc062723c751e8b465ee728b)  -> (artifact id: '8a2e244ac2b16a6d099ddd9d557652e1') in 0.008778 seconds
Number of updated asset objects reloaded before import = 0
Number of asset objects unloaded after import = 11
========================================================================
Received Import Request.
  Time since last request: 0.000034 seconds.
  path: Assets/SyntyStudios/PolygonCity/Prefabs/Environments/SM_Env_Road_Lines_01.prefab
  artifactKey: Guid(69af78e726c8b9842bb53e9d215270fa) Importer(815301076,1909f56bfc062723c751e8b465ee728b)
Start importing Assets/SyntyStudios/PolygonCity/Prefabs/Environments/SM_Env_Road_Lines_01.prefab using Guid(69af78e726c8b9842bb53e9d215270fa) Importer(815301076,1909f56bfc062723c751e8b465ee728b)  -> (artifact id: '3dd8ff6844d92d5e81f4dbc514525ed1') in 0.016615 seconds
Number of updated asset objects reloaded before import = 0
Number of asset objects unloaded after import = 11
Editor requested this worker to shutdown with reason: Scaling down because of idle timeout
TcpMessagingSession - receive error: operation aborted. errorcode: 995, details: La operacin de E/S se anul por una salida de subproceso o por una solicitud de aplicacin.
AssetImportWorker is now disconnected from the server
Process exiting
Exiting without the bug reporter. Application will terminate with return code 0