Using pre-set license
Built from '2022.3/staging' branch; Version is '2022.3.13f1 (5f90a5ebde0f) revision 6262949'; Using compiler version '192829333'; Build Type 'Release'
OS: 'Windows 11  (10.0.22621) 64bit Professional' Language: 'es' Physical Memory: 32694 MB
BatchMode: 1, IsHumanControllingUs: 0, StartBugReporterOnCrash: 0, Is64bit: 1, IsPro: 1

COMMAND LINE ARGUMENTS:
D:\Unity\2022.3.13f1\Editor\Unity.exe
-adb2
-batchMode
-noUpm
-name
AssetImportWorker5
-projectPath
D:/Unity/Proyectos Unity/GameStudies
-logFile
Logs/AssetImportWorker5.log
-srvPort
52674
Successfully changed project path to: D:/Unity/Proyectos Unity/GameStudies
D:/Unity/Proyectos Unity/GameStudies
[UnityMemory] Configuration Parameters - Can be set up in boot.config
    "memorysetup-bucket-allocator-granularity=16"
    "memorysetup-bucket-allocator-bucket-count=8"
    "memorysetup-bucket-allocator-block-size=33554432"
    "memorysetup-bucket-allocator-block-count=8"
    "memorysetup-main-allocator-block-size=16777216"
    "memorysetup-thread-allocator-block-size=16777216"
    "memorysetup-gfx-main-allocator-block-size=16777216"
    "memorysetup-gfx-thread-allocator-block-size=16777216"
    "memorysetup-cache-allocator-block-size=4194304"
    "memorysetup-typetree-allocator-block-size=2097152"
    "memorysetup-profiler-bucket-allocator-granularity=16"
    "memorysetup-profiler-bucket-allocator-bucket-count=8"
    "memorysetup-profiler-bucket-allocator-block-size=33554432"
    "memorysetup-profiler-bucket-allocator-block-count=8"
    "memorysetup-profiler-allocator-block-size=16777216"
    "memorysetup-profiler-editor-allocator-block-size=1048576"
    "memorysetup-temp-allocator-size-main=16777216"
    "memorysetup-job-temp-allocator-block-size=2097152"
    "memorysetup-job-temp-allocator-block-size-background=1048576"
    "memorysetup-job-temp-allocator-reduction-small-platforms=262144"
    "memorysetup-allocator-temp-initial-block-size-main=262144"
    "memorysetup-allocator-temp-initial-block-size-worker=262144"
    "memorysetup-temp-allocator-size-background-worker=32768"
    "memorysetup-temp-allocator-size-job-worker=262144"
    "memorysetup-temp-allocator-size-preload-manager=33554432"
    "memorysetup-temp-allocator-size-nav-mesh-worker=65536"
    "memorysetup-temp-allocator-size-audio-worker=65536"
    "memorysetup-temp-allocator-size-cloud-worker=32768"
    "memorysetup-temp-allocator-size-gi-baking-worker=262144"
    "memorysetup-temp-allocator-size-gfx=262144"
Player connection [25844] Host "[IP] 192.168.1.2 [Port] 0 [Flags] 2 [Guid] 529324217 [EditorId] 529324217 [Version] 1048832 [Id] WindowsEditor(7,TorreDeJuan) [Debug] 1 [PackageName] WindowsEditor [ProjectName] Editor" joined multi-casting on [225.0.0.222:54997]...

Player connection [25844] Host "[IP] 192.168.1.2 [Port] 0 [Flags] 2 [Guid] 529324217 [EditorId] 529324217 [Version] 1048832 [Id] WindowsEditor(7,TorreDeJuan) [Debug] 1 [PackageName] WindowsEditor [ProjectName] Editor" joined alternative multi-casting on [225.0.0.222:34997]...

[Physics::Module] Initialized MultithreadedJobDispatcher with 11 workers.
Refreshing native plugins compatible for Editor in 7.17 ms, found 3 plugins.
Preloading 0 native plugins for Editor in 0.00 ms.
Initialize engine version: 2022.3.13f1 (5f90a5ebde0f)
[Subsystems] Discovering subsystems at path D:/Unity/2022.3.13f1/Editor/Data/Resources/UnitySubsystems
[Subsystems] Discovering subsystems at path D:/Unity/Proyectos Unity/GameStudies/Assets
GfxDevice: creating device client; threaded=0; jobified=0
Direct3D:
    Version:  Direct3D 11.0 [level 11.1]
    Renderer: NVIDIA GeForce GTX 1660 (ID=0x2184)
    Vendor:   NVIDIA
    VRAM:     5981 MB
    Driver:   31.0.15.4601
Initialize mono
Mono path[0] = 'D:/Unity/2022.3.13f1/Editor/Data/Managed'
Mono path[1] = 'D:/Unity/2022.3.13f1/Editor/Data/MonoBleedingEdge/lib/mono/unityjit-win32'
Mono config path = 'D:/Unity/2022.3.13f1/Editor/Data/MonoBleedingEdge/etc'
Using monoOptions --debugger-agent=transport=dt_socket,embedding=1,server=y,suspend=n,address=127.0.0.1:56904
Begin MonoManager ReloadAssembly
Registering precompiled unity dll's ...
Register platform support module: D:/Unity/2022.3.13f1/Editor/Data/PlaybackEngines/WebGLSupport/UnityEditor.WebGL.Extensions.dll
Register platform support module: D:/Unity/2022.3.13f1/Editor/Data/PlaybackEngines/WindowsStandaloneSupport/UnityEditor.WindowsStandalone.Extensions.dll
Registered in 0.003770 seconds.
- Loaded All Assemblies, in  0.355 seconds
Native extension for WindowsStandalone target not found
Native extension for WebGL target not found
Mono: successfully reloaded assembly
- Finished resetting the current domain, in  0.245 seconds
Domain Reload Profiling: 600ms
	BeginReloadAssembly (123ms)
		ExecutionOrderSort (0ms)
		DisableScriptedObjects (0ms)
		BackupInstance (0ms)
		ReleaseScriptingObjects (0ms)
		CreateAndSetChildDomain (1ms)
	RebuildCommonClasses (46ms)
	RebuildNativeTypeToScriptingClass (11ms)
	initialDomainReloadingComplete (43ms)
	LoadAllAssembliesAndSetupDomain (131ms)
		LoadAssemblies (123ms)
		RebuildTransferFunctionScriptingTraits (0ms)
		AnalyzeDomain (129ms)
			TypeCache.Refresh (128ms)
				TypeCache.ScanAssembly (115ms)
			ScanForSourceGeneratedMonoScriptInfo (0ms)
			ResolveRequiredComponents (0ms)
	FinalizeReload (245ms)
		ReleaseScriptCaches (0ms)
		RebuildScriptCaches (0ms)
		SetupLoadedEditorAssemblies (187ms)
			LogAssemblyErrors (0ms)
			InitializePlatformSupportModulesInManaged (7ms)
			SetLoadedEditorAssemblies (5ms)
			RefreshPlugins (0ms)
			BeforeProcessingInitializeOnLoad (2ms)
			ProcessInitializeOnLoadAttributes (130ms)
			ProcessInitializeOnLoadMethodAttributes (43ms)
			AfterProcessingInitializeOnLoad (0ms)
			EditorAssembliesLoaded (0ms)
		ExecutionOrderSort2 (0ms)
		AwakeInstancesAfterBackupRestoration (0ms)
========================================================================
Worker process is ready to serve import requests
Begin MonoManager ReloadAssembly
- Loaded All Assemblies, in  0.561 seconds
Refreshing native plugins compatible for Editor in 3.12 ms, found 3 plugins.
Native extension for WindowsStandalone target not found
Native extension for WebGL target not found
Package Manager log level set to [2]
[Package Manager] Server::EnsureServerProcessIsRunning -- launch failed, reason: Unity was launched with the -noUpm command-line argument
[Package Manager] UpmClient::Send -- Unable to send message (not connected to UPM process).
[Package Manager] Cannot connect to Unity Package Manager local server
Mono: successfully reloaded assembly
- Finished resetting the current domain, in  0.533 seconds
Domain Reload Profiling: 1095ms
	BeginReloadAssembly (156ms)
		ExecutionOrderSort (0ms)
		DisableScriptedObjects (6ms)
		BackupInstance (0ms)
		ReleaseScriptingObjects (0ms)
		CreateAndSetChildDomain (22ms)
	RebuildCommonClasses (31ms)
	RebuildNativeTypeToScriptingClass (10ms)
	initialDomainReloadingComplete (39ms)
	LoadAllAssembliesAndSetupDomain (325ms)
		LoadAssemblies (239ms)
		RebuildTransferFunctionScriptingTraits (0ms)
		AnalyzeDomain (174ms)
			TypeCache.Refresh (150ms)
				TypeCache.ScanAssembly (136ms)
			ScanForSourceGeneratedMonoScriptInfo (14ms)
			ResolveRequiredComponents (6ms)
	FinalizeReload (533ms)
		ReleaseScriptCaches (0ms)
		RebuildScriptCaches (0ms)
		SetupLoadedEditorAssemblies (383ms)
			LogAssemblyErrors (0ms)
			InitializePlatformSupportModulesInManaged (5ms)
			SetLoadedEditorAssemblies (3ms)
			RefreshPlugins (0ms)
			BeforeProcessingInitializeOnLoad (49ms)
			ProcessInitializeOnLoadAttributes (307ms)
			ProcessInitializeOnLoadMethodAttributes (18ms)
			AfterProcessingInitializeOnLoad (2ms)
			EditorAssembliesLoaded (0ms)
		ExecutionOrderSort2 (0ms)
		AwakeInstancesAfterBackupRestoration (6ms)
Launched and connected shader compiler UnityShaderCompiler.exe after 0.04 seconds
Refreshing native plugins compatible for Editor in 2.68 ms, found 3 plugins.
Preloading 0 native plugins for Editor in 0.00 ms.
Unloading 3134 Unused Serialized files (Serialized files now loaded: 0)
Unloading 32 unused Assets / (56.8 KB). Loaded Objects now: 3597.
Memory consumption went from 136.6 MB to 136.6 MB.
Total: 2.631000 ms (FindLiveObjects: 0.293500 ms CreateObjectMapping: 0.071800 ms MarkObjects: 2.162800 ms  DeleteObjects: 0.101500 ms)

AssetImportParameters requested are different than current active one (requested -> active):
  custom:container-demuxer-ogg: 62fdf1f143b41e24485cea50d1cbac27 -> 
  custom:video-codec-MediaFoundation-h265: 746d11721c4dcdbdad8f713fa42b33f4 -> 
  custom:video-decoder-ogg-theora: a1e56fd34408186e4bbccfd4996cb3dc -> 
  custom:framework-win-MediaFoundation: 216162199b28c13a410421893ffa2e32 -> 
  custom:scripting/monoscript/fileName/NewBehaviourScript.cs: b21687ddb03d73bd9f0c1daecb9714de -> 
  custom:CustomObjectIndexerAttribute: 756ad292c208cfabdd7b50bc23989ffe -> 
  custom:container-demuxer-webm: 4f35f7cbe854078d1ac9338744f61a02 -> 
  custom:container-muxer-webm: aa71ff27fc2769a1b78a27578f13a17b -> 
  custom:video-decoder-webm-vp8: 9c59270c3fd7afecdb556c50c9e8de78 -> 
  custom:SearchIndexIgnoredProperties: e643bd26f0fe6173181afceb89e7c659 -> 
  custom:AudioImporter_EditorPlatform: d09bf68614088b80899f8185d706f6e7 -> 
  custom:video-encoder-webm-vp8: eb34c28f22e8b96e1ab97ce403110664 -> 
  custom:audio-decoder-ogg-vorbis: bf7c407c2cedff20999df2af8eb42d56 -> 
  custom:audio-encoder-webm-vorbis: bf7c407c2cedff20999df2af8eb42d56 -> 
========================================================================
Received Import Request.
  Time since last request: 5984.524508 seconds.
  path: Assets/SyntyStudios/PolygonCity/Models/SM_Bld_OfficeRound_02.fbx
  artifactKey: Guid(6c0954960dd77674fb652e4958628bbf) Importer(815301076,1909f56bfc062723c751e8b465ee728b)
Start importing Assets/SyntyStudios/PolygonCity/Models/SM_Bld_OfficeRound_02.fbx using Guid(6c0954960dd77674fb652e4958628bbf) Importer(815301076,1909f56bfc062723c751e8b465ee728b)  -> (artifact id: 'c30996a990b92d66bae17cc36f2a4b5d') in 0.168462 seconds
Number of updated asset objects reloaded before import = 0
Number of asset objects unloaded after import = 7
========================================================================
Received Import Request.
  Time since last request: 0.000025 seconds.
  path: Assets/SyntyStudios/PolygonCity/Models/SM_Bld_OfficeRound_Base_01.fbx
  artifactKey: Guid(cb3684e034b0818468149778f9f61d12) Importer(815301076,1909f56bfc062723c751e8b465ee728b)
Start importing Assets/SyntyStudios/PolygonCity/Models/SM_Bld_OfficeRound_Base_01.fbx using Guid(cb3684e034b0818468149778f9f61d12) Importer(815301076,1909f56bfc062723c751e8b465ee728b)  -> (artifact id: '2d6cd487944b72288cc0abf6a6e2dfb9') in 0.027450 seconds
Number of updated asset objects reloaded before import = 0
Number of asset objects unloaded after import = 12
========================================================================
Received Import Request.
  Time since last request: 0.000025 seconds.
  path: Assets/SyntyStudios/PolygonCity/Models/SM_Bld_OfficeSquare_Roof_01.fbx
  artifactKey: Guid(846da82b18a9c344e81e6d8ff9f4c204) Importer(815301076,1909f56bfc062723c751e8b465ee728b)
Start importing Assets/SyntyStudios/PolygonCity/Models/SM_Bld_OfficeSquare_Roof_01.fbx using Guid(846da82b18a9c344e81e6d8ff9f4c204) Importer(815301076,1909f56bfc062723c751e8b465ee728b)  -> (artifact id: '86f9b78f2e3c3f7df00defab270c95f6') in 0.017853 seconds
Number of updated asset objects reloaded before import = 0
Number of asset objects unloaded after import = 7
========================================================================
Received Import Request.
  Time since last request: 0.070626 seconds.
  path: Assets/SyntyStudios/PolygonCity/Models/SM_Bld_Shop_01.fbx
  artifactKey: Guid(d875b9ce96fd6cf4bb90e507580835d9) Importer(815301076,1909f56bfc062723c751e8b465ee728b)
Start importing Assets/SyntyStudios/PolygonCity/Models/SM_Bld_Shop_01.fbx using Guid(d875b9ce96fd6cf4bb90e507580835d9) Importer(815301076,1909f56bfc062723c751e8b465ee728b)  -> (artifact id: '8e8a9807a5aa3eae187713f30ca3a522') in 0.024409 seconds
Number of updated asset objects reloaded before import = 0
Number of asset objects unloaded after import = 12
========================================================================
Received Import Request.
  Time since last request: 0.000018 seconds.
  path: Assets/SyntyStudios/PolygonCity/Models/SM_Bld_Shop_04.fbx
  artifactKey: Guid(df75d1a69c99b944998e075e30c98272) Importer(815301076,1909f56bfc062723c751e8b465ee728b)
Start importing Assets/SyntyStudios/PolygonCity/Models/SM_Bld_Shop_04.fbx using Guid(df75d1a69c99b944998e075e30c98272) Importer(815301076,1909f56bfc062723c751e8b465ee728b)  -> (artifact id: '882582b676c536b0d1af2db98eed1c29') in 0.024928 seconds
Number of updated asset objects reloaded before import = 0
Number of asset objects unloaded after import = 12
========================================================================
Received Import Request.
  Time since last request: 0.000023 seconds.
  path: Assets/SyntyStudios/PolygonCity/Models/SM_Bld_Shop_Cover_03.fbx
  artifactKey: Guid(39fd12d83ae175a40bf1b85cd999bd1a) Importer(815301076,1909f56bfc062723c751e8b465ee728b)
Start importing Assets/SyntyStudios/PolygonCity/Models/SM_Bld_Shop_Cover_03.fbx using Guid(39fd12d83ae175a40bf1b85cd999bd1a) Importer(815301076,1909f56bfc062723c751e8b465ee728b)  -> (artifact id: '4bef86ae03794c33fb49de6d0dcfa4e8') in 0.016844 seconds
Number of updated asset objects reloaded before import = 0
Number of asset objects unloaded after import = 7
========================================================================
Received Import Request.
  Time since last request: 0.000015 seconds.
  path: Assets/SyntyStudios/PolygonCity/Models/SM_Bld_Shop_05.fbx
  artifactKey: Guid(3c61d7aa61eefe24d8bba4e86f649b12) Importer(815301076,1909f56bfc062723c751e8b465ee728b)
Start importing Assets/SyntyStudios/PolygonCity/Models/SM_Bld_Shop_05.fbx using Guid(3c61d7aa61eefe24d8bba4e86f649b12) Importer(815301076,1909f56bfc062723c751e8b465ee728b)  -> (artifact id: '4d69b1f3f0716088c8eaab95af25a30c') in 0.024317 seconds
Number of updated asset objects reloaded before import = 0
Number of asset objects unloaded after import = 12
========================================================================
Received Import Request.
  Time since last request: 0.000018 seconds.
  path: Assets/SyntyStudios/PolygonCity/Models/SM_Bld_Station_02.fbx
  artifactKey: Guid(7b1d6beb9b2e7d848ac14f6af1ad146d) Importer(815301076,1909f56bfc062723c751e8b465ee728b)
Start importing Assets/SyntyStudios/PolygonCity/Models/SM_Bld_Station_02.fbx using Guid(7b1d6beb9b2e7d848ac14f6af1ad146d) Importer(815301076,1909f56bfc062723c751e8b465ee728b)  -> (artifact id: 'f1515ba0dde5b8ce3877cee093e05fa6') in 0.017177 seconds
Number of updated asset objects reloaded before import = 0
Number of asset objects unloaded after import = 7
========================================================================
Received Import Request.
  Time since last request: 0.000021 seconds.
  path: Assets/SyntyStudios/PolygonCity/Models/SM_Bld_Spire_01.fbx
  artifactKey: Guid(5aa957f68d38ec446a4d583b0fec6f60) Importer(815301076,1909f56bfc062723c751e8b465ee728b)
Start importing Assets/SyntyStudios/PolygonCity/Models/SM_Bld_Spire_01.fbx using Guid(5aa957f68d38ec446a4d583b0fec6f60) Importer(815301076,1909f56bfc062723c751e8b465ee728b)  -> (artifact id: 'd6d11ba21ffc1e72c9ec861cc22f7960') in 0.017809 seconds
Number of updated asset objects reloaded before import = 0
Number of asset objects unloaded after import = 7
========================================================================
Received Import Request.
  Time since last request: 0.000020 seconds.
  path: Assets/SyntyStudios/PolygonCity/Models/SM_Bld_Station_01.fbx
  artifactKey: Guid(26af0a0b3f41b964f81f83742925c1e9) Importer(815301076,1909f56bfc062723c751e8b465ee728b)
Start importing Assets/SyntyStudios/PolygonCity/Models/SM_Bld_Station_01.fbx using Guid(26af0a0b3f41b964f81f83742925c1e9) Importer(815301076,1909f56bfc062723c751e8b465ee728b)  -> (artifact id: '7b242d24b68d8adc8b41ea8a4f49e3fe') in 0.022780 seconds
Number of updated asset objects reloaded before import = 0
Number of asset objects unloaded after import = 7
========================================================================
Received Import Request.
  Time since last request: 0.000029 seconds.
  path: Assets/SyntyStudios/PolygonCity/Models/SM_Bld_Shop_Corner_01.fbx
  artifactKey: Guid(fd288f04e290fec4da09f82785ea46e0) Importer(815301076,1909f56bfc062723c751e8b465ee728b)
Start importing Assets/SyntyStudios/PolygonCity/Models/SM_Bld_Shop_Corner_01.fbx using Guid(fd288f04e290fec4da09f82785ea46e0) Importer(815301076,1909f56bfc062723c751e8b465ee728b)  -> (artifact id: '0097178125413318b054cbed214b7b24') in 0.021003 seconds
Number of updated asset objects reloaded before import = 0
Number of asset objects unloaded after import = 12
========================================================================
Received Import Request.
  Time since last request: 0.000017 seconds.
  path: Assets/SyntyStudios/PolygonCity/Models/SM_Bld_Station_03.fbx
  artifactKey: Guid(168e74101463c284aa63c2f769939413) Importer(815301076,1909f56bfc062723c751e8b465ee728b)
Start importing Assets/SyntyStudios/PolygonCity/Models/SM_Bld_Station_03.fbx using Guid(168e74101463c284aa63c2f769939413) Importer(815301076,1909f56bfc062723c751e8b465ee728b)  -> (artifact id: '5092f474d9627fdee3251d5dab1639c8') in 0.016526 seconds
Number of updated asset objects reloaded before import = 0
Number of asset objects unloaded after import = 7
========================================================================
Received Import Request.
  Time since last request: 0.133225 seconds.
  path: Assets/SyntyStudios/PolygonCity/Models/SM_Env_Bridge_Pillar_01.fbx
  artifactKey: Guid(c192f5bb29ae7ce4f881593bb1968c80) Importer(815301076,1909f56bfc062723c751e8b465ee728b)
Start importing Assets/SyntyStudios/PolygonCity/Models/SM_Env_Bridge_Pillar_01.fbx using Guid(c192f5bb29ae7ce4f881593bb1968c80) Importer(815301076,1909f56bfc062723c751e8b465ee728b)  -> (artifact id: '2b2d1981c360bb8f532730b503e25e6e') in 0.017992 seconds
Number of updated asset objects reloaded before import = 0
Number of asset objects unloaded after import = 7
========================================================================
Received Import Request.
  Time since last request: 0.000016 seconds.
  path: Assets/SyntyStudios/PolygonCity/Models/SM_Env_Bridge_Support_01.fbx
  artifactKey: Guid(756006661a52eeb4b839a6bd64eb4cf4) Importer(815301076,1909f56bfc062723c751e8b465ee728b)
Start importing Assets/SyntyStudios/PolygonCity/Models/SM_Env_Bridge_Support_01.fbx using Guid(756006661a52eeb4b839a6bd64eb4cf4) Importer(815301076,1909f56bfc062723c751e8b465ee728b)  -> (artifact id: '4791040d0bcba0c879a14232c3587f1f') in 0.016989 seconds
Number of updated asset objects reloaded before import = 0
Number of asset objects unloaded after import = 7
========================================================================
Received Import Request.
  Time since last request: 0.000022 seconds.
  path: Assets/SyntyStudios/PolygonCity/Models/SM_Env_Fence_01.fbx
  artifactKey: Guid(b37a3cb77b4f69b4abb4ba8ba494180e) Importer(815301076,1909f56bfc062723c751e8b465ee728b)
Start importing Assets/SyntyStudios/PolygonCity/Models/SM_Env_Fence_01.fbx using Guid(b37a3cb77b4f69b4abb4ba8ba494180e) Importer(815301076,1909f56bfc062723c751e8b465ee728b)  -> (artifact id: '52ff4f95d508181700d5211d68a1100e') in 0.016715 seconds
Number of updated asset objects reloaded before import = 0
Number of asset objects unloaded after import = 7
========================================================================
Received Import Request.
  Time since last request: 0.000023 seconds.
  path: Assets/SyntyStudios/PolygonCity/Models/SM_Env_GrassPath_Corner_01.fbx
  artifactKey: Guid(602b7629d0bc3f4488da25a302966862) Importer(815301076,1909f56bfc062723c751e8b465ee728b)
Start importing Assets/SyntyStudios/PolygonCity/Models/SM_Env_GrassPath_Corner_01.fbx using Guid(602b7629d0bc3f4488da25a302966862) Importer(815301076,1909f56bfc062723c751e8b465ee728b)  -> (artifact id: 'c2922eeeb920bae6e71ff9c5dc080dcc') in 0.016068 seconds
Number of updated asset objects reloaded before import = 0
Number of asset objects unloaded after import = 7
========================================================================
Received Import Request.
  Time since last request: 0.000019 seconds.
  path: Assets/SyntyStudios/PolygonCity/Models/SM_Env_GrassPath_Straight_01.fbx
  artifactKey: Guid(7b7b77ab314d27a4b88812f19caa23cc) Importer(815301076,1909f56bfc062723c751e8b465ee728b)
Start importing Assets/SyntyStudios/PolygonCity/Models/SM_Env_GrassPath_Straight_01.fbx using Guid(7b7b77ab314d27a4b88812f19caa23cc) Importer(815301076,1909f56bfc062723c751e8b465ee728b)  -> (artifact id: 'acf24f78745060c2e1adbda2a1bb7c07') in 0.016738 seconds
Number of updated asset objects reloaded before import = 0
Number of asset objects unloaded after import = 7
========================================================================
Received Import Request.
  Time since last request: 0.000019 seconds.
  path: Assets/SyntyStudios/PolygonCity/Models/SM_Env_Cloud_02.fbx
  artifactKey: Guid(42b532ce52305ed4a8b0e93dbff6f9a7) Importer(815301076,1909f56bfc062723c751e8b465ee728b)
Start importing Assets/SyntyStudios/PolygonCity/Models/SM_Env_Cloud_02.fbx using Guid(42b532ce52305ed4a8b0e93dbff6f9a7) Importer(815301076,1909f56bfc062723c751e8b465ee728b)  -> (artifact id: '656a845bbbef6f37e50417ff09b0ca65') in 0.018452 seconds
Number of updated asset objects reloaded before import = 0
Number of asset objects unloaded after import = 7
========================================================================
Received Import Request.
  Time since last request: 0.000017 seconds.
  path: Assets/SyntyStudios/PolygonCity/Models/SM_Env_Bridge_Underside_01.fbx
  artifactKey: Guid(7a8d178a35915044ea1966d30603db1a) Importer(815301076,1909f56bfc062723c751e8b465ee728b)
Start importing Assets/SyntyStudios/PolygonCity/Models/SM_Env_Bridge_Underside_01.fbx using Guid(7a8d178a35915044ea1966d30603db1a) Importer(815301076,1909f56bfc062723c751e8b465ee728b)  -> (artifact id: '1b4b70c46269884097ed5a202cf0311d') in 0.019542 seconds
Number of updated asset objects reloaded before import = 0
Number of asset objects unloaded after import = 7
========================================================================
Received Import Request.
  Time since last request: 0.159765 seconds.
  path: Assets/SyntyStudios/PolygonCity/Models/SM_Env_Ocean_Tile_01.fbx
  artifactKey: Guid(4c7272b4664cf1b4daa318cbdfa87683) Importer(815301076,1909f56bfc062723c751e8b465ee728b)
Start importing Assets/SyntyStudios/PolygonCity/Models/SM_Env_Ocean_Tile_01.fbx using Guid(4c7272b4664cf1b4daa318cbdfa87683) Importer(815301076,1909f56bfc062723c751e8b465ee728b)  -> (artifact id: '66c0bc4601983bcdce8ffae80d8a0481') in 0.021927 seconds
Number of updated asset objects reloaded before import = 0
Number of asset objects unloaded after import = 7
========================================================================
Received Import Request.
  Time since last request: 0.000017 seconds.
  path: Assets/SyntyStudios/PolygonCity/Models/SM_Env_Path_Straight_01.fbx
  artifactKey: Guid(d1948c7c60c53a64985bd4f705d5f9c8) Importer(815301076,1909f56bfc062723c751e8b465ee728b)
Start importing Assets/SyntyStudios/PolygonCity/Models/SM_Env_Path_Straight_01.fbx using Guid(d1948c7c60c53a64985bd4f705d5f9c8) Importer(815301076,1909f56bfc062723c751e8b465ee728b)  -> (artifact id: 'f2cf76af6c307d6ac2795115eb908df6') in 0.018129 seconds
Number of updated asset objects reloaded before import = 0
Number of asset objects unloaded after import = 7
========================================================================
Received Import Request.
  Time since last request: 0.000022 seconds.
  path: Assets/SyntyStudios/PolygonCity/Models/SM_Env_Road_Arrow_02.fbx
  artifactKey: Guid(749e90ffcfddbb84eaaca7621ff5847d) Importer(815301076,1909f56bfc062723c751e8b465ee728b)
Start importing Assets/SyntyStudios/PolygonCity/Models/SM_Env_Road_Arrow_02.fbx using Guid(749e90ffcfddbb84eaaca7621ff5847d) Importer(815301076,1909f56bfc062723c751e8b465ee728b)  -> (artifact id: '643ac8eb14d773b3b4f16503241bb9b2') in 0.016350 seconds
Number of updated asset objects reloaded before import = 0
Number of asset objects unloaded after import = 7
========================================================================
Received Import Request.
  Time since last request: 0.000023 seconds.
  path: Assets/SyntyStudios/PolygonCity/Models/SM_Env_Road_01.fbx
  artifactKey: Guid(3ae7387e133e89f4d8f6abba42078519) Importer(815301076,1909f56bfc062723c751e8b465ee728b)
Start importing Assets/SyntyStudios/PolygonCity/Models/SM_Env_Road_01.fbx using Guid(3ae7387e133e89f4d8f6abba42078519) Importer(815301076,1909f56bfc062723c751e8b465ee728b)  -> (artifact id: 'b94af556b1a8e269cfe5f0ab073e8c46') in 0.016614 seconds
Number of updated asset objects reloaded before import = 0
Number of asset objects unloaded after import = 7
========================================================================
Received Import Request.
  Time since last request: 0.000021 seconds.
  path: Assets/SyntyStudios/PolygonCity/Models/SM_Env_Road_Bare_01.fbx
  artifactKey: Guid(0c2fe4d052626324a96a952b8e93c92e) Importer(815301076,1909f56bfc062723c751e8b465ee728b)
Start importing Assets/SyntyStudios/PolygonCity/Models/SM_Env_Road_Bare_01.fbx using Guid(0c2fe4d052626324a96a952b8e93c92e) Importer(815301076,1909f56bfc062723c751e8b465ee728b)  -> (artifact id: '03c1fb1b6b6e9035421b7c7ea73f7323') in 0.017062 seconds
Number of updated asset objects reloaded before import = 0
Number of asset objects unloaded after import = 7
========================================================================
Received Import Request.
  Time since last request: 0.000018 seconds.
  path: Assets/SyntyStudios/PolygonCity/Models/SM_Env_Road_Arrow_01.fbx
  artifactKey: Guid(24e4fc04a1a6ed94d9357a621f9f2a93) Importer(815301076,1909f56bfc062723c751e8b465ee728b)
Start importing Assets/SyntyStudios/PolygonCity/Models/SM_Env_Road_Arrow_01.fbx using Guid(24e4fc04a1a6ed94d9357a621f9f2a93) Importer(815301076,1909f56bfc062723c751e8b465ee728b)  -> (artifact id: '1bb263f564e7073da5ecbcf77c4024a2') in 0.015802 seconds
Number of updated asset objects reloaded before import = 0
Number of asset objects unloaded after import = 7
========================================================================
Received Import Request.
  Time since last request: 0.279196 seconds.
  path: Assets/SyntyStudios/PolygonCity/Models/SM_Env_Road_Lines_01.fbx
  artifactKey: Guid(e80e8ce71e5a18e49aa1ffadb362bad1) Importer(815301076,1909f56bfc062723c751e8b465ee728b)
Start importing Assets/SyntyStudios/PolygonCity/Models/SM_Env_Road_Lines_01.fbx using Guid(e80e8ce71e5a18e49aa1ffadb362bad1) Importer(815301076,1909f56bfc062723c751e8b465ee728b)  -> (artifact id: '4aea9ea5f85e7e309250c5ffdc3cf503') in 0.024390 seconds
Number of updated asset objects reloaded before import = 0
Number of asset objects unloaded after import = 7
========================================================================
Received Import Request.
  Time since last request: 15.060279 seconds.
  path: Assets/SyntyStudios/PolygonCity/Models/SM_Env_Road_ParkingLines_01.fbx
  artifactKey: Guid(437b7657e25fefd41be1a201bdabe4d5) Importer(815301076,1909f56bfc062723c751e8b465ee728b)
Start importing Assets/SyntyStudios/PolygonCity/Models/SM_Env_Road_ParkingLines_01.fbx using Guid(437b7657e25fefd41be1a201bdabe4d5) Importer(815301076,1909f56bfc062723c751e8b465ee728b)  -> (artifact id: '20bcb44b49e08a45dbb8ea0fa0b7642f') in 0.026373 seconds
Number of updated asset objects reloaded before import = 0
Number of asset objects unloaded after import = 7
========================================================================
Received Import Request.
  Time since last request: 0.227113 seconds.
  path: Assets/SyntyStudios/PolygonCity/Models/SM_Env_Road_YellowLines_02.fbx
  artifactKey: Guid(7571162363128f04bab09626d315bc80) Importer(815301076,1909f56bfc062723c751e8b465ee728b)
Start importing Assets/SyntyStudios/PolygonCity/Models/SM_Env_Road_YellowLines_02.fbx using Guid(7571162363128f04bab09626d315bc80) Importer(815301076,1909f56bfc062723c751e8b465ee728b)  -> (artifact id: 'eecc42cb98b6732784edb24f373afc23') in 0.017298 seconds
Number of updated asset objects reloaded before import = 0
Number of asset objects unloaded after import = 7
========================================================================
Received Import Request.
  Time since last request: 0.000017 seconds.
  path: Assets/SyntyStudios/PolygonCity/Models/SM_Env_Sidewalk_01.fbx
  artifactKey: Guid(1e6c3b705c9a0584b8be24361acd65ce) Importer(815301076,1909f56bfc062723c751e8b465ee728b)
Start importing Assets/SyntyStudios/PolygonCity/Models/SM_Env_Sidewalk_01.fbx using Guid(1e6c3b705c9a0584b8be24361acd65ce) Importer(815301076,1909f56bfc062723c751e8b465ee728b)  -> (artifact id: '1f5e99587ef8ee37198225b141ef6650') in 0.019759 seconds
Number of updated asset objects reloaded before import = 0
Number of asset objects unloaded after import = 7
========================================================================
Received Import Request.
  Time since last request: 0.001513 seconds.
  path: Assets/SyntyStudios/PolygonCity/Models/SM_Env_Sidewalk_Dip_Corner_01.fbx
  artifactKey: Guid(6b506b360e764ff48a511f0278060479) Importer(815301076,1909f56bfc062723c751e8b465ee728b)
Start importing Assets/SyntyStudios/PolygonCity/Models/SM_Env_Sidewalk_Dip_Corner_01.fbx using Guid(6b506b360e764ff48a511f0278060479) Importer(815301076,1909f56bfc062723c751e8b465ee728b)  -> (artifact id: '67a658ea21510a8159aff8bd9d6fc99c') in 0.017794 seconds
Number of updated asset objects reloaded before import = 0
Number of asset objects unloaded after import = 7
========================================================================
Received Import Request.
  Time since last request: 0.000031 seconds.
  path: Assets/SyntyStudios/PolygonCity/Models/SM_Env_Sidewalk_Gutter_01.fbx
  artifactKey: Guid(dc50cc97d6d851d4eacc6fc9bbedc86e) Importer(815301076,1909f56bfc062723c751e8b465ee728b)
Start importing Assets/SyntyStudios/PolygonCity/Models/SM_Env_Sidewalk_Gutter_01.fbx using Guid(dc50cc97d6d851d4eacc6fc9bbedc86e) Importer(815301076,1909f56bfc062723c751e8b465ee728b)  -> (artifact id: '6a328718d5cfbbec2c579826e95fe327') in 0.018045 seconds
Number of updated asset objects reloaded before import = 0
Number of asset objects unloaded after import = 7
========================================================================
Received Import Request.
  Time since last request: 0.000016 seconds.
  path: Assets/SyntyStudios/PolygonCity/Models/SM_Env_Sidewalk_Panel_02.fbx
  artifactKey: Guid(c8f356d3d7c302c4d94dffc52fc8e1d5) Importer(815301076,1909f56bfc062723c751e8b465ee728b)
Start importing Assets/SyntyStudios/PolygonCity/Models/SM_Env_Sidewalk_Panel_02.fbx using Guid(c8f356d3d7c302c4d94dffc52fc8e1d5) Importer(815301076,1909f56bfc062723c751e8b465ee728b)  -> (artifact id: '58cf10e3ce3990c8669d7e01e48b37c6') in 0.036876 seconds
Number of updated asset objects reloaded before import = 0
Number of asset objects unloaded after import = 7
========================================================================
Received Import Request.
  Time since last request: 0.153824 seconds.
  path: Assets/SyntyStudios/PolygonCity/Models/SM_Env_Skyline_01.fbx
  artifactKey: Guid(feaca7a0cbb9b1540940bac6ce5e5501) Importer(815301076,1909f56bfc062723c751e8b465ee728b)
Start importing Assets/SyntyStudios/PolygonCity/Models/SM_Env_Skyline_01.fbx using Guid(feaca7a0cbb9b1540940bac6ce5e5501) Importer(815301076,1909f56bfc062723c751e8b465ee728b)  -> (artifact id: '22c08697a29cfc63c6e7db5654a469ec') in 0.057677 seconds
Number of updated asset objects reloaded before import = 0
Number of asset objects unloaded after import = 22
========================================================================
Received Import Request.
  Time since last request: 0.000018 seconds.
  path: Assets/SyntyStudios/PolygonCity/Models/SM_Env_Tree_03.fbx
  artifactKey: Guid(9084f27c4de0b4646940b7277513c1de) Importer(815301076,1909f56bfc062723c751e8b465ee728b)
Start importing Assets/SyntyStudios/PolygonCity/Models/SM_Env_Tree_03.fbx using Guid(9084f27c4de0b4646940b7277513c1de) Importer(815301076,1909f56bfc062723c751e8b465ee728b)  -> (artifact id: 'db5f64d5c5137511ca426f4b67a6c80c') in 0.020053 seconds
Number of updated asset objects reloaded before import = 0
Number of asset objects unloaded after import = 7
========================================================================
Received Import Request.
  Time since last request: 0.000027 seconds.
  path: Assets/SyntyStudios/PolygonCity/Models/SM_Env_Street_Divider_01.fbx
  artifactKey: Guid(f42eb9c026244e94693943290a18ae4a) Importer(815301076,1909f56bfc062723c751e8b465ee728b)
Start importing Assets/SyntyStudios/PolygonCity/Models/SM_Env_Street_Divider_01.fbx using Guid(f42eb9c026244e94693943290a18ae4a) Importer(815301076,1909f56bfc062723c751e8b465ee728b)  -> (artifact id: '1a6187ce734aea6881b0e84861d14580') in 0.020420 seconds
Number of updated asset objects reloaded before import = 0
Number of asset objects unloaded after import = 7
========================================================================
Received Import Request.
  Time since last request: 0.143963 seconds.
  path: Assets/SyntyStudios/PolygonCity/Models/SM_Env_WaterEdge_Straight_01.fbx
  artifactKey: Guid(c4d97a49e1e0fe549bb681ba81d3e652) Importer(815301076,1909f56bfc062723c751e8b465ee728b)
Start importing Assets/SyntyStudios/PolygonCity/Models/SM_Env_WaterEdge_Straight_01.fbx using Guid(c4d97a49e1e0fe549bb681ba81d3e652) Importer(815301076,1909f56bfc062723c751e8b465ee728b)  -> (artifact id: '01b2b3d2a4e4d4899150c297d3bedd25') in 0.020356 seconds
Number of updated asset objects reloaded before import = 0
Number of asset objects unloaded after import = 7
========================================================================
Received Import Request.
  Time since last request: 0.000020 seconds.
  path: Assets/SyntyStudios/PolygonCity/Models/SM_Env_WaterEdge_Straight_03.fbx
  artifactKey: Guid(629dbe9aacf49f846833785b60e31854) Importer(815301076,1909f56bfc062723c751e8b465ee728b)
Start importing Assets/SyntyStudios/PolygonCity/Models/SM_Env_WaterEdge_Straight_03.fbx using Guid(629dbe9aacf49f846833785b60e31854) Importer(815301076,1909f56bfc062723c751e8b465ee728b)  -> (artifact id: 'ba9963eb262cf977c913f3fd16aed817') in 0.017762 seconds
Number of updated asset objects reloaded before import = 0
Number of asset objects unloaded after import = 7
========================================================================
Received Import Request.
  Time since last request: 0.000019 seconds.
  path: Assets/SyntyStudios/PolygonCity/Models/SM_Prop_Barrier_01.fbx
  artifactKey: Guid(15700296a2b923d469c4aa4e752ccdfa) Importer(815301076,1909f56bfc062723c751e8b465ee728b)
Start importing Assets/SyntyStudios/PolygonCity/Models/SM_Prop_Barrier_01.fbx using Guid(15700296a2b923d469c4aa4e752ccdfa) Importer(815301076,1909f56bfc062723c751e8b465ee728b)  -> (artifact id: '330af150f469954a0a56c576ebfdb39a') in 0.020573 seconds
Number of updated asset objects reloaded before import = 0
Number of asset objects unloaded after import = 7
========================================================================
Received Import Request.
  Time since last request: 0.000015 seconds.
  path: Assets/SyntyStudios/PolygonCity/Models/SM_Prop_Billboard_Sign_04.fbx
  artifactKey: Guid(e6098de127c8e01479c503fc295feb2c) Importer(815301076,1909f56bfc062723c751e8b465ee728b)
Start importing Assets/SyntyStudios/PolygonCity/Models/SM_Prop_Billboard_Sign_04.fbx using Guid(e6098de127c8e01479c503fc295feb2c) Importer(815301076,1909f56bfc062723c751e8b465ee728b)  -> (artifact id: '618f909507c4b14b7d23a4d444b50e12') in 0.016836 seconds
Number of updated asset objects reloaded before import = 0
Number of asset objects unloaded after import = 7
========================================================================
Received Import Request.
  Time since last request: 0.000025 seconds.
  path: Assets/SyntyStudios/PolygonCity/Models/SM_Prop_Billboard_Sign_02.fbx
  artifactKey: Guid(3a65700e226cd8845893bf8b4c321649) Importer(815301076,1909f56bfc062723c751e8b465ee728b)
Start importing Assets/SyntyStudios/PolygonCity/Models/SM_Prop_Billboard_Sign_02.fbx using Guid(3a65700e226cd8845893bf8b4c321649) Importer(815301076,1909f56bfc062723c751e8b465ee728b)  -> (artifact id: '0bfface97f6f98844a5b8b9283112bfa') in 0.017931 seconds
Number of updated asset objects reloaded before import = 0
Number of asset objects unloaded after import = 7
========================================================================
Received Import Request.
  Time since last request: 0.167828 seconds.
  path: Assets/SyntyStudios/PolygonCity/Models/SM_Prop_Billboard_Sign_07.fbx
  artifactKey: Guid(05759b897bdc10d41918f713c2bcd5ae) Importer(815301076,1909f56bfc062723c751e8b465ee728b)
Start importing Assets/SyntyStudios/PolygonCity/Models/SM_Prop_Billboard_Sign_07.fbx using Guid(05759b897bdc10d41918f713c2bcd5ae) Importer(815301076,1909f56bfc062723c751e8b465ee728b)  -> (artifact id: '36f1d997f62100193461adde61b996c4') in 0.011886 seconds
Number of updated asset objects reloaded before import = 0
Number of asset objects unloaded after import = 7
========================================================================
Received Import Request.
  Time since last request: 0.000017 seconds.
  path: Assets/SyntyStudios/PolygonCity/Models/SM_Prop_Buger_01.fbx
  artifactKey: Guid(4058e4c91d93d4043a746212dd1e64d0) Importer(815301076,1909f56bfc062723c751e8b465ee728b)
Start importing Assets/SyntyStudios/PolygonCity/Models/SM_Prop_Buger_01.fbx using Guid(4058e4c91d93d4043a746212dd1e64d0) Importer(815301076,1909f56bfc062723c751e8b465ee728b)  -> (artifact id: '576fb1c84ee99882733a376da1647e73') in 0.022421 seconds
Number of updated asset objects reloaded before import = 0
Number of asset objects unloaded after import = 7
========================================================================
Received Import Request.
  Time since last request: 0.000018 seconds.
  path: Assets/SyntyStudios/PolygonCity/Models/SM_Prop_CarboardBox_02.fbx
  artifactKey: Guid(3d7a5f734b5844547aed9a0d62f1d8e1) Importer(815301076,1909f56bfc062723c751e8b465ee728b)
Start importing Assets/SyntyStudios/PolygonCity/Models/SM_Prop_CarboardBox_02.fbx using Guid(3d7a5f734b5844547aed9a0d62f1d8e1) Importer(815301076,1909f56bfc062723c751e8b465ee728b)  -> (artifact id: 'b2c1780214784333a3b24152d35b3f81') in 0.069355 seconds
Number of updated asset objects reloaded before import = 0
Number of asset objects unloaded after import = 7
========================================================================
Received Import Request.
  Time since last request: 0.000021 seconds.
  path: Assets/SyntyStudios/PolygonCity/Models/SM_Prop_Deckchair_01.fbx
  artifactKey: Guid(6a4427b535f508a4b838389f0927e007) Importer(815301076,1909f56bfc062723c751e8b465ee728b)
Start importing Assets/SyntyStudios/PolygonCity/Models/SM_Prop_Deckchair_01.fbx using Guid(6a4427b535f508a4b838389f0927e007) Importer(815301076,1909f56bfc062723c751e8b465ee728b)  -> (artifact id: '74fc6ce34c854890a2b3cd9923f399dd') in 0.027786 seconds
Number of updated asset objects reloaded before import = 0
Number of asset objects unloaded after import = 7
========================================================================
Received Import Request.
  Time since last request: 0.000027 seconds.
  path: Assets/SyntyStudios/PolygonCity/Models/SM_Prop_Couch_01.fbx
  artifactKey: Guid(485e1e14e89b60e48a94387a2bf5782b) Importer(815301076,1909f56bfc062723c751e8b465ee728b)
Start importing Assets/SyntyStudios/PolygonCity/Models/SM_Prop_Couch_01.fbx using Guid(485e1e14e89b60e48a94387a2bf5782b) Importer(815301076,1909f56bfc062723c751e8b465ee728b)  -> (artifact id: '05da8f3752ef71bfce2d06c09b23c3f0') in 0.018155 seconds
Number of updated asset objects reloaded before import = 0
Number of asset objects unloaded after import = 7
========================================================================
Received Import Request.
  Time since last request: 0.325306 seconds.
  path: Assets/SyntyStudios/PolygonCity/Models/SM_Prop_LargeSign_Beer_01.fbx
  artifactKey: Guid(e7d9917a77297824fb07b199fc7abb47) Importer(815301076,1909f56bfc062723c751e8b465ee728b)
Start importing Assets/SyntyStudios/PolygonCity/Models/SM_Prop_LargeSign_Beer_01.fbx using Guid(e7d9917a77297824fb07b199fc7abb47) Importer(815301076,1909f56bfc062723c751e8b465ee728b)  -> (artifact id: '7e9b12ca42c9749ff4e51c25c3bfd043') in 0.022913 seconds
Number of updated asset objects reloaded before import = 0
Number of asset objects unloaded after import = 7
========================================================================
Received Import Request.
  Time since last request: 0.000421 seconds.
  path: Assets/SyntyStudios/PolygonCity/Models/SM_Prop_LargeSign_Bottle_01.fbx
  artifactKey: Guid(34ae0f9f79f5d734c9d4639692936e7a) Importer(815301076,1909f56bfc062723c751e8b465ee728b)
Start importing Assets/SyntyStudios/PolygonCity/Models/SM_Prop_LargeSign_Bottle_01.fbx using Guid(34ae0f9f79f5d734c9d4639692936e7a) Importer(815301076,1909f56bfc062723c751e8b465ee728b)  -> (artifact id: '4351a92737ff1a04400d16ac6c6371bd') in 0.026312 seconds
Number of updated asset objects reloaded before import = 0
Number of asset objects unloaded after import = 7
========================================================================
Received Import Request.
  Time since last request: 0.000615 seconds.
  path: Assets/SyntyStudios/PolygonCity/Models/SM_Prop_LargeSign_Burger_01.fbx
  artifactKey: Guid(9346d4a11ce62b5459ce3291fb4137bf) Importer(815301076,1909f56bfc062723c751e8b465ee728b)
Start importing Assets/SyntyStudios/PolygonCity/Models/SM_Prop_LargeSign_Burger_01.fbx using Guid(9346d4a11ce62b5459ce3291fb4137bf) Importer(815301076,1909f56bfc062723c751e8b465ee728b)  -> (artifact id: '991433b27f2fd65ed0bacd7229d7a4d4') in 0.019342 seconds
Number of updated asset objects reloaded before import = 0
Number of asset objects unloaded after import = 7
========================================================================
Received Import Request.
  Time since last request: 0.000020 seconds.
  path: Assets/SyntyStudios/PolygonCity/Models/SM_Prop_LargeSign_Guitar_01.fbx
  artifactKey: Guid(1b4a04dac569f844d94a3e9569e7af37) Importer(815301076,1909f56bfc062723c751e8b465ee728b)
Start importing Assets/SyntyStudios/PolygonCity/Models/SM_Prop_LargeSign_Guitar_01.fbx using Guid(1b4a04dac569f844d94a3e9569e7af37) Importer(815301076,1909f56bfc062723c751e8b465ee728b)  -> (artifact id: '4c234247da5315d17c806c46a3c0bbe1') in 0.022280 seconds
Number of updated asset objects reloaded before import = 0
Number of asset objects unloaded after import = 7
========================================================================
Received Import Request.
  Time since last request: 0.206766 seconds.
  path: Assets/SyntyStudios/PolygonCity/Models/SM_Prop_LargeSign_Noodles_01.fbx
  artifactKey: Guid(fc5f8948a5a155549a03d2fced79a5e6) Importer(815301076,1909f56bfc062723c751e8b465ee728b)
Start importing Assets/SyntyStudios/PolygonCity/Models/SM_Prop_LargeSign_Noodles_01.fbx using Guid(fc5f8948a5a155549a03d2fced79a5e6) Importer(815301076,1909f56bfc062723c751e8b465ee728b)  -> (artifact id: 'f138a73018199b9080c523aaced0783c') in 0.020705 seconds
Number of updated asset objects reloaded before import = 0
Number of asset objects unloaded after import = 7
========================================================================
Received Import Request.
  Time since last request: 0.000022 seconds.
  path: Assets/SyntyStudios/PolygonCity/Models/SM_Prop_LargeSign_Pizza_01.fbx
  artifactKey: Guid(8eb1e0ce59047ca44adcf1d3b18151d0) Importer(815301076,1909f56bfc062723c751e8b465ee728b)
Start importing Assets/SyntyStudios/PolygonCity/Models/SM_Prop_LargeSign_Pizza_01.fbx using Guid(8eb1e0ce59047ca44adcf1d3b18151d0) Importer(815301076,1909f56bfc062723c751e8b465ee728b)  -> (artifact id: '4486840bd5d8cfe9adde23dae2a505f5') in 0.023209 seconds
Number of updated asset objects reloaded before import = 0
Number of asset objects unloaded after import = 7
========================================================================
Received Import Request.
  Time since last request: 0.000031 seconds.
  path: Assets/SyntyStudios/PolygonCity/Models/SM_Prop_Light_Attachment_01.fbx
  artifactKey: Guid(5fad272c34183d247a615caf29382c8d) Importer(815301076,1909f56bfc062723c751e8b465ee728b)
Start importing Assets/SyntyStudios/PolygonCity/Models/SM_Prop_Light_Attachment_01.fbx using Guid(5fad272c34183d247a615caf29382c8d) Importer(815301076,1909f56bfc062723c751e8b465ee728b)  -> (artifact id: '66c80c2e7533ebd882d19f2d9ad3d176') in 0.019174 seconds
Number of updated asset objects reloaded before import = 0
Number of asset objects unloaded after import = 7
========================================================================
Received Import Request.
  Time since last request: 0.000016 seconds.
  path: Assets/SyntyStudios/PolygonCity/Models/SM_Prop_LightPole_Base_02.fbx
  artifactKey: Guid(11a53405bf8df1743b8f665e72258cb7) Importer(815301076,1909f56bfc062723c751e8b465ee728b)
Start importing Assets/SyntyStudios/PolygonCity/Models/SM_Prop_LightPole_Base_02.fbx using Guid(11a53405bf8df1743b8f665e72258cb7) Importer(815301076,1909f56bfc062723c751e8b465ee728b)  -> (artifact id: '6b858f4736bf6c6e3c6706a20bc92278') in 0.018592 seconds
Number of updated asset objects reloaded before import = 0
Number of asset objects unloaded after import = 7
========================================================================
Received Import Request.
  Time since last request: 1.244631 seconds.
  path: Assets/SyntyStudios/PolygonCity/Models/SM_Prop_LightPole_Lights_01.fbx
  artifactKey: Guid(00c03a792d6e37749a55d20bb0559506) Importer(815301076,1909f56bfc062723c751e8b465ee728b)
Start importing Assets/SyntyStudios/PolygonCity/Models/SM_Prop_LightPole_Lights_01.fbx using Guid(00c03a792d6e37749a55d20bb0559506) Importer(815301076,1909f56bfc062723c751e8b465ee728b)  -> (artifact id: 'e65d079248795a1a754bd519d588649e') in 0.019850 seconds
Number of updated asset objects reloaded before import = 0
Number of asset objects unloaded after import = 7
========================================================================
Received Import Request.
  Time since last request: 0.000019 seconds.
  path: Assets/SyntyStudios/PolygonCity/Models/SM_Prop_LightPole_Lights_02.fbx
  artifactKey: Guid(009d0f4e5f666794ab7c12a973d516ab) Importer(815301076,1909f56bfc062723c751e8b465ee728b)
Start importing Assets/SyntyStudios/PolygonCity/Models/SM_Prop_LightPole_Lights_02.fbx using Guid(009d0f4e5f666794ab7c12a973d516ab) Importer(815301076,1909f56bfc062723c751e8b465ee728b)  -> (artifact id: '1adde754c4b2d463d03cfb423b3a3357') in 0.024602 seconds
Number of updated asset objects reloaded before import = 0
Number of asset objects unloaded after import = 7
========================================================================
Received Import Request.
  Time since last request: 0.000019 seconds.
  path: Assets/SyntyStudios/PolygonCity/Models/SM_Prop_Paper_02.fbx
  artifactKey: Guid(a0f09514e6d8beb4bb4d670739f7f4fd) Importer(815301076,1909f56bfc062723c751e8b465ee728b)
Start importing Assets/SyntyStudios/PolygonCity/Models/SM_Prop_Paper_02.fbx using Guid(a0f09514e6d8beb4bb4d670739f7f4fd) Importer(815301076,1909f56bfc062723c751e8b465ee728b)  -> (artifact id: '4e8af97271ee94752fa4c433e74289e4') in 0.023888 seconds
Number of updated asset objects reloaded before import = 0
Number of asset objects unloaded after import = 7
========================================================================
Received Import Request.
  Time since last request: 0.000060 seconds.
  path: Assets/SyntyStudios/PolygonCity/Models/SM_Prop_Newspaper_02.fbx
  artifactKey: Guid(6c311a8ff9ef5904cbf88d1eea54aae8) Importer(815301076,1909f56bfc062723c751e8b465ee728b)
Start importing Assets/SyntyStudios/PolygonCity/Models/SM_Prop_Newspaper_02.fbx using Guid(6c311a8ff9ef5904cbf88d1eea54aae8) Importer(815301076,1909f56bfc062723c751e8b465ee728b)  -> (artifact id: '3ff9fb107bdfe8d19549acad69ad1698') in 0.017209 seconds
Number of updated asset objects reloaded before import = 0
Number of asset objects unloaded after import = 7
