Using pre-set license
Built from '2022.3/staging' branch; Version is '2022.3.13f1 (5f90a5ebde0f) revision 6262949'; Using compiler version '192829333'; Build Type 'Release'
OS: 'Windows 11  (10.0.22621) 64bit Professional' Language: 'es' Physical Memory: 32694 MB
BatchMode: 1, IsHumanControllingUs: 0, StartBugReporterOnCrash: 0, Is64bit: 1, IsPro: 1

COMMAND LINE ARGUMENTS:
D:\Unity\2022.3.13f1\Editor\Unity.exe
-adb2
-batchMode
-noUpm
-name
AssetImportWorker3
-projectPath
D:/Unity/Proyectos Unity/GameStudies
-logFile
Logs/AssetImportWorker3.log
-srvPort
52674
Successfully changed project path to: D:/Unity/Proyectos Unity/GameStudies
D:/Unity/Proyectos Unity/GameStudies
[UnityMemory] Configuration Parameters - Can be set up in boot.config
    "memorysetup-bucket-allocator-granularity=16"
    "memorysetup-bucket-allocator-bucket-count=8"
    "memorysetup-bucket-allocator-block-size=33554432"
    "memorysetup-bucket-allocator-block-count=8"
    "memorysetup-main-allocator-block-size=16777216"
    "memorysetup-thread-allocator-block-size=16777216"
    "memorysetup-gfx-main-allocator-block-size=16777216"
    "memorysetup-gfx-thread-allocator-block-size=16777216"
    "memorysetup-cache-allocator-block-size=4194304"
    "memorysetup-typetree-allocator-block-size=2097152"
    "memorysetup-profiler-bucket-allocator-granularity=16"
    "memorysetup-profiler-bucket-allocator-bucket-count=8"
    "memorysetup-profiler-bucket-allocator-block-size=33554432"
    "memorysetup-profiler-bucket-allocator-block-count=8"
    "memorysetup-profiler-allocator-block-size=16777216"
    "memorysetup-profiler-editor-allocator-block-size=1048576"
    "memorysetup-temp-allocator-size-main=16777216"
    "memorysetup-job-temp-allocator-block-size=2097152"
    "memorysetup-job-temp-allocator-block-size-background=1048576"
    "memorysetup-job-temp-allocator-reduction-small-platforms=262144"
    "memorysetup-allocator-temp-initial-block-size-main=262144"
    "memorysetup-allocator-temp-initial-block-size-worker=262144"
    "memorysetup-temp-allocator-size-background-worker=32768"
    "memorysetup-temp-allocator-size-job-worker=262144"
    "memorysetup-temp-allocator-size-preload-manager=33554432"
    "memorysetup-temp-allocator-size-nav-mesh-worker=65536"
    "memorysetup-temp-allocator-size-audio-worker=65536"
    "memorysetup-temp-allocator-size-cloud-worker=32768"
    "memorysetup-temp-allocator-size-gi-baking-worker=262144"
    "memorysetup-temp-allocator-size-gfx=262144"
Player connection [27440] Host "[IP] 192.168.1.2 [Port] 0 [Flags] 2 [Guid] 1473231660 [EditorId] 1473231660 [Version] 1048832 [Id] WindowsEditor(7,TorreDeJuan) [Debug] 1 [PackageName] WindowsEditor [ProjectName] Editor" joined multi-casting on [225.0.0.222:54997]...

Player connection [27440] Host "[IP] 192.168.1.2 [Port] 0 [Flags] 2 [Guid] 1473231660 [EditorId] 1473231660 [Version] 1048832 [Id] WindowsEditor(7,TorreDeJuan) [Debug] 1 [PackageName] WindowsEditor [ProjectName] Editor" joined alternative multi-casting on [225.0.0.222:34997]...

[Physics::Module] Initialized MultithreadedJobDispatcher with 11 workers.
Refreshing native plugins compatible for Editor in 8.26 ms, found 3 plugins.
Preloading 0 native plugins for Editor in 0.00 ms.
Initialize engine version: 2022.3.13f1 (5f90a5ebde0f)
[Subsystems] Discovering subsystems at path D:/Unity/2022.3.13f1/Editor/Data/Resources/UnitySubsystems
[Subsystems] Discovering subsystems at path D:/Unity/Proyectos Unity/GameStudies/Assets
GfxDevice: creating device client; threaded=0; jobified=0
Direct3D:
    Version:  Direct3D 11.0 [level 11.1]
    Renderer: NVIDIA GeForce GTX 1660 (ID=0x2184)
    Vendor:   NVIDIA
    VRAM:     5981 MB
    Driver:   31.0.15.4601
Initialize mono
Mono path[0] = 'D:/Unity/2022.3.13f1/Editor/Data/Managed'
Mono path[1] = 'D:/Unity/2022.3.13f1/Editor/Data/MonoBleedingEdge/lib/mono/unityjit-win32'
Mono config path = 'D:/Unity/2022.3.13f1/Editor/Data/MonoBleedingEdge/etc'
Using monoOptions --debugger-agent=transport=dt_socket,embedding=1,server=y,suspend=n,address=127.0.0.1:56692
Begin MonoManager ReloadAssembly
Registering precompiled unity dll's ...
Register platform support module: D:/Unity/2022.3.13f1/Editor/Data/PlaybackEngines/WebGLSupport/UnityEditor.WebGL.Extensions.dll
Register platform support module: D:/Unity/2022.3.13f1/Editor/Data/PlaybackEngines/WindowsStandaloneSupport/UnityEditor.WindowsStandalone.Extensions.dll
Registered in 0.004952 seconds.
- Loaded All Assemblies, in  0.358 seconds
Native extension for WindowsStandalone target not found
Native extension for WebGL target not found
Mono: successfully reloaded assembly
- Finished resetting the current domain, in  0.239 seconds
Domain Reload Profiling: 597ms
	BeginReloadAssembly (120ms)
		ExecutionOrderSort (0ms)
		DisableScriptedObjects (0ms)
		BackupInstance (0ms)
		ReleaseScriptingObjects (0ms)
		CreateAndSetChildDomain (1ms)
	RebuildCommonClasses (41ms)
	RebuildNativeTypeToScriptingClass (11ms)
	initialDomainReloadingComplete (55ms)
	LoadAllAssembliesAndSetupDomain (130ms)
		LoadAssemblies (120ms)
		RebuildTransferFunctionScriptingTraits (0ms)
		AnalyzeDomain (128ms)
			TypeCache.Refresh (127ms)
				TypeCache.ScanAssembly (115ms)
			ScanForSourceGeneratedMonoScriptInfo (0ms)
			ResolveRequiredComponents (0ms)
	FinalizeReload (240ms)
		ReleaseScriptCaches (0ms)
		RebuildScriptCaches (0ms)
		SetupLoadedEditorAssemblies (185ms)
			LogAssemblyErrors (0ms)
			InitializePlatformSupportModulesInManaged (7ms)
			SetLoadedEditorAssemblies (5ms)
			RefreshPlugins (0ms)
			BeforeProcessingInitializeOnLoad (2ms)
			ProcessInitializeOnLoadAttributes (130ms)
			ProcessInitializeOnLoadMethodAttributes (42ms)
			AfterProcessingInitializeOnLoad (0ms)
			EditorAssembliesLoaded (0ms)
		ExecutionOrderSort2 (0ms)
		AwakeInstancesAfterBackupRestoration (0ms)
========================================================================
Worker process is ready to serve import requests
Begin MonoManager ReloadAssembly
- Loaded All Assemblies, in  0.531 seconds
Refreshing native plugins compatible for Editor in 2.72 ms, found 3 plugins.
Native extension for WindowsStandalone target not found
Native extension for WebGL target not found
Package Manager log level set to [2]
[Package Manager] Server::EnsureServerProcessIsRunning -- launch failed, reason: Unity was launched with the -noUpm command-line argument
[Package Manager] UpmClient::Send -- Unable to send message (not connected to UPM process).
[Package Manager] Cannot connect to Unity Package Manager local server
Mono: successfully reloaded assembly
- Finished resetting the current domain, in  0.493 seconds
Domain Reload Profiling: 1024ms
	BeginReloadAssembly (144ms)
		ExecutionOrderSort (0ms)
		DisableScriptedObjects (5ms)
		BackupInstance (0ms)
		ReleaseScriptingObjects (0ms)
		CreateAndSetChildDomain (22ms)
	RebuildCommonClasses (31ms)
	RebuildNativeTypeToScriptingClass (10ms)
	initialDomainReloadingComplete (32ms)
	LoadAllAssembliesAndSetupDomain (312ms)
		LoadAssemblies (241ms)
		RebuildTransferFunctionScriptingTraits (0ms)
		AnalyzeDomain (156ms)
			TypeCache.Refresh (138ms)
				TypeCache.ScanAssembly (125ms)
			ScanForSourceGeneratedMonoScriptInfo (13ms)
			ResolveRequiredComponents (4ms)
	FinalizeReload (494ms)
		ReleaseScriptCaches (0ms)
		RebuildScriptCaches (0ms)
		SetupLoadedEditorAssemblies (362ms)
			LogAssemblyErrors (0ms)
			InitializePlatformSupportModulesInManaged (4ms)
			SetLoadedEditorAssemblies (3ms)
			RefreshPlugins (0ms)
			BeforeProcessingInitializeOnLoad (44ms)
			ProcessInitializeOnLoadAttributes (290ms)
			ProcessInitializeOnLoadMethodAttributes (18ms)
			AfterProcessingInitializeOnLoad (2ms)
			EditorAssembliesLoaded (0ms)
		ExecutionOrderSort2 (0ms)
		AwakeInstancesAfterBackupRestoration (6ms)
Launched and connected shader compiler UnityShaderCompiler.exe after 0.04 seconds
Refreshing native plugins compatible for Editor in 2.65 ms, found 3 plugins.
Preloading 0 native plugins for Editor in 0.00 ms.
Unloading 3134 Unused Serialized files (Serialized files now loaded: 0)
Unloading 32 unused Assets / (57.1 KB). Loaded Objects now: 3597.
Memory consumption went from 136.6 MB to 136.6 MB.
Total: 2.732000 ms (FindLiveObjects: 0.270500 ms CreateObjectMapping: 0.078100 ms MarkObjects: 2.277300 ms  DeleteObjects: 0.104900 ms)

AssetImportParameters requested are different than current active one (requested -> active):
  custom:container-demuxer-ogg: 62fdf1f143b41e24485cea50d1cbac27 -> 
  custom:video-codec-MediaFoundation-h265: 746d11721c4dcdbdad8f713fa42b33f4 -> 
  custom:video-decoder-ogg-theora: a1e56fd34408186e4bbccfd4996cb3dc -> 
  custom:framework-win-MediaFoundation: 216162199b28c13a410421893ffa2e32 -> 
  custom:scripting/monoscript/fileName/NewBehaviourScript.cs: b21687ddb03d73bd9f0c1daecb9714de -> 
  custom:CustomObjectIndexerAttribute: 756ad292c208cfabdd7b50bc23989ffe -> 
  custom:container-demuxer-webm: 4f35f7cbe854078d1ac9338744f61a02 -> 
  custom:container-muxer-webm: aa71ff27fc2769a1b78a27578f13a17b -> 
  custom:video-decoder-webm-vp8: 9c59270c3fd7afecdb556c50c9e8de78 -> 
  custom:SearchIndexIgnoredProperties: e643bd26f0fe6173181afceb89e7c659 -> 
  custom:AudioImporter_EditorPlatform: d09bf68614088b80899f8185d706f6e7 -> 
  custom:video-encoder-webm-vp8: eb34c28f22e8b96e1ab97ce403110664 -> 
  custom:audio-decoder-ogg-vorbis: bf7c407c2cedff20999df2af8eb42d56 -> 
  custom:audio-encoder-webm-vorbis: bf7c407c2cedff20999df2af8eb42d56 -> 
========================================================================
Received Prepare
Begin MonoManager ReloadAssembly
- Loaded All Assemblies, in  0.435 seconds
Refreshing native plugins compatible for Editor in 2.75 ms, found 3 plugins.
Native extension for WindowsStandalone target not found
Native extension for WebGL target not found
[Package Manager] Server::EnsureServerProcessIsRunning -- launch failed, reason: Unity was launched with the -noUpm command-line argument
[Package Manager] UpmClient::Send -- Unable to send message (not connected to UPM process).
[Package Manager] Cannot connect to Unity Package Manager local server
Mono: successfully reloaded assembly
- Finished resetting the current domain, in  0.940 seconds
Domain Reload Profiling: 1376ms
	BeginReloadAssembly (171ms)
		ExecutionOrderSort (0ms)
		DisableScriptedObjects (5ms)
		BackupInstance (0ms)
		ReleaseScriptingObjects (0ms)
		CreateAndSetChildDomain (36ms)
	RebuildCommonClasses (36ms)
	RebuildNativeTypeToScriptingClass (16ms)
	initialDomainReloadingComplete (28ms)
	LoadAllAssembliesAndSetupDomain (183ms)
		LoadAssemblies (274ms)
		RebuildTransferFunctionScriptingTraits (0ms)
		AnalyzeDomain (12ms)
			TypeCache.Refresh (6ms)
				TypeCache.ScanAssembly (0ms)
			ScanForSourceGeneratedMonoScriptInfo (0ms)
			ResolveRequiredComponents (5ms)
	FinalizeReload (941ms)
		ReleaseScriptCaches (0ms)
		RebuildScriptCaches (0ms)
		SetupLoadedEditorAssemblies (394ms)
			LogAssemblyErrors (0ms)
			InitializePlatformSupportModulesInManaged (7ms)
			SetLoadedEditorAssemblies (3ms)
			RefreshPlugins (0ms)
			BeforeProcessingInitializeOnLoad (64ms)
			ProcessInitializeOnLoadAttributes (298ms)
			ProcessInitializeOnLoadMethodAttributes (20ms)
			AfterProcessingInitializeOnLoad (2ms)
			EditorAssembliesLoaded (0ms)
		ExecutionOrderSort2 (0ms)
		AwakeInstancesAfterBackupRestoration (7ms)
Refreshing native plugins compatible for Editor in 3.02 ms, found 3 plugins.
Preloading 0 native plugins for Editor in 0.00 ms.
Unloading 3110 Unused Serialized files (Serialized files now loaded: 0)
Unloading 23 unused Assets / (31.0 KB). Loaded Objects now: 3600.
Memory consumption went from 132.5 MB to 132.5 MB.
Total: 3.056700 ms (FindLiveObjects: 0.364300 ms CreateObjectMapping: 0.075900 ms MarkObjects: 2.539500 ms  DeleteObjects: 0.075300 ms)

Prepare: number of updated asset objects reloaded= 0
AssetImportParameters requested are different than current active one (requested -> active):
  custom:container-demuxer-ogg: 62fdf1f143b41e24485cea50d1cbac27 -> 
  custom:video-codec-MediaFoundation-h265: 746d11721c4dcdbdad8f713fa42b33f4 -> 
  custom:video-decoder-ogg-theora: a1e56fd34408186e4bbccfd4996cb3dc -> 
  custom:framework-win-MediaFoundation: 216162199b28c13a410421893ffa2e32 -> 
  custom:scripting/monoscript/fileName/NewBehaviourScript.cs: b21687ddb03d73bd9f0c1daecb9714de -> 
  custom:CustomObjectIndexerAttribute: 756ad292c208cfabdd7b50bc23989ffe -> 
  custom:container-demuxer-webm: 4f35f7cbe854078d1ac9338744f61a02 -> 
  custom:container-muxer-webm: aa71ff27fc2769a1b78a27578f13a17b -> 
  custom:video-decoder-webm-vp8: 9c59270c3fd7afecdb556c50c9e8de78 -> 
  custom:SearchIndexIgnoredProperties: e643bd26f0fe6173181afceb89e7c659 -> 
  custom:AudioImporter_EditorPlatform: d09bf68614088b80899f8185d706f6e7 -> 
  custom:video-encoder-webm-vp8: eb34c28f22e8b96e1ab97ce403110664 -> 
  custom:audio-decoder-ogg-vorbis: bf7c407c2cedff20999df2af8eb42d56 -> 
  custom:audio-encoder-webm-vorbis: bf7c407c2cedff20999df2af8eb42d56 -> 
========================================================================
Received Import Request.
  Time since last request: 5662.385510 seconds.
  path: Assets/SyntyStudios/PolygonCity/Materials/PolygonCity_Glass_Mat.mat
  artifactKey: Guid(c29d9dff2056b1543bbb70ec32427a62) Importer(815301076,1909f56bfc062723c751e8b465ee728b)
Start importing Assets/SyntyStudios/PolygonCity/Materials/PolygonCity_Glass_Mat.mat using Guid(c29d9dff2056b1543bbb70ec32427a62) Importer(815301076,1909f56bfc062723c751e8b465ee728b)  -> (artifact id: '19b93e4acd0885a934e8b9cf34bdd99e') in 0.203987 seconds
Number of updated asset objects reloaded before import = 0
Number of asset objects unloaded after import = 3
========================================================================
Received Import Request.
  Time since last request: 0.000025 seconds.
  path: Assets/SyntyStudios/PolygonCity/Materials/PolygonCity_Mat_03_B.mat
  artifactKey: Guid(ae4870cba172f524491e4431ce936a9d) Importer(815301076,1909f56bfc062723c751e8b465ee728b)
Start importing Assets/SyntyStudios/PolygonCity/Materials/PolygonCity_Mat_03_B.mat using Guid(ae4870cba172f524491e4431ce936a9d) Importer(815301076,1909f56bfc062723c751e8b465ee728b)  -> (artifact id: 'b8ca071d702f28ce5f2f2754ad00ea4d') in 0.052619 seconds
Number of updated asset objects reloaded before import = 0
Number of asset objects unloaded after import = 4
========================================================================
Received Import Request.
  Time since last request: 0.000031 seconds.
  path: Assets/SyntyStudios/PolygonCity/Materials/PolygonCity_Mat_03_A.mat
  artifactKey: Guid(97942cb5527e6f24eb8b8f5c86f8744d) Importer(815301076,1909f56bfc062723c751e8b465ee728b)
Start importing Assets/SyntyStudios/PolygonCity/Materials/PolygonCity_Mat_03_A.mat using Guid(97942cb5527e6f24eb8b8f5c86f8744d) Importer(815301076,1909f56bfc062723c751e8b465ee728b)  -> (artifact id: 'e47568648dbc78577e511ab104fac50e') in 0.026107 seconds
Number of updated asset objects reloaded before import = 0
Number of asset objects unloaded after import = 5
========================================================================
Received Import Request.
  Time since last request: 0.000022 seconds.
  path: Assets/SyntyStudios/PolygonCity/Materials/PolygonCity_Mat_02_B.mat
  artifactKey: Guid(ee26ded8aeae32044836748251f93891) Importer(815301076,1909f56bfc062723c751e8b465ee728b)
Start importing Assets/SyntyStudios/PolygonCity/Materials/PolygonCity_Mat_02_B.mat using Guid(ee26ded8aeae32044836748251f93891) Importer(815301076,1909f56bfc062723c751e8b465ee728b)  -> (artifact id: '0b57bbbaa3dae93963ed10b1109f5624') in 0.020934 seconds
Number of updated asset objects reloaded before import = 0
Number of asset objects unloaded after import = 4
========================================================================
Received Import Request.
  Time since last request: 0.000018 seconds.
  path: Assets/SyntyStudios/PolygonCity/Materials/PolygonCity_Mat_02_C.mat
  artifactKey: Guid(f145fd98abc7a354f83c3a2e8df80a75) Importer(815301076,1909f56bfc062723c751e8b465ee728b)
Start importing Assets/SyntyStudios/PolygonCity/Materials/PolygonCity_Mat_02_C.mat using Guid(f145fd98abc7a354f83c3a2e8df80a75) Importer(815301076,1909f56bfc062723c751e8b465ee728b)  -> (artifact id: '45eccc8426ce0ad1d7856fa5bdc56835') in 0.022351 seconds
Number of updated asset objects reloaded before import = 0
Number of asset objects unloaded after import = 4
========================================================================
Received Import Request.
  Time since last request: 0.000020 seconds.
  path: Assets/SyntyStudios/PolygonCity/Materials/PolygonCity_Mat_04_A.mat
  artifactKey: Guid(ee5d59fcc8497a641905c26644c20880) Importer(815301076,1909f56bfc062723c751e8b465ee728b)
Start importing Assets/SyntyStudios/PolygonCity/Materials/PolygonCity_Mat_04_A.mat using Guid(ee5d59fcc8497a641905c26644c20880) Importer(815301076,1909f56bfc062723c751e8b465ee728b)  -> (artifact id: '71b3ff8fe01b6a7d6fb1767e155330ce') in 0.023801 seconds
Number of updated asset objects reloaded before import = 0
Number of asset objects unloaded after import = 5
========================================================================
Received Import Request.
  Time since last request: 0.000025 seconds.
  path: Assets/SyntyStudios/PolygonCity/Materials/PolygonCity_Mat_03_C.mat
  artifactKey: Guid(ac4517348fefb604bbf10afeb378a491) Importer(815301076,1909f56bfc062723c751e8b465ee728b)
Start importing Assets/SyntyStudios/PolygonCity/Materials/PolygonCity_Mat_03_C.mat using Guid(ac4517348fefb604bbf10afeb378a491) Importer(815301076,1909f56bfc062723c751e8b465ee728b)  -> (artifact id: 'b2edf5ba866174e6c993d396e9f7a2ce') in 0.019999 seconds
Number of updated asset objects reloaded before import = 0
Number of asset objects unloaded after import = 4
========================================================================
Received Import Request.
  Time since last request: 1.043243 seconds.
  path: Assets/SyntyStudios/PolygonCity/FX/FX_Steam.prefab
  artifactKey: Guid(de0fb8fabb4497b4fb140cddb057abbf) Importer(815301076,1909f56bfc062723c751e8b465ee728b)
Start importing Assets/SyntyStudios/PolygonCity/FX/FX_Steam.prefab using Guid(de0fb8fabb4497b4fb140cddb057abbf) Importer(815301076,1909f56bfc062723c751e8b465ee728b)  -> (artifact id: '4db70b58a958427b24ba5fe62a143c98') in 0.066412 seconds
Number of updated asset objects reloaded before import = 0
Number of asset objects unloaded after import = 7
========================================================================
Received Import Request.
  Time since last request: 1.564757 seconds.
  path: Assets/SyntyStudios/PolygonCity/Models/SM_Bld_Apartment_01.fbx
  artifactKey: Guid(7e4c9c6a708282549adc005136e459f2) Importer(815301076,1909f56bfc062723c751e8b465ee728b)
Start importing Assets/SyntyStudios/PolygonCity/Models/SM_Bld_Apartment_01.fbx using Guid(7e4c9c6a708282549adc005136e459f2) Importer(815301076,1909f56bfc062723c751e8b465ee728b)  -> (artifact id: 'db798d39f359e0fba331413138b094ef') in 0.079191 seconds
Number of updated asset objects reloaded before import = 0
Number of asset objects unloaded after import = 7
========================================================================
Received Import Request.
  Time since last request: 0.000023 seconds.
  path: Assets/SyntyStudios/PolygonCity/Models/SM_Bld_Apartment_Door_Corner_02.fbx
  artifactKey: Guid(a5e18c6ed29761c42a91151011d03b39) Importer(815301076,1909f56bfc062723c751e8b465ee728b)
Start importing Assets/SyntyStudios/PolygonCity/Models/SM_Bld_Apartment_Door_Corner_02.fbx using Guid(a5e18c6ed29761c42a91151011d03b39) Importer(815301076,1909f56bfc062723c751e8b465ee728b)  -> (artifact id: '34a97cb41bd2360284e71a3a78ded127') in 0.020113 seconds
Number of updated asset objects reloaded before import = 0
Number of asset objects unloaded after import = 7
========================================================================
Received Import Request.
  Time since last request: 0.000022 seconds.
  path: Assets/SyntyStudios/PolygonCity/Models/SM_Bld_Apartment_Door_02.fbx
  artifactKey: Guid(f48e21b468431224285ea1023b046d10) Importer(815301076,1909f56bfc062723c751e8b465ee728b)
Start importing Assets/SyntyStudios/PolygonCity/Models/SM_Bld_Apartment_Door_02.fbx using Guid(f48e21b468431224285ea1023b046d10) Importer(815301076,1909f56bfc062723c751e8b465ee728b)  -> (artifact id: '3a45c565dbc2b4162c7497e2f1c827b2') in 0.019526 seconds
Number of updated asset objects reloaded before import = 0
Number of asset objects unloaded after import = 7
========================================================================
Received Import Request.
  Time since last request: 0.000032 seconds.
  path: Assets/SyntyStudios/PolygonCity/Models/SM_Bld_Apartment_02.fbx
  artifactKey: Guid(7e542005a33c314419c59e77105281fe) Importer(815301076,1909f56bfc062723c751e8b465ee728b)
Start importing Assets/SyntyStudios/PolygonCity/Models/SM_Bld_Apartment_02.fbx using Guid(7e542005a33c314419c59e77105281fe) Importer(815301076,1909f56bfc062723c751e8b465ee728b)  -> (artifact id: 'b844d75d7c7332aba242261a7cd66428') in 0.017454 seconds
Number of updated asset objects reloaded before import = 0
Number of asset objects unloaded after import = 7
========================================================================
Received Import Request.
  Time since last request: 0.000016 seconds.
  path: Assets/SyntyStudios/PolygonCity/Models/SM_Bld_Apartment_Corner_01.fbx
  artifactKey: Guid(06d3ff1c6175c8447aef8efdf3667d75) Importer(815301076,1909f56bfc062723c751e8b465ee728b)
Start importing Assets/SyntyStudios/PolygonCity/Models/SM_Bld_Apartment_Corner_01.fbx using Guid(06d3ff1c6175c8447aef8efdf3667d75) Importer(815301076,1909f56bfc062723c751e8b465ee728b)  -> (artifact id: '5799d90a230cb095287878d24aea20d2') in 0.017869 seconds
Number of updated asset objects reloaded before import = 0
Number of asset objects unloaded after import = 7
========================================================================
Received Import Request.
  Time since last request: 0.000018 seconds.
  path: Assets/SyntyStudios/PolygonCity/Models/SM_Bld_Apartment_03.fbx
  artifactKey: Guid(29880c5e7c1ab104ca8f6bb2b16a79c1) Importer(815301076,1909f56bfc062723c751e8b465ee728b)
Start importing Assets/SyntyStudios/PolygonCity/Models/SM_Bld_Apartment_03.fbx using Guid(29880c5e7c1ab104ca8f6bb2b16a79c1) Importer(815301076,1909f56bfc062723c751e8b465ee728b)  -> (artifact id: '1abd1f7088e26d0212e96db019d4cdf0') in 0.020251 seconds
Number of updated asset objects reloaded before import = 0
Number of asset objects unloaded after import = 7
========================================================================
Received Import Request.
  Time since last request: 0.000019 seconds.
  path: Assets/SyntyStudios/PolygonCity/Models/SM_Bld_Apartment_Corner_02.fbx
  artifactKey: Guid(7d25cfa8321eccd438d23d1194e46bd9) Importer(815301076,1909f56bfc062723c751e8b465ee728b)
Start importing Assets/SyntyStudios/PolygonCity/Models/SM_Bld_Apartment_Corner_02.fbx using Guid(7d25cfa8321eccd438d23d1194e46bd9) Importer(815301076,1909f56bfc062723c751e8b465ee728b)  -> (artifact id: '40f152eb6287999f815967f8aa96ccfd') in 0.021742 seconds
Number of updated asset objects reloaded before import = 0
Number of asset objects unloaded after import = 7
========================================================================
Received Import Request.
  Time since last request: 0.000021 seconds.
  path: Assets/SyntyStudios/PolygonCity/Models/SM_Bld_Apartment_Roof_02.fbx
  artifactKey: Guid(099ca36ee26636c4594f1f502ff193b5) Importer(815301076,1909f56bfc062723c751e8b465ee728b)
Start importing Assets/SyntyStudios/PolygonCity/Models/SM_Bld_Apartment_Roof_02.fbx using Guid(099ca36ee26636c4594f1f502ff193b5) Importer(815301076,1909f56bfc062723c751e8b465ee728b)  -> (artifact id: '0a4ce3cd33c218c823722045ae2aee27') in 0.020568 seconds
Number of updated asset objects reloaded before import = 0
Number of asset objects unloaded after import = 7
========================================================================
Received Import Request.
  Time since last request: 0.000020 seconds.
  path: Assets/SyntyStudios/PolygonCity/Models/SM_Bld_Apartment_Door_01.fbx
  artifactKey: Guid(b4e92f91613439040b43108a49a4f3b3) Importer(815301076,1909f56bfc062723c751e8b465ee728b)
Start importing Assets/SyntyStudios/PolygonCity/Models/SM_Bld_Apartment_Door_01.fbx using Guid(b4e92f91613439040b43108a49a4f3b3) Importer(815301076,1909f56bfc062723c751e8b465ee728b)  -> (artifact id: '4a33ba67b25a3386874448dd4be5456c') in 0.016977 seconds
Number of updated asset objects reloaded before import = 0
Number of asset objects unloaded after import = 7
========================================================================
Received Import Request.
  Time since last request: 0.000024 seconds.
  path: Assets/SyntyStudios/PolygonCity/Models/SM_Bld_Apartment_Corner_03.fbx
  artifactKey: Guid(215c55a401db928499ce6ba99a369d07) Importer(815301076,1909f56bfc062723c751e8b465ee728b)
Start importing Assets/SyntyStudios/PolygonCity/Models/SM_Bld_Apartment_Corner_03.fbx using Guid(215c55a401db928499ce6ba99a369d07) Importer(815301076,1909f56bfc062723c751e8b465ee728b)  -> (artifact id: '19e4162460a7e6ff5220bba1fad1c7e4') in 0.016206 seconds
Number of updated asset objects reloaded before import = 0
Number of asset objects unloaded after import = 7
========================================================================
Received Import Request.
  Time since last request: 155.651256 seconds.
  path: Assets/SyntyStudios/PolygonCity/Models/SM_Bld_Apartment_Roof_Corner_01.fbx
  artifactKey: Guid(bbde8de1b2547d54cb932fa9ac4ce702) Importer(815301076,1909f56bfc062723c751e8b465ee728b)
Start importing Assets/SyntyStudios/PolygonCity/Models/SM_Bld_Apartment_Roof_Corner_01.fbx using Guid(bbde8de1b2547d54cb932fa9ac4ce702) Importer(815301076,1909f56bfc062723c751e8b465ee728b)  -> (artifact id: '5190ac8ae5eb82742319e7b4033cc8a0') in 0.024534 seconds
Number of updated asset objects reloaded before import = 0
Number of asset objects unloaded after import = 7
========================================================================
Received Import Request.
  Time since last request: 0.010836 seconds.
  path: Assets/SyntyStudios/PolygonCity/Models/SM_Bld_Apartment_Roof_Corner_02.fbx
  artifactKey: Guid(e7cf38253a217fe4cabf427066511634) Importer(815301076,1909f56bfc062723c751e8b465ee728b)
Start importing Assets/SyntyStudios/PolygonCity/Models/SM_Bld_Apartment_Roof_Corner_02.fbx using Guid(e7cf38253a217fe4cabf427066511634) Importer(815301076,1909f56bfc062723c751e8b465ee728b)  -> (artifact id: 'b7f399bb414b56f87cb59dd3ae3d303e') in 0.023963 seconds
Number of updated asset objects reloaded before import = 0
Number of asset objects unloaded after import = 7
========================================================================
Received Import Request.
  Time since last request: 0.000017 seconds.
  path: Assets/SyntyStudios/PolygonCity/Models/SM_Bld_Apartment_Stack_03.fbx
  artifactKey: Guid(5028e3428c0f0eb48a8a1cda0783e024) Importer(815301076,1909f56bfc062723c751e8b465ee728b)
Start importing Assets/SyntyStudios/PolygonCity/Models/SM_Bld_Apartment_Stack_03.fbx using Guid(5028e3428c0f0eb48a8a1cda0783e024) Importer(815301076,1909f56bfc062723c751e8b465ee728b)  -> (artifact id: '9e81a5697ff4fc08aaafee9b5bdf6d1e') in 0.026138 seconds
Number of updated asset objects reloaded before import = 0
Number of asset objects unloaded after import = 7
========================================================================
Received Import Request.
  Time since last request: 0.000030 seconds.
  path: Assets/SyntyStudios/PolygonCity/Models/SM_Bld_Apartment_Stack_02.fbx
  artifactKey: Guid(9722dd2ac8fdbbb4aa8de708ed3effa5) Importer(815301076,1909f56bfc062723c751e8b465ee728b)
Start importing Assets/SyntyStudios/PolygonCity/Models/SM_Bld_Apartment_Stack_02.fbx using Guid(9722dd2ac8fdbbb4aa8de708ed3effa5) Importer(815301076,1909f56bfc062723c751e8b465ee728b)  -> (artifact id: '1557322d0c6401a2894c05a0d7d190b6') in 0.020878 seconds
Number of updated asset objects reloaded before import = 0
Number of asset objects unloaded after import = 7
========================================================================
Received Import Request.
  Time since last request: 0.000018 seconds.
  path: Assets/SyntyStudios/PolygonCity/Models/SM_Bld_Apartment_Stairs_02.fbx
  artifactKey: Guid(9c729cfae9636a24dadc4b4363ba5958) Importer(815301076,1909f56bfc062723c751e8b465ee728b)
Start importing Assets/SyntyStudios/PolygonCity/Models/SM_Bld_Apartment_Stairs_02.fbx using Guid(9c729cfae9636a24dadc4b4363ba5958) Importer(815301076,1909f56bfc062723c751e8b465ee728b)  -> (artifact id: 'ff8a0b69ead911efb3cf0bd0b83eb23d') in 0.021777 seconds
Number of updated asset objects reloaded before import = 0
Number of asset objects unloaded after import = 7
========================================================================
Received Import Request.
  Time since last request: 0.160710 seconds.
  path: Assets/SyntyStudios/PolygonCity/Models/SM_Bld_Apartment_Stairs_Corner_01.fbx
  artifactKey: Guid(35bc2f51d3d7aae41adf7ae636dbd289) Importer(815301076,1909f56bfc062723c751e8b465ee728b)
Start importing Assets/SyntyStudios/PolygonCity/Models/SM_Bld_Apartment_Stairs_Corner_01.fbx using Guid(35bc2f51d3d7aae41adf7ae636dbd289) Importer(815301076,1909f56bfc062723c751e8b465ee728b)  -> (artifact id: 'ea992d79ce47499d208b461a9dbf2c6a') in 0.020825 seconds
Number of updated asset objects reloaded before import = 0
Number of asset objects unloaded after import = 7
========================================================================
Received Import Request.
  Time since last request: 0.000019 seconds.
  path: Assets/SyntyStudios/PolygonCity/Models/SM_Bld_CityHall_01.fbx
  artifactKey: Guid(656a25f9dbad3b748ae83a38e9faafff) Importer(815301076,1909f56bfc062723c751e8b465ee728b)
Start importing Assets/SyntyStudios/PolygonCity/Models/SM_Bld_CityHall_01.fbx using Guid(656a25f9dbad3b748ae83a38e9faafff) Importer(815301076,1909f56bfc062723c751e8b465ee728b)  -> (artifact id: 'b2f05cfc256385769a1f9c6165c53e5a') in 0.033176 seconds
Number of updated asset objects reloaded before import = 0
Number of asset objects unloaded after import = 12
========================================================================
Received Import Request.
  Time since last request: 0.000022 seconds.
  path: Assets/SyntyStudios/PolygonCity/Models/SM_Bld_Cover_02.fbx
  artifactKey: Guid(48a3233d1ebdf9042a723d37dc2071ac) Importer(815301076,1909f56bfc062723c751e8b465ee728b)
Start importing Assets/SyntyStudios/PolygonCity/Models/SM_Bld_Cover_02.fbx using Guid(48a3233d1ebdf9042a723d37dc2071ac) Importer(815301076,1909f56bfc062723c751e8b465ee728b)  -> (artifact id: '4017a599838c1a35c5d891f818872867') in 0.020633 seconds
Number of updated asset objects reloaded before import = 0
Number of asset objects unloaded after import = 7
========================================================================
Received Import Request.
  Time since last request: 0.000022 seconds.
  path: Assets/SyntyStudios/PolygonCity/Models/SM_Bld_OfficeOctagon_01.fbx
  artifactKey: Guid(f96e358f88629694aad150ee78c51964) Importer(815301076,1909f56bfc062723c751e8b465ee728b)
Start importing Assets/SyntyStudios/PolygonCity/Models/SM_Bld_OfficeOctagon_01.fbx using Guid(f96e358f88629694aad150ee78c51964) Importer(815301076,1909f56bfc062723c751e8b465ee728b)  -> (artifact id: '027ef237b71d652b77c69f9db47ae054') in 0.019395 seconds
Number of updated asset objects reloaded before import = 0
Number of asset objects unloaded after import = 7
========================================================================
Received Import Request.
  Time since last request: 0.000021 seconds.
  path: Assets/SyntyStudios/PolygonCity/Models/SM_Bld_OfficeOctagon_Base_01.fbx
  artifactKey: Guid(6250c134c92a2804abb4f7462c71506d) Importer(815301076,1909f56bfc062723c751e8b465ee728b)
Start importing Assets/SyntyStudios/PolygonCity/Models/SM_Bld_OfficeOctagon_Base_01.fbx using Guid(6250c134c92a2804abb4f7462c71506d) Importer(815301076,1909f56bfc062723c751e8b465ee728b)  -> (artifact id: '431b6c4754e613fa9eefbe262632ab01') in 0.031036 seconds
Number of updated asset objects reloaded before import = 0
Number of asset objects unloaded after import = 12
========================================================================
Received Import Request.
  Time since last request: 0.000016 seconds.
  path: Assets/SyntyStudios/PolygonCity/Models/SM_Bld_OfficeOld_Large_01.fbx
  artifactKey: Guid(2da9c860dcb22094393cb1a0387bbae6) Importer(815301076,1909f56bfc062723c751e8b465ee728b)
Start importing Assets/SyntyStudios/PolygonCity/Models/SM_Bld_OfficeOld_Large_01.fbx using Guid(2da9c860dcb22094393cb1a0387bbae6) Importer(815301076,1909f56bfc062723c751e8b465ee728b)  -> (artifact id: 'ac17251e759c4ca46dc393d677eb53b9') in 0.022446 seconds
Number of updated asset objects reloaded before import = 0
Number of asset objects unloaded after import = 7
========================================================================
Received Import Request.
  Time since last request: 0.000021 seconds.
  path: Assets/SyntyStudios/PolygonCity/Models/SM_Bld_FireEscape_01.fbx
  artifactKey: Guid(4fa6704011bcf2943995d62b635382b5) Importer(815301076,1909f56bfc062723c751e8b465ee728b)
Start importing Assets/SyntyStudios/PolygonCity/Models/SM_Bld_FireEscape_01.fbx using Guid(4fa6704011bcf2943995d62b635382b5) Importer(815301076,1909f56bfc062723c751e8b465ee728b)  -> (artifact id: 'd78e33182677002367cae3a4d389278d') in 0.017154 seconds
Number of updated asset objects reloaded before import = 0
Number of asset objects unloaded after import = 7
========================================================================
Received Import Request.
  Time since last request: 0.145166 seconds.
  path: Assets/SyntyStudios/PolygonCity/Models/SM_Bld_OfficeOld_Large_Base_01.fbx
  artifactKey: Guid(1406f07f731908d43b95721164c05f40) Importer(815301076,1909f56bfc062723c751e8b465ee728b)
Start importing Assets/SyntyStudios/PolygonCity/Models/SM_Bld_OfficeOld_Large_Base_01.fbx using Guid(1406f07f731908d43b95721164c05f40) Importer(815301076,1909f56bfc062723c751e8b465ee728b)  -> (artifact id: '7587ec94dce878c5b60f2f70f34fc9e6') in 0.019668 seconds
Number of updated asset objects reloaded before import = 0
Number of asset objects unloaded after import = 7
========================================================================
Received Import Request.
  Time since last request: 0.025422 seconds.
  path: Assets/SyntyStudios/PolygonCity/Models/SM_Bld_OfficeOld_Small_01.fbx
  artifactKey: Guid(fcdaf2910a36e674c91140e32f4bb4ba) Importer(815301076,1909f56bfc062723c751e8b465ee728b)
Start importing Assets/SyntyStudios/PolygonCity/Models/SM_Bld_OfficeOld_Small_01.fbx using Guid(fcdaf2910a36e674c91140e32f4bb4ba) Importer(815301076,1909f56bfc062723c751e8b465ee728b)  -> (artifact id: 'd62ee4b5ea4b2522afc56de1ef113274') in 0.017559 seconds
Number of updated asset objects reloaded before import = 0
Number of asset objects unloaded after import = 7
========================================================================
Received Import Request.
  Time since last request: 0.000019 seconds.
  path: Assets/SyntyStudios/PolygonCity/Models/SM_Bld_OfficeOld_Small_Roof_01.fbx
  artifactKey: Guid(14c76b3839bbe2847b38722447fc49ab) Importer(815301076,1909f56bfc062723c751e8b465ee728b)
Start importing Assets/SyntyStudios/PolygonCity/Models/SM_Bld_OfficeOld_Small_Roof_01.fbx using Guid(14c76b3839bbe2847b38722447fc49ab) Importer(815301076,1909f56bfc062723c751e8b465ee728b)  -> (artifact id: '0b2c506cc5786a8b3ca9a6afbfe44ea3') in 0.018455 seconds
Number of updated asset objects reloaded before import = 0
Number of asset objects unloaded after import = 7
========================================================================
Received Import Request.
  Time since last request: 0.000032 seconds.
  path: Assets/SyntyStudios/PolygonCity/Models/SM_Bld_OfficeOld_Small_Floor_01.fbx
  artifactKey: Guid(0b7e3566e3869724ca4b6d9e449e2e8f) Importer(815301076,1909f56bfc062723c751e8b465ee728b)
Start importing Assets/SyntyStudios/PolygonCity/Models/SM_Bld_OfficeOld_Small_Floor_01.fbx using Guid(0b7e3566e3869724ca4b6d9e449e2e8f) Importer(815301076,1909f56bfc062723c751e8b465ee728b)  -> (artifact id: '3446702fee93cd705453b22abc1e31ec') in 0.016882 seconds
Number of updated asset objects reloaded before import = 0
Number of asset objects unloaded after import = 7
Editor requested this worker to shutdown with reason: Scaling down because of idle timeout
TcpMessagingSession - receive error: operation aborted. errorcode: 995, details: La operación de E/S se anuló por una salida de subproceso o por una solicitud de aplicación.
AssetImportWorker is now disconnected from the server
Process exiting
Exiting without the bug reporter. Application will terminate with return code 0